BLOCK00/SES002/SA002S12	SES002	1.7335	17.0085	15.275
BLOCK00/SES002/SA002S13	SES002	2.09661	16.7716	14.675
BLOCK00/SES002/SA002S23	SES002	1.40134	16.7985	15.3972
BLOCK00/SES002/SA002S26	SES002	1.93286	17.9968	16.0639
BLOCK00/SES002/SA002S28	SES002	1.24128	15.4987	14.2575
BLOCK00/SES007/SA007S14	SES007	2.07473	18.3832	16.3084
BLOCK00/SES007/SA007S15	SES007	0.525372	15.8812	15.3558
BLOCK00/SES007/SA007S24	SES007	1.28981	16.0517	14.7618
BLOCK00/SES007/SA007S27	SES007	1.01995	15.407	14.387
BLOCK00/SES007/SA007S29	SES007	0.566915	16.2398	15.6729
BLOCK00/SES008/SA008S11	SES008	1.89821	16.8462	14.948
BLOCK00/SES008/SA008S12	SES008	0.692595	15.6715	14.9789
BLOCK00/SES008/SA008S19	SES008	2.17915	18.074	15.8948
BLOCK00/SES008/SA008S22	SES008	1.02965	15.498	14.4684
BLOCK00/SES008/SA008S29	SES008	2.23633	17.9365	15.7001
BLOCK01/SES014/SA014S10	SES014	2.61238	17.7582	15.1458
BLOCK01/SES014/SA014S12	SES014	3.44574	20.5106	17.0648
BLOCK01/SES014/SA014S24	SES014	1.79456	18.2647	16.4701
BLOCK01/SES014/SA014S26	SES014	2.62268	21.0331	18.4104
BLOCK01/SES014/SA014S28	SES014	4.03783	21.358	17.3202
BLOCK01/SES016/SA016S12	SES016	2.15	15.2141	13.0641
BLOCK01/SES016/SA016S13	SES016	1.89192	16.8451	14.9532
BLOCK01/SES016/SA016S22	SES016	2.28864	17.171	14.8824
BLOCK01/SES016/SA016S25	SES016	2.30219	18.9135	16.6113
BLOCK01/SES016/SA016S27	SES016	1.87215	18.8709	16.9987
BLOCK01/SES019/SA019S13	SES019	3.16845	15.86	12.6916
BLOCK01/SES019/SA019S14	SES019	2.51099	16.1472	13.6362
BLOCK01/SES019/SA019S22	SES019	3.26091	16.3233	13.0624
BLOCK01/SES019/SA019S25	SES019	3.09606	16.7416	13.6456
BLOCK01/SES019/SA019S29	SES019	3.68288	16.9613	13.2784
BLOCK02/SES029/SA029S11	SES029	1.83948	16.9041	15.0647
BLOCK02/SES029/SA029S12	SES029	0.764458	16.9089	16.1445
BLOCK02/SES029/SA029S20	SES029	1.32381	16.2496	14.9258
BLOCK02/SES029/SA029S25	SES029	1.46845	17.5793	16.1109
BLOCK02/SES029/SA029S28	SES029	0.601151	16.4165	15.8154
BLOCK04/SES042/SA042S12	SES042	2.28986	17.6862	15.3963
BLOCK04/SES042/SA042S15	SES042	2.78256	18.2918	15.5093
BLOCK04/SES042/SA042S22	SES042	3.71456	20.8721	17.1575
BLOCK04/SES042/SA042S25	SES042	2.33415	16.9229	14.5888
BLOCK04/SES042/SA042S27	SES042	2.1503	18.1643	16.014
BLOCK04/SES048/SA048S11	SES048	1.93635	17.467	15.5307
BLOCK04/SES048/SA048S12	SES048	1.08012	17.2084	16.1283
BLOCK04/SES048/SA048S20	SES048	0.448027	16.8715	16.4235
BLOCK04/SES048/SA048S23	SES048	1.95457	16.4348	14.4802
BLOCK04/SES048/SA048S27	SES048	1.08545	18.2353	17.1498
BLOCK06/SES060/SA060S11	SES060	1.84868	17.807	15.9583
BLOCK06/SES060/SA060S12	SES060	0.253517	15.4019	15.1484
BLOCK06/SES060/SA060S22	SES060	0.748667	14.752	14.0033
BLOCK06/SES060/SA060S24	SES060	1.64991	17.4994	15.8495
BLOCK06/SES060/SA060S28	SES060	1.5045	19.5609	18.0564
BLOCK06/SES062/SA062S10	SES062	1.10188	17.1294	16.0275
BLOCK06/SES062/SA062S11	SES062	1.88028	17.1455	15.2653
BLOCK06/SES062/SA062S21	SES062	2.36225	20.3255	17.9632
BLOCK06/SES062/SA062S26	SES062	1.49345	18.4361	16.9427
BLOCK06/SES062/SA062S29	SES062	1.97588	19.5345	17.5586
BLOCK06/SES068/SA068S14	SES068	0.512045	16.6432	16.1312
BLOCK06/SES068/SA068S15	SES068	1.30789	18.392	17.0841
BLOCK06/SES068/SA068S23	SES068	0.978211	16.26	15.2818
BLOCK06/SES068/SA068S27	SES068	2.36606	19.1487	16.7827
BLOCK06/SES068/SA068S29	SES068	0.487507	16.6771	16.1896
BLOCK08/SES082/SA082S12	SES082	0.634407	14.9439	14.3094
BLOCK08/SES082/SA082S14	SES082	0.701031	14.933	14.232
BLOCK08/SES082/SA082S21	SES082	0.604073	15.4302	14.8261
BLOCK08/SES082/SA082S24	SES082	0.86932	17.109	16.2397
BLOCK08/SES082/SA082S28	SES082	0.967029	15.6935	14.7265
BLOCK08/SES083/SA083S14	SES083	0.212114	15.9127	15.7005
BLOCK08/SES083/SA083S15	SES083	0.963213	17.2115	16.2483
BLOCK08/SES083/SA083S24	SES083	0.560359	16.4225	15.8622
BLOCK08/SES083/SA083S26	SES083	0.763058	16.1156	15.3525
BLOCK08/SES083/SA083S29	SES083	0.399155	16.9834	16.5842
BLOCK08/SES085/SA085S10	SES085	0.699577	16.9968	16.2972
BLOCK08/SES085/SA085S13	SES085	0.699949	16.143	15.4431
BLOCK08/SES085/SA085S22	SES085	0.72576	17.751	17.0253
BLOCK08/SES085/SA085S26	SES085	0.79195	17.0384	16.2464
BLOCK08/SES085/SA085S28	SES085	1.37545	17.1614	15.786
BLOCK08/SES087/SA087S15	SES087	1.69587	16.5191	14.8232
BLOCK08/SES087/SA087S16	SES087	1.78704	16.6074	14.8203
BLOCK08/SES087/SA087S24	SES087	2.04389	17.1667	15.1228
BLOCK08/SES087/SA087S26	SES087	1.40593	17.6243	16.2184
BLOCK08/SES087/SA087S29	SES087	2.06357	16.5515	14.488
BLOCK09/SES099/SA099S15	SES099	2.14155	16.3312	14.1896
BLOCK09/SES099/SA099S16	SES099	1.67969	16.125	14.4453
BLOCK09/SES099/SA099S24	SES099	1.76405	16.4934	14.7294
BLOCK09/SES099/SA099S26	SES099	2.24066	16.7376	14.497
BLOCK09/SES099/SA099S29	SES099	2.37708	17.4062	15.0292
BLOCK10/SES101/SA101S11	SES101	0.60249	16.3277	15.7252
BLOCK10/SES101/SA101S13	SES101	2.18982	18.8376	16.6478
BLOCK10/SES101/SA101S22	SES101	1.25205	16.3808	15.1287
BLOCK10/SES101/SA101S24	SES101	1.43647	16.5776	15.1411
BLOCK10/SES101/SA101S28	SES101	0.731716	15.4909	14.7592
BLOCK10/SES104/SA104S11	SES104	2.39803	19.3625	16.9644
BLOCK10/SES104/SA104S12	SES104	2.07895	17.3635	15.2845
BLOCK10/SES104/SA104S21	SES104	1.77754	16.8698	15.0923
BLOCK10/SES104/SA104S24	SES104	1.35284	16.6339	15.2811
BLOCK10/SES104/SA104S28	SES104	1.91188	17.8962	15.9843
BLOCK10/SES105/SA105S12	SES105	1.31121	15.0522	13.7409
BLOCK10/SES105/SA105S13	SES105	1.52775	15.5655	14.0377
BLOCK10/SES105/SA105S22	SES105	1.05613	14.3613	13.3052
BLOCK10/SES105/SA105S26	SES105	1.79781	15.534	13.7362
BLOCK10/SES105/SA105S29	SES105	1.7477	16.4319	14.6842
BLOCK10/SES106/SA106S09	SES106	1.32477	14.8339	13.5092
BLOCK10/SES106/SA106S11	SES106	2.01968	16.8597	14.84
BLOCK10/SES106/SA106S22	SES106	3.81528	17.5702	13.755
BLOCK10/SES106/SA106S27	SES106	1.95996	16.1435	14.1836
BLOCK10/SES106/SA106S29	SES106	1.2653	15.4891	14.2238
BLOCK11/SES117/SA117S12	SES117	1.03751	15.9357	14.8982
BLOCK11/SES117/SA117S13	SES117	0.2937	15.8561	15.5624
BLOCK11/SES117/SA117S23	SES117	2.07281	15.0017	12.9289
BLOCK11/SES117/SA117S25	SES117	1.49003	15.1342	13.6442
BLOCK11/SES117/SA117S28	SES117	1.47078	14.8577	13.387
BLOCK12/SES120/SA120S08	SES120	1.12016	13.8589	12.7387
BLOCK12/SES120/SA120S11	SES120	1.00514	12.532	11.5269
BLOCK12/SES120/SA120S22	SES120	0.682485	15.9147	15.2323
BLOCK12/SES120/SA120S24	SES120	1.16931	14.7996	13.6303
BLOCK12/SES120/SA120S28	SES120	0.764553	12.7297	11.9651
BLOCK12/SES125/SA125S13	SES125	2.31155	17.054	14.7425
BLOCK12/SES125/SA125S14	SES125	1.14091	15.6152	14.4743
BLOCK12/SES125/SA125S25	SES125	2.27547	17.5453	15.2698
BLOCK12/SES125/SA125S27	SES125	2.75839	18.8268	16.0685
BLOCK12/SES125/SA125S29	SES125	2.41119	17.1124	14.7012
BLOCK12/SES127/SA127S11	SES127	1.19263	15.8016	14.6089
BLOCK12/SES127/SA127S12	SES127	0.921747	16.6828	15.7611
BLOCK12/SES127/SA127S23	SES127	0.940911	16.4045	15.4636
BLOCK12/SES127/SA127S25	SES127	0.266387	15.2517	14.9853
BLOCK12/SES127/SA127S27	SES127	1.37729	16.7877	15.4104
BLOCK12/SES129/SA129S11	SES129	2.02223	17.8686	15.8464
BLOCK12/SES129/SA129S12	SES129	1.75359	17.7742	16.0206
BLOCK12/SES129/SA129S22	SES129	1.68577	16.6646	14.9788
BLOCK12/SES129/SA129S27	SES129	2.03009	17.5027	15.4726
BLOCK12/SES129/SA129S29	SES129	1.85492	17.7535	15.8986
BLOCK14/SES142/SA142S11	SES142	2.71391	16.2092	13.4953
BLOCK14/SES142/SA142S12	SES142	1.48665	15.5414	14.0547
BLOCK14/SES142/SA142S24	SES142	2.03903	16.3744	14.3354
BLOCK14/SES142/SA142S27	SES142	1.90463	16.7815	14.8768
BLOCK14/SES142/SA142S29	SES142	2.85776	16.2328	13.3751
BLOCK14/SES143/SA143S12	SES143	1.7237	15.8365	14.1128
BLOCK14/SES143/SA143S13	SES143	1.36455	15.4339	14.0694
BLOCK14/SES143/SA143S23	SES143	1.53451	15.4626	13.9281
BLOCK14/SES143/SA143S25	SES143	1.71099	16.2594	14.5484
BLOCK14/SES143/SA143S28	SES143	1.43501	15.6554	14.2204
BLOCK14/SES144/SA144S09	SES144	1.24456	16.6536	15.4091
BLOCK14/SES144/SA144S11	SES144	1.30112	15.7704	14.4693
BLOCK14/SES144/SA144S21	SES144	0.317961	15.0578	14.7399
BLOCK14/SES144/SA144S25	SES144	0.687581	14.695	14.0075
BLOCK14/SES144/SA144S29	SES144	0.366071	15.9882	15.6221
BLOCK14/SES146/SA146S14	SES146	0.885075	14.6593	13.7743
BLOCK14/SES146/SA146S15	SES146	0.522449	14.5989	14.0764
BLOCK14/SES146/SA146S24	SES146	1.09907	15.3089	14.2098
BLOCK14/SES146/SA146S26	SES146	1.49449	15.4464	13.9519
BLOCK14/SES146/SA146S29	SES146	1.11002	14.5288	13.4188
BLOCK14/SES147/SA147S11	SES147	1.83021	15.8116	13.9814
BLOCK14/SES147/SA147S13	SES147	2.38684	16.6767	14.2898
BLOCK14/SES147/SA147S23	SES147	0.565129	15.2506	14.6854
BLOCK14/SES147/SA147S26	SES147	1.60939	15.7368	14.1274
BLOCK14/SES147/SA147S28	SES147	1.51991	15.5317	14.0118
BLOCK14/SES148/SA148S10	SES148	1.49032	15.4367	13.9464
BLOCK14/SES148/SA148S12	SES148	1.24095	14.5147	13.2738
BLOCK14/SES148/SA148S22	SES148	1.87892	16.9134	15.0345
BLOCK14/SES148/SA148S26	SES148	0.104146	15.6607	15.5566
BLOCK14/SES148/SA148S29	SES148	0.882962	15.3244	14.4414
BLOCK14/SES149/SA149S13	SES149	0.00597858	15.5004	15.4945
BLOCK14/SES149/SA149S14	SES149	0.646727	16.8197	16.1729
BLOCK14/SES149/SA149S24	SES149	1.49038	17.326	15.8356
BLOCK14/SES149/SA149S26	SES149	1.86855	18.2093	16.3408
BLOCK14/SES149/SA149S28	SES149	2.45869	19.6779	17.2192
BLOCK15/SES158/SA158S13	SES158	1.72908	15.1135	13.3844
BLOCK15/SES158/SA158S14	SES158	3.42816	16.258	12.8299
BLOCK15/SES158/SA158S23	SES158	1.89711	15.8978	14.0006
BLOCK15/SES158/SA158S26	SES158	3.1155	15.7145	12.599
BLOCK15/SES158/SA158S28	SES158	1.30078	14.8957	13.5949
BLOCK16/SES162/SA162S10	SES162	1.05047	14.2151	13.1646
BLOCK16/SES162/SA162S11	SES162	1.06302	16.1636	15.1006
BLOCK16/SES162/SA162S21	SES162	1.67448	16.5121	14.8376
BLOCK16/SES162/SA162S24	SES162	1.23661	15.6194	14.3827
BLOCK16/SES162/SA162S27	SES162	1.76527	15.6159	13.8507
BLOCK16/SES167/SA167S14	SES167	1.25231	17.8837	16.6314
BLOCK16/SES167/SA167S15	SES167	1.36184	16.4367	15.0749
BLOCK16/SES167/SA167S21	SES167	2.10087	17.4552	15.3543
BLOCK16/SES167/SA167S25	SES167	2.72363	16.6626	13.939
BLOCK16/SES167/SA167S29	SES167	2.67101	18.651	15.98
BLOCK17/SES172/SA172S12	SES172	1.68135	17.0841	15.4027
BLOCK17/SES172/SA172S13	SES172	1.75494	16.4244	14.6694
BLOCK17/SES172/SA172S23	SES172	1.40615	17.6441	16.238
BLOCK17/SES172/SA172S27	SES172	1.43005	16.7632	15.3332
BLOCK17/SES172/SA172S29	SES172	2.01132	17.1909	15.1796
BLOCK17/SES175/SA175S11	SES175	0.935588	16.2216	15.286
BLOCK17/SES175/SA175S13	SES175	0.998607	16.1546	15.156
BLOCK17/SES175/SA175S23	SES175	1.6516	16.4604	14.8088
BLOCK17/SES175/SA175S25	SES175	0.736104	14.3645	13.6284
BLOCK17/SES175/SA175S28	SES175	1.42548	17.1985	15.7731
BLOCK17/SES177/SA177S15	SES177	0.816952	16.1603	15.3433
BLOCK17/SES177/SA177S17	SES177	0.578202	16.1231	15.5449
BLOCK17/SES177/SA177S23	SES177	0.161855	15.1395	14.9777
BLOCK17/SES177/SA177S26	SES177	1.10018	18.1626	17.0625
BLOCK17/SES177/SA177S28	SES177	1.00673	16.8228	15.816
BLOCK18/SES180/SA180S13	SES180	0.480772	15.5806	15.0998
BLOCK18/SES180/SA180S15	SES180	1.26295	15.9789	14.716
BLOCK18/SES180/SA180S24	SES180	0.594025	17.0881	16.4941
BLOCK18/SES180/SA180S26	SES180	1.43758	16.916	15.4785
BLOCK18/SES180/SA180S29	SES180	1.55977	16.384	14.8243
BLOCK18/SES183/SA183S13	SES183	1.56996	15.0391	13.4691
BLOCK18/SES183/SA183S14	SES183	0.138811	13.9552	13.8164
BLOCK18/SES183/SA183S24	SES183	1.79825	14.3784	12.5801
BLOCK18/SES183/SA183S27	SES183	1.39212	14.9	13.5078
BLOCK18/SES183/SA183S29	SES183	0.73848	15.7638	15.0253
BLOCK18/SES187/SA187S13	SES187	0.630534	15.831	15.2004
BLOCK18/SES187/SA187S14	SES187	0.848577	15.2315	14.383
BLOCK18/SES187/SA187S24	SES187	2.72659	15.7141	12.9875
BLOCK18/SES187/SA187S27	SES187	1.69091	15.6818	13.9909
BLOCK18/SES187/SA187S29	SES187	1.25521	16.4471	15.1919
BLOCK18/SES189/SA189S10	SES189	2.03407	15.0012	12.9671
BLOCK18/SES189/SA189S13	SES189	2.62556	14.7957	12.1701
BLOCK18/SES189/SA189S24	SES189	3.16994	15.0332	11.8632
BLOCK18/SES189/SA189S26	SES189	1.63479	15.6968	14.062
BLOCK18/SES189/SA189S29	SES189	2.55693	15.4974	12.9405
BLOCK20/SES202/SA202S12	SES202	1.50234	13.2189	11.7166
BLOCK20/SES202/SA202S14	SES202	2.78116	15.9776	13.1964
BLOCK20/SES202/SA202S24	SES202	1.62706	15.594	13.967
BLOCK20/SES202/SA202S27	SES202	1.87548	17.4053	15.5298
BLOCK20/SES202/SA202S29	SES202	2.3383	16.8858	14.5475
BLOCK20/SES206/SA206S15	SES206	-0.0156002	15.8859	15.9015
BLOCK20/SES206/SA206S17	SES206	2.00835	18.1627	16.1544
BLOCK20/SES206/SA206S24	SES206	2.54696	18.7614	16.2144
BLOCK20/SES206/SA206S27	SES206	2.33798	17.4732	15.1352
BLOCK20/SES206/SA206S29	SES206	1.78362	18.5316	16.748
BLOCK22/SES226/SA226S12	SES226	1.24073	16.0809	14.8401
BLOCK22/SES226/SA226S13	SES226	-0.0307255	14.2851	14.3158
BLOCK22/SES226/SA226S20	SES226	0.836183	15.3169	14.4807
BLOCK22/SES226/SA226S23	SES226	1.48886	16.5216	15.0327
BLOCK22/SES226/SA226S28	SES226	2.23557	17.1698	14.9342
BLOCK25/SES259/SA259S13	SES259	4.24805	18.599	14.3509
BLOCK25/SES259/SA259S14	SES259	2.83736	17.5233	14.686
BLOCK25/SES259/SA259S22	SES259	2.69285	17.3633	14.6705
BLOCK25/SES259/SA259S24	SES259	2.59056	18.6994	16.1088
BLOCK25/SES259/SA259S28	SES259	2.37029	17.5075	15.1372
BLOCK27/SES270/SA270S14	SES270	2.75022	15.3498	12.5996
BLOCK27/SES270/SA270S16	SES270	0.713156	14.75	14.0369
BLOCK27/SES270/SA270S22	SES270	3.12518	16.7111	13.5859
BLOCK27/SES270/SA270S26	SES270	1.74011	14.0627	12.3226
BLOCK27/SES270/SA270S28	SES270	1.47216	15.7465	14.2743
BLOCK27/SES275/SA275S17	SES275	1.82069	16.3754	14.5547
BLOCK27/SES275/SA275S18	SES275	0.777791	15.949	15.1712
BLOCK27/SES275/SA275S24	SES275	1.15713	14.8798	13.7227
BLOCK27/SES275/SA275S26	SES275	1.53503	16.2926	14.7575
BLOCK27/SES275/SA275S28	SES275	0.609909	15.818	15.2081
BLOCK29/SES292/SA292S10	SES292	0.647799	15.6859	15.0381
BLOCK29/SES292/SA292S12	SES292	0.582889	15.7909	15.208
BLOCK29/SES292/SA292S22	SES292	0.666698	16.458	15.7913
BLOCK29/SES292/SA292S24	SES292	0.49405	15.9152	15.4212
BLOCK29/SES292/SA292S27	SES292	0.342384	16.3962	16.0539
BLOCK00/SES001/SA001S14	SES062	-2.76773	10.8281	13.5958
BLOCK00/SES001/SA001S14	SES082	-2.65673	10.9391	13.5958
BLOCK00/SES001/SA001S14	SES106	-2.23235	11.3635	13.5958
BLOCK00/SES001/SA001S14	SES206	-2.15977	11.436	13.5958
BLOCK00/SES001/SA001S15	SES062	-3.20002	12.1142	15.3142
BLOCK00/SES001/SA001S15	SES104	-3.29925	12.0149	15.3142
BLOCK00/SES001/SA001S15	SES106	-2.1633	13.1509	15.3142
BLOCK00/SES001/SA001S15	SES206	-1.75468	13.5595	15.3142
BLOCK00/SES001/SA001S24	SES062	-3.14852	10.3376	13.4861
BLOCK00/SES001/SA001S24	SES082	-2.56248	10.9237	13.4861
BLOCK00/SES001/SA001S24	SES087	-2.57193	10.9142	13.4861
BLOCK00/SES001/SA001S24	SES206	-2.35929	11.1269	13.4861
BLOCK00/SES001/SA001S27	SES062	-1.98492	13.4141	15.399
BLOCK00/SES001/SA001S27	SES082	-1.78455	13.6144	15.399
BLOCK00/SES001/SA001S27	SES087	-1.57403	13.825	15.399
BLOCK00/SES001/SA001S27	SES206	-1.86633	13.5327	15.399
BLOCK00/SES001/SA001S29	SES062	-3.18831	10.5623	13.7506
BLOCK00/SES001/SA001S29	SES082	-1.8169	11.9337	13.7506
BLOCK00/SES001/SA001S29	SES158	-1.27943	12.4711	13.7506
BLOCK00/SES001/SA001S29	SES206	-2.40927	11.3413	13.7506
BLOCK00/SES003/SA003S11	SES002	-1.0413	13.7607	14.802
BLOCK00/SES003/SA003S11	SES019	-1.58877	13.2132	14.802
BLOCK00/SES003/SA003S11	SES082	-0.621604	14.1804	14.802
BLOCK00/SES003/SA003S11	SES125	-1.58541	13.2166	14.802
BLOCK00/SES003/SA003S15	SES016	-1.80825	14.1925	16.0007
BLOCK00/SES003/SA003S15	SES019	-2.43307	13.5677	16.0007
BLOCK00/SES003/SA003S15	SES062	-2.4641	13.5366	16.0007
BLOCK00/SES003/SA003S15	SES206	-1.78064	14.2201	16.0007
BLOCK00/SES003/SA003S22	SES002	-2.36628	12.9794	15.3457
BLOCK00/SES003/SA003S22	SES062	-1.39429	13.9514	15.3457
BLOCK00/SES003/SA003S22	SES082	-2.07992	13.2658	15.3457
BLOCK00/SES003/SA003S22	SES087	-2.19715	13.1485	15.3457
BLOCK00/SES003/SA003S25	SES062	-3.49183	11.234	14.7258
BLOCK00/SES003/SA003S25	SES082	-1.80954	12.9163	14.7258
BLOCK00/SES003/SA003S25	SES087	-1.49124	13.2346	14.7258
BLOCK00/SES003/SA003S25	SES206	-2.45212	12.2737	14.7258
BLOCK00/SES003/SA003S29	SES002	-1.78493	12.6531	14.438
BLOCK00/SES003/SA003S29	SES062	-3.03022	11.4078	14.438
BLOCK00/SES003/SA003S29	SES082	-1.25225	13.1858	14.438
BLOCK00/SES003/SA003S29	SES087	-2.20513	12.2329	14.438
BLOCK00/SES004/SA004S12	SES083	-2.06332	11.9819	14.0452
BLOCK00/SES004/SA004S12	SES148	-2.13684	11.9083	14.0452
BLOCK00/SES004/SA004S12	SES172	-0.733404	13.3118	14.0452
BLOCK00/SES004/SA004S12	SES292	-1.518	12.5272	14.0452
BLOCK00/SES004/SA004S17	SES083	-2.0499	12.0581	14.108
BLOCK00/SES004/SA004S17	SES162	-1.38791	12.7201	14.108
BLOCK00/SES004/SA004S17	SES172	-1.14684	12.9612	14.108
BLOCK00/SES004/SA004S17	SES292	-1.7617	12.3463	14.108
BLOCK00/SES004/SA004S24	SES083	-2.34613	12.2323	14.5784
BLOCK00/SES004/SA004S24	SES148	-2.66047	11.9179	14.5784
BLOCK00/SES004/SA004S24	SES172	-0.966168	13.6122	14.5784
BLOCK00/SES004/SA004S24	SES292	-1.28315	13.2953	14.5784
BLOCK00/SES004/SA004S26	SES083	-2.42367	11.8355	14.2592
BLOCK00/SES004/SA004S26	SES127	-1.59237	12.6668	14.2592
BLOCK00/SES004/SA004S26	SES148	-3.84445	10.4147	14.2592
BLOCK00/SES004/SA004S26	SES292	-2.36173	11.8974	14.2592
BLOCK00/SES004/SA004S28	SES083	-1.52339	14.086	15.6094
BLOCK00/SES004/SA004S28	SES127	-0.950855	14.6585	15.6094
BLOCK00/SES004/SA004S28	SES187	-0.692871	14.9165	15.6094
BLOCK00/SES004/SA004S28	SES292	-1.62454	13.9849	15.6094
BLOCK00/SES006/SA006S10	SES014	-4.19698	7.63029	11.8273
BLOCK00/SES006/SA006S10	SES158	-2.73436	9.09291	11.8273
BLOCK00/SES006/SA006S10	SES226	-4.43286	7.39441	11.8273
BLOCK00/SES006/SA006S10	SES270	-1.23026	10.597	11.8273
BLOCK00/SES006/SA006S11	SES158	-2.05657	10.0581	12.1147
BLOCK00/SES006/SA006S11	SES226	-3.42659	8.6881	12.1147
BLOCK00/SES006/SA006S11	SES270	-1.78699	10.3277	12.1147
BLOCK00/SES006/SA006S11	SES275	-2.41727	9.69742	12.1147
BLOCK00/SES006/SA006S23	SES062	-2.88372	11.1977	14.0814
BLOCK00/SES006/SA006S23	SES105	-4.07833	10.0031	14.0814
BLOCK00/SES006/SA006S23	SES158	-2.28023	11.8012	14.0814
BLOCK00/SES006/SA006S23	SES275	-2.4655	11.6159	14.0814
BLOCK00/SES006/SA006S26	SES104	-4.21189	9.38901	13.6009
BLOCK00/SES006/SA006S26	SES158	-1.75477	11.8461	13.6009
BLOCK00/SES006/SA006S26	SES270	-0.977771	12.6231	13.6009
BLOCK00/SES006/SA006S26	SES275	-2.82952	10.7714	13.6009
BLOCK00/SES006/SA006S28	SES007	-2.93748	9.26869	12.2062
BLOCK00/SES006/SA006S28	SES105	-3.22471	8.98147	12.2062
BLOCK00/SES006/SA006S28	SES158	-2.24454	9.96164	12.2062
BLOCK00/SES006/SA006S28	SES275	-2.97793	9.22825	12.2062
BLOCK00/SES009/SA009S12	SES083	-2.45047	13.2009	15.6514
BLOCK00/SES009/SA009S12	SES148	-2.80407	12.8473	15.6514
BLOCK00/SES009/SA009S12	SES177	-1.26625	14.3851	15.6514
BLOCK00/SES009/SA009S12	SES292	-1.79244	13.8589	15.6514
BLOCK00/SES009/SA009S15	SES007	-0.705665	15.7376	16.4433
BLOCK00/SES009/SA009S15	SES099	-3.79771	12.6455	16.4433
BLOCK00/SES009/SA009S15	SES148	-2.70006	13.7432	16.4433
BLOCK00/SES009/SA009S15	SES172	-1.76475	14.6785	16.4433
BLOCK00/SES009/SA009S24	SES146	-1.70791	14.6299	16.3378
BLOCK00/SES009/SA009S24	SES148	-2.89786	13.4399	16.3378
BLOCK00/SES009/SA009S24	SES177	-0.746749	15.591	16.3378
BLOCK00/SES009/SA009S24	SES292	-1.85078	14.487	16.3378
BLOCK00/SES009/SA009S26	SES083	-2.61584	12.7184	15.3342
BLOCK00/SES009/SA009S26	SES101	-2.55925	12.775	15.3342
BLOCK00/SES009/SA009S26	SES120	-1.87668	13.4575	15.3342
BLOCK00/SES009/SA009S26	SES177	-0.973575	14.3607	15.3342
BLOCK00/SES009/SA009S29	SES083	-2.00224	14.1241	16.1264
BLOCK00/SES009/SA009S29	SES101	-2.10563	14.0207	16.1264
BLOCK00/SES009/SA009S29	SES177	-1.09422	15.0322	16.1264
BLOCK00/SES009/SA009S29	SES292	-1.47223	14.6541	16.1264
BLOCK01/SES011/SA011S10	SES019	-1.44174	13.8767	15.3184
BLOCK01/SES011/SA011S10	SES042	-0.249769	15.0687	15.3184
BLOCK01/SES011/SA011S10	SES082	-1.91277	13.4057	15.3184
BLOCK01/SES011/SA011S10	SES206	-1.81665	13.5018	15.3184
BLOCK01/SES011/SA011S11	SES019	-1.90873	12.4277	14.3365
BLOCK01/SES011/SA011S11	SES042	-1.41246	12.924	14.3365
BLOCK01/SES011/SA011S11	SES082	-1.8802	12.4563	14.3365
BLOCK01/SES011/SA011S11	SES206	-2.39983	11.9366	14.3365
BLOCK01/SES011/SA011S22	SES019	-0.889383	13.2378	14.1271
BLOCK01/SES011/SA011S22	SES042	0.00579834	14.1329	14.1271
BLOCK01/SES011/SA011S22	SES082	-1.71507	12.4121	14.1271
BLOCK01/SES011/SA011S22	SES206	-2.29772	11.8294	14.1271
BLOCK01/SES011/SA011S24	SES019	-2.21105	12.8678	15.0789
BLOCK01/SES011/SA011S24	SES042	-0.283425	14.7955	15.0789
BLOCK01/SES011/SA011S24	SES104	-2.13169	12.9472	15.0789
BLOCK01/SES011/SA011S24	SES206	-1.59471	13.4842	15.0789
BLOCK01/SES011/SA011S27	SES082	-0.615943	13.847	14.463
BLOCK01/SES011/SA011S27	SES087	-2.02389	12.4391	14.463
BLOCK01/SES011/SA011S27	SES125	-1.46229	13.0007	14.463
BLOCK01/SES011/SA011S27	SES206	-1.49953	12.9634	14.463
BLOCK01/SES012/SA012S11	SES007	-1.08075	15.7004	16.7812
BLOCK01/SES012/SA012S11	SES082	-1.96688	14.8143	16.7812
BLOCK01/SES012/SA012S11	SES083	-2.16573	14.6154	16.7812
BLOCK01/SES012/SA012S11	SES206	-1.72453	15.0566	16.7812
BLOCK01/SES012/SA012S14	SES082	-1.1462	15.0276	16.1738
BLOCK01/SES012/SA012S14	SES087	-2.59919	13.5746	16.1738
BLOCK01/SES012/SA012S14	SES206	-1.28723	14.8866	16.1738
BLOCK01/SES012/SA012S14	SES292	-1.92568	14.2481	16.1738
BLOCK01/SES012/SA012S24	SES082	-0.497941	14.6368	15.1347
BLOCK01/SES012/SA012S24	SES087	-2.09293	13.0418	15.1347
BLOCK01/SES012/SA012S24	SES120	-2.19564	12.9391	15.1347
BLOCK01/SES012/SA012S24	SES206	-1.30689	13.8278	15.1347
BLOCK01/SES012/SA012S26	SES019	-4.27469	12.4852	16.7599
BLOCK01/SES012/SA012S26	SES082	-2.11404	14.6459	16.7599
BLOCK01/SES012/SA012S26	SES206	-0.514011	16.2459	16.7599
BLOCK01/SES012/SA012S26	SES292	-1.18068	15.5792	16.7599
BLOCK01/SES012/SA012S29	SES062	-1.63954	14.943	16.5825
BLOCK01/SES012/SA012S29	SES082	-1.1591	15.4234	16.5825
BLOCK01/SES012/SA012S29	SES083	-2.43132	14.1512	16.5825
BLOCK01/SES012/SA012S29	SES206	-1.17192	15.4106	16.5825
BLOCK01/SES013/SA013S16	SES062	-3.20808	11.3669	14.575
BLOCK01/SES013/SA013S16	SES106	-1.83469	12.7403	14.575
BLOCK01/SES013/SA013S16	SES206	-1.70862	12.8664	14.575
BLOCK01/SES013/SA013S16	SES226	-1.26162	13.3134	14.575
BLOCK01/SES013/SA013S17	SES062	-2.75873	13.6847	16.4434
BLOCK01/SES013/SA013S17	SES106	-3.00292	13.4405	16.4434
BLOCK01/SES013/SA013S17	SES206	-1.28268	15.1608	16.4434
BLOCK01/SES013/SA013S17	SES226	-1.14929	15.2942	16.4434
BLOCK01/SES013/SA013S23	SES104	-2.46847	12.7105	15.179
BLOCK01/SES013/SA013S23	SES106	-1.86132	13.3177	15.179
BLOCK01/SES013/SA013S23	SES206	-1.656	13.523	15.179
BLOCK01/SES013/SA013S23	SES270	-1.34055	13.8384	15.179
BLOCK01/SES013/SA013S25	SES042	-2.14508	14.3329	16.478
BLOCK01/SES013/SA013S25	SES104	-1.85037	14.6276	16.478
BLOCK01/SES013/SA013S25	SES106	-1.58869	14.8893	16.478
BLOCK01/SES013/SA013S25	SES206	-1.50632	14.9717	16.478
BLOCK01/SES013/SA013S29	SES062	-3.72293	11.9448	15.6678
BLOCK01/SES013/SA013S29	SES104	-3.17259	12.4952	15.6678
BLOCK01/SES013/SA013S29	SES106	-1.83638	13.8314	15.6678
BLOCK01/SES013/SA013S29	SES206	-1.8678	13.8	15.6678
BLOCK02/SES021/SA021S13	SES016	-3.09304	13.5938	16.6868
BLOCK02/SES021/SA021S13	SES029	-1.80504	14.8818	16.6868
BLOCK02/SES021/SA021S13	SES087	-2.00823	14.6786	16.6868
BLOCK02/SES021/SA021S13	SES206	-1.44873	15.2381	16.6868
BLOCK02/SES021/SA021S15	SES087	-1.28475	16.4834	17.7682
BLOCK02/SES021/SA021S15	SES125	-1.37263	16.3955	17.7682
BLOCK02/SES021/SA021S15	SES206	-1.40771	16.3605	17.7682
BLOCK02/SES021/SA021S15	SES226	-2.22577	15.5424	17.7682
BLOCK02/SES021/SA021S23	SES062	-2.9442	11.8256	14.7698
BLOCK02/SES021/SA021S23	SES087	-1.38644	13.3834	14.7698
BLOCK02/SES021/SA021S23	SES206	-1.93145	12.8384	14.7698
BLOCK02/SES021/SA021S23	SES226	-1.77567	12.9941	14.7698
BLOCK02/SES021/SA021S27	SES002	-0.780199	15.7069	16.4871
BLOCK02/SES021/SA021S27	SES016	-4.59626	11.8909	16.4871
BLOCK02/SES021/SA021S27	SES019	-2.0485	14.4386	16.4871
BLOCK02/SES021/SA021S27	SES062	-1.74125	14.7459	16.4871
BLOCK02/SES021/SA021S29	SES087	-1.56554	15.2919	16.8575
BLOCK02/SES021/SA021S29	SES125	-0.991581	15.8659	16.8575
BLOCK02/SES021/SA021S29	SES206	-1.55518	15.3023	16.8575
BLOCK02/SES021/SA021S29	SES226	-2.20236	14.6551	16.8575
BLOCK04/SES043/SA043S09	SES083	-1.3688	12.6166	13.9854
BLOCK04/SES043/SA043S09	SES101	-1.45899	12.5264	13.9854
BLOCK04/SES043/SA043S09	SES144	-0.76493	13.2205	13.9854
BLOCK04/SES043/SA043S09	SES172	-1.84143	12.144	13.9854
BLOCK04/SES043/SA043S11	SES083	-0.867525	14.6903	15.5579
BLOCK04/SES043/SA043S11	SES101	-1.523	14.0349	15.5579
BLOCK04/SES043/SA043S11	SES144	-0.299088	15.2588	15.5579
BLOCK04/SES043/SA043S11	SES172	-1.54537	14.0125	15.5579
BLOCK04/SES043/SA043S23	SES083	-1.40129	13.6065	15.0078
BLOCK04/SES043/SA043S23	SES144	-0.308188	14.6996	15.0078
BLOCK04/SES043/SA043S23	SES177	-1.34594	13.6618	15.0078
BLOCK04/SES043/SA043S23	SES275	-0.974465	14.0333	15.0078
BLOCK04/SES043/SA043S26	SES083	-1.72137	12.5826	14.304
BLOCK04/SES043/SA043S26	SES101	-1.49554	12.8084	14.304
BLOCK04/SES043/SA043S26	SES144	-0.115894	14.1881	14.304
BLOCK04/SES043/SA043S26	SES177	-1.6361	12.6679	14.304
BLOCK04/SES043/SA043S28	SES016	-2.18474	13.6049	15.7897
BLOCK04/SES043/SA043S28	SES083	-0.916207	14.8735	15.7897
BLOCK04/SES043/SA043S28	SES101	-0.802865	14.9868	15.7897
BLOCK04/SES043/SA043S28	SES144	-1.03286	14.7568	15.7897
BLOCK04/SES044/SA044S10	SES127	-2.81549	9.05266	11.8681
BLOCK04/SES044/SA044S10	SES144	-0.379577	11.4886	11.8681
BLOCK04/SES044/SA044S10	SES147	-2.78771	9.08043	11.8681
BLOCK04/SES044/SA044S10	SES148	-3.08898	8.77916	11.8681
BLOCK04/SES044/SA044S11	SES101	-0.817492	12.569	13.3864
BLOCK04/SES044/SA044S11	SES144	-0.168862	13.2176	13.3864
BLOCK04/SES044/SA044S11	SES147	-2.56206	10.8244	13.3864
BLOCK04/SES044/SA044S11	SES177	-2.0864	11.3	13.3864
BLOCK04/SES044/SA044S24	SES007	-2.357	11.9238	14.2808
BLOCK04/SES044/SA044S24	SES101	-1.19863	13.0822	14.2808
BLOCK04/SES044/SA044S24	SES147	-2.86125	11.4195	14.2808
BLOCK04/SES044/SA044S24	SES177	-1.81776	12.463	14.2808
BLOCK04/SES044/SA044S26	SES007	-1.79648	12.629	14.4255
BLOCK04/SES044/SA044S26	SES016	-1.54246	12.883	14.4255
BLOCK04/SES044/SA044S26	SES101	-1.23159	13.1939	14.4255
BLOCK04/SES044/SA044S26	SES147	-1.20214	13.2233	14.4255
BLOCK04/SES044/SA044S29	SES007	-2.34117	11.793	14.1341
BLOCK04/SES044/SA044S29	SES101	-0.251725	13.8824	14.1341
BLOCK04/SES044/SA044S29	SES147	-1.97744	12.1567	14.1341
BLOCK04/SES044/SA044S29	SES177	-1.96148	12.1727	14.1341
BLOCK04/SES046/SA046S13	SES101	-1.34484	12.7562	14.1011
BLOCK04/SES046/SA046S13	SES144	-1.11701	12.9841	14.1011
BLOCK04/SES046/SA046S13	SES147	-2.16669	11.9344	14.1011
BLOCK04/SES046/SA046S13	SES177	-1.99215	12.1089	14.1011
BLOCK04/SES046/SA046S15	SES048	-0.575662	15.1544	15.7301
BLOCK04/SES046/SA046S15	SES083	-1.05588	14.6742	15.7301
BLOCK04/SES046/SA046S15	SES120	-2.71605	13.014	15.7301
BLOCK04/SES046/SA046S15	SES148	-1.90632	13.8238	15.7301
BLOCK04/SES046/SA046S22	SES101	-0.646678	13.4023	14.049
BLOCK04/SES046/SA046S22	SES144	-0.742527	13.3064	14.049
BLOCK04/SES046/SA046S22	SES147	-2.60691	11.442	14.049
BLOCK04/SES046/SA046S22	SES172	-0.952611	13.0963	14.049
BLOCK04/SES046/SA046S25	SES083	-1.46815	12.3657	13.8338
BLOCK04/SES046/SA046S25	SES127	-1.62026	12.2136	13.8338
BLOCK04/SES046/SA046S25	SES144	-2.02679	11.807	13.8338
BLOCK04/SES046/SA046S25	SES148	-1.8176	12.0162	13.8338
BLOCK04/SES046/SA046S28	SES007	-2.33523	11.6372	13.9725
BLOCK04/SES046/SA046S28	SES105	-2.76294	11.2095	13.9725
BLOCK04/SES046/SA046S28	SES147	-1.91698	12.0555	13.9725
BLOCK04/SES046/SA046S28	SES148	-1.33034	12.6421	13.9725
BLOCK04/SES049/SA049S16	SES104	-2.88248	10.9788	13.8613
BLOCK04/SES049/SA049S16	SES106	-1.69212	12.1692	13.8613
BLOCK04/SES049/SA049S16	SES120	-2.23236	11.6289	13.8613
BLOCK04/SES049/SA049S16	SES206	-1.46192	12.3994	13.8613
BLOCK04/SES049/SA049S18	SES099	-0.784476	12.5289	13.3134
BLOCK04/SES049/SA049S18	SES104	-2.51504	10.7984	13.3134
BLOCK04/SES049/SA049S18	SES125	-2.61185	10.7016	13.3134
BLOCK04/SES049/SA049S18	SES206	-1.97725	11.3362	13.3134
BLOCK04/SES049/SA049S25	SES087	-1.82835	12.6567	14.485
BLOCK04/SES049/SA049S25	SES104	-0.567014	13.918	14.485
BLOCK04/SES049/SA049S25	SES125	-1.76124	12.7238	14.485
BLOCK04/SES049/SA049S25	SES206	-0.75873	13.7263	14.485
BLOCK04/SES049/SA049S27	SES099	-0.838883	13.2932	14.1321
BLOCK04/SES049/SA049S27	SES104	-1.30941	12.8227	14.1321
BLOCK04/SES049/SA049S27	SES125	-2.19342	11.9387	14.1321
BLOCK04/SES049/SA049S27	SES206	-1.50754	12.6246	14.1321
BLOCK04/SES049/SA049S29	SES099	-0.545983	15.1867	15.7327
BLOCK04/SES049/SA049S29	SES104	-0.848851	14.8839	15.7327
BLOCK04/SES049/SA049S29	SES125	-1.42012	14.3126	15.7327
BLOCK04/SES049/SA049S29	SES206	-0.499724	15.233	15.7327
BLOCK06/SES063/SA063S09	SES068	-1.73376	14.3506	16.0843
BLOCK06/SES063/SA063S09	SES083	-0.961359	15.123	16.0843
BLOCK06/SES063/SA063S09	SES177	-1.24446	14.8399	16.0843
BLOCK06/SES063/SA063S09	SES187	-1.42375	14.6606	16.0843
BLOCK06/SES063/SA063S10	SES068	-2.27737	13.3861	15.6634
BLOCK06/SES063/SA063S10	SES083	-1.39259	14.2709	15.6634
BLOCK06/SES063/SA063S10	SES172	-1.80717	13.8563	15.6634
BLOCK06/SES063/SA063S10	SES187	-1.88581	13.7776	15.6634
BLOCK06/SES063/SA063S20	SES068	-1.93254	13.0846	15.0171
BLOCK06/SES063/SA063S20	SES083	-1.53828	13.4788	15.0171
BLOCK06/SES063/SA063S20	SES172	-1.22577	13.7913	15.0171
BLOCK06/SES063/SA063S20	SES187	-1.02076	13.9963	15.0171
BLOCK06/SES063/SA063S24	SES029	-2.82941	12.8472	15.6767
BLOCK06/SES063/SA063S24	SES083	-0.880289	14.7964	15.6767
BLOCK06/SES063/SA063S24	SES177	-1.50272	14.1739	15.6767
BLOCK06/SES063/SA063S24	SES189	-1.04964	14.627	15.6767
BLOCK06/SES063/SA063S27	SES083	-1.11321	14.0723	15.1855
BLOCK06/SES063/SA063S27	SES172	-1.99517	13.1903	15.1855
BLOCK06/SES063/SA063S27	SES187	-1.61331	13.5722	15.1855
BLOCK06/SES063/SA063S27	SES292	-1.28701	13.8985	15.1855
BLOCK06/SES067/SA067S12	SES083	-2.07656	13.858	15.9345
BLOCK06/SES067/SA067S12	SES172	-2.04586	13.8887	15.9345
BLOCK06/SES067/SA067S12	SES202	-1.21411	14.7204	15.9345
BLOCK06/SES067/SA067S12	SES292	-1.77797	14.1566	15.9345
BLOCK06/SES067/SA067S14	SES085	-1.69273	15.0313	16.7241
BLOCK06/SES067/SA067S14	SES177	-1.50054	15.2235	16.7241
BLOCK06/SES067/SA067S14	SES183	-0.707586	16.0165	16.7241
BLOCK06/SES067/SA067S14	SES202	-1.14087	15.5832	16.7241
BLOCK06/SES067/SA067S21	SES144	-0.881405	14.4405	15.3219
BLOCK06/SES067/SA067S21	SES177	-1.41262	13.9093	15.3219
BLOCK06/SES067/SA067S21	SES183	-0.64111	14.6808	15.3219
BLOCK06/SES067/SA067S21	SES189	-0.852228	14.4696	15.3219
BLOCK06/SES067/SA067S25	SES085	-0.847544	14.9342	15.7817
BLOCK06/SES067/SA067S25	SES177	-1.49939	14.2823	15.7817
BLOCK06/SES067/SA067S25	SES183	-1.01748	14.7642	15.7817
BLOCK06/SES067/SA067S25	SES202	-1.71208	14.0696	15.7817
BLOCK06/SES067/SA067S29	SES085	-1.5551	14.4193	15.9744
BLOCK06/SES067/SA067S29	SES177	-1.65584	14.3186	15.9744
BLOCK06/SES067/SA067S29	SES183	-0.358377	15.616	15.9744
BLOCK06/SES067/SA067S29	SES202	-0.895573	15.0788	15.9744
BLOCK06/SES069/SA069S12	SES029	-2.4516	13.7476	16.1992
BLOCK06/SES069/SA069S12	SES082	-0.36556	15.8336	16.1992
BLOCK06/SES069/SA069S12	SES087	-1.39529	14.8039	16.1992
BLOCK06/SES069/SA069S12	SES206	-0.967494	15.2317	16.1992
BLOCK06/SES069/SA069S13	SES029	-3.17672	12.9767	16.1534
BLOCK06/SES069/SA069S13	SES087	-1.46776	14.6857	16.1534
BLOCK06/SES069/SA069S13	SES206	-1.29413	14.8593	16.1534
BLOCK06/SES069/SA069S13	SES226	-0.620442	15.533	16.1534
BLOCK06/SES069/SA069S23	SES029	-1.11229	16.5157	17.628
BLOCK06/SES069/SA069S23	SES087	-0.928865	16.6991	17.628
BLOCK06/SES069/SA069S23	SES206	-1.55461	16.0733	17.628
BLOCK06/SES069/SA069S23	SES226	-0.46957	17.1584	17.628
BLOCK06/SES069/SA069S25	SES087	-1.07025	15.7009	16.7711
BLOCK06/SES069/SA069S25	SES206	-2.45944	14.3117	16.7711
BLOCK06/SES069/SA069S25	SES226	-1.17035	15.6008	16.7711
BLOCK06/SES069/SA069S25	SES270	-1.79122	14.9799	16.7711
BLOCK06/SES069/SA069S27	SES087	-2.07444	14.517	16.5914
BLOCK06/SES069/SA069S27	SES206	-0.988702	15.6027	16.5914
BLOCK06/SES069/SA069S27	SES226	-0.729978	15.8614	16.5914
BLOCK06/SES069/SA069S27	SES270	-1.2968	15.2946	16.5914
BLOCK08/SES081/SA081S11	SES060	-2.68413	11.85	14.5341
BLOCK08/SES081/SA081S11	SES062	-2.23221	12.3019	14.5341
BLOCK08/SES081/SA081S11	SES117	-3.02455	11.5096	14.5341
BLOCK08/SES081/SA081S11	SES162	-1.93371	12.6004	14.5341
BLOCK08/SES081/SA081S13	SES016	-1.52992	14.7398	16.2697
BLOCK08/SES081/SA081S13	SES060	-0.392845	15.8768	16.2697
BLOCK08/SES081/SA081S13	SES068	-0.793623	15.4761	16.2697
BLOCK08/SES081/SA081S13	SES129	-2.27663	13.9931	16.2697
BLOCK08/SES081/SA081S24	SES060	-0.574441	14.4953	15.0697
BLOCK08/SES081/SA081S24	SES068	-1.11822	13.9515	15.0697
BLOCK08/SES081/SA081S24	SES117	-2.18345	12.8862	15.0697
BLOCK08/SES081/SA081S24	SES275	-1.78324	13.2864	15.0697
BLOCK08/SES081/SA081S27	SES007	-1.20419	12.7976	14.0017
BLOCK08/SES081/SA081S27	SES060	-2.05408	11.9477	14.0017
BLOCK08/SES081/SA081S27	SES117	-0.999389	13.0024	14.0017
BLOCK08/SES081/SA081S27	SES275	-1.27585	12.7259	14.0017
BLOCK08/SES081/SA081S29	SES007	-0.946377	14.7247	15.6711
BLOCK08/SES081/SA081S29	SES060	-1.07256	14.5985	15.6711
BLOCK08/SES081/SA081S29	SES117	-1.85392	13.8171	15.6711
BLOCK08/SES081/SA081S29	SES275	-1.66574	14.0053	15.6711
BLOCK08/SES086/SA086S11	SES029	-4.12537	9.47129	13.5967
BLOCK08/SES086/SA086S11	SES082	-1.63069	11.966	13.5967
BLOCK08/SES086/SA086S11	SES087	-0.499862	13.0968	13.5967
BLOCK08/SES086/SA086S11	SES206	-1.8779	11.7188	13.5967
BLOCK08/SES086/SA086S12	SES029	-2.33484	12.5569	14.8918
BLOCK08/SES086/SA086S12	SES082	-1.80106	13.0907	14.8918
BLOCK08/SES086/SA086S12	SES087	0.330895	15.2227	14.8918
BLOCK08/SES086/SA086S12	SES206	-1.55042	13.3413	14.8918
BLOCK08/SES086/SA086S20	SES029	-3.66042	12.2243	15.8847
BLOCK08/SES086/SA086S20	SES082	-2.22778	13.6569	15.8847
BLOCK08/SES086/SA086S20	SES087	0.187626	16.0723	15.8847
BLOCK08/SES086/SA086S20	SES206	-1.02016	14.8645	15.8847
BLOCK08/SES086/SA086S24	SES087	-0.350622	14.4663	14.8169
BLOCK08/SES086/SA086S24	SES104	-1.96587	12.8511	14.8169
BLOCK08/SES086/SA086S24	SES120	-2.2917	12.5252	14.8169
BLOCK08/SES086/SA086S24	SES206	-0.213255	14.6037	14.8169
BLOCK08/SES086/SA086S28	SES029	-2.73793	12.6762	15.4141
BLOCK08/SES086/SA086S28	SES082	-1.72012	13.694	15.4141
BLOCK08/SES086/SA086S28	SES087	-0.718577	14.6955	15.4141
BLOCK08/SES086/SA086S28	SES206	-1.08282	14.3313	15.4141
BLOCK08/SES089/SA089S13	SES087	-1.49271	13.0165	14.5092
BLOCK08/SES089/SA089S13	SES206	-1.73364	12.7756	14.5092
BLOCK08/SES089/SA089S13	SES226	-1.421	13.0882	14.5092
BLOCK08/SES089/SA089S13	SES270	-2.29816	12.211	14.5092
BLOCK08/SES089/SA089S14	SES062	-2.79909	12.3474	15.1465
BLOCK08/SES089/SA089S14	SES087	-1.10542	14.0411	15.1465
BLOCK08/SES089/SA089S14	SES206	-1.21447	13.932	15.1465
BLOCK08/SES089/SA089S14	SES226	-1.42992	13.7166	15.1465
BLOCK08/SES089/SA089S23	SES087	-1.32144	12.0158	13.3372
BLOCK08/SES089/SA089S23	SES206	-1.55596	11.7813	13.3372
BLOCK08/SES089/SA089S23	SES226	-1.1683	12.1689	13.3372
BLOCK08/SES089/SA089S23	SES270	-1.82326	11.5139	13.3372
BLOCK08/SES089/SA089S25	SES062	-2.88214	12.245	15.1271
BLOCK08/SES089/SA089S25	SES087	-1.38461	13.7425	15.1271
BLOCK08/SES089/SA089S25	SES206	-2.2283	12.8988	15.1271
BLOCK08/SES089/SA089S25	SES226	-1.5184	13.6087	15.1271
BLOCK08/SES089/SA089S28	SES062	-1.95507	13.0171	14.9721
BLOCK08/SES089/SA089S28	SES087	-0.314404	14.6577	14.9721
BLOCK08/SES089/SA089S28	SES206	-1.13216	13.84	14.9721
BLOCK08/SES089/SA089S28	SES226	-0.740136	14.232	14.9721
BLOCK09/SES097/SA097S11	SES099	-0.116053	14.0824	14.1985
BLOCK09/SES097/SA097S11	SES125	-1.74022	12.4582	14.1985
BLOCK09/SES097/SA097S11	SES206	-1.07913	13.1193	14.1985
BLOCK09/SES097/SA097S11	SES226	-0.48721	13.7112	14.1985
BLOCK09/SES097/SA097S14	SES062	-1.63464	12.3725	14.0071
BLOCK09/SES097/SA097S14	SES099	-0.652784	13.3543	14.0071
BLOCK09/SES097/SA097S14	SES104	-1.58593	12.4212	14.0071
BLOCK09/SES097/SA097S14	SES206	-2.5903	11.4168	14.0071
BLOCK09/SES097/SA097S22	SES099	0.775938	15.1611	14.3851
BLOCK09/SES097/SA097S22	SES206	-1.13612	13.249	14.3851
BLOCK09/SES097/SA097S22	SES226	-1.72102	12.6641	14.3851
BLOCK09/SES097/SA097S22	SES270	-0.128063	14.2571	14.3851
BLOCK09/SES097/SA097S26	SES099	-0.613033	14.681	15.2941
BLOCK09/SES097/SA097S26	SES120	-2.38566	12.9084	15.2941
BLOCK09/SES097/SA097S26	SES206	-2.17567	13.1184	15.2941
BLOCK09/SES097/SA097S26	SES226	-3.04511	12.2489	15.2941
BLOCK09/SES097/SA097S28	SES099	-0.609041	13.8355	14.4445
BLOCK09/SES097/SA097S28	SES120	-1.67125	12.7733	14.4445
BLOCK09/SES097/SA097S28	SES206	-1.98604	12.4585	14.4445
BLOCK09/SES097/SA097S28	SES226	-2.68239	11.7621	14.4445
BLOCK09/SES098/SA098S11	SES127	-2.45476	11.3652	13.8199
BLOCK09/SES098/SA098S11	SES144	-2.61034	11.2096	13.8199
BLOCK09/SES098/SA098S11	SES147	-1.49136	12.3286	13.8199
BLOCK09/SES098/SA098S11	SES148	-3.31251	10.5074	13.8199
BLOCK09/SES098/SA098S12	SES127	-3.04459	9.73217	12.7768
BLOCK09/SES098/SA098S12	SES144	-3.13746	9.6393	12.7768
BLOCK09/SES098/SA098S12	SES147	-1.69242	11.0843	12.7768
BLOCK09/SES098/SA098S12	SES189	-1.48472	11.292	12.7768
BLOCK09/SES098/SA098S20	SES127	-3.29059	10.7607	14.0513
BLOCK09/SES098/SA098S20	SES147	-1.8345	12.2168	14.0513
BLOCK09/SES098/SA098S20	SES148	-2.80937	11.242	14.0513
BLOCK09/SES098/SA098S20	SES292	-1.62223	12.4291	14.0513
BLOCK09/SES098/SA098S23	SES127	-2.00998	12.7976	14.8076
BLOCK09/SES098/SA098S23	SES147	-1.67586	13.1317	14.8076
BLOCK09/SES098/SA098S23	SES187	-1.44919	13.3584	14.8076
BLOCK09/SES098/SA098S23	SES292	-1.24298	13.5646	14.8076
BLOCK09/SES098/SA098S27	SES127	-3.08814	10.4136	13.5017
BLOCK09/SES098/SA098S27	SES147	-2.99331	10.5084	13.5017
BLOCK09/SES098/SA098S27	SES148	-3.24575	10.256	13.5017
BLOCK09/SES098/SA098S27	SES292	-1.87605	11.6257	13.5017
BLOCK10/SES102/SA102S13	SES101	-0.751239	12.4198	13.171
BLOCK10/SES102/SA102S13	SES105	-1.20589	11.9651	13.171
BLOCK10/SES102/SA102S13	SES120	-2.39695	10.774	13.171
BLOCK10/SES102/SA102S13	SES158	-3.20465	9.96635	13.171
BLOCK10/SES102/SA102S14	SES007	-0.797544	14.7369	15.5344
BLOCK10/SES102/SA102S14	SES101	-0.274057	15.2604	15.5344
BLOCK10/SES102/SA102S14	SES105	-0.421591	15.1128	15.5344
BLOCK10/SES102/SA102S14	SES147	-3.46142	12.073	15.5344
BLOCK10/SES102/SA102S22	SES007	-1.78607	13.2365	15.0225
BLOCK10/SES102/SA102S22	SES101	-0.252225	14.7703	15.0225
BLOCK10/SES102/SA102S22	SES105	-0.610878	14.4117	15.0225
BLOCK10/SES102/SA102S22	SES158	-2.5542	12.4683	15.0225
BLOCK10/SES102/SA102S25	SES007	-0.935838	14.5637	15.4995
BLOCK10/SES102/SA102S25	SES101	-0.150327	15.3492	15.4995
BLOCK10/SES102/SA102S25	SES105	-0.871686	14.6278	15.4995
BLOCK10/SES102/SA102S25	SES147	-3.56174	11.9378	15.4995
BLOCK10/SES102/SA102S27	SES007	-1.31622	13.4213	14.7376
BLOCK10/SES102/SA102S27	SES101	0.32254	15.0601	14.7376
BLOCK10/SES102/SA102S27	SES105	-1.08269	13.6549	14.7376
BLOCK10/SES102/SA102S27	SES147	-2.66177	12.0758	14.7376
BLOCK10/SES103/SA103S14	SES105	-2.94153	10.1548	13.0963
BLOCK10/SES103/SA103S14	SES106	-1.60007	11.4963	13.0963
BLOCK10/SES103/SA103S14	SES120	-3.03408	10.0623	13.0963
BLOCK10/SES103/SA103S14	SES206	-2.65246	10.4439	13.0963
BLOCK10/SES103/SA103S15	SES099	-1.7011	10.34	12.0411
BLOCK10/SES103/SA103S15	SES101	-3.63765	8.40347	12.0411
BLOCK10/SES103/SA103S15	SES104	-2.54146	9.49966	12.0411
BLOCK10/SES103/SA103S15	SES125	-1.93302	10.1081	12.0411
BLOCK10/SES103/SA103S24	SES104	-2.10995	12.5571	14.667
BLOCK10/SES103/SA103S24	SES125	-2.1704	12.4966	14.667
BLOCK10/SES103/SA103S24	SES148	-3.5341	11.1329	14.667
BLOCK10/SES103/SA103S24	SES158	-1.59018	13.0768	14.667
BLOCK10/SES103/SA103S26	SES104	-2.64936	9.94713	12.5965
BLOCK10/SES103/SA103S26	SES106	-1.29568	11.3008	12.5965
BLOCK10/SES103/SA103S26	SES125	-1.81508	10.7814	12.5965
BLOCK10/SES103/SA103S26	SES148	-4.66629	7.93019	12.5965
BLOCK10/SES103/SA103S28	SES104	-3.51075	8.68216	12.1929
BLOCK10/SES103/SA103S28	SES106	-1.82473	10.3682	12.1929
BLOCK10/SES103/SA103S28	SES125	-2.88703	9.30588	12.1929
BLOCK10/SES103/SA103S28	SES206	-3.32126	8.87166	12.1929
BLOCK12/SES121/SA121S12	SES042	-3.09613	7.69646	10.7926
BLOCK12/SES121/SA121S12	SES087	-1.84003	8.95255	10.7926
BLOCK12/SES121/SA121S12	SES105	-1.37184	9.42074	10.7926
BLOCK12/SES121/SA121S12	SES206	-2.45525	8.33733	10.7926
BLOCK12/SES121/SA121S14	SES007	-2.49005	8.61136	11.1014
BLOCK12/SES121/SA121S14	SES105	-1.94819	9.15322	11.1014
BLOCK12/SES121/SA121S14	SES106	-1.7678	9.3336	11.1014
BLOCK12/SES121/SA121S14	SES206	-2.38348	8.71793	11.1014
BLOCK12/SES121/SA121S23	SES105	-1.5543	9.74922	11.3035
BLOCK12/SES121/SA121S23	SES106	-0.83746	10.4661	11.3035
BLOCK12/SES121/SA121S23	SES120	-1.42462	9.8789	11.3035
BLOCK12/SES121/SA121S23	SES206	-1.57374	9.72979	11.3035
BLOCK12/SES121/SA121S25	SES007	-2.05274	7.25966	9.3124
BLOCK12/SES121/SA121S25	SES105	-2.04131	7.2711	9.3124
BLOCK12/SES121/SA121S25	SES106	-1.5899	7.7225	9.3124
BLOCK12/SES121/SA121S25	SES206	-2.65565	6.65675	9.3124
BLOCK12/SES121/SA121S27	SES087	-1.0547	10.6236	11.6783
BLOCK12/SES121/SA121S27	SES105	-3.25307	8.42523	11.6783
BLOCK12/SES121/SA121S27	SES120	-0.278778	11.3995	11.6783
BLOCK12/SES121/SA121S27	SES206	-2.27014	9.40815	11.6783
BLOCK12/SES124/SA124S16	SES042	-0.621697	13.27	13.8917
BLOCK12/SES124/SA124S16	SES082	-1.96006	11.9317	13.8917
BLOCK12/SES124/SA124S16	SES183	-2.42491	11.4668	13.8917
BLOCK12/SES124/SA124S16	SES206	-2.23271	11.659	13.8917
BLOCK12/SES124/SA124S17	SES105	-2.57602	9.39846	11.9745
BLOCK12/SES124/SA124S17	SES149	-3.38018	8.59429	11.9745
BLOCK12/SES124/SA124S17	SES158	-2.95133	9.02314	11.9745
BLOCK12/SES124/SA124S17	SES275	-2.0549	9.91957	11.9745
BLOCK12/SES124/SA124S23	SES105	-2.86858	12.7325	15.6011
BLOCK12/SES124/SA124S23	SES125	-0.559432	15.0416	15.6011
BLOCK12/SES124/SA124S23	SES129	-2.78866	12.8124	15.6011
BLOCK12/SES124/SA124S23	SES158	-1.0117	14.5893	15.6011
BLOCK12/SES124/SA124S26	SES105	-3.73516	11.0583	14.7935
BLOCK12/SES124/SA124S26	SES125	-1.56726	13.2262	14.7935
BLOCK12/SES124/SA124S26	SES129	-3.17391	11.6196	14.7935
BLOCK12/SES124/SA124S26	SES158	-1.99818	12.7953	14.7935
BLOCK12/SES124/SA124S28	SES104	-1.64006	12.9029	14.543
BLOCK12/SES124/SA124S28	SES106	-1.14482	13.3982	14.543
BLOCK12/SES124/SA124S28	SES125	-0.51959	14.0234	14.543
BLOCK12/SES124/SA124S28	SES275	-2.75343	11.7895	14.543
BLOCK12/SES126/SA126S13	SES007	-1.36403	12.5509	13.9149
BLOCK12/SES126/SA126S13	SES162	-1.86964	12.0453	13.9149
BLOCK12/SES126/SA126S13	SES177	-0.889023	13.0259	13.9149
BLOCK12/SES126/SA126S13	SES180	-1.72086	12.1941	13.9149
BLOCK12/SES126/SA126S14	SES144	-1.42026	14.1525	15.5728
BLOCK12/SES126/SA126S14	SES148	-1.83952	13.7333	15.5728
BLOCK12/SES126/SA126S14	SES177	-1.02496	14.5478	15.5728
BLOCK12/SES126/SA126S14	SES180	-2.58518	12.9876	15.5728
BLOCK12/SES126/SA126S20	SES007	-1.47425	13.0572	14.5314
BLOCK12/SES126/SA126S20	SES162	-1.7441	12.7873	14.5314
BLOCK12/SES126/SA126S20	SES172	-2.31334	12.2181	14.5314
BLOCK12/SES126/SA126S20	SES180	-1.68076	12.8506	14.5314
BLOCK12/SES126/SA126S24	SES120	-0.554152	15.162	15.7161
BLOCK12/SES126/SA126S24	SES162	-1.58802	14.1281	15.7161
BLOCK12/SES126/SA126S24	SES177	-0.963695	14.7524	15.7161
BLOCK12/SES126/SA126S24	SES180	-1.06305	14.6531	15.7161
BLOCK12/SES126/SA126S26	SES120	-0.39736	14.5468	14.9442
BLOCK12/SES126/SA126S26	SES177	-1.23089	13.7133	14.9442
BLOCK12/SES126/SA126S26	SES180	-1.85348	13.0907	14.9442
BLOCK12/SES126/SA126S26	SES202	-2.1192	12.825	14.9442
BLOCK12/SES128/SA128S10	SES087	-2.80936	12.3427	15.152
BLOCK12/SES128/SA128S10	SES206	-1.49634	13.6557	15.152
BLOCK12/SES128/SA128S10	SES226	-1.07401	14.078	15.152
BLOCK12/SES128/SA128S10	SES270	-0.98429	14.1677	15.152
BLOCK12/SES128/SA128S12	SES120	-1.88385	12.7828	14.6667
BLOCK12/SES128/SA128S12	SES158	-2.52918	12.1375	14.6667
BLOCK12/SES128/SA128S12	SES206	-1.68915	12.9775	14.6667
BLOCK12/SES128/SA128S12	SES226	-2.21488	12.4518	14.6667
BLOCK12/SES128/SA128S21	SES106	-2.93811	10.7452	13.6833
BLOCK12/SES128/SA128S21	SES120	-2.59455	11.0887	13.6833
BLOCK12/SES128/SA128S21	SES206	-2.47107	11.2122	13.6833
BLOCK12/SES128/SA128S21	SES226	-1.45307	12.2302	13.6833
BLOCK12/SES128/SA128S24	SES087	-1.98128	12.4163	14.3976
BLOCK12/SES128/SA128S24	SES120	-1.34731	13.0503	14.3976
BLOCK12/SES128/SA128S24	SES206	-1.62907	12.7685	14.3976
BLOCK12/SES128/SA128S24	SES226	-2.12538	12.2722	14.3976
BLOCK12/SES128/SA128S27	SES099	-1.29278	14.3356	15.6283
BLOCK12/SES128/SA128S27	SES120	-1.19666	14.4317	15.6283
BLOCK12/SES128/SA128S27	SES206	-1.60905	14.0193	15.6283
BLOCK12/SES128/SA128S27	SES226	-1.56808	14.0603	15.6283
BLOCK13/SES130/SA130S13	SES143	-1.62637	12.7592	14.3855
BLOCK13/SES130/SA130S13	SES144	-0.973906	13.4116	14.3855
BLOCK13/SES130/SA130S13	SES146	-1.72231	12.6632	14.3855
BLOCK13/SES130/SA130S13	SES275	-2.48848	11.8971	14.3855
BLOCK13/SES130/SA130S15	SES143	-1.96305	13.7802	15.7433
BLOCK13/SES130/SA130S15	SES144	-0.633911	15.1094	15.7433
BLOCK13/SES130/SA130S15	SES146	-1.29802	14.4453	15.7433
BLOCK13/SES130/SA130S15	SES275	-1.80381	13.9395	15.7433
BLOCK13/SES130/SA130S23	SES127	-2.41026	11.603	14.0133
BLOCK13/SES130/SA130S23	SES144	-1.69126	12.322	14.0133
BLOCK13/SES130/SA130S23	SES146	-1.06133	12.952	14.0133
BLOCK13/SES130/SA130S23	SES162	-1.179	12.8343	14.0133
BLOCK13/SES130/SA130S25	SES127	-1.24107	14.3893	15.6304
BLOCK13/SES130/SA130S25	SES144	-0.938848	14.6916	15.6304
BLOCK13/SES130/SA130S25	SES146	-0.578116	15.0523	15.6304
BLOCK13/SES130/SA130S25	SES275	-0.823771	14.8066	15.6304
BLOCK13/SES130/SA130S28	SES127	-1.21234	13.4418	14.6542
BLOCK13/SES130/SA130S28	SES144	-1.49537	13.1588	14.6542
BLOCK13/SES130/SA130S28	SES146	-0.90196	13.7522	14.6542
BLOCK13/SES130/SA130S28	SES275	-0.798584	13.8556	14.6542
BLOCK13/SES131/SA131S13	SES002	-2.33278	9.68789	12.0207
BLOCK13/SES131/SA131S13	SES007	-2.79313	9.22755	12.0207
BLOCK13/SES131/SA131S13	SES099	-2.01894	10.0017	12.0207
BLOCK13/SES131/SA131S13	SES105	-2.31172	9.70895	12.0207
BLOCK13/SES131/SA131S14	SES104	-0.612648	12.6459	13.2585
BLOCK13/SES131/SA131S14	SES106	-1.18546	12.073	13.2585
BLOCK13/SES131/SA131S14	SES125	-1.2529	12.0056	13.2585
BLOCK13/SES131/SA131S14	SES148	-1.6593	11.5992	13.2585
BLOCK13/SES131/SA131S20	SES104	-3.24932	8.51143	11.7608
BLOCK13/SES131/SA131S20	SES106	-2.04954	9.71122	11.7608
BLOCK13/SES131/SA131S20	SES125	-2.99242	8.76833	11.7608
BLOCK13/SES131/SA131S20	SES148	-2.23222	9.52853	11.7608
BLOCK13/SES131/SA131S22	SES099	-2.04532	11.5015	13.5468
BLOCK13/SES131/SA131S22	SES104	-2.48511	11.0617	13.5468
BLOCK13/SES131/SA131S22	SES125	-2.45814	11.0887	13.5468
BLOCK13/SES131/SA131S22	SES206	-2.52384	11.023	13.5468
BLOCK13/SES131/SA131S29	SES087	-2.35543	9.92319	12.2786
BLOCK13/SES131/SA131S29	SES104	-3.33876	8.93985	12.2786
BLOCK13/SES131/SA131S29	SES125	-3.20012	9.07849	12.2786
BLOCK13/SES131/SA131S29	SES206	-2.84767	9.43094	12.2786
BLOCK13/SES132/SA132S11	SES083	-2.37478	13.2801	15.6549
BLOCK13/SES132/SA132S11	SES120	-0.35571	15.2991	15.6549
BLOCK13/SES132/SA132S11	SES127	-1.81883	13.836	15.6549
BLOCK13/SES132/SA132S11	SES275	-1.769	13.8859	15.6549
BLOCK13/SES132/SA132S12	SES083	-2.35096	13.2898	15.6408
BLOCK13/SES132/SA132S12	SES143	-1.84178	13.799	15.6408
BLOCK13/SES132/SA132S12	SES144	-1.74713	13.8936	15.6408
BLOCK13/SES132/SA132S12	SES148	-1.34958	14.2912	15.6408
BLOCK13/SES132/SA132S22	SES062	-0.94318	14.6648	15.608
BLOCK13/SES132/SA132S22	SES083	-1.50676	14.1012	15.608
BLOCK13/SES132/SA132S22	SES127	-1.28758	14.3204	15.608
BLOCK13/SES132/SA132S22	SES275	-1.17677	14.4312	15.608
BLOCK13/SES132/SA132S24	SES007	-1.38451	14.9577	16.3422
BLOCK13/SES132/SA132S24	SES083	-2.38966	13.9526	16.3422
BLOCK13/SES132/SA132S24	SES127	-2.31488	14.0274	16.3422
BLOCK13/SES132/SA132S24	SES275	-1.07859	15.2636	16.3422
BLOCK13/SES132/SA132S27	SES083	-2.21619	12.7251	14.9413
BLOCK13/SES132/SA132S27	SES120	-0.134076	14.8072	14.9413
BLOCK13/SES132/SA132S27	SES127	-1.99906	12.9422	14.9413
BLOCK13/SES132/SA132S27	SES275	-1.88786	13.0534	14.9413
BLOCK14/SES141/SA141S09	SES143	-1.28177	13.6467	14.9285
BLOCK14/SES141/SA141S09	SES144	-0.810352	14.1181	14.9285
BLOCK14/SES141/SA141S09	SES162	-1.65869	13.2698	14.9285
BLOCK14/SES141/SA141S09	SES180	-1.46781	13.4607	14.9285
BLOCK14/SES141/SA141S15	SES127	-1.32549	13.1565	14.482
BLOCK14/SES141/SA141S15	SES144	-1.56497	12.917	14.482
BLOCK14/SES141/SA141S15	SES162	-2.01116	12.4708	14.482
BLOCK14/SES141/SA141S15	SES180	-1.64033	12.8417	14.482
BLOCK14/SES141/SA141S24	SES127	-0.903924	14.227	15.131
BLOCK14/SES141/SA141S24	SES144	-1.64015	13.4908	15.131
BLOCK14/SES141/SA141S24	SES162	-1.69546	13.4355	15.131
BLOCK14/SES141/SA141S24	SES183	-1.82694	13.304	15.131
BLOCK14/SES141/SA141S26	SES142	-1.01114	13.9747	14.9858
BLOCK14/SES141/SA141S26	SES144	-1.44835	13.5375	14.9858
BLOCK14/SES141/SA141S26	SES172	-0.936932	14.0489	14.9858
BLOCK14/SES141/SA141S26	SES180	-1.82207	13.1638	14.9858
BLOCK14/SES141/SA141S29	SES127	-0.967316	14.3082	15.2755
BLOCK14/SES141/SA141S29	SES142	-0.799106	14.4764	15.2755
BLOCK14/SES141/SA141S29	SES144	-1.45984	13.8156	15.2755
BLOCK14/SES141/SA141S29	SES180	-1.51336	13.7621	15.2755
BLOCK15/SES157/SA157S08	SES083	-2.13212	12.8252	14.9573
BLOCK15/SES157/SA157S08	SES127	-1.60684	13.3505	14.9573
BLOCK15/SES157/SA157S08	SES148	-2.07324	12.8841	14.9573
BLOCK15/SES157/SA157S08	SES292	-2.07684	12.8805	14.9573
BLOCK15/SES157/SA157S11	SES083	-2.53491	12.6059	15.1408
BLOCK15/SES157/SA157S11	SES127	-1.50712	13.6337	15.1408
BLOCK15/SES157/SA157S11	SES148	-2.27974	12.8611	15.1408
BLOCK15/SES157/SA157S11	SES292	-1.95768	13.1831	15.1408
BLOCK15/SES157/SA157S21	SES127	-1.03465	14.5226	15.5573
BLOCK15/SES157/SA157S21	SES148	-0.816921	14.7403	15.5573
BLOCK15/SES157/SA157S21	SES158	-4.27198	11.2853	15.5573
BLOCK15/SES157/SA157S21	SES292	-1.43463	14.1226	15.5573
BLOCK15/SES157/SA157S24	SES127	-1.36157	14.2675	15.6291
BLOCK15/SES157/SA157S24	SES148	-2.06722	13.5619	15.6291
BLOCK15/SES157/SA157S24	SES183	-2.22652	13.4026	15.6291
BLOCK15/SES157/SA157S24	SES292	-2.12901	13.5001	15.6291
BLOCK15/SES157/SA157S26	SES007	-1.14566	14.1801	15.3257
BLOCK15/SES157/SA157S26	SES127	-1.30007	14.0257	15.3257
BLOCK15/SES157/SA157S26	SES147	-2.04682	13.2789	15.3257
BLOCK15/SES157/SA157S26	SES148	-1.42225	13.9035	15.3257
BLOCK16/SES161/SA161S10	SES007	-1.72357	11.1221	12.8456
BLOCK16/SES161/SA161S10	SES105	-1.55549	11.2901	12.8456
BLOCK16/SES161/SA161S10	SES158	-1.6649	11.1807	12.8456
BLOCK16/SES161/SA161S10	SES275	-1.07604	11.7696	12.8456
BLOCK16/SES161/SA161S12	SES007	-2.01797	11.2045	13.2224
BLOCK16/SES161/SA161S12	SES105	-3.07688	10.1456	13.2224
BLOCK16/SES161/SA161S12	SES158	-2.12618	11.0963	13.2224
BLOCK16/SES161/SA161S12	SES275	-1.77526	11.4472	13.2224
BLOCK16/SES161/SA161S20	SES007	-1.94534	10.057	12.0023
BLOCK16/SES161/SA161S20	SES105	-2.6646	9.33769	12.0023
BLOCK16/SES161/SA161S20	SES158	-1.66936	10.3329	12.0023
BLOCK16/SES161/SA161S20	SES275	-1.78766	10.2146	12.0023
BLOCK16/SES161/SA161S23	SES007	-2.68036	10.6053	13.2856
BLOCK16/SES161/SA161S23	SES105	-1.4703	11.8153	13.2856
BLOCK16/SES161/SA161S23	SES148	-1.84378	11.4419	13.2856
BLOCK16/SES161/SA161S23	SES158	-2.34063	10.945	13.2856
BLOCK16/SES161/SA161S28	SES007	-2.66918	11.2201	13.8893
BLOCK16/SES161/SA161S28	SES105	-2.7577	11.1316	13.8893
BLOCK16/SES161/SA161S28	SES158	-1.7965	12.0928	13.8893
BLOCK16/SES161/SA161S28	SES206	-1.59338	12.2959	13.8893
BLOCK16/SES164/SA164S11	SES104	-2.1822	12.9298	15.112
BLOCK16/SES164/SA164S11	SES125	-1.31035	13.8017	15.112
BLOCK16/SES164/SA164S11	SES158	-0.83873	14.2733	15.112
BLOCK16/SES164/SA164S11	SES206	-2.17026	12.9418	15.112
BLOCK16/SES164/SA164S13	SES099	-1.38652	12.3212	13.7077
BLOCK16/SES164/SA164S13	SES104	-2.24852	11.4592	13.7077
BLOCK16/SES164/SA164S13	SES125	-2.00312	11.7046	13.7077
BLOCK16/SES164/SA164S13	SES206	-1.66304	12.0446	13.7077
BLOCK16/SES164/SA164S24	SES002	-0.0816917	14.1607	14.2424
BLOCK16/SES164/SA164S24	SES099	-1.49454	12.7479	14.2424
BLOCK16/SES164/SA164S24	SES125	-2.12307	12.1193	14.2424
BLOCK16/SES164/SA164S24	SES226	-0.534524	13.7079	14.2424
BLOCK16/SES164/SA164S27	SES087	-1.49158	12.6004	14.092
BLOCK16/SES164/SA164S27	SES125	-2.0729	12.0191	14.092
BLOCK16/SES164/SA164S27	SES206	-2.18802	11.904	14.092
BLOCK16/SES164/SA164S27	SES226	-1.74784	12.3442	14.092
BLOCK16/SES164/SA164S29	SES002	0.452128	13.9941	13.542
BLOCK16/SES164/SA164S29	SES019	-1.79675	11.7452	13.542
BLOCK16/SES164/SA164S29	SES125	-1.43861	12.1034	13.542
BLOCK16/SES164/SA164S29	SES226	-1.54957	11.9924	13.542
BLOCK16/SES169/SA169S13	SES117	-1.35216	13.0368	14.3889
BLOCK16/SES169/SA169S13	SES144	-1.33696	13.052	14.3889
BLOCK16/SES169/SA169S13	SES146	-1.26684	13.1221	14.3889
BLOCK16/SES169/SA169S13	SES162	-0.830186	13.5587	14.3889
BLOCK16/SES169/SA169S14	SES144	-2.07654	13.5038	15.5803
BLOCK16/SES169/SA169S14	SES148	-1.72626	13.854	15.5803
BLOCK16/SES169/SA169S14	SES177	-1.22795	14.3523	15.5803
BLOCK16/SES169/SA169S14	SES180	-1.96194	13.6184	15.5803
BLOCK16/SES169/SA169S24	SES117	-1.34671	12.2137	13.5605
BLOCK16/SES169/SA169S24	SES144	-0.57617	12.9843	13.5605
BLOCK16/SES169/SA169S24	SES146	-0.762167	12.7983	13.5605
BLOCK16/SES169/SA169S24	SES162	-0.83162	12.7288	13.5605
BLOCK16/SES169/SA169S27	SES127	-1.2595	12.9815	14.241
BLOCK16/SES169/SA169S27	SES129	-1.31694	12.9241	14.241
BLOCK16/SES169/SA169S27	SES144	-1.68281	12.5582	14.241
BLOCK16/SES169/SA169S27	SES146	-0.589915	13.6511	14.241
BLOCK16/SES169/SA169S29	SES144	-1.25876	13.9418	15.2005
BLOCK16/SES169/SA169S29	SES162	-0.525084	14.6754	15.2005
BLOCK16/SES169/SA169S29	SES177	-1.78089	13.4196	15.2005
BLOCK16/SES169/SA169S29	SES180	-0.999884	14.2006	15.2005
BLOCK17/SES171/SA171S12	SES083	-1.67055	12.5228	14.1934
BLOCK17/SES171/SA171S12	SES148	-2.07031	12.123	14.1934
BLOCK17/SES171/SA171S12	SES172	-1.8748	12.3186	14.1934
BLOCK17/SES171/SA171S12	SES292	-1.72962	12.4637	14.1934
BLOCK17/SES171/SA171S15	SES148	-2.16471	11.2854	13.4502
BLOCK17/SES171/SA171S15	SES177	-0.86606	12.5841	13.4502
BLOCK17/SES171/SA171S15	SES180	-2.79056	10.6596	13.4502
BLOCK17/SES171/SA171S15	SES292	-1.42641	12.0237	13.4502
BLOCK17/SES171/SA171S22	SES007	-1.88502	13.403	15.288
BLOCK17/SES171/SA171S22	SES148	-1.62092	13.6671	15.288
BLOCK17/SES171/SA171S22	SES177	-0.669776	14.6182	15.288
BLOCK17/SES171/SA171S22	SES180	-2.69045	12.5976	15.288
BLOCK17/SES171/SA171S25	SES101	-1.55869	11.9083	13.467
BLOCK17/SES171/SA171S25	SES120	-2.22264	11.2444	13.467
BLOCK17/SES171/SA171S25	SES177	-0.713843	12.7532	13.467
BLOCK17/SES171/SA171S25	SES180	-2.20458	11.2625	13.467
BLOCK17/SES171/SA171S27	SES177	-0.92394	13.3566	14.2806
BLOCK17/SES171/SA171S27	SES180	-2.75482	11.5258	14.2806
BLOCK17/SES171/SA171S27	SES189	-1.27251	13.0081	14.2806
BLOCK17/SES171/SA171S27	SES292	-1.68705	12.5935	14.2806
BLOCK17/SES173/SA173S13	SES162	-3.19576	11.1416	14.3373
BLOCK17/SES173/SA173S13	SES177	-1.35402	12.9833	14.3373
BLOCK17/SES173/SA173S13	SES180	-3.2375	11.0998	14.3373
BLOCK17/SES173/SA173S13	SES292	-0.746602	13.5907	14.3373
BLOCK17/SES173/SA173S14	SES007	-1.79825	11.5319	13.3302
BLOCK17/SES173/SA173S14	SES162	-2.94911	10.3811	13.3302
BLOCK17/SES173/SA173S14	SES177	-1.12992	12.2003	13.3302
BLOCK17/SES173/SA173S14	SES180	-2.87467	10.4555	13.3302
BLOCK17/SES173/SA173S24	SES144	-2.67459	10.6988	13.3734
BLOCK17/SES173/SA173S24	SES162	-2.64982	10.7236	13.3734
BLOCK17/SES173/SA173S24	SES177	-1.08781	12.2856	13.3734
BLOCK17/SES173/SA173S24	SES180	-2.77588	10.5976	13.3734
BLOCK17/SES173/SA173S27	SES162	-3.39272	10.7725	14.1653
BLOCK17/SES173/SA173S27	SES177	-1.45941	12.7058	14.1653
BLOCK17/SES173/SA173S27	SES180	-1.99183	12.1734	14.1653
BLOCK17/SES173/SA173S27	SES292	-0.42885	13.7364	14.1653
BLOCK17/SES173/SA173S29	SES162	-2.42535	11.9184	14.3438
BLOCK17/SES173/SA173S29	SES175	-2.05191	12.2919	14.3438
BLOCK17/SES173/SA173S29	SES177	-1.3694	12.9744	14.3438
BLOCK17/SES173/SA173S29	SES292	-1.75234	12.5914	14.3438
BLOCK18/SES182/SA182S10	SES144	-1.46102	12.8741	14.3351
BLOCK18/SES182/SA182S10	SES177	-1.652	12.6831	14.3351
BLOCK18/SES182/SA182S10	SES180	-2.74111	11.594	14.3351
BLOCK18/SES182/SA182S10	SES275	-0.904591	13.4306	14.3351
BLOCK18/SES182/SA182S12	SES144	-0.418044	13.9777	14.3958
BLOCK18/SES182/SA182S12	SES177	-0.697737	13.698	14.3958
BLOCK18/SES182/SA182S12	SES180	-1.46074	12.935	14.3958
BLOCK18/SES182/SA182S12	SES275	-0.557702	13.8381	14.3958
BLOCK18/SES182/SA182S21	SES117	-1.36464	12.4044	13.769
BLOCK18/SES182/SA182S21	SES144	-1.34914	12.4199	13.769
BLOCK18/SES182/SA182S21	SES162	-0.876757	12.8923	13.769
BLOCK18/SES182/SA182S21	SES180	-2.47497	11.2941	13.769
BLOCK18/SES182/SA182S23	SES117	-1.00988	13.5142	14.5241
BLOCK18/SES182/SA182S23	SES144	-2.12086	12.4032	14.5241
BLOCK18/SES182/SA182S23	SES180	-2.48722	12.0369	14.5241
BLOCK18/SES182/SA182S23	SES275	-0.758699	13.7654	14.5241
BLOCK18/SES182/SA182S25	SES007	-0.017271	14.3192	14.3365
BLOCK18/SES182/SA182S25	SES162	-0.573203	13.7633	14.3365
BLOCK18/SES182/SA182S25	SES177	-0.88683	13.4497	14.3365
BLOCK18/SES182/SA182S25	SES180	-1.8534	12.4831	14.3365
BLOCK18/SES184/SA184S12	SES177	-1.29905	13.4062	14.7053
BLOCK18/SES184/SA184S12	SES180	-1.82941	12.8759	14.7053
BLOCK18/SES184/SA184S12	SES189	-2.17284	12.5325	14.7053
BLOCK18/SES184/SA184S12	SES292	-1.13776	13.5675	14.7053
BLOCK18/SES184/SA184S13	SES101	-1.55212	12.9444	14.4965
BLOCK18/SES184/SA184S13	SES177	-1.65074	12.8458	14.4965
BLOCK18/SES184/SA184S13	SES180	-1.95365	12.5429	14.4965
BLOCK18/SES184/SA184S13	SES292	-2.08749	12.409	14.4965
BLOCK18/SES184/SA184S22	SES177	-1.7896	14.3452	16.1348
BLOCK18/SES184/SA184S22	SES180	-1.94246	14.1924	16.1348
BLOCK18/SES184/SA184S22	SES189	-2.41065	13.7242	16.1348
BLOCK18/SES184/SA184S22	SES292	-1.93106	14.2038	16.1348
BLOCK18/SES184/SA184S25	SES101	-1.03301	15.3817	16.4147
BLOCK18/SES184/SA184S25	SES177	-2.00291	14.4118	16.4147
BLOCK18/SES184/SA184S25	SES180	-2.09678	14.3179	16.4147
BLOCK18/SES184/SA184S25	SES292	-1.42009	14.9946	16.4147
BLOCK18/SES184/SA184S27	SES083	-1.24369	13.0076	14.2513
BLOCK18/SES184/SA184S27	SES177	-0.924497	13.3268	14.2513
BLOCK18/SES184/SA184S27	SES202	-1.69476	12.5566	14.2513
BLOCK18/SES184/SA184S27	SES292	-1.59793	12.6534	14.2513
BLOCK20/SES204/SA204S12	SES062	-1.25328	14.7848	16.038
BLOCK20/SES204/SA204S12	SES083	-2.85583	13.1822	16.038
BLOCK20/SES204/SA204S12	SES206	-1.65998	14.3781	16.038
BLOCK20/SES204/SA204S12	SES226	-2.63029	13.4078	16.038
BLOCK20/SES204/SA204S14	SES068	-1.56809	15.7275	17.2956
BLOCK20/SES204/SA204S14	SES087	-0.467342	16.8282	17.2956
BLOCK20/SES204/SA204S14	SES206	-2.06202	15.2336	17.2956
BLOCK20/SES204/SA204S14	SES226	-2.73547	14.5601	17.2956
BLOCK20/SES204/SA204S22	SES068	-1.56069	14.6125	16.1732
BLOCK20/SES204/SA204S22	SES082	-3.19129	12.9819	16.1732
BLOCK20/SES204/SA204S22	SES083	-3.62558	12.5476	16.1732
BLOCK20/SES204/SA204S22	SES206	-2.09271	14.0805	16.1732
BLOCK20/SES204/SA204S25	SES062	-1.61053	14.6097	16.2202
BLOCK20/SES204/SA204S25	SES083	-2.69311	13.5271	16.2202
BLOCK20/SES204/SA204S25	SES206	-1.207	15.0132	16.2202
BLOCK20/SES204/SA204S25	SES226	-2.47403	13.7462	16.2202
BLOCK20/SES204/SA204S27	SES068	-1.77919	13.8691	15.6483
BLOCK20/SES204/SA204S27	SES082	-3.10283	12.5455	15.6483
BLOCK20/SES204/SA204S27	SES087	-1.09238	14.556	15.6483
BLOCK20/SES204/SA204S27	SES206	-2.08797	13.5604	15.6483
BLOCK20/SES207/SA207S10	SES127	-1.79436	12.5952	14.3896
BLOCK20/SES207/SA207S10	SES183	-2.2119	12.1777	14.3896
BLOCK20/SES207/SA207S10	SES189	-1.9735	12.4161	14.3896
BLOCK20/SES207/SA207S10	SES292	-1.81236	12.5772	14.3896
BLOCK20/SES207/SA207S11	SES127	-2.16287	11.4382	13.6011
BLOCK20/SES207/SA207S11	SES183	-1.79346	11.8076	13.6011
BLOCK20/SES207/SA207S11	SES187	-1.62545	11.9756	13.6011
BLOCK20/SES207/SA207S11	SES292	-1.27981	12.3213	13.6011
BLOCK20/SES207/SA207S25	SES068	-1.72209	12.2272	13.9493
BLOCK20/SES207/SA207S25	SES083	-1.90008	12.0493	13.9493
BLOCK20/SES207/SA207S25	SES127	-0.877559	13.0718	13.9493
BLOCK20/SES207/SA207S25	SES187	-1.19277	12.7566	13.9493
BLOCK20/SES207/SA207S27	SES127	-1.74946	10.9769	12.7263
BLOCK20/SES207/SA207S27	SES183	-1.37825	11.3481	12.7263
BLOCK20/SES207/SA207S27	SES187	-1.87652	10.8498	12.7263
BLOCK20/SES207/SA207S27	SES292	-1.7278	10.9985	12.7263
BLOCK20/SES207/SA207S29	SES083	-2.25968	12.5254	14.7851
BLOCK20/SES207/SA207S29	SES085	-1.24809	13.537	14.7851
BLOCK20/SES207/SA207S29	SES172	-1.41968	13.3654	14.7851
BLOCK20/SES207/SA207S29	SES189	-2.1581	12.627	14.7851
BLOCK22/SES221/SA221S12	SES068	-0.503142	15.1413	15.6445
BLOCK22/SES221/SA221S12	SES143	-1.28271	14.3618	15.6445
BLOCK22/SES221/SA221S12	SES175	-0.54347	15.101	15.6445
BLOCK22/SES221/SA221S12	SES202	-1.43856	14.2059	15.6445
BLOCK22/SES221/SA221S15	SES085	-0.795661	13.4328	14.2284
BLOCK22/SES221/SA221S15	SES143	-2.43059	11.7979	14.2284
BLOCK22/SES221/SA221S15	SES175	-1.28311	12.9453	14.2284
BLOCK22/SES221/SA221S15	SES187	-1.8607	12.3678	14.2284
BLOCK22/SES221/SA221S23	SES068	-1.46119	13.5037	14.9649
BLOCK22/SES221/SA221S23	SES143	-1.92733	13.0375	14.9649
BLOCK22/SES221/SA221S23	SES175	-0.52175	14.4431	14.9649
BLOCK22/SES221/SA221S23	SES189	-0.501611	14.4633	14.9649
BLOCK22/SES221/SA221S27	SES085	0.0029068	15.1892	15.1863
BLOCK22/SES221/SA221S27	SES143	-1.23803	13.9483	15.1863
BLOCK22/SES221/SA221S27	SES175	-0.535088	14.6512	15.1863
BLOCK22/SES221/SA221S27	SES189	-0.459659	14.7267	15.1863
BLOCK22/SES221/SA221S29	SES085	-0.447705	13.5822	14.0299
BLOCK22/SES221/SA221S29	SES143	-0.911272	13.1186	14.0299
BLOCK22/SES221/SA221S29	SES175	-0.104063	13.9258	14.0299
BLOCK22/SES221/SA221S29	SES187	-1.36841	12.6615	14.0299
BLOCK22/SES223/SA223S11	SES143	-1.30626	11.4017	12.708
BLOCK22/SES223/SA223S11	SES144	-3.41375	9.29424	12.708
BLOCK22/SES223/SA223S11	SES175	-0.978983	11.729	12.708
BLOCK22/SES223/SA223S11	SES187	-2.11256	10.5954	12.708
BLOCK22/SES223/SA223S13	SES068	-1.29372	11.3877	12.6815
BLOCK22/SES223/SA223S13	SES143	-2.51771	10.1637	12.6815
BLOCK22/SES223/SA223S13	SES146	-2.50146	10.18	12.6815
BLOCK22/SES223/SA223S13	SES202	-2.61153	10.0699	12.6815
BLOCK22/SES223/SA223S22	SES143	-1.35958	12.2246	13.5842
BLOCK22/SES223/SA223S22	SES144	-2.90453	10.6797	13.5842
BLOCK22/SES223/SA223S22	SES175	-1.31124	12.273	13.5842
BLOCK22/SES223/SA223S22	SES187	-1.48501	12.0992	13.5842
BLOCK22/SES223/SA223S25	SES068	-1.19474	13.0819	14.2767
BLOCK22/SES223/SA223S25	SES143	-1.85199	12.4247	14.2767
BLOCK22/SES223/SA223S25	SES175	-1.19329	13.0834	14.2767
BLOCK22/SES223/SA223S25	SES187	-1.73981	12.5369	14.2767
BLOCK22/SES223/SA223S27	SES143	-1.21224	11.8282	13.0405
BLOCK22/SES223/SA223S27	SES146	-1.74374	11.2967	13.0405
BLOCK22/SES223/SA223S27	SES187	-1.97363	11.0668	13.0405
BLOCK22/SES223/SA223S27	SES292	-1.0077	12.0328	13.0405
BLOCK27/SES273/SA273S12	SES099	-0.62113	16.5659	17.187
BLOCK27/SES273/SA273S12	SES104	-1.48482	15.7022	17.187
BLOCK27/SES273/SA273S12	SES125	-1.81412	15.3729	17.187
BLOCK27/SES273/SA273S12	SES206	-0.922836	16.2642	17.187
BLOCK27/SES273/SA273S13	SES099	-1.07878	16.4307	17.5095
BLOCK27/SES273/SA273S13	SES104	-1.95729	15.5522	17.5095
BLOCK27/SES273/SA273S13	SES206	-1.16337	16.3461	17.5095
BLOCK27/SES273/SA273S13	SES292	-2.0822	15.4273	17.5095
BLOCK27/SES273/SA273S21	SES099	-0.538776	16.3624	16.9011
BLOCK27/SES273/SA273S21	SES148	-3.24482	13.6563	16.9011
BLOCK27/SES273/SA273S21	SES149	-1.93734	14.9638	16.9011
BLOCK27/SES273/SA273S21	SES177	-2.05549	14.8457	16.9011
BLOCK27/SES273/SA273S25	SES104	-1.64374	14.8331	16.4768
BLOCK27/SES273/SA273S25	SES125	-1.81756	14.6592	16.4768
BLOCK27/SES273/SA273S25	SES158	-1.17927	15.2975	16.4768
BLOCK27/SES273/SA273S25	SES206	-0.421509	16.0553	16.4768
BLOCK27/SES273/SA273S27	SES099	-0.789385	15.4467	16.2361
BLOCK27/SES273/SA273S27	SES104	-1.33926	14.8968	16.2361
BLOCK27/SES273/SA273S27	SES149	-1.42185	14.8142	16.2361
BLOCK27/SES273/SA273S27	SES275	-1.84435	14.3917	16.2361
BLOCK27/SES274/SA274S10	SES105	-2.32888	13.3707	15.6996
BLOCK27/SES274/SA274S10	SES125	-2.82189	12.8777	15.6996
BLOCK27/SES274/SA274S10	SES129	-0.833564	14.866	15.6996
BLOCK27/SES274/SA274S10	SES158	-3.85233	11.8473	15.6996
BLOCK27/SES274/SA274S11	SES105	-1.66431	14.4457	16.11
BLOCK27/SES274/SA274S11	SES149	-2.56728	13.5427	16.11
BLOCK27/SES274/SA274S11	SES158	-2.8245	13.2855	16.11
BLOCK27/SES274/SA274S11	SES275	-1.1497	14.9603	16.11
BLOCK27/SES274/SA274S21	SES105	-2.14847	13.4491	15.5976
BLOCK27/SES274/SA274S21	SES129	-0.776491	14.8211	15.5976
BLOCK27/SES274/SA274S21	SES149	-1.63696	13.9606	15.5976
BLOCK27/SES274/SA274S21	SES158	-4.92327	10.6743	15.5976
BLOCK27/SES274/SA274S24	SES105	-1.79703	14.8576	16.6546
BLOCK27/SES274/SA274S24	SES129	-0.742494	15.9121	16.6546
BLOCK27/SES274/SA274S24	SES149	-2.48824	14.1664	16.6546
BLOCK27/SES274/SA274S24	SES158	-4.54287	12.1118	16.6546
BLOCK27/SES274/SA274S29	SES105	-2.43553	13.0203	15.4558
BLOCK27/SES274/SA274S29	SES106	-3.85705	11.5988	15.4558
BLOCK27/SES274/SA274S29	SES120	-1.60155	13.8543	15.4558
BLOCK27/SES274/SA274S29	SES275	-1.45608	13.9997	15.4558
BLOCK27/SES276/SA276S16	SES148	-2.19191	12.6632	14.8552
BLOCK27/SES276/SA276S16	SES172	-1.40566	13.4495	14.8552
BLOCK27/SES276/SA276S16	SES180	-2.70647	12.1487	14.8552
BLOCK27/SES276/SA276S16	SES292	-1.5548	13.3004	14.8552
BLOCK27/SES276/SA276S17	SES101	-1.44203	13.8647	15.3067
BLOCK27/SES276/SA276S17	SES177	-1.83621	13.4705	15.3067
BLOCK27/SES276/SA276S17	SES180	-1.59671	13.71	15.3067
BLOCK27/SES276/SA276S17	SES292	-1.51547	13.7912	15.3067
BLOCK27/SES276/SA276S24	SES101	-0.791025	15.0163	15.8073
BLOCK27/SES276/SA276S24	SES177	-1.34394	14.4634	15.8073
BLOCK27/SES276/SA276S24	SES180	-1.85038	13.9569	15.8073
BLOCK27/SES276/SA276S24	SES292	-2.133	13.6743	15.8073
BLOCK27/SES276/SA276S26	SES101	-2.27936	14.105	16.3844
BLOCK27/SES276/SA276S26	SES177	-0.521824	15.8625	16.3844
BLOCK27/SES276/SA276S26	SES180	-0.496987	15.8874	16.3844
BLOCK27/SES276/SA276S26	SES292	-0.226379	16.158	16.3844
BLOCK27/SES276/SA276S28	SES101	-1.6926	14.0746	15.7672
BLOCK27/SES276/SA276S28	SES177	-1.82004	13.9472	15.7672
BLOCK27/SES276/SA276S28	SES180	-0.932001	14.8352	15.7672
BLOCK27/SES276/SA276S28	SES292	-1.138	14.6292	15.7672
BLOCK27/SES277/SA277S12	SES101	-1.14794	12.1858	13.3337
BLOCK27/SES277/SA277S12	SES177	-2.14952	11.1842	13.3337
BLOCK27/SES277/SA277S12	SES180	-2.6786	10.6551	13.3337
BLOCK27/SES277/SA277S12	SES292	-2.24628	11.0875	13.3337
BLOCK27/SES277/SA277S14	SES177	-1.03441	11.9224	12.9569
BLOCK27/SES277/SA277S14	SES180	-2.3321	10.6248	12.9569
BLOCK27/SES277/SA277S14	SES189	-0.453198	12.5037	12.9569
BLOCK27/SES277/SA277S14	SES292	-1.89411	11.0627	12.9569
BLOCK27/SES277/SA277S21	SES177	-0.866803	13.6391	14.5059
BLOCK27/SES277/SA277S21	SES180	-2.24085	12.2651	14.5059
BLOCK27/SES277/SA277S21	SES189	-0.313617	14.1923	14.5059
BLOCK27/SES277/SA277S21	SES292	-2.04689	12.459	14.5059
BLOCK27/SES277/SA277S24	SES144	-1.70031	11.0072	12.7075
BLOCK27/SES277/SA277S24	SES177	-1.15632	11.5512	12.7075
BLOCK27/SES277/SA277S24	SES180	-2.91709	9.7904	12.7075
BLOCK27/SES277/SA277S24	SES189	-0.638247	12.0692	12.7075
BLOCK27/SES277/SA277S29	SES177	-1.13543	14.4143	15.5498
BLOCK27/SES277/SA277S29	SES180	-2.47007	13.0797	15.5498
BLOCK27/SES277/SA277S29	SES202	-1.59267	13.9571	15.5498
BLOCK27/SES277/SA277S29	SES292	-2.32807	13.2217	15.5498
BLOCK27/SES279/SA279S09	SES120	-2.18319	13.2859	15.4691
BLOCK27/SES279/SA279S09	SES146	-2.46789	13.0012	15.4691
BLOCK27/SES279/SA279S09	SES206	-1.88578	13.5833	15.4691
BLOCK27/SES279/SA279S09	SES226	-2.963	12.5061	15.4691
BLOCK27/SES279/SA279S10	SES099	-0.959397	14.7922	15.7516
BLOCK27/SES279/SA279S10	SES206	-1.13931	14.6122	15.7516
BLOCK27/SES279/SA279S10	SES226	-2.42581	13.3257	15.7516
BLOCK27/SES279/SA279S10	SES292	-0.67291	15.0786	15.7516
BLOCK27/SES279/SA279S20	SES099	-2.21636	13.4983	15.7147
BLOCK27/SES279/SA279S20	SES206	-0.86067	14.854	15.7147
BLOCK27/SES279/SA279S20	SES226	-2.34779	13.3669	15.7147
BLOCK27/SES279/SA279S20	SES292	-0.467281	15.2474	15.7147
BLOCK27/SES279/SA279S26	SES099	-1.09198	14.3303	15.4223
BLOCK27/SES279/SA279S26	SES206	-0.586818	14.8355	15.4223
BLOCK27/SES279/SA279S26	SES226	-2.40059	13.0217	15.4223
BLOCK27/SES279/SA279S26	SES292	-0.569643	14.8527	15.4223
BLOCK27/SES279/SA279S28	SES099	-1.24579	15.9084	17.1542
BLOCK27/SES279/SA279S28	SES120	-1.21042	15.9437	17.1542
BLOCK27/SES279/SA279S28	SES177	-1.89753	15.2566	17.1542
BLOCK27/SES279/SA279S28	SES206	-1.24001	15.9142	17.1542
BLOCK29/SES290/SA290S12	SES162	-0.847596	14.0637	14.9113
BLOCK29/SES290/SA290S12	SES177	-0.785824	14.1255	14.9113
BLOCK29/SES290/SA290S12	SES180	-1.85426	13.057	14.9113
BLOCK29/SES290/SA290S12	SES292	-1.32666	13.5846	14.9113
BLOCK29/SES290/SA290S13	SES007	-1.32482	13.5677	14.8925
BLOCK29/SES290/SA290S13	SES162	-2.10345	12.7891	14.8925
BLOCK29/SES290/SA290S13	SES177	-0.699063	14.1935	14.8925
BLOCK29/SES290/SA290S13	SES180	-1.2101	13.6824	14.8925
BLOCK29/SES290/SA290S22	SES177	-0.83876	13.5557	14.3945
BLOCK29/SES290/SA290S22	SES180	-1.45276	12.9417	14.3945
BLOCK29/SES290/SA290S22	SES202	-1.71583	12.6786	14.3945
BLOCK29/SES290/SA290S22	SES292	-1.29554	13.0989	14.3945
BLOCK29/SES290/SA290S25	SES162	-1.15173	14.4405	15.5922
BLOCK29/SES290/SA290S25	SES177	-0.991685	14.6005	15.5922
BLOCK29/SES290/SA290S25	SES180	-1.43251	14.1597	15.5922
BLOCK29/SES290/SA290S25	SES292	-1.13008	14.4621	15.5922
BLOCK29/SES290/SA290S29	SES177	-0.463483	14.2036	14.6671
BLOCK29/SES290/SA290S29	SES180	-0.887007	13.7801	14.6671
BLOCK29/SES290/SA290S29	SES275	-1.35391	13.3132	14.6671
BLOCK29/SES290/SA290S29	SES292	-0.913739	13.7533	14.6671
BLOCK29/SES291/SA291S11	SES105	-2.95795	10.8741	13.832
BLOCK29/SES291/SA291S11	SES125	-1.29648	12.5356	13.832
BLOCK29/SES291/SA291S11	SES158	-1.10015	12.7319	13.832
BLOCK29/SES291/SA291S11	SES275	-2.56888	11.2632	13.832
BLOCK29/SES291/SA291S12	SES158	-0.0610352	14.2374	14.2984
BLOCK29/SES291/SA291S12	SES226	-2.70713	11.5913	14.2984
BLOCK29/SES291/SA291S12	SES270	0.259146	14.5575	14.2984
BLOCK29/SES291/SA291S12	SES275	-4.26575	10.0326	14.2984
BLOCK29/SES291/SA291S22	SES082	-1.47309	13.4749	14.948
BLOCK29/SES291/SA291S22	SES158	-1.12668	13.8213	14.948
BLOCK29/SES291/SA291S22	SES259	-2.00252	12.9455	14.948
BLOCK29/SES291/SA291S22	SES275	-3.06567	11.8823	14.948
BLOCK29/SES291/SA291S24	SES104	-0.214414	15.8062	16.0206
BLOCK29/SES291/SA291S24	SES125	-0.624213	15.3964	16.0206
BLOCK29/SES291/SA291S24	SES158	-0.551814	15.4688	16.0206
BLOCK29/SES291/SA291S24	SES275	-3.37909	12.6415	16.0206
BLOCK29/SES291/SA291S27	SES158	-0.088603	15.4507	15.5393
BLOCK29/SES291/SA291S27	SES172	-3.67441	11.8649	15.5393
BLOCK29/SES291/SA291S27	SES275	-3.85244	11.6869	15.5393
BLOCK29/SES291/SA291S27	SES292	-1.97403	13.5653	15.5393
