BLOCK00/SES002/SA002S12	SES002	1.59445	17.0085	15.414
BLOCK00/SES002/SA002S13	SES002	2.55131	16.7716	14.2203
BLOCK00/SES002/SA002S23	SES002	1.42044	16.7985	15.3781
BLOCK00/SES002/SA002S26	SES002	1.85672	17.9968	16.1401
BLOCK00/SES002/SA002S28	SES002	1.17068	15.4987	14.3281
BLOCK00/SES007/SA007S14	SES007	1.76253	18.3832	16.6206
BLOCK00/SES007/SA007S15	SES007	0.48349	15.8812	15.3977
BLOCK00/SES007/SA007S24	SES007	1.28094	16.0517	14.7707
BLOCK00/SES007/SA007S27	SES007	0.942068	15.407	14.4649
BLOCK00/SES007/SA007S29	SES007	0.460472	16.2398	15.7793
BLOCK00/SES008/SA008S11	SES008	1.65043	16.8462	15.1958
BLOCK00/SES008/SA008S12	SES008	0.703169	15.6715	14.9684
BLOCK00/SES008/SA008S19	SES008	2.03459	18.074	16.0394
BLOCK00/SES008/SA008S22	SES008	1.09822	15.498	14.3998
BLOCK00/SES008/SA008S29	SES008	2.14626	17.9365	15.7902
BLOCK01/SES014/SA014S10	SES014	2.79101	17.7582	14.9672
BLOCK01/SES014/SA014S12	SES014	3.79085	20.5106	16.7197
BLOCK01/SES014/SA014S24	SES014	2.1672	18.2647	16.0975
BLOCK01/SES014/SA014S26	SES014	2.91709	21.0331	18.116
BLOCK01/SES014/SA014S28	SES014	4.42374	21.358	16.9343
BLOCK01/SES016/SA016S12	SES016	2.02918	15.2141	13.1849
BLOCK01/SES016/SA016S13	SES016	1.88837	16.8451	14.9567
BLOCK01/SES016/SA016S22	SES016	2.0821	17.171	15.0889
BLOCK01/SES016/SA016S25	SES016	2.23112	18.9135	16.6824
BLOCK01/SES016/SA016S27	SES016	1.7009	18.8709	17.17
BLOCK01/SES019/SA019S13	SES019	3.17338	15.86	12.6866
BLOCK01/SES019/SA019S14	SES019	2.53592	16.1472	13.6113
BLOCK01/SES019/SA019S22	SES019	3.39677	16.3233	12.9265
BLOCK01/SES019/SA019S25	SES019	3.25423	16.7416	13.4874
BLOCK01/SES019/SA019S29	SES019	3.87115	16.9613	13.0901
BLOCK02/SES029/SA029S11	SES029	1.57914	16.9041	15.325
BLOCK02/SES029/SA029S12	SES029	0.644875	16.9089	16.264
BLOCK02/SES029/SA029S20	SES029	1.19567	16.2496	15.054
BLOCK02/SES029/SA029S25	SES029	1.28664	17.5793	16.2927
BLOCK02/SES029/SA029S28	SES029	0.682813	16.4165	15.7337
BLOCK04/SES042/SA042S12	SES042	2.41243	17.6862	15.2738
BLOCK04/SES042/SA042S15	SES042	2.68807	18.2918	15.6037
BLOCK04/SES042/SA042S22	SES042	3.57994	20.8721	17.2921
BLOCK04/SES042/SA042S25	SES042	2.29134	16.9229	14.6316
BLOCK04/SES042/SA042S27	SES042	1.7852	18.1643	16.3791
BLOCK04/SES048/SA048S11	SES048	1.91371	17.467	15.5533
BLOCK04/SES048/SA048S12	SES048	1.04536	17.2084	16.163
BLOCK04/SES048/SA048S20	SES048	0.324162	16.8715	16.5473
BLOCK04/SES048/SA048S23	SES048	1.95479	16.4348	14.48
BLOCK04/SES048/SA048S27	SES048	1.13658	18.2353	17.0987
BLOCK06/SES060/SA060S11	SES060	1.70484	17.807	16.1021
BLOCK06/SES060/SA060S12	SES060	0.0629234	15.4019	15.339
BLOCK06/SES060/SA060S22	SES060	0.704158	14.752	14.0478
BLOCK06/SES060/SA060S24	SES060	1.64348	17.4994	15.8559
BLOCK06/SES060/SA060S28	SES060	1.43088	19.5609	18.1301
BLOCK06/SES062/SA062S10	SES062	1.01959	17.1294	16.1098
BLOCK06/SES062/SA062S11	SES062	1.79111	17.1455	15.3544
BLOCK06/SES062/SA062S21	SES062	2.16389	20.3255	18.1616
BLOCK06/SES062/SA062S26	SES062	1.40732	18.4361	17.0288
BLOCK06/SES062/SA062S29	SES062	1.83556	19.5345	17.699
BLOCK06/SES068/SA068S14	SES068	0.344543	16.6432	16.2987
BLOCK06/SES068/SA068S15	SES068	1.22941	18.392	17.1626
BLOCK06/SES068/SA068S23	SES068	1.11275	16.26	15.1473
BLOCK06/SES068/SA068S27	SES068	1.95675	19.1487	17.192
BLOCK06/SES068/SA068S29	SES068	0.658546	16.6771	16.0185
BLOCK08/SES082/SA082S12	SES082	0.683503	14.9439	14.2603
BLOCK08/SES082/SA082S14	SES082	0.842133	14.933	14.0909
BLOCK08/SES082/SA082S21	SES082	0.586614	15.4302	14.8436
BLOCK08/SES082/SA082S24	SES082	0.840586	17.109	16.2684
BLOCK08/SES082/SA082S28	SES082	1.02409	15.6935	14.6695
BLOCK08/SES083/SA083S14	SES083	0.207056	15.9127	15.7056
BLOCK08/SES083/SA083S15	SES083	0.70981	17.2115	16.5017
BLOCK08/SES083/SA083S24	SES083	0.517939	16.4225	15.9046
BLOCK08/SES083/SA083S26	SES083	0.834468	16.1156	15.2811
BLOCK08/SES083/SA083S29	SES083	0.242813	16.9834	16.7406
BLOCK08/SES085/SA085S10	SES085	0.694429	16.9968	16.3024
BLOCK08/SES085/SA085S13	SES085	0.712485	16.143	15.4305
BLOCK08/SES085/SA085S22	SES085	0.333557	17.751	17.4175
BLOCK08/SES085/SA085S26	SES085	0.504793	17.0384	16.5336
BLOCK08/SES085/SA085S28	SES085	1.22356	17.1614	15.9379
BLOCK08/SES087/SA087S15	SES087	1.71917	16.5191	14.8
BLOCK08/SES087/SA087S16	SES087	2.05275	16.6074	14.5546
BLOCK08/SES087/SA087S24	SES087	1.97122	17.1667	15.1955
BLOCK08/SES087/SA087S26	SES087	1.56294	17.6243	16.0613
BLOCK08/SES087/SA087S29	SES087	2.15687	16.5515	14.3947
BLOCK09/SES099/SA099S15	SES099	1.89298	16.3312	14.4382
BLOCK09/SES099/SA099S16	SES099	1.76533	16.125	14.3597
BLOCK09/SES099/SA099S24	SES099	1.62519	16.4934	14.8682
BLOCK09/SES099/SA099S26	SES099	2.065	16.7376	14.6726
BLOCK09/SES099/SA099S29	SES099	2.349	17.4062	15.0572
BLOCK10/SES101/SA101S11	SES101	0.637766	16.3277	15.6899
BLOCK10/SES101/SA101S13	SES101	2.04101	18.8376	16.7966
BLOCK10/SES101/SA101S22	SES101	1.20335	16.3808	15.1774
BLOCK10/SES101/SA101S24	SES101	1.47583	16.5776	15.1018
BLOCK10/SES101/SA101S28	SES101	0.65783	15.4909	14.833
BLOCK10/SES104/SA104S11	SES104	2.29429	19.3625	17.0682
BLOCK10/SES104/SA104S12	SES104	2.03131	17.3635	15.3322
BLOCK10/SES104/SA104S21	SES104	1.97471	16.8698	14.8951
BLOCK10/SES104/SA104S24	SES104	1.44184	16.6339	15.1921
BLOCK10/SES104/SA104S28	SES104	1.93976	17.8962	15.9564
BLOCK10/SES105/SA105S12	SES105	1.24109	15.0522	13.8111
BLOCK10/SES105/SA105S13	SES105	1.32398	15.5655	14.2415
BLOCK10/SES105/SA105S22	SES105	1.00881	14.3613	13.3525
BLOCK10/SES105/SA105S26	SES105	1.75955	15.534	13.7745
BLOCK10/SES105/SA105S29	SES105	1.55072	16.4319	14.8812
BLOCK10/SES106/SA106S09	SES106	1.4032	14.8339	13.4307
BLOCK10/SES106/SA106S11	SES106	2.05106	16.8597	14.8087
BLOCK10/SES106/SA106S22	SES106	3.73114	17.5702	13.8391
BLOCK10/SES106/SA106S27	SES106	2.07468	16.1435	14.0688
BLOCK10/SES106/SA106S29	SES106	1.49967	15.4891	13.9894
BLOCK11/SES117/SA117S12	SES117	1.22719	15.9357	14.7086
BLOCK11/SES117/SA117S13	SES117	0.206781	15.8561	15.6493
BLOCK11/SES117/SA117S23	SES117	1.77991	15.0017	13.2218
BLOCK11/SES117/SA117S25	SES117	1.20616	15.1342	13.928
BLOCK11/SES117/SA117S28	SES117	1.34613	14.8577	13.5116
BLOCK12/SES120/SA120S08	SES120	1.1704	13.8589	12.6885
BLOCK12/SES120/SA120S11	SES120	1.49428	12.532	11.0377
BLOCK12/SES120/SA120S22	SES120	0.745469	15.9147	15.1693
BLOCK12/SES120/SA120S24	SES120	1.23414	14.7996	13.5654
BLOCK12/SES120/SA120S28	SES120	0.684332	12.7297	12.0454
BLOCK12/SES125/SA125S13	SES125	2.27798	17.054	14.776
BLOCK12/SES125/SA125S14	SES125	1.08821	15.6152	14.527
BLOCK12/SES125/SA125S25	SES125	2.01823	17.5453	15.5271
BLOCK12/SES125/SA125S27	SES125	2.43093	18.8268	16.3959
BLOCK12/SES125/SA125S29	SES125	2.40586	17.1124	14.7065
BLOCK12/SES127/SA127S11	SES127	0.939234	15.8016	14.8623
BLOCK12/SES127/SA127S12	SES127	0.712212	16.6828	15.9706
BLOCK12/SES127/SA127S23	SES127	0.893603	16.4045	15.5109
BLOCK12/SES127/SA127S25	SES127	0.190272	15.2517	15.0615
BLOCK12/SES127/SA127S27	SES127	1.27429	16.7877	15.5134
BLOCK12/SES129/SA129S11	SES129	2.01132	17.8686	15.8573
BLOCK12/SES129/SA129S12	SES129	1.77845	17.7742	15.9957
BLOCK12/SES129/SA129S22	SES129	1.75646	16.6646	14.9082
BLOCK12/SES129/SA129S27	SES129	1.98822	17.5027	15.5145
BLOCK12/SES129/SA129S29	SES129	1.83332	17.7535	15.9202
BLOCK14/SES142/SA142S11	SES142	2.29723	16.2092	13.9119
BLOCK14/SES142/SA142S12	SES142	1.45715	15.5414	14.0842
BLOCK14/SES142/SA142S24	SES142	1.6848	16.3744	14.6896
BLOCK14/SES142/SA142S27	SES142	2.03175	16.7815	14.7497
BLOCK14/SES142/SA142S29	SES142	2.70919	16.2328	13.5236
BLOCK14/SES143/SA143S12	SES143	1.47103	15.8365	14.3655
BLOCK14/SES143/SA143S13	SES143	1.27296	15.4339	14.1609
BLOCK14/SES143/SA143S23	SES143	1.46564	15.4626	13.9969
BLOCK14/SES143/SA143S25	SES143	1.61366	16.2594	14.6458
BLOCK14/SES143/SA143S28	SES143	1.28749	15.6554	14.3679
BLOCK14/SES144/SA144S09	SES144	1.33538	16.6536	15.3182
BLOCK14/SES144/SA144S11	SES144	1.36232	15.7704	14.4081
BLOCK14/SES144/SA144S21	SES144	0.190612	15.0578	14.8672
BLOCK14/SES144/SA144S25	SES144	0.610013	14.695	14.085
BLOCK14/SES144/SA144S29	SES144	0.171082	15.9882	15.8171
BLOCK14/SES146/SA146S14	SES146	0.754001	14.6593	13.9053
BLOCK14/SES146/SA146S15	SES146	0.375881	14.5989	14.223
BLOCK14/SES146/SA146S24	SES146	1.07269	15.3089	14.2362
BLOCK14/SES146/SA146S26	SES146	1.47365	15.4464	13.9727
BLOCK14/SES146/SA146S29	SES146	0.909156	14.5288	13.6197
BLOCK14/SES147/SA147S11	SES147	1.92182	15.8116	13.8897
BLOCK14/SES147/SA147S13	SES147	2.43446	16.6767	14.2422
BLOCK14/SES147/SA147S23	SES147	0.561367	15.2506	14.6892
BLOCK14/SES147/SA147S26	SES147	1.50852	15.7368	14.2283
BLOCK14/SES147/SA147S28	SES147	1.55351	15.5317	13.9781
BLOCK14/SES148/SA148S10	SES148	1.31764	15.4367	14.119
BLOCK14/SES148/SA148S12	SES148	1.16755	14.5147	13.3472
BLOCK14/SES148/SA148S22	SES148	1.80514	16.9134	15.1083
BLOCK14/SES148/SA148S26	SES148	0.0936327	15.6607	15.5671
BLOCK14/SES148/SA148S29	SES148	0.751284	15.3244	14.5731
BLOCK14/SES149/SA149S13	SES149	-0.0543318	15.5004	15.5548
BLOCK14/SES149/SA149S14	SES149	0.666269	16.8197	16.1534
BLOCK14/SES149/SA149S24	SES149	1.51028	17.326	15.8157
BLOCK14/SES149/SA149S26	SES149	1.72072	18.2093	16.4886
BLOCK14/SES149/SA149S28	SES149	2.34434	19.6779	17.3336
BLOCK15/SES158/SA158S13	SES158	1.9254	15.1135	13.1881
BLOCK15/SES158/SA158S14	SES158	3.52454	16.258	12.7335
BLOCK15/SES158/SA158S23	SES158	1.94656	15.8978	13.9512
BLOCK15/SES158/SA158S26	SES158	3.26098	15.7145	12.4535
BLOCK15/SES158/SA158S28	SES158	1.2962	14.8957	13.5995
BLOCK16/SES162/SA162S10	SES162	1.15182	14.2151	13.0633
BLOCK16/SES162/SA162S11	SES162	0.914819	16.1636	15.2488
BLOCK16/SES162/SA162S21	SES162	1.78444	16.5121	14.7276
BLOCK16/SES162/SA162S24	SES162	0.967256	15.6194	14.6521
BLOCK16/SES162/SA162S27	SES162	1.84537	15.6159	13.7706
BLOCK16/SES167/SA167S14	SES167	1.37371	17.8837	16.51
BLOCK16/SES167/SA167S15	SES167	1.02636	16.4367	15.4104
BLOCK16/SES167/SA167S21	SES167	1.97606	17.4552	15.4791
BLOCK16/SES167/SA167S25	SES167	2.57067	16.6626	14.0919
BLOCK16/SES167/SA167S29	SES167	2.54042	18.651	16.1106
BLOCK17/SES172/SA172S12	SES172	1.43784	17.0841	15.6462
BLOCK17/SES172/SA172S13	SES172	1.6152	16.4244	14.8092
BLOCK17/SES172/SA172S23	SES172	1.07701	17.6441	16.5671
BLOCK17/SES172/SA172S27	SES172	1.36086	16.7632	15.4024
BLOCK17/SES172/SA172S29	SES172	1.67257	17.1909	15.5183
BLOCK17/SES175/SA175S11	SES175	0.831789	16.2216	15.3898
BLOCK17/SES175/SA175S13	SES175	0.942713	16.1546	15.2119
BLOCK17/SES175/SA175S23	SES175	1.54494	16.4604	14.9154
BLOCK17/SES175/SA175S25	SES175	0.647363	14.3645	13.7171
BLOCK17/SES175/SA175S28	SES175	1.24364	17.1985	15.9549
BLOCK17/SES177/SA177S15	SES177	0.640591	16.1603	15.5197
BLOCK17/SES177/SA177S17	SES177	0.414109	16.1231	15.709
BLOCK17/SES177/SA177S23	SES177	-0.0522108	15.1395	15.1917
BLOCK17/SES177/SA177S26	SES177	0.98274	18.1626	17.1799
BLOCK17/SES177/SA177S28	SES177	0.811443	16.8228	16.0113
BLOCK18/SES180/SA180S13	SES180	0.45016	15.5806	15.1305
BLOCK18/SES180/SA180S15	SES180	1.26599	15.9789	14.7129
BLOCK18/SES180/SA180S24	SES180	0.562944	17.0881	16.5252
BLOCK18/SES180/SA180S26	SES180	1.10513	16.916	15.8109
BLOCK18/SES180/SA180S29	SES180	1.32192	16.384	15.0621
BLOCK18/SES183/SA183S13	SES183	1.47391	15.0391	13.5652
BLOCK18/SES183/SA183S14	SES183	0.0479097	13.9552	13.9073
BLOCK18/SES183/SA183S24	SES183	1.72341	14.3784	12.655
BLOCK18/SES183/SA183S27	SES183	1.30501	14.9	13.595
BLOCK18/SES183/SA183S29	SES183	0.709536	15.7638	15.0543
BLOCK18/SES187/SA187S13	SES187	0.67816	15.831	15.1528
BLOCK18/SES187/SA187S14	SES187	0.751688	15.2315	14.4798
BLOCK18/SES187/SA187S24	SES187	2.42451	15.7141	13.2896
BLOCK18/SES187/SA187S27	SES187	1.5318	15.6818	14.1501
BLOCK18/SES187/SA187S29	SES187	1.43575	16.4471	15.0114
BLOCK18/SES189/SA189S10	SES189	1.90973	15.0012	13.0915
BLOCK18/SES189/SA189S13	SES189	2.40993	14.7957	12.3858
BLOCK18/SES189/SA189S24	SES189	2.96597	15.0332	12.0672
BLOCK18/SES189/SA189S26	SES189	1.67051	15.6968	14.0263
BLOCK18/SES189/SA189S29	SES189	2.31468	15.4974	13.1827
BLOCK20/SES202/SA202S12	SES202	1.28342	13.2189	11.9355
BLOCK20/SES202/SA202S14	SES202	2.52696	15.9776	13.4506
BLOCK20/SES202/SA202S24	SES202	1.35477	15.594	14.2392
BLOCK20/SES202/SA202S27	SES202	1.6225	17.4053	15.7828
BLOCK20/SES202/SA202S29	SES202	2.03126	16.8858	14.8546
BLOCK20/SES206/SA206S15	SES206	0.0745726	15.8859	15.8113
BLOCK20/SES206/SA206S17	SES206	1.88763	18.1627	16.2751
BLOCK20/SES206/SA206S24	SES206	2.55205	18.7614	16.2093
BLOCK20/SES206/SA206S27	SES206	2.45064	17.4732	15.0225
BLOCK20/SES206/SA206S29	SES206	1.61409	18.5316	16.9175
BLOCK22/SES226/SA226S12	SES226	1.59208	16.0809	14.4888
BLOCK22/SES226/SA226S13	SES226	0.134714	14.2851	14.1503
BLOCK22/SES226/SA226S20	SES226	1.07728	15.3169	14.2396
BLOCK22/SES226/SA226S23	SES226	1.7988	16.5216	14.7228
BLOCK22/SES226/SA226S28	SES226	2.40746	17.1698	14.7623
BLOCK25/SES259/SA259S13	SES259	4.41435	18.599	14.1846
BLOCK25/SES259/SA259S14	SES259	2.91647	17.5233	14.6069
BLOCK25/SES259/SA259S22	SES259	2.67815	17.3633	14.6852
BLOCK25/SES259/SA259S24	SES259	2.55793	18.6994	16.1414
BLOCK25/SES259/SA259S28	SES259	2.46217	17.5075	15.0453
BLOCK27/SES270/SA270S14	SES270	2.61354	15.3498	12.7362
BLOCK27/SES270/SA270S16	SES270	0.568127	14.75	14.1819
BLOCK27/SES270/SA270S22	SES270	3.53659	16.7111	13.1745
BLOCK27/SES270/SA270S26	SES270	1.95347	14.0627	12.1092
BLOCK27/SES270/SA270S28	SES270	1.50527	15.7465	14.2412
BLOCK27/SES275/SA275S17	SES275	1.82547	16.3754	14.5499
BLOCK27/SES275/SA275S18	SES275	0.783113	15.949	15.1658
BLOCK27/SES275/SA275S24	SES275	1.10061	14.8798	13.7792
BLOCK27/SES275/SA275S26	SES275	1.51378	16.2926	14.7788
BLOCK27/SES275/SA275S28	SES275	0.558676	15.818	15.2593
BLOCK29/SES292/SA292S10	SES292	0.85602	15.6859	14.8299
BLOCK29/SES292/SA292S12	SES292	0.57508	15.7909	15.2158
BLOCK29/SES292/SA292S22	SES292	0.688984	16.458	15.769
BLOCK29/SES292/SA292S24	SES292	0.670077	15.9152	15.2452
BLOCK29/SES292/SA292S27	SES292	0.443461	16.3962	15.9528
BLOCK00/SES001/SA001S14	SES062	-2.40832	10.8281	13.2364
BLOCK00/SES001/SA001S14	SES082	-2.29732	10.9391	13.2364
BLOCK00/SES001/SA001S14	SES106	-1.87294	11.3635	13.2364
BLOCK00/SES001/SA001S14	SES206	-1.80036	11.436	13.2364
BLOCK00/SES001/SA001S15	SES062	-2.79204	12.1142	14.9062
BLOCK00/SES001/SA001S15	SES104	-2.89127	12.0149	14.9062
BLOCK00/SES001/SA001S15	SES106	-1.75532	13.1509	14.9062
BLOCK00/SES001/SA001S15	SES206	-1.3467	13.5595	14.9062
BLOCK00/SES001/SA001S24	SES062	-2.70811	10.3376	13.0457
BLOCK00/SES001/SA001S24	SES082	-2.12207	10.9237	13.0457
BLOCK00/SES001/SA001S24	SES087	-2.13152	10.9142	13.0457
BLOCK00/SES001/SA001S24	SES206	-1.91888	11.1269	13.0457
BLOCK00/SES001/SA001S27	SES062	-1.71144	13.4141	15.1255
BLOCK00/SES001/SA001S27	SES082	-1.51107	13.6144	15.1255
BLOCK00/SES001/SA001S27	SES087	-1.30056	13.825	15.1255
BLOCK00/SES001/SA001S27	SES206	-1.59285	13.5327	15.1255
BLOCK00/SES001/SA001S29	SES062	-3.01064	10.5623	13.5729
BLOCK00/SES001/SA001S29	SES082	-1.63923	11.9337	13.5729
BLOCK00/SES001/SA001S29	SES158	-1.10176	12.4711	13.5729
BLOCK00/SES001/SA001S29	SES206	-2.23161	11.3413	13.5729
BLOCK00/SES003/SA003S11	SES002	-0.950797	13.7607	14.7115
BLOCK00/SES003/SA003S11	SES019	-1.49826	13.2132	14.7115
BLOCK00/SES003/SA003S11	SES082	-0.5311	14.1804	14.7115
BLOCK00/SES003/SA003S11	SES125	-1.49491	13.2166	14.7115
BLOCK00/SES003/SA003S15	SES016	-1.46678	14.1925	15.6593
BLOCK00/SES003/SA003S15	SES019	-2.0916	13.5677	15.6593
BLOCK00/SES003/SA003S15	SES062	-2.12263	13.5366	15.6593
BLOCK00/SES003/SA003S15	SES206	-1.43917	14.2201	15.6593
BLOCK00/SES003/SA003S22	SES002	-2.19172	12.9794	15.1711
BLOCK00/SES003/SA003S22	SES062	-1.21973	13.9514	15.1711
BLOCK00/SES003/SA003S22	SES082	-1.90536	13.2658	15.1711
BLOCK00/SES003/SA003S22	SES087	-2.02259	13.1485	15.1711
BLOCK00/SES003/SA003S25	SES062	-2.92203	11.234	14.156
BLOCK00/SES003/SA003S25	SES082	-1.23974	12.9163	14.156
BLOCK00/SES003/SA003S25	SES087	-0.921443	13.2346	14.156
BLOCK00/SES003/SA003S25	SES206	-1.88232	12.2737	14.156
BLOCK00/SES003/SA003S29	SES002	-1.62127	12.6531	14.2744
BLOCK00/SES003/SA003S29	SES062	-2.86657	11.4078	14.2744
BLOCK00/SES003/SA003S29	SES082	-1.0886	13.1858	14.2744
BLOCK00/SES003/SA003S29	SES087	-2.04148	12.2329	14.2744
BLOCK00/SES004/SA004S12	SES083	-2.11726	11.9819	14.0991
BLOCK00/SES004/SA004S12	SES148	-2.19078	11.9083	14.0991
BLOCK00/SES004/SA004S12	SES172	-0.787348	13.3118	14.0991
BLOCK00/SES004/SA004S12	SES292	-1.57195	12.5272	14.0991
BLOCK00/SES004/SA004S17	SES083	-2.11828	12.0581	14.1764
BLOCK00/SES004/SA004S17	SES162	-1.4563	12.7201	14.1764
BLOCK00/SES004/SA004S17	SES172	-1.21522	12.9612	14.1764
BLOCK00/SES004/SA004S17	SES292	-1.83008	12.3463	14.1764
BLOCK00/SES004/SA004S24	SES083	-2.41032	12.2323	14.6426
BLOCK00/SES004/SA004S24	SES148	-2.72466	11.9179	14.6426
BLOCK00/SES004/SA004S24	SES172	-1.03035	13.6122	14.6426
BLOCK00/SES004/SA004S24	SES292	-1.34734	13.2953	14.6426
BLOCK00/SES004/SA004S26	SES083	-2.64716	11.8355	14.4826
BLOCK00/SES004/SA004S26	SES127	-1.81586	12.6668	14.4826
BLOCK00/SES004/SA004S26	SES148	-4.06793	10.4147	14.4826
BLOCK00/SES004/SA004S26	SES292	-2.58521	11.8974	14.4826
BLOCK00/SES004/SA004S28	SES083	-1.7887	14.086	15.8747
BLOCK00/SES004/SA004S28	SES127	-1.21617	14.6585	15.8747
BLOCK00/SES004/SA004S28	SES187	-0.958183	14.9165	15.8747
BLOCK00/SES004/SA004S28	SES292	-1.88985	13.9849	15.8747
BLOCK00/SES006/SA006S10	SES014	-3.74902	7.63029	11.3793
BLOCK00/SES006/SA006S10	SES158	-2.2864	9.09291	11.3793
BLOCK00/SES006/SA006S10	SES226	-3.9849	7.39441	11.3793
BLOCK00/SES006/SA006S10	SES270	-0.7823	10.597	11.3793
BLOCK00/SES006/SA006S11	SES158	-1.63482	10.0581	11.6929
BLOCK00/SES006/SA006S11	SES226	-3.00484	8.6881	11.6929
BLOCK00/SES006/SA006S11	SES270	-1.36524	10.3277	11.6929
BLOCK00/SES006/SA006S11	SES275	-1.99552	9.69742	11.6929
BLOCK00/SES006/SA006S23	SES062	-2.48731	11.1977	13.685
BLOCK00/SES006/SA006S23	SES105	-3.68192	10.0031	13.685
BLOCK00/SES006/SA006S23	SES158	-1.88382	11.8012	13.685
BLOCK00/SES006/SA006S23	SES275	-2.06909	11.6159	13.685
BLOCK00/SES006/SA006S26	SES104	-3.71267	9.38901	13.1017
BLOCK00/SES006/SA006S26	SES158	-1.25555	11.8461	13.1017
BLOCK00/SES006/SA006S26	SES270	-0.478549	12.6231	13.1017
BLOCK00/SES006/SA006S26	SES275	-2.3303	10.7714	13.1017
BLOCK00/SES006/SA006S28	SES007	-2.67193	9.26869	11.9406
BLOCK00/SES006/SA006S28	SES105	-2.95915	8.98147	11.9406
BLOCK00/SES006/SA006S28	SES158	-1.97898	9.96164	11.9406
BLOCK00/SES006/SA006S28	SES275	-2.71237	9.22825	11.9406
BLOCK00/SES009/SA009S12	SES083	-2.49634	13.2009	15.6972
BLOCK00/SES009/SA009S12	SES148	-2.84994	12.8473	15.6972
BLOCK00/SES009/SA009S12	SES177	-1.31212	14.3851	15.6972
BLOCK00/SES009/SA009S12	SES292	-1.83831	13.8589	15.6972
BLOCK00/SES009/SA009S15	SES007	-0.55548	15.7376	16.2931
BLOCK00/SES009/SA009S15	SES099	-3.64753	12.6455	16.2931
BLOCK00/SES009/SA009S15	SES148	-2.54987	13.7432	16.2931
BLOCK00/SES009/SA009S15	SES172	-1.61457	14.6785	16.2931
BLOCK00/SES009/SA009S24	SES146	-1.73709	14.6299	16.367
BLOCK00/SES009/SA009S24	SES148	-2.92704	13.4399	16.367
BLOCK00/SES009/SA009S24	SES177	-0.775928	15.591	16.367
BLOCK00/SES009/SA009S24	SES292	-1.87996	14.487	16.367
BLOCK00/SES009/SA009S26	SES083	-2.68164	12.7184	15.4
BLOCK00/SES009/SA009S26	SES101	-2.62505	12.775	15.4
BLOCK00/SES009/SA009S26	SES120	-1.94248	13.4575	15.4
BLOCK00/SES009/SA009S26	SES177	-1.03937	14.3607	15.4
BLOCK00/SES009/SA009S29	SES083	-2.22618	14.1241	16.3503
BLOCK00/SES009/SA009S29	SES101	-2.32958	14.0207	16.3503
BLOCK00/SES009/SA009S29	SES177	-1.31817	15.0322	16.3503
BLOCK00/SES009/SA009S29	SES292	-1.69617	14.6541	16.3503
BLOCK01/SES011/SA011S10	SES019	-1.12063	13.8767	14.9973
BLOCK01/SES011/SA011S10	SES042	0.0713339	15.0687	14.9973
BLOCK01/SES011/SA011S10	SES082	-1.59166	13.4057	14.9973
BLOCK01/SES011/SA011S10	SES206	-1.49555	13.5018	14.9973
BLOCK01/SES011/SA011S11	SES019	-1.69003	12.4277	14.1178
BLOCK01/SES011/SA011S11	SES042	-1.19376	12.924	14.1178
BLOCK01/SES011/SA011S11	SES082	-1.6615	12.4563	14.1178
BLOCK01/SES011/SA011S11	SES206	-2.18113	11.9366	14.1178
BLOCK01/SES011/SA011S22	SES019	-0.698088	13.2378	13.9359
BLOCK01/SES011/SA011S22	SES042	0.197094	14.1329	13.9359
BLOCK01/SES011/SA011S22	SES082	-1.52377	12.4121	13.9359
BLOCK01/SES011/SA011S22	SES206	-2.10642	11.8294	13.9359
BLOCK01/SES011/SA011S24	SES019	-1.76528	12.8678	14.6331
BLOCK01/SES011/SA011S24	SES042	0.162345	14.7955	14.6331
BLOCK01/SES011/SA011S24	SES104	-1.68592	12.9472	14.6331
BLOCK01/SES011/SA011S24	SES206	-1.14894	13.4842	14.6331
BLOCK01/SES011/SA011S27	SES082	-0.351304	13.847	14.1983
BLOCK01/SES011/SA011S27	SES087	-1.75925	12.4391	14.1983
BLOCK01/SES011/SA011S27	SES125	-1.19765	13.0007	14.1983
BLOCK01/SES011/SA011S27	SES206	-1.2349	12.9634	14.1983
BLOCK01/SES012/SA012S11	SES007	-1.17876	15.7004	16.8792
BLOCK01/SES012/SA012S11	SES082	-2.06489	14.8143	16.8792
BLOCK01/SES012/SA012S11	SES083	-2.26374	14.6154	16.8792
BLOCK01/SES012/SA012S11	SES206	-1.82254	15.0566	16.8792
BLOCK01/SES012/SA012S14	SES082	-1.07007	15.0276	16.0977
BLOCK01/SES012/SA012S14	SES087	-2.52306	13.5746	16.0977
BLOCK01/SES012/SA012S14	SES206	-1.2111	14.8866	16.0977
BLOCK01/SES012/SA012S14	SES292	-1.84955	14.2481	16.0977
BLOCK01/SES012/SA012S24	SES082	-0.309263	14.6368	14.946
BLOCK01/SES012/SA012S24	SES087	-1.90425	13.0418	14.946
BLOCK01/SES012/SA012S24	SES120	-2.00696	12.9391	14.946
BLOCK01/SES012/SA012S24	SES206	-1.11822	13.8278	14.946
BLOCK01/SES012/SA012S26	SES019	-4.32834	12.4852	16.8136
BLOCK01/SES012/SA012S26	SES082	-2.16769	14.6459	16.8136
BLOCK01/SES012/SA012S26	SES206	-0.567661	16.2459	16.8136
BLOCK01/SES012/SA012S26	SES292	-1.23433	15.5792	16.8136
BLOCK01/SES012/SA012S29	SES062	-1.64688	14.943	16.5899
BLOCK01/SES012/SA012S29	SES082	-1.16644	15.4234	16.5899
BLOCK01/SES012/SA012S29	SES083	-2.43866	14.1512	16.5899
BLOCK01/SES012/SA012S29	SES206	-1.17926	15.4106	16.5899
BLOCK01/SES013/SA013S16	SES062	-2.76012	11.3669	14.127
BLOCK01/SES013/SA013S16	SES106	-1.38673	12.7403	14.127
BLOCK01/SES013/SA013S16	SES206	-1.26066	12.8664	14.127
BLOCK01/SES013/SA013S16	SES226	-0.813662	13.3134	14.127
BLOCK01/SES013/SA013S17	SES062	-2.29093	13.6847	15.9756
BLOCK01/SES013/SA013S17	SES106	-2.53511	13.4405	15.9756
BLOCK01/SES013/SA013S17	SES206	-0.814873	15.1608	15.9756
BLOCK01/SES013/SA013S17	SES226	-0.681487	15.2942	15.9756
BLOCK01/SES013/SA013S23	SES104	-2.13516	12.7105	14.8457
BLOCK01/SES013/SA013S23	SES106	-1.52802	13.3177	14.8457
BLOCK01/SES013/SA013S23	SES206	-1.32269	13.523	14.8457
BLOCK01/SES013/SA013S23	SES270	-1.00724	13.8384	14.8457
BLOCK01/SES013/SA013S25	SES042	-1.78662	14.3329	16.1195
BLOCK01/SES013/SA013S25	SES104	-1.49191	14.6276	16.1195
BLOCK01/SES013/SA013S25	SES106	-1.23023	14.8893	16.1195
BLOCK01/SES013/SA013S25	SES206	-1.14786	14.9717	16.1195
BLOCK01/SES013/SA013S29	SES062	-3.12752	11.9448	15.0724
BLOCK01/SES013/SA013S29	SES104	-2.57718	12.4952	15.0724
BLOCK01/SES013/SA013S29	SES106	-1.24097	13.8314	15.0724
BLOCK01/SES013/SA013S29	SES206	-1.27239	13.8	15.0724
BLOCK02/SES021/SA021S13	SES016	-3.03453	13.5938	16.6283
BLOCK02/SES021/SA021S13	SES029	-1.74653	14.8818	16.6283
BLOCK02/SES021/SA021S13	SES087	-1.94972	14.6786	16.6283
BLOCK02/SES021/SA021S13	SES206	-1.39022	15.2381	16.6283
BLOCK02/SES021/SA021S15	SES087	-1.25662	16.4834	17.74
BLOCK02/SES021/SA021S15	SES125	-1.3445	16.3955	17.74
BLOCK02/SES021/SA021S15	SES206	-1.37959	16.3605	17.74
BLOCK02/SES021/SA021S15	SES226	-2.19765	15.5424	17.74
BLOCK02/SES021/SA021S23	SES062	-2.55698	11.8256	14.3826
BLOCK02/SES021/SA021S23	SES087	-0.999226	13.3834	14.3826
BLOCK02/SES021/SA021S23	SES206	-1.54423	12.8384	14.3826
BLOCK02/SES021/SA021S23	SES226	-1.38846	12.9941	14.3826
BLOCK02/SES021/SA021S27	SES002	-0.586475	15.7069	16.2934
BLOCK02/SES021/SA021S27	SES016	-4.40253	11.8909	16.2934
BLOCK02/SES021/SA021S27	SES019	-1.85477	14.4386	16.2934
BLOCK02/SES021/SA021S27	SES062	-1.54753	14.7459	16.2934
BLOCK02/SES021/SA021S29	SES087	-1.29402	15.2919	16.586
BLOCK02/SES021/SA021S29	SES125	-0.720068	15.8659	16.586
BLOCK02/SES021/SA021S29	SES206	-1.28366	15.3023	16.586
BLOCK02/SES021/SA021S29	SES226	-1.93085	14.6551	16.586
BLOCK04/SES043/SA043S09	SES083	-1.23904	12.6166	13.8557
BLOCK04/SES043/SA043S09	SES101	-1.32922	12.5264	13.8557
BLOCK04/SES043/SA043S09	SES144	-0.635165	13.2205	13.8557
BLOCK04/SES043/SA043S09	SES172	-1.71166	12.144	13.8557
BLOCK04/SES043/SA043S11	SES083	-0.82109	14.6903	15.5114
BLOCK04/SES043/SA043S11	SES101	-1.47657	14.0349	15.5114
BLOCK04/SES043/SA043S11	SES144	-0.252653	15.2588	15.5114
BLOCK04/SES043/SA043S11	SES172	-1.49893	14.0125	15.5114
BLOCK04/SES043/SA043S23	SES083	-1.20015	13.6065	14.8066
BLOCK04/SES043/SA043S23	SES144	-0.107044	14.6996	14.8066
BLOCK04/SES043/SA043S23	SES177	-1.1448	13.6618	14.8066
BLOCK04/SES043/SA043S23	SES275	-0.773321	14.0333	14.8066
BLOCK04/SES043/SA043S26	SES083	-1.48111	12.5826	14.0637
BLOCK04/SES043/SA043S26	SES101	-1.25528	12.8084	14.0637
BLOCK04/SES043/SA043S26	SES144	0.124357	14.1881	14.0637
BLOCK04/SES043/SA043S26	SES177	-1.39584	12.6679	14.0637
BLOCK04/SES043/SA043S28	SES016	-2.05729	13.6049	15.6622
BLOCK04/SES043/SA043S28	SES083	-0.788764	14.8735	15.6622
BLOCK04/SES043/SA043S28	SES101	-0.675422	14.9868	15.6622
BLOCK04/SES043/SA043S28	SES144	-0.905412	14.7568	15.6622
BLOCK04/SES044/SA044S10	SES127	-2.4916	9.05266	11.5443
BLOCK04/SES044/SA044S10	SES144	-0.0556898	11.4886	11.5443
BLOCK04/SES044/SA044S10	SES147	-2.46382	9.08043	11.5443
BLOCK04/SES044/SA044S10	SES148	-2.76509	8.77916	11.5443
BLOCK04/SES044/SA044S11	SES101	-0.63385	12.569	13.2028
BLOCK04/SES044/SA044S11	SES144	0.01478	13.2176	13.2028
BLOCK04/SES044/SA044S11	SES147	-2.37842	10.8244	13.2028
BLOCK04/SES044/SA044S11	SES177	-1.90276	11.3	13.2028
BLOCK04/SES044/SA044S24	SES007	-2.02611	11.9238	13.9499
BLOCK04/SES044/SA044S24	SES101	-0.86774	13.0822	13.9499
BLOCK04/SES044/SA044S24	SES147	-2.53036	11.4195	13.9499
BLOCK04/SES044/SA044S24	SES177	-1.48687	12.463	13.9499
BLOCK04/SES044/SA044S26	SES007	-1.69626	12.629	14.3253
BLOCK04/SES044/SA044S26	SES016	-1.44224	12.883	14.3253
BLOCK04/SES044/SA044S26	SES101	-1.13137	13.1939	14.3253
BLOCK04/SES044/SA044S26	SES147	-1.10192	13.2233	14.3253
BLOCK04/SES044/SA044S29	SES007	-2.59614	11.793	14.3891
BLOCK04/SES044/SA044S29	SES101	-0.506692	13.8824	14.3891
BLOCK04/SES044/SA044S29	SES147	-2.23241	12.1567	14.3891
BLOCK04/SES044/SA044S29	SES177	-2.21644	12.1727	14.3891
BLOCK04/SES046/SA046S13	SES101	-1.3751	12.7562	14.1313
BLOCK04/SES046/SA046S13	SES144	-1.14728	12.9841	14.1313
BLOCK04/SES046/SA046S13	SES147	-2.19696	11.9344	14.1313
BLOCK04/SES046/SA046S13	SES177	-2.02242	12.1089	14.1313
BLOCK04/SES046/SA046S15	SES048	-0.465549	15.1544	15.62
BLOCK04/SES046/SA046S15	SES083	-0.94577	14.6742	15.62
BLOCK04/SES046/SA046S15	SES120	-2.60594	13.014	15.62
BLOCK04/SES046/SA046S15	SES148	-1.79621	13.8238	15.62
BLOCK04/SES046/SA046S22	SES101	-0.666792	13.4023	14.0691
BLOCK04/SES046/SA046S22	SES144	-0.762641	13.3064	14.0691
BLOCK04/SES046/SA046S22	SES147	-2.62703	11.442	14.0691
BLOCK04/SES046/SA046S22	SES172	-0.972725	13.0963	14.0691
BLOCK04/SES046/SA046S25	SES083	-1.38735	12.3657	13.753
BLOCK04/SES046/SA046S25	SES127	-1.53946	12.2136	13.753
BLOCK04/SES046/SA046S25	SES144	-1.94599	11.807	13.753
BLOCK04/SES046/SA046S25	SES148	-1.7368	12.0162	13.753
BLOCK04/SES046/SA046S28	SES007	-2.35605	11.6372	13.9933
BLOCK04/SES046/SA046S28	SES105	-2.78377	11.2095	13.9933
BLOCK04/SES046/SA046S28	SES147	-1.9378	12.0555	13.9933
BLOCK04/SES046/SA046S28	SES148	-1.35116	12.6421	13.9933
BLOCK04/SES049/SA049S16	SES104	-2.55938	10.9788	13.5382
BLOCK04/SES049/SA049S16	SES106	-1.36902	12.1692	13.5382
BLOCK04/SES049/SA049S16	SES120	-1.90926	11.6289	13.5382
BLOCK04/SES049/SA049S16	SES206	-1.13882	12.3994	13.5382
BLOCK04/SES049/SA049S18	SES099	-0.677765	12.5289	13.2067
BLOCK04/SES049/SA049S18	SES104	-2.40833	10.7984	13.2067
BLOCK04/SES049/SA049S18	SES125	-2.50514	10.7016	13.2067
BLOCK04/SES049/SA049S18	SES206	-1.87054	11.3362	13.2067
BLOCK04/SES049/SA049S25	SES087	-1.56212	12.6567	14.2188
BLOCK04/SES049/SA049S25	SES104	-0.300783	13.918	14.2188
BLOCK04/SES049/SA049S25	SES125	-1.49501	12.7238	14.2188
BLOCK04/SES049/SA049S25	SES206	-0.492499	13.7263	14.2188
BLOCK04/SES049/SA049S27	SES099	-0.632688	13.2932	13.9259
BLOCK04/SES049/SA049S27	SES104	-1.10321	12.8227	13.9259
BLOCK04/SES049/SA049S27	SES125	-1.98722	11.9387	13.9259
BLOCK04/SES049/SA049S27	SES206	-1.30135	12.6246	13.9259
BLOCK04/SES049/SA049S29	SES099	-0.197397	15.1867	15.3841
BLOCK04/SES049/SA049S29	SES104	-0.500265	14.8839	15.3841
BLOCK04/SES049/SA049S29	SES125	-1.07153	14.3126	15.3841
BLOCK04/SES049/SA049S29	SES206	-0.151138	15.233	15.3841
BLOCK06/SES063/SA063S09	SES068	-1.75909	14.3506	16.1096
BLOCK06/SES063/SA063S09	SES083	-0.986691	15.123	16.1096
BLOCK06/SES063/SA063S09	SES177	-1.26979	14.8399	16.1096
BLOCK06/SES063/SA063S09	SES187	-1.44908	14.6606	16.1096
BLOCK06/SES063/SA063S10	SES068	-1.99601	13.3861	15.3821
BLOCK06/SES063/SA063S10	SES083	-1.11122	14.2709	15.3821
BLOCK06/SES063/SA063S10	SES172	-1.5258	13.8563	15.3821
BLOCK06/SES063/SA063S10	SES187	-1.60444	13.7776	15.3821
BLOCK06/SES063/SA063S20	SES068	-1.82988	13.0846	14.9144
BLOCK06/SES063/SA063S20	SES083	-1.43563	13.4788	14.9144
BLOCK06/SES063/SA063S20	SES172	-1.12312	13.7913	14.9144
BLOCK06/SES063/SA063S20	SES187	-0.9181	13.9963	14.9144
BLOCK06/SES063/SA063S24	SES029	-2.72931	12.8472	15.5766
BLOCK06/SES063/SA063S24	SES083	-0.78019	14.7964	15.5766
BLOCK06/SES063/SA063S24	SES177	-1.40262	14.1739	15.5766
BLOCK06/SES063/SA063S24	SES189	-0.949545	14.627	15.5766
BLOCK06/SES063/SA063S27	SES083	-0.898565	14.0723	14.9709
BLOCK06/SES063/SA063S27	SES172	-1.78053	13.1903	14.9709
BLOCK06/SES063/SA063S27	SES187	-1.39866	13.5722	14.9709
BLOCK06/SES063/SA063S27	SES292	-1.07237	13.8985	14.9709
BLOCK06/SES067/SA067S12	SES083	-1.78555	13.858	15.6435
BLOCK06/SES067/SA067S12	SES172	-1.75485	13.8887	15.6435
BLOCK06/SES067/SA067S12	SES202	-0.923104	14.7204	15.6435
BLOCK06/SES067/SA067S12	SES292	-1.48696	14.1566	15.6435
BLOCK06/SES067/SA067S14	SES085	-1.54333	15.0313	16.5747
BLOCK06/SES067/SA067S14	SES177	-1.35114	15.2235	16.5747
BLOCK06/SES067/SA067S14	SES183	-0.558184	16.0165	16.5747
BLOCK06/SES067/SA067S14	SES202	-0.991464	15.5832	16.5747
BLOCK06/SES067/SA067S21	SES144	-0.765697	14.4405	15.2062
BLOCK06/SES067/SA067S21	SES177	-1.29691	13.9093	15.2062
BLOCK06/SES067/SA067S21	SES183	-0.525403	14.6808	15.2062
BLOCK06/SES067/SA067S21	SES189	-0.736521	14.4696	15.2062
BLOCK06/SES067/SA067S25	SES085	-0.824946	14.9342	15.7591
BLOCK06/SES067/SA067S25	SES177	-1.47679	14.2823	15.7591
BLOCK06/SES067/SA067S25	SES183	-0.994879	14.7642	15.7591
BLOCK06/SES067/SA067S25	SES202	-1.68948	14.0696	15.7591
BLOCK06/SES067/SA067S29	SES085	-1.21456	14.4193	15.6339
BLOCK06/SES067/SA067S29	SES177	-1.3153	14.3186	15.6339
BLOCK06/SES067/SA067S29	SES183	-0.0178385	15.616	15.6339
BLOCK06/SES067/SA067S29	SES202	-0.555034	15.0788	15.6339
BLOCK06/SES069/SA069S12	SES029	-2.28637	13.7476	16.0339
BLOCK06/SES069/SA069S12	SES082	-0.200334	15.8336	16.0339
BLOCK06/SES069/SA069S12	SES087	-1.23006	14.8039	16.0339
BLOCK06/SES069/SA069S12	SES206	-0.802268	15.2317	16.0339
BLOCK06/SES069/SA069S13	SES029	-2.87455	12.9767	15.8513
BLOCK06/SES069/SA069S13	SES087	-1.16559	14.6857	15.8513
BLOCK06/SES069/SA069S13	SES206	-0.991959	14.8593	15.8513
BLOCK06/SES069/SA069S13	SES226	-0.318274	15.533	15.8513
BLOCK06/SES069/SA069S23	SES029	-0.876171	16.5157	17.3918
BLOCK06/SES069/SA069S23	SES087	-0.692745	16.6991	17.3918
BLOCK06/SES069/SA069S23	SES206	-1.31849	16.0733	17.3918
BLOCK06/SES069/SA069S23	SES226	-0.23345	17.1584	17.3918
BLOCK06/SES069/SA069S25	SES087	-0.786815	15.7009	16.4877
BLOCK06/SES069/SA069S25	SES206	-2.17601	14.3117	16.4877
BLOCK06/SES069/SA069S25	SES226	-0.88692	15.6008	16.4877
BLOCK06/SES069/SA069S25	SES270	-1.50779	14.9799	16.4877
BLOCK06/SES069/SA069S27	SES087	-1.72108	14.517	16.238
BLOCK06/SES069/SA069S27	SES206	-0.635335	15.6027	16.238
BLOCK06/SES069/SA069S27	SES226	-0.376611	15.8614	16.238
BLOCK06/SES069/SA069S27	SES270	-0.943429	15.2946	16.238
BLOCK08/SES081/SA081S11	SES060	-2.55445	11.85	14.4045
BLOCK08/SES081/SA081S11	SES062	-2.10254	12.3019	14.4045
BLOCK08/SES081/SA081S11	SES117	-2.89487	11.5096	14.4045
BLOCK08/SES081/SA081S11	SES162	-1.80404	12.6004	14.4045
BLOCK08/SES081/SA081S13	SES016	-1.45616	14.7398	16.1959
BLOCK08/SES081/SA081S13	SES060	-0.319084	15.8768	16.1959
BLOCK08/SES081/SA081S13	SES068	-0.719862	15.4761	16.1959
BLOCK08/SES081/SA081S13	SES129	-2.20286	13.9931	16.1959
BLOCK08/SES081/SA081S24	SES060	-0.700995	14.4953	15.1962
BLOCK08/SES081/SA081S24	SES068	-1.24477	13.9515	15.1962
BLOCK08/SES081/SA081S24	SES117	-2.31	12.8862	15.1962
BLOCK08/SES081/SA081S24	SES275	-1.9098	13.2864	15.1962
BLOCK08/SES081/SA081S27	SES007	-1.35768	12.7976	14.1552
BLOCK08/SES081/SA081S27	SES060	-2.20757	11.9477	14.1552
BLOCK08/SES081/SA081S27	SES117	-1.15288	13.0024	14.1552
BLOCK08/SES081/SA081S27	SES275	-1.42934	12.7259	14.1552
BLOCK08/SES081/SA081S29	SES007	-1.05183	14.7247	15.7765
BLOCK08/SES081/SA081S29	SES060	-1.17801	14.5985	15.7765
BLOCK08/SES081/SA081S29	SES117	-1.95937	13.8171	15.7765
BLOCK08/SES081/SA081S29	SES275	-1.77119	14.0053	15.7765
BLOCK08/SES086/SA086S11	SES029	-4.08361	9.47129	13.5549
BLOCK08/SES086/SA086S11	SES082	-1.58893	11.966	13.5549
BLOCK08/SES086/SA086S11	SES087	-0.458102	13.0968	13.5549
BLOCK08/SES086/SA086S11	SES206	-1.83614	11.7188	13.5549
BLOCK08/SES086/SA086S12	SES029	-2.25387	12.5569	14.8108
BLOCK08/SES086/SA086S12	SES082	-1.7201	13.0907	14.8108
BLOCK08/SES086/SA086S12	SES087	0.411861	15.2227	14.8108
BLOCK08/SES086/SA086S12	SES206	-1.46946	13.3413	14.8108
BLOCK08/SES086/SA086S20	SES029	-3.69666	12.2243	15.9209
BLOCK08/SES086/SA086S20	SES082	-2.26402	13.6569	15.9209
BLOCK08/SES086/SA086S20	SES087	0.151389	16.0723	15.9209
BLOCK08/SES086/SA086S20	SES206	-1.0564	14.8645	15.9209
BLOCK08/SES086/SA086S24	SES087	-0.16448	14.4663	14.6308
BLOCK08/SES086/SA086S24	SES104	-1.77973	12.8511	14.6308
BLOCK08/SES086/SA086S24	SES120	-2.10556	12.5252	14.6308
BLOCK08/SES086/SA086S24	SES206	-0.027113	14.6037	14.6308
BLOCK08/SES086/SA086S28	SES029	-2.47287	12.6762	15.149
BLOCK08/SES086/SA086S28	SES082	-1.45506	13.694	15.149
BLOCK08/SES086/SA086S28	SES087	-0.453516	14.6955	15.149
BLOCK08/SES086/SA086S28	SES206	-0.817759	14.3313	15.149
BLOCK08/SES089/SA089S13	SES087	-1.2932	13.0165	14.3097
BLOCK08/SES089/SA089S13	SES206	-1.53414	12.7756	14.3097
BLOCK08/SES089/SA089S13	SES226	-1.2215	13.0882	14.3097
BLOCK08/SES089/SA089S13	SES270	-2.09866	12.211	14.3097
BLOCK08/SES089/SA089S14	SES062	-2.55319	12.3474	14.9006
BLOCK08/SES089/SA089S14	SES087	-0.859517	14.0411	14.9006
BLOCK08/SES089/SA089S14	SES206	-0.968572	13.932	14.9006
BLOCK08/SES089/SA089S14	SES226	-1.18402	13.7166	14.9006
BLOCK08/SES089/SA089S23	SES087	-1.29612	12.0158	13.3119
BLOCK08/SES089/SA089S23	SES206	-1.53064	11.7813	13.3119
BLOCK08/SES089/SA089S23	SES226	-1.14298	12.1689	13.3119
BLOCK08/SES089/SA089S23	SES270	-1.79794	11.5139	13.3119
BLOCK08/SES089/SA089S25	SES062	-2.52698	12.245	14.772
BLOCK08/SES089/SA089S25	SES087	-1.02945	13.7425	14.772
BLOCK08/SES089/SA089S25	SES206	-1.87314	12.8988	14.772
BLOCK08/SES089/SA089S25	SES226	-1.16324	13.6087	14.772
BLOCK08/SES089/SA089S28	SES062	-1.61122	13.0171	14.6283
BLOCK08/SES089/SA089S28	SES087	0.0294485	14.6577	14.6283
BLOCK08/SES089/SA089S28	SES206	-0.788312	13.84	14.6283
BLOCK08/SES089/SA089S28	SES226	-0.396283	14.232	14.6283
BLOCK09/SES097/SA097S11	SES099	0.223162	14.0824	13.8592
BLOCK09/SES097/SA097S11	SES125	-1.401	12.4582	13.8592
BLOCK09/SES097/SA097S11	SES206	-0.739917	13.1193	13.8592
BLOCK09/SES097/SA097S11	SES226	-0.147996	13.7112	13.8592
BLOCK09/SES097/SA097S14	SES062	-1.2437	12.3725	13.6162
BLOCK09/SES097/SA097S14	SES099	-0.261845	13.3543	13.6162
BLOCK09/SES097/SA097S14	SES104	-1.19499	12.4212	13.6162
BLOCK09/SES097/SA097S14	SES206	-2.19936	11.4168	13.6162
BLOCK09/SES097/SA097S22	SES099	0.824034	15.1611	14.337
BLOCK09/SES097/SA097S22	SES206	-1.08802	13.249	14.337
BLOCK09/SES097/SA097S22	SES226	-1.67292	12.6641	14.337
BLOCK09/SES097/SA097S22	SES270	-0.0799675	14.2571	14.337
BLOCK09/SES097/SA097S26	SES099	-0.250852	14.681	14.9319
BLOCK09/SES097/SA097S26	SES120	-2.02348	12.9084	14.9319
BLOCK09/SES097/SA097S26	SES206	-1.81349	13.1184	14.9319
BLOCK09/SES097/SA097S26	SES226	-2.68293	12.2489	14.9319
BLOCK09/SES097/SA097S28	SES099	-0.505677	13.8355	14.3412
BLOCK09/SES097/SA097S28	SES120	-1.56789	12.7733	14.3412
BLOCK09/SES097/SA097S28	SES206	-1.88267	12.4585	14.3412
BLOCK09/SES097/SA097S28	SES226	-2.57903	11.7621	14.3412
BLOCK09/SES098/SA098S11	SES127	-2.62539	11.3652	13.9906
BLOCK09/SES098/SA098S11	SES144	-2.78097	11.2096	13.9906
BLOCK09/SES098/SA098S11	SES147	-1.66199	12.3286	13.9906
BLOCK09/SES098/SA098S11	SES148	-3.48314	10.5074	13.9906
BLOCK09/SES098/SA098S12	SES127	-3.02994	9.73217	12.7621
BLOCK09/SES098/SA098S12	SES144	-3.12282	9.6393	12.7621
BLOCK09/SES098/SA098S12	SES147	-1.67778	11.0843	12.7621
BLOCK09/SES098/SA098S12	SES189	-1.47007	11.292	12.7621
BLOCK09/SES098/SA098S20	SES127	-3.36079	10.7607	14.1215
BLOCK09/SES098/SA098S20	SES147	-1.90469	12.2168	14.1215
BLOCK09/SES098/SA098S20	SES148	-2.87956	11.242	14.1215
BLOCK09/SES098/SA098S20	SES292	-1.69242	12.4291	14.1215
BLOCK09/SES098/SA098S23	SES127	-2.009	12.7976	14.8066
BLOCK09/SES098/SA098S23	SES147	-1.67489	13.1317	14.8066
BLOCK09/SES098/SA098S23	SES187	-1.44822	13.3584	14.8066
BLOCK09/SES098/SA098S23	SES292	-1.24201	13.5646	14.8066
BLOCK09/SES098/SA098S27	SES127	-2.93074	10.4136	13.3443
BLOCK09/SES098/SA098S27	SES147	-2.8359	10.5084	13.3443
BLOCK09/SES098/SA098S27	SES148	-3.08835	10.256	13.3443
BLOCK09/SES098/SA098S27	SES292	-1.71864	11.6257	13.3443
BLOCK10/SES102/SA102S13	SES101	-0.699984	12.4198	13.1197
BLOCK10/SES102/SA102S13	SES105	-1.15463	11.9651	13.1197
BLOCK10/SES102/SA102S13	SES120	-2.3457	10.774	13.1197
BLOCK10/SES102/SA102S13	SES158	-3.15339	9.96635	13.1197
BLOCK10/SES102/SA102S14	SES007	-0.859404	14.7369	15.5963
BLOCK10/SES102/SA102S14	SES101	-0.335917	15.2604	15.5963
BLOCK10/SES102/SA102S14	SES105	-0.483451	15.1128	15.5963
BLOCK10/SES102/SA102S14	SES147	-3.52328	12.073	15.5963
BLOCK10/SES102/SA102S22	SES007	-1.79336	13.2365	15.0298
BLOCK10/SES102/SA102S22	SES101	-0.259513	14.7703	15.0298
BLOCK10/SES102/SA102S22	SES105	-0.618166	14.4117	15.0298
BLOCK10/SES102/SA102S22	SES158	-2.56149	12.4683	15.0298
BLOCK10/SES102/SA102S25	SES007	-0.945172	14.5637	15.5089
BLOCK10/SES102/SA102S25	SES101	-0.159661	15.3492	15.5089
BLOCK10/SES102/SA102S25	SES105	-0.881021	14.6278	15.5089
BLOCK10/SES102/SA102S25	SES147	-3.57108	11.9378	15.5089
BLOCK10/SES102/SA102S27	SES007	-1.43695	13.4213	14.8583
BLOCK10/SES102/SA102S27	SES101	0.201814	15.0601	14.8583
BLOCK10/SES102/SA102S27	SES105	-1.20342	13.6549	14.8583
BLOCK10/SES102/SA102S27	SES147	-2.7825	12.0758	14.8583
BLOCK10/SES103/SA103S14	SES105	-2.45262	10.1548	12.6074
BLOCK10/SES103/SA103S14	SES106	-1.11116	11.4963	12.6074
BLOCK10/SES103/SA103S14	SES120	-2.54517	10.0623	12.6074
BLOCK10/SES103/SA103S14	SES206	-2.16355	10.4439	12.6074
BLOCK10/SES103/SA103S15	SES099	-1.27201	10.34	11.612
BLOCK10/SES103/SA103S15	SES101	-3.20856	8.40347	11.612
BLOCK10/SES103/SA103S15	SES104	-2.11237	9.49966	11.612
BLOCK10/SES103/SA103S15	SES125	-1.50393	10.1081	11.612
BLOCK10/SES103/SA103S24	SES104	-1.87705	12.5571	14.4341
BLOCK10/SES103/SA103S24	SES125	-1.93751	12.4966	14.4341
BLOCK10/SES103/SA103S24	SES148	-3.30121	11.1329	14.4341
BLOCK10/SES103/SA103S24	SES158	-1.35729	13.0768	14.4341
BLOCK10/SES103/SA103S26	SES104	-2.26638	9.94713	12.2135
BLOCK10/SES103/SA103S26	SES106	-0.912705	11.3008	12.2135
BLOCK10/SES103/SA103S26	SES125	-1.4321	10.7814	12.2135
BLOCK10/SES103/SA103S26	SES148	-4.28331	7.93019	12.2135
BLOCK10/SES103/SA103S28	SES104	-3.08285	8.68216	11.765
BLOCK10/SES103/SA103S28	SES106	-1.39683	10.3682	11.765
BLOCK10/SES103/SA103S28	SES125	-2.45913	9.30588	11.765
BLOCK10/SES103/SA103S28	SES206	-2.89335	8.87166	11.765
BLOCK12/SES121/SA121S12	SES042	-2.97763	7.69646	10.6741
BLOCK12/SES121/SA121S12	SES087	-1.72154	8.95255	10.6741
BLOCK12/SES121/SA121S12	SES105	-1.25335	9.42074	10.6741
BLOCK12/SES121/SA121S12	SES206	-2.33676	8.33733	10.6741
BLOCK12/SES121/SA121S14	SES007	-2.38631	8.61136	10.9977
BLOCK12/SES121/SA121S14	SES105	-1.84445	9.15322	10.9977
BLOCK12/SES121/SA121S14	SES106	-1.66407	9.3336	10.9977
BLOCK12/SES121/SA121S14	SES206	-2.27975	8.71793	10.9977
BLOCK12/SES121/SA121S23	SES105	-1.35581	9.74922	11.105
BLOCK12/SES121/SA121S23	SES106	-0.638963	10.4661	11.105
BLOCK12/SES121/SA121S23	SES120	-1.22613	9.8789	11.105
BLOCK12/SES121/SA121S23	SES206	-1.37524	9.72979	11.105
BLOCK12/SES121/SA121S25	SES007	-1.76177	7.25966	9.02144
BLOCK12/SES121/SA121S25	SES105	-1.75034	7.2711	9.02144
BLOCK12/SES121/SA121S25	SES106	-1.29893	7.7225	9.02144
BLOCK12/SES121/SA121S25	SES206	-2.36468	6.65675	9.02144
BLOCK12/SES121/SA121S27	SES087	-0.800558	10.6236	11.4242
BLOCK12/SES121/SA121S27	SES105	-2.99893	8.42523	11.4242
BLOCK12/SES121/SA121S27	SES120	-0.0246401	11.3995	11.4242
BLOCK12/SES121/SA121S27	SES206	-2.016	9.40815	11.4242
BLOCK12/SES124/SA124S16	SES042	-0.416097	13.27	13.6861
BLOCK12/SES124/SA124S16	SES082	-1.75446	11.9317	13.6861
BLOCK12/SES124/SA124S16	SES183	-2.21931	11.4668	13.6861
BLOCK12/SES124/SA124S16	SES206	-2.02711	11.659	13.6861
BLOCK12/SES124/SA124S17	SES105	-2.55518	9.39846	11.9536
BLOCK12/SES124/SA124S17	SES149	-3.35934	8.59429	11.9536
BLOCK12/SES124/SA124S17	SES158	-2.9305	9.02314	11.9536
BLOCK12/SES124/SA124S17	SES275	-2.03406	9.91957	11.9536
BLOCK12/SES124/SA124S23	SES105	-2.83603	12.7325	15.5685
BLOCK12/SES124/SA124S23	SES125	-0.526883	15.0416	15.5685
BLOCK12/SES124/SA124S23	SES129	-2.75611	12.8124	15.5685
BLOCK12/SES124/SA124S23	SES158	-0.979154	14.5893	15.5685
BLOCK12/SES124/SA124S26	SES105	-3.47108	11.0583	14.5294
BLOCK12/SES124/SA124S26	SES125	-1.30318	13.2262	14.5294
BLOCK12/SES124/SA124S26	SES129	-2.90983	11.6196	14.5294
BLOCK12/SES124/SA124S26	SES158	-1.7341	12.7953	14.5294
BLOCK12/SES124/SA124S28	SES104	-1.39497	12.9029	14.2979
BLOCK12/SES124/SA124S28	SES106	-0.899719	13.3982	14.2979
BLOCK12/SES124/SA124S28	SES125	-0.274492	14.0234	14.2979
BLOCK12/SES124/SA124S28	SES275	-2.50833	11.7895	14.2979
BLOCK12/SES126/SA126S13	SES007	-1.35672	12.5509	13.9076
BLOCK12/SES126/SA126S13	SES162	-1.86233	12.0453	13.9076
BLOCK12/SES126/SA126S13	SES177	-0.881719	13.0259	13.9076
BLOCK12/SES126/SA126S13	SES180	-1.71355	12.1941	13.9076
BLOCK12/SES126/SA126S14	SES144	-1.31242	14.1525	15.4649
BLOCK12/SES126/SA126S14	SES148	-1.73168	13.7333	15.4649
BLOCK12/SES126/SA126S14	SES177	-0.917122	14.5478	15.4649
BLOCK12/SES126/SA126S14	SES180	-2.47735	12.9876	15.4649
BLOCK12/SES126/SA126S20	SES007	-1.37654	13.0572	14.4337
BLOCK12/SES126/SA126S20	SES162	-1.64639	12.7873	14.4337
BLOCK12/SES126/SA126S20	SES172	-2.21563	12.2181	14.4337
BLOCK12/SES126/SA126S20	SES180	-1.58305	12.8506	14.4337
BLOCK12/SES126/SA126S24	SES120	-0.590788	15.162	15.7527
BLOCK12/SES126/SA126S24	SES162	-1.62466	14.1281	15.7527
BLOCK12/SES126/SA126S24	SES177	-1.00033	14.7524	15.7527
BLOCK12/SES126/SA126S24	SES180	-1.09968	14.6531	15.7527
BLOCK12/SES126/SA126S26	SES120	-0.190155	14.5468	14.737
BLOCK12/SES126/SA126S26	SES177	-1.02369	13.7133	14.737
BLOCK12/SES126/SA126S26	SES180	-1.64627	13.0907	14.737
BLOCK12/SES126/SA126S26	SES202	-1.912	12.825	14.737
BLOCK12/SES128/SA128S10	SES087	-2.51596	12.3427	14.8586
BLOCK12/SES128/SA128S10	SES206	-1.20294	13.6557	14.8586
BLOCK12/SES128/SA128S10	SES226	-0.780607	14.078	14.8586
BLOCK12/SES128/SA128S10	SES270	-0.690885	14.1677	14.8586
BLOCK12/SES128/SA128S12	SES120	-1.50123	12.7828	14.284
BLOCK12/SES128/SA128S12	SES158	-2.14656	12.1375	14.284
BLOCK12/SES128/SA128S12	SES206	-1.30653	12.9775	14.284
BLOCK12/SES128/SA128S12	SES226	-1.83226	12.4518	14.284
BLOCK12/SES128/SA128S21	SES106	-2.57273	10.7452	13.3179
BLOCK12/SES128/SA128S21	SES120	-2.22917	11.0887	13.3179
BLOCK12/SES128/SA128S21	SES206	-2.10569	11.2122	13.3179
BLOCK12/SES128/SA128S21	SES226	-1.0877	12.2302	13.3179
BLOCK12/SES128/SA128S24	SES087	-1.45257	12.4163	13.8689
BLOCK12/SES128/SA128S24	SES120	-0.818595	13.0503	13.8689
BLOCK12/SES128/SA128S24	SES206	-1.10036	12.7685	13.8689
BLOCK12/SES128/SA128S24	SES226	-1.59667	12.2722	13.8689
BLOCK12/SES128/SA128S27	SES099	-1.07461	14.3356	15.4102
BLOCK12/SES128/SA128S27	SES120	-0.978501	14.4317	15.4102
BLOCK12/SES128/SA128S27	SES206	-1.39089	14.0193	15.4102
BLOCK12/SES128/SA128S27	SES226	-1.34992	14.0603	15.4102
BLOCK13/SES130/SA130S13	SES143	-1.52116	12.7592	14.2803
BLOCK13/SES130/SA130S13	SES144	-0.868702	13.4116	14.2803
BLOCK13/SES130/SA130S13	SES146	-1.6171	12.6632	14.2803
BLOCK13/SES130/SA130S13	SES275	-2.38328	11.8971	14.2803
BLOCK13/SES130/SA130S15	SES143	-1.83064	13.7802	15.6109
BLOCK13/SES130/SA130S15	SES144	-0.501495	15.1094	15.6109
BLOCK13/SES130/SA130S15	SES146	-1.16561	14.4453	15.6109
BLOCK13/SES130/SA130S15	SES275	-1.67139	13.9395	15.6109
BLOCK13/SES130/SA130S23	SES127	-2.36798	11.603	13.971
BLOCK13/SES130/SA130S23	SES144	-1.64898	12.322	13.971
BLOCK13/SES130/SA130S23	SES146	-1.01905	12.952	13.971
BLOCK13/SES130/SA130S23	SES162	-1.13672	12.8343	13.971
BLOCK13/SES130/SA130S25	SES127	-1.41004	14.3893	15.7994
BLOCK13/SES130/SA130S25	SES144	-1.10782	14.6916	15.7994
BLOCK13/SES130/SA130S25	SES146	-0.747087	15.0523	15.7994
BLOCK13/SES130/SA130S25	SES275	-0.992742	14.8066	15.7994
BLOCK13/SES130/SA130S28	SES127	-1.27054	13.4418	14.7124
BLOCK13/SES130/SA130S28	SES144	-1.55358	13.1588	14.7124
BLOCK13/SES130/SA130S28	SES146	-0.960165	13.7522	14.7124
BLOCK13/SES130/SA130S28	SES275	-0.856789	13.8556	14.7124
BLOCK13/SES131/SA131S13	SES002	-2.08545	9.68789	11.7733
BLOCK13/SES131/SA131S13	SES007	-2.5458	9.22755	11.7733
BLOCK13/SES131/SA131S13	SES099	-1.7716	10.0017	11.7733
BLOCK13/SES131/SA131S13	SES105	-2.06439	9.70895	11.7733
BLOCK13/SES131/SA131S14	SES104	-0.5086	12.6459	13.1545
BLOCK13/SES131/SA131S14	SES106	-1.08141	12.073	13.1545
BLOCK13/SES131/SA131S14	SES125	-1.14886	12.0056	13.1545
BLOCK13/SES131/SA131S14	SES148	-1.55525	11.5992	13.1545
BLOCK13/SES131/SA131S20	SES104	-2.80685	8.51143	11.3183
BLOCK13/SES131/SA131S20	SES106	-1.60707	9.71122	11.3183
BLOCK13/SES131/SA131S20	SES125	-2.54995	8.76833	11.3183
BLOCK13/SES131/SA131S20	SES148	-1.78975	9.52853	11.3183
BLOCK13/SES131/SA131S22	SES099	-1.71146	11.5015	13.2129
BLOCK13/SES131/SA131S22	SES104	-2.15124	11.0617	13.2129
BLOCK13/SES131/SA131S22	SES125	-2.12427	11.0887	13.2129
BLOCK13/SES131/SA131S22	SES206	-2.18997	11.023	13.2129
BLOCK13/SES131/SA131S29	SES087	-2.13503	9.92319	12.0582
BLOCK13/SES131/SA131S29	SES104	-3.11836	8.93985	12.0582
BLOCK13/SES131/SA131S29	SES125	-2.97973	9.07849	12.0582
BLOCK13/SES131/SA131S29	SES206	-2.62727	9.43094	12.0582
BLOCK13/SES132/SA132S11	SES083	-2.23316	13.2801	15.5132
BLOCK13/SES132/SA132S11	SES120	-0.214091	15.2991	15.5132
BLOCK13/SES132/SA132S11	SES127	-1.67721	13.836	15.5132
BLOCK13/SES132/SA132S11	SES275	-1.62739	13.8859	15.5132
BLOCK13/SES132/SA132S12	SES083	-2.30404	13.2898	15.5939
BLOCK13/SES132/SA132S12	SES143	-1.79487	13.799	15.5939
BLOCK13/SES132/SA132S12	SES144	-1.70022	13.8936	15.5939
BLOCK13/SES132/SA132S12	SES148	-1.30266	14.2912	15.5939
BLOCK13/SES132/SA132S22	SES062	-0.830396	14.6648	15.4952
BLOCK13/SES132/SA132S22	SES083	-1.39398	14.1012	15.4952
BLOCK13/SES132/SA132S22	SES127	-1.1748	14.3204	15.4952
BLOCK13/SES132/SA132S22	SES275	-1.06399	14.4312	15.4952
BLOCK13/SES132/SA132S24	SES007	-1.3552	14.9577	16.3129
BLOCK13/SES132/SA132S24	SES083	-2.36034	13.9526	16.3129
BLOCK13/SES132/SA132S24	SES127	-2.28557	14.0274	16.3129
BLOCK13/SES132/SA132S24	SES275	-1.04928	15.2636	16.3129
BLOCK13/SES132/SA132S27	SES083	-2.21789	12.7251	14.943
BLOCK13/SES132/SA132S27	SES120	-0.135778	14.8072	14.943
BLOCK13/SES132/SA132S27	SES127	-2.00076	12.9422	14.943
BLOCK13/SES132/SA132S27	SES275	-1.88956	13.0534	14.943
BLOCK14/SES141/SA141S09	SES143	-1.53175	13.6467	15.1784
BLOCK14/SES141/SA141S09	SES144	-1.06033	14.1181	15.1784
BLOCK14/SES141/SA141S09	SES162	-1.90866	13.2698	15.1784
BLOCK14/SES141/SA141S09	SES180	-1.71778	13.4607	15.1784
BLOCK14/SES141/SA141S15	SES127	-1.38184	13.1565	14.5384
BLOCK14/SES141/SA141S15	SES144	-1.62131	12.917	14.5384
BLOCK14/SES141/SA141S15	SES162	-2.06751	12.4708	14.5384
BLOCK14/SES141/SA141S15	SES180	-1.69668	12.8417	14.5384
BLOCK14/SES141/SA141S24	SES127	-1.054	14.227	15.281
BLOCK14/SES141/SA141S24	SES144	-1.79023	13.4908	15.281
BLOCK14/SES141/SA141S24	SES162	-1.84554	13.4355	15.281
BLOCK14/SES141/SA141S24	SES183	-1.97701	13.304	15.281
BLOCK14/SES141/SA141S26	SES142	-1.17184	13.9747	15.1465
BLOCK14/SES141/SA141S26	SES144	-1.60904	13.5375	15.1465
BLOCK14/SES141/SA141S26	SES172	-1.09763	14.0489	15.1465
BLOCK14/SES141/SA141S26	SES180	-1.98277	13.1638	15.1465
BLOCK14/SES141/SA141S29	SES127	-0.95233	14.3082	15.2605
BLOCK14/SES141/SA141S29	SES142	-0.78412	14.4764	15.2605
BLOCK14/SES141/SA141S29	SES144	-1.44486	13.8156	15.2605
BLOCK14/SES141/SA141S29	SES180	-1.49838	13.7621	15.2605
BLOCK15/SES157/SA157S08	SES083	-2.13946	12.8252	14.9646
BLOCK15/SES157/SA157S08	SES127	-1.61419	13.3505	14.9646
BLOCK15/SES157/SA157S08	SES148	-2.08058	12.8841	14.9646
BLOCK15/SES157/SA157S08	SES292	-2.08418	12.8805	14.9646
BLOCK15/SES157/SA157S11	SES083	-2.55379	12.6059	15.1597
BLOCK15/SES157/SA157S11	SES127	-1.526	13.6337	15.1597
BLOCK15/SES157/SA157S11	SES148	-2.29862	12.8611	15.1597
BLOCK15/SES157/SA157S11	SES292	-1.97656	13.1831	15.1597
BLOCK15/SES157/SA157S21	SES127	-1.00773	14.5226	15.5303
BLOCK15/SES157/SA157S21	SES148	-0.79	14.7403	15.5303
BLOCK15/SES157/SA157S21	SES158	-4.24506	11.2853	15.5303
BLOCK15/SES157/SA157S21	SES292	-1.40771	14.1226	15.5303
BLOCK15/SES157/SA157S24	SES127	-1.30754	14.2675	15.5751
BLOCK15/SES157/SA157S24	SES148	-2.01319	13.5619	15.5751
BLOCK15/SES157/SA157S24	SES183	-2.17249	13.4026	15.5751
BLOCK15/SES157/SA157S24	SES292	-2.07498	13.5001	15.5751
BLOCK15/SES157/SA157S26	SES007	-1.24531	14.1801	15.4254
BLOCK15/SES157/SA157S26	SES127	-1.39972	14.0257	15.4254
BLOCK15/SES157/SA157S26	SES147	-2.14648	13.2789	15.4254
BLOCK15/SES157/SA157S26	SES148	-1.5219	13.9035	15.4254
BLOCK16/SES161/SA161S10	SES007	-1.65171	11.1221	12.7738
BLOCK16/SES161/SA161S10	SES105	-1.48363	11.2901	12.7738
BLOCK16/SES161/SA161S10	SES158	-1.59304	11.1807	12.7738
BLOCK16/SES161/SA161S10	SES275	-1.00418	11.7696	12.7738
BLOCK16/SES161/SA161S12	SES007	-1.86119	11.2045	13.0657
BLOCK16/SES161/SA161S12	SES105	-2.9201	10.1456	13.0657
BLOCK16/SES161/SA161S12	SES158	-1.9694	11.0963	13.0657
BLOCK16/SES161/SA161S12	SES275	-1.61848	11.4472	13.0657
BLOCK16/SES161/SA161S20	SES007	-1.77925	10.057	11.8362
BLOCK16/SES161/SA161S20	SES105	-2.49851	9.33769	11.8362
BLOCK16/SES161/SA161S20	SES158	-1.50327	10.3329	11.8362
BLOCK16/SES161/SA161S20	SES275	-1.62157	10.2146	11.8362
BLOCK16/SES161/SA161S23	SES007	-2.73475	10.6053	13.34
BLOCK16/SES161/SA161S23	SES105	-1.52468	11.8153	13.34
BLOCK16/SES161/SA161S23	SES148	-1.89816	11.4419	13.34
BLOCK16/SES161/SA161S23	SES158	-2.39501	10.945	13.34
BLOCK16/SES161/SA161S28	SES007	-2.5036	11.2201	13.7237
BLOCK16/SES161/SA161S28	SES105	-2.59212	11.1316	13.7237
BLOCK16/SES161/SA161S28	SES158	-1.63092	12.0928	13.7237
BLOCK16/SES161/SA161S28	SES206	-1.4278	12.2959	13.7237
BLOCK16/SES164/SA164S11	SES104	-1.78962	12.9298	14.7194
BLOCK16/SES164/SA164S11	SES125	-0.917772	13.8017	14.7194
BLOCK16/SES164/SA164S11	SES158	-0.446149	14.2733	14.7194
BLOCK16/SES164/SA164S11	SES206	-1.77768	12.9418	14.7194
BLOCK16/SES164/SA164S13	SES099	-1.11561	12.3212	13.4368
BLOCK16/SES164/SA164S13	SES104	-1.97761	11.4592	13.4368
BLOCK16/SES164/SA164S13	SES125	-1.73221	11.7046	13.4368
BLOCK16/SES164/SA164S13	SES206	-1.39213	12.0446	13.4368
BLOCK16/SES164/SA164S24	SES002	-0.011179	14.1607	14.1719
BLOCK16/SES164/SA164S24	SES099	-1.42403	12.7479	14.1719
BLOCK16/SES164/SA164S24	SES125	-2.05256	12.1193	14.1719
BLOCK16/SES164/SA164S24	SES226	-0.464011	13.7079	14.1719
BLOCK16/SES164/SA164S27	SES087	-1.11347	12.6004	13.7139
BLOCK16/SES164/SA164S27	SES125	-1.69479	12.0191	13.7139
BLOCK16/SES164/SA164S27	SES206	-1.80991	11.904	13.7139
BLOCK16/SES164/SA164S27	SES226	-1.36972	12.3442	13.7139
BLOCK16/SES164/SA164S29	SES002	0.341874	13.9941	13.6522
BLOCK16/SES164/SA164S29	SES019	-1.907	11.7452	13.6522
BLOCK16/SES164/SA164S29	SES125	-1.54886	12.1034	13.6522
BLOCK16/SES164/SA164S29	SES226	-1.65983	11.9924	13.6522
BLOCK16/SES169/SA169S13	SES117	-1.48979	13.0368	14.5266
BLOCK16/SES169/SA169S13	SES144	-1.47459	13.052	14.5266
BLOCK16/SES169/SA169S13	SES146	-1.40446	13.1221	14.5266
BLOCK16/SES169/SA169S13	SES162	-0.967807	13.5587	14.5266
BLOCK16/SES169/SA169S14	SES144	-2.13139	13.5038	15.6351
BLOCK16/SES169/SA169S14	SES148	-1.7811	13.854	15.6351
BLOCK16/SES169/SA169S14	SES177	-1.2828	14.3523	15.6351
BLOCK16/SES169/SA169S14	SES180	-2.01678	13.6184	15.6351
BLOCK16/SES169/SA169S24	SES117	-1.52619	12.2137	13.7399
BLOCK16/SES169/SA169S24	SES144	-0.755646	12.9843	13.7399
BLOCK16/SES169/SA169S24	SES146	-0.941643	12.7983	13.7399
BLOCK16/SES169/SA169S24	SES162	-1.0111	12.7288	13.7399
BLOCK16/SES169/SA169S27	SES127	-1.21435	12.9815	14.1958
BLOCK16/SES169/SA169S27	SES129	-1.27179	12.9241	14.1958
BLOCK16/SES169/SA169S27	SES144	-1.63766	12.5582	14.1958
BLOCK16/SES169/SA169S27	SES146	-0.544765	13.6511	14.1958
BLOCK16/SES169/SA169S29	SES144	-1.19604	13.9418	15.1378
BLOCK16/SES169/SA169S29	SES162	-0.462358	14.6754	15.1378
BLOCK16/SES169/SA169S29	SES177	-1.71817	13.4196	15.1378
BLOCK16/SES169/SA169S29	SES180	-0.937158	14.2006	15.1378
BLOCK17/SES171/SA171S12	SES083	-1.57323	12.5228	14.096
BLOCK17/SES171/SA171S12	SES148	-1.97299	12.123	14.096
BLOCK17/SES171/SA171S12	SES172	-1.77747	12.3186	14.096
BLOCK17/SES171/SA171S12	SES292	-1.63229	12.4637	14.096
BLOCK17/SES171/SA171S15	SES148	-2.1217	11.2854	13.4071
BLOCK17/SES171/SA171S15	SES177	-0.823048	12.5841	13.4071
BLOCK17/SES171/SA171S15	SES180	-2.74755	10.6596	13.4071
BLOCK17/SES171/SA171S15	SES292	-1.3834	12.0237	13.4071
BLOCK17/SES171/SA171S22	SES007	-1.80331	13.403	15.2063
BLOCK17/SES171/SA171S22	SES148	-1.53921	13.6671	15.2063
BLOCK17/SES171/SA171S22	SES177	-0.588059	14.6182	15.2063
BLOCK17/SES171/SA171S22	SES180	-2.60873	12.5976	15.2063
BLOCK17/SES171/SA171S25	SES101	-1.84583	11.9083	13.7542
BLOCK17/SES171/SA171S25	SES120	-2.50978	11.2444	13.7542
BLOCK17/SES171/SA171S25	SES177	-1.00098	12.7532	13.7542
BLOCK17/SES171/SA171S25	SES180	-2.49172	11.2625	13.7542
BLOCK17/SES171/SA171S27	SES177	-0.854112	13.3566	14.2108
BLOCK17/SES171/SA171S27	SES180	-2.68499	11.5258	14.2108
BLOCK17/SES171/SA171S27	SES189	-1.20268	13.0081	14.2108
BLOCK17/SES171/SA171S27	SES292	-1.61722	12.5935	14.2108
BLOCK17/SES173/SA173S13	SES162	-3.05652	11.1416	14.1981
BLOCK17/SES173/SA173S13	SES177	-1.21479	12.9833	14.1981
BLOCK17/SES173/SA173S13	SES180	-3.09827	11.0998	14.1981
BLOCK17/SES173/SA173S13	SES292	-0.607364	13.5907	14.1981
BLOCK17/SES173/SA173S14	SES007	-1.85785	11.5319	13.3898
BLOCK17/SES173/SA173S14	SES162	-3.00871	10.3811	13.3898
BLOCK17/SES173/SA173S14	SES177	-1.18952	12.2003	13.3898
BLOCK17/SES173/SA173S14	SES180	-2.93428	10.4555	13.3898
BLOCK17/SES173/SA173S24	SES144	-2.7475	10.6988	13.4463
BLOCK17/SES173/SA173S24	SES162	-2.72273	10.7236	13.4463
BLOCK17/SES173/SA173S24	SES177	-1.16072	12.2856	13.4463
BLOCK17/SES173/SA173S24	SES180	-2.84879	10.5976	13.4463
BLOCK17/SES173/SA173S27	SES162	-3.37545	10.7725	14.148
BLOCK17/SES173/SA173S27	SES177	-1.44214	12.7058	14.148
BLOCK17/SES173/SA173S27	SES180	-1.97456	12.1734	14.148
BLOCK17/SES173/SA173S27	SES292	-0.411581	13.7364	14.148
BLOCK17/SES173/SA173S29	SES162	-2.48439	11.9184	14.4028
BLOCK17/SES173/SA173S29	SES175	-2.11094	12.2919	14.4028
BLOCK17/SES173/SA173S29	SES177	-1.42843	12.9744	14.4028
BLOCK17/SES173/SA173S29	SES292	-1.81138	12.5914	14.4028
BLOCK18/SES182/SA182S10	SES144	-1.42302	12.8741	14.2972
BLOCK18/SES182/SA182S10	SES177	-1.61401	12.6831	14.2972
BLOCK18/SES182/SA182S10	SES180	-2.70311	11.594	14.2972
BLOCK18/SES182/SA182S10	SES275	-0.866598	13.4306	14.2972
BLOCK18/SES182/SA182S12	SES144	-0.496686	13.9777	14.4744
BLOCK18/SES182/SA182S12	SES177	-0.776379	13.698	14.4744
BLOCK18/SES182/SA182S12	SES180	-1.53939	12.935	14.4744
BLOCK18/SES182/SA182S12	SES275	-0.636344	13.8381	14.4744
BLOCK18/SES182/SA182S21	SES117	-1.35399	12.4044	13.7584
BLOCK18/SES182/SA182S21	SES144	-1.33849	12.4199	13.7584
BLOCK18/SES182/SA182S21	SES162	-0.866116	12.8923	13.7584
BLOCK18/SES182/SA182S21	SES180	-2.46432	11.2941	13.7584
BLOCK18/SES182/SA182S23	SES117	-0.954956	13.5142	14.4692
BLOCK18/SES182/SA182S23	SES144	-2.06594	12.4032	14.4692
BLOCK18/SES182/SA182S23	SES180	-2.4323	12.0369	14.4692
BLOCK18/SES182/SA182S23	SES275	-0.703778	13.7654	14.4692
BLOCK18/SES182/SA182S25	SES007	0.100423	14.3192	14.2188
BLOCK18/SES182/SA182S25	SES162	-0.455509	13.7633	14.2188
BLOCK18/SES182/SA182S25	SES177	-0.769136	13.4497	14.2188
BLOCK18/SES182/SA182S25	SES180	-1.7357	12.4831	14.2188
BLOCK18/SES184/SA184S12	SES177	-1.41379	13.4062	14.82
BLOCK18/SES184/SA184S12	SES180	-1.94415	12.8759	14.82
BLOCK18/SES184/SA184S12	SES189	-2.28759	12.5325	14.82
BLOCK18/SES184/SA184S12	SES292	-1.25251	13.5675	14.82
BLOCK18/SES184/SA184S13	SES101	-1.56308	12.9444	14.5075
BLOCK18/SES184/SA184S13	SES177	-1.66171	12.8458	14.5075
BLOCK18/SES184/SA184S13	SES180	-1.96461	12.5429	14.5075
BLOCK18/SES184/SA184S13	SES292	-2.09845	12.409	14.5075
BLOCK18/SES184/SA184S22	SES177	-1.95481	14.3452	16.3
BLOCK18/SES184/SA184S22	SES180	-2.10766	14.1924	16.3
BLOCK18/SES184/SA184S22	SES189	-2.57586	13.7242	16.3
BLOCK18/SES184/SA184S22	SES292	-2.09627	14.2038	16.3
BLOCK18/SES184/SA184S25	SES101	-1.15592	15.3817	16.5376
BLOCK18/SES184/SA184S25	SES177	-2.12581	14.4118	16.5376
BLOCK18/SES184/SA184S25	SES180	-2.21968	14.3179	16.5376
BLOCK18/SES184/SA184S25	SES292	-1.543	14.9946	16.5376
BLOCK18/SES184/SA184S27	SES083	-1.49902	13.0076	14.5067
BLOCK18/SES184/SA184S27	SES177	-1.17983	13.3268	14.5067
BLOCK18/SES184/SA184S27	SES202	-1.95009	12.5566	14.5067
BLOCK18/SES184/SA184S27	SES292	-1.85326	12.6534	14.5067
BLOCK20/SES204/SA204S12	SES062	-1.18735	14.7848	15.9721
BLOCK20/SES204/SA204S12	SES083	-2.7899	13.1822	15.9721
BLOCK20/SES204/SA204S12	SES206	-1.59406	14.3781	15.9721
BLOCK20/SES204/SA204S12	SES226	-2.56436	13.4078	15.9721
BLOCK20/SES204/SA204S14	SES068	-1.34273	15.7275	17.0702
BLOCK20/SES204/SA204S14	SES087	-0.241982	16.8282	17.0702
BLOCK20/SES204/SA204S14	SES206	-1.83666	15.2336	17.0702
BLOCK20/SES204/SA204S14	SES226	-2.5101	14.5601	17.0702
BLOCK20/SES204/SA204S22	SES068	-1.46569	14.6125	16.0782
BLOCK20/SES204/SA204S22	SES082	-3.09628	12.9819	16.0782
BLOCK20/SES204/SA204S22	SES083	-3.53058	12.5476	16.0782
BLOCK20/SES204/SA204S22	SES206	-1.99771	14.0805	16.0782
BLOCK20/SES204/SA204S25	SES062	-1.64394	14.6097	16.2536
BLOCK20/SES204/SA204S25	SES083	-2.72651	13.5271	16.2536
BLOCK20/SES204/SA204S25	SES206	-1.24041	15.0132	16.2536
BLOCK20/SES204/SA204S25	SES226	-2.50743	13.7462	16.2536
BLOCK20/SES204/SA204S27	SES068	-1.40309	13.8691	15.2722
BLOCK20/SES204/SA204S27	SES082	-2.72672	12.5455	15.2722
BLOCK20/SES204/SA204S27	SES087	-0.716276	14.556	15.2722
BLOCK20/SES204/SA204S27	SES206	-1.71186	13.5604	15.2722
BLOCK20/SES207/SA207S10	SES127	-1.59435	12.5952	14.1896
BLOCK20/SES207/SA207S10	SES183	-2.01188	12.1777	14.1896
BLOCK20/SES207/SA207S10	SES189	-1.77348	12.4161	14.1896
BLOCK20/SES207/SA207S10	SES292	-1.61234	12.5772	14.1896
BLOCK20/SES207/SA207S11	SES127	-2.18335	11.4382	13.6215
BLOCK20/SES207/SA207S11	SES183	-1.81394	11.8076	13.6215
BLOCK20/SES207/SA207S11	SES187	-1.64593	11.9756	13.6215
BLOCK20/SES207/SA207S11	SES292	-1.30029	12.3213	13.6215
BLOCK20/SES207/SA207S25	SES068	-1.85656	12.2272	14.0838
BLOCK20/SES207/SA207S25	SES083	-2.03455	12.0493	14.0838
BLOCK20/SES207/SA207S25	SES127	-1.01203	13.0718	14.0838
BLOCK20/SES207/SA207S25	SES187	-1.32724	12.7566	14.0838
BLOCK20/SES207/SA207S27	SES127	-2.09057	10.9769	13.0674
BLOCK20/SES207/SA207S27	SES183	-1.71936	11.3481	13.0674
BLOCK20/SES207/SA207S27	SES187	-2.21763	10.8498	13.0674
BLOCK20/SES207/SA207S27	SES292	-2.0689	10.9985	13.0674
BLOCK20/SES207/SA207S29	SES083	-2.19074	12.5254	14.7161
BLOCK20/SES207/SA207S29	SES085	-1.17914	13.537	14.7161
BLOCK20/SES207/SA207S29	SES172	-1.35073	13.3654	14.7161
BLOCK20/SES207/SA207S29	SES189	-2.08915	12.627	14.7161
BLOCK22/SES221/SA221S12	SES068	-0.670811	15.1413	15.8122
BLOCK22/SES221/SA221S12	SES143	-1.45038	14.3618	15.8122
BLOCK22/SES221/SA221S12	SES175	-0.711139	15.101	15.8122
BLOCK22/SES221/SA221S12	SES202	-1.60623	14.2059	15.8122
BLOCK22/SES221/SA221S15	SES085	-0.691904	13.4328	14.1247
BLOCK22/SES221/SA221S15	SES143	-2.32684	11.7979	14.1247
BLOCK22/SES221/SA221S15	SES175	-1.17935	12.9453	14.1247
BLOCK22/SES221/SA221S15	SES187	-1.75694	12.3678	14.1247
BLOCK22/SES221/SA221S23	SES068	-1.51648	13.5037	15.0202
BLOCK22/SES221/SA221S23	SES143	-1.98261	13.0375	15.0202
BLOCK22/SES221/SA221S23	SES175	-0.577035	14.4431	15.0202
BLOCK22/SES221/SA221S23	SES189	-0.556895	14.4633	15.0202
BLOCK22/SES221/SA221S27	SES085	-0.421412	15.1892	15.6106
BLOCK22/SES221/SA221S27	SES143	-1.66235	13.9483	15.6106
BLOCK22/SES221/SA221S27	SES175	-0.959406	14.6512	15.6106
BLOCK22/SES221/SA221S27	SES189	-0.883977	14.7267	15.6106
BLOCK22/SES221/SA221S29	SES085	-0.562015	13.5822	14.1442
BLOCK22/SES221/SA221S29	SES143	-1.02558	13.1186	14.1442
BLOCK22/SES221/SA221S29	SES175	-0.218372	13.9258	14.1442
BLOCK22/SES221/SA221S29	SES187	-1.48272	12.6615	14.1442
BLOCK22/SES223/SA223S11	SES143	-1.46514	11.4017	12.8669
BLOCK22/SES223/SA223S11	SES144	-3.57263	9.29424	12.8669
BLOCK22/SES223/SA223S11	SES175	-1.13786	11.729	12.8669
BLOCK22/SES223/SA223S11	SES187	-2.27144	10.5954	12.8669
BLOCK22/SES223/SA223S13	SES068	-1.38598	11.3877	12.7737
BLOCK22/SES223/SA223S13	SES143	-2.60998	10.1637	12.7737
BLOCK22/SES223/SA223S13	SES146	-2.59373	10.18	12.7737
BLOCK22/SES223/SA223S13	SES202	-2.7038	10.0699	12.7737
BLOCK22/SES223/SA223S22	SES143	-1.3622	12.2246	13.5868
BLOCK22/SES223/SA223S22	SES144	-2.90714	10.6797	13.5868
BLOCK22/SES223/SA223S22	SES175	-1.31386	12.273	13.5868
BLOCK22/SES223/SA223S22	SES187	-1.48763	12.0992	13.5868
BLOCK22/SES223/SA223S25	SES068	-1.3547	13.0819	14.4366
BLOCK22/SES223/SA223S25	SES143	-2.01194	12.4247	14.4366
BLOCK22/SES223/SA223S25	SES175	-1.35325	13.0834	14.4366
BLOCK22/SES223/SA223S25	SES187	-1.89976	12.5369	14.4366
BLOCK22/SES223/SA223S27	SES143	-1.28003	11.8282	13.1082
BLOCK22/SES223/SA223S27	SES146	-1.81152	11.2967	13.1082
BLOCK22/SES223/SA223S27	SES187	-2.04142	11.0668	13.1082
BLOCK22/SES223/SA223S27	SES292	-1.07549	12.0328	13.1082
BLOCK27/SES273/SA273S12	SES099	-0.582315	16.5659	17.1482
BLOCK27/SES273/SA273S12	SES104	-1.44601	15.7022	17.1482
BLOCK27/SES273/SA273S12	SES125	-1.77531	15.3729	17.1482
BLOCK27/SES273/SA273S12	SES206	-0.884022	16.2642	17.1482
BLOCK27/SES273/SA273S13	SES099	-1.03039	16.4307	17.4611
BLOCK27/SES273/SA273S13	SES104	-1.90889	15.5522	17.4611
BLOCK27/SES273/SA273S13	SES206	-1.11498	16.3461	17.4611
BLOCK27/SES273/SA273S13	SES292	-2.0338	15.4273	17.4611
BLOCK27/SES273/SA273S21	SES099	-0.370333	16.3624	16.7327
BLOCK27/SES273/SA273S21	SES148	-3.07637	13.6563	16.7327
BLOCK27/SES273/SA273S21	SES149	-1.7689	14.9638	16.7327
BLOCK27/SES273/SA273S21	SES177	-1.88704	14.8457	16.7327
BLOCK27/SES273/SA273S25	SES104	-1.53264	14.8331	16.3657
BLOCK27/SES273/SA273S25	SES125	-1.70646	14.6592	16.3657
BLOCK27/SES273/SA273S25	SES158	-1.06817	15.2975	16.3657
BLOCK27/SES273/SA273S25	SES206	-0.310408	16.0553	16.3657
BLOCK27/SES273/SA273S27	SES099	-0.826431	15.4467	16.2731
BLOCK27/SES273/SA273S27	SES104	-1.37631	14.8968	16.2731
BLOCK27/SES273/SA273S27	SES149	-1.4589	14.8142	16.2731
BLOCK27/SES273/SA273S27	SES275	-1.8814	14.3917	16.2731
BLOCK27/SES274/SA274S10	SES105	-2.30124	13.3707	15.672
BLOCK27/SES274/SA274S10	SES125	-2.79425	12.8777	15.672
BLOCK27/SES274/SA274S10	SES129	-0.805925	14.866	15.672
BLOCK27/SES274/SA274S10	SES158	-3.8247	11.8473	15.672
BLOCK27/SES274/SA274S11	SES105	-1.69981	14.4457	16.1455
BLOCK27/SES274/SA274S11	SES149	-2.60278	13.5427	16.1455
BLOCK27/SES274/SA274S11	SES158	-2.86	13.2855	16.1455
BLOCK27/SES274/SA274S11	SES275	-1.18519	14.9603	16.1455
BLOCK27/SES274/SA274S21	SES105	-2.17371	13.4491	15.6228
BLOCK27/SES274/SA274S21	SES129	-0.801732	14.8211	15.6228
BLOCK27/SES274/SA274S21	SES149	-1.6622	13.9606	15.6228
BLOCK27/SES274/SA274S21	SES158	-4.94851	10.6743	15.6228
BLOCK27/SES274/SA274S24	SES105	-1.58276	14.8576	16.4404
BLOCK27/SES274/SA274S24	SES129	-0.528228	15.9121	16.4404
BLOCK27/SES274/SA274S24	SES149	-2.27397	14.1664	16.4404
BLOCK27/SES274/SA274S24	SES158	-4.3286	12.1118	16.4404
BLOCK27/SES274/SA274S29	SES105	-2.20836	13.0203	15.2286
BLOCK27/SES274/SA274S29	SES106	-3.62988	11.5988	15.2286
BLOCK27/SES274/SA274S29	SES120	-1.37438	13.8543	15.2286
BLOCK27/SES274/SA274S29	SES275	-1.22891	13.9997	15.2286
BLOCK27/SES276/SA276S16	SES148	-2.03992	12.6632	14.7032
BLOCK27/SES276/SA276S16	SES172	-1.25367	13.4495	14.7032
BLOCK27/SES276/SA276S16	SES180	-2.55447	12.1487	14.7032
BLOCK27/SES276/SA276S16	SES292	-1.4028	13.3004	14.7032
BLOCK27/SES276/SA276S17	SES101	-1.46802	13.8647	15.3327
BLOCK27/SES276/SA276S17	SES177	-1.8622	13.4705	15.3327
BLOCK27/SES276/SA276S17	SES180	-1.6227	13.71	15.3327
BLOCK27/SES276/SA276S17	SES292	-1.54146	13.7912	15.3327
BLOCK27/SES276/SA276S24	SES101	-0.797219	15.0163	15.8135
BLOCK27/SES276/SA276S24	SES177	-1.35013	14.4634	15.8135
BLOCK27/SES276/SA276S24	SES180	-1.85658	13.9569	15.8135
BLOCK27/SES276/SA276S24	SES292	-2.13919	13.6743	15.8135
BLOCK27/SES276/SA276S26	SES101	-2.35668	14.105	16.4617
BLOCK27/SES276/SA276S26	SES177	-0.599148	15.8625	16.4617
BLOCK27/SES276/SA276S26	SES180	-0.574311	15.8874	16.4617
BLOCK27/SES276/SA276S26	SES292	-0.303703	16.158	16.4617
BLOCK27/SES276/SA276S28	SES101	-1.50634	14.0746	15.5809
BLOCK27/SES276/SA276S28	SES177	-1.63378	13.9472	15.5809
BLOCK27/SES276/SA276S28	SES180	-0.745738	14.8352	15.5809
BLOCK27/SES276/SA276S28	SES292	-0.951739	14.6292	15.5809
BLOCK27/SES277/SA277S12	SES101	-0.85726	12.1858	13.0431
BLOCK27/SES277/SA277S12	SES177	-1.85884	11.1842	13.0431
BLOCK27/SES277/SA277S12	SES180	-2.38792	10.6551	13.0431
BLOCK27/SES277/SA277S12	SES292	-1.9556	11.0875	13.0431
BLOCK27/SES277/SA277S14	SES177	-0.900928	11.9224	12.8234
BLOCK27/SES277/SA277S14	SES180	-2.19862	10.6248	12.8234
BLOCK27/SES277/SA277S14	SES189	-0.31972	12.5037	12.8234
BLOCK27/SES277/SA277S14	SES292	-1.76063	11.0627	12.8234
BLOCK27/SES277/SA277S21	SES177	-0.876653	13.6391	14.5158
BLOCK27/SES277/SA277S21	SES180	-2.2507	12.2651	14.5158
BLOCK27/SES277/SA277S21	SES189	-0.323466	14.1923	14.5158
BLOCK27/SES277/SA277S21	SES292	-2.05674	12.459	14.5158
BLOCK27/SES277/SA277S24	SES144	-1.6879	11.0072	12.6951
BLOCK27/SES277/SA277S24	SES177	-1.14391	11.5512	12.6951
BLOCK27/SES277/SA277S24	SES180	-2.90468	9.7904	12.6951
BLOCK27/SES277/SA277S24	SES189	-0.62584	12.0692	12.6951
BLOCK27/SES277/SA277S29	SES177	-1.09983	14.4143	15.5142
BLOCK27/SES277/SA277S29	SES180	-2.43448	13.0797	15.5142
BLOCK27/SES277/SA277S29	SES202	-1.55707	13.9571	15.5142
BLOCK27/SES277/SA277S29	SES292	-2.29247	13.2217	15.5142
BLOCK27/SES279/SA279S09	SES120	-2.13768	13.2859	15.4236
BLOCK27/SES279/SA279S09	SES146	-2.42238	13.0012	15.4236
BLOCK27/SES279/SA279S09	SES206	-1.84027	13.5833	15.4236
BLOCK27/SES279/SA279S09	SES226	-2.91749	12.5061	15.4236
BLOCK27/SES279/SA279S10	SES099	-0.733803	14.7922	15.526
BLOCK27/SES279/SA279S10	SES206	-0.913713	14.6122	15.526
BLOCK27/SES279/SA279S10	SES226	-2.20021	13.3257	15.526
BLOCK27/SES279/SA279S10	SES292	-0.447315	15.0786	15.526
BLOCK27/SES279/SA279S20	SES099	-2.08372	13.4983	15.582
BLOCK27/SES279/SA279S20	SES206	-0.728034	14.854	15.582
BLOCK27/SES279/SA279S20	SES226	-2.21515	13.3669	15.582
BLOCK27/SES279/SA279S20	SES292	-0.334645	15.2474	15.582
BLOCK27/SES279/SA279S26	SES099	-1.06641	14.3303	15.3967
BLOCK27/SES279/SA279S26	SES206	-0.561252	14.8355	15.3967
BLOCK27/SES279/SA279S26	SES226	-2.37503	13.0217	15.3967
BLOCK27/SES279/SA279S26	SES292	-0.544077	14.8527	15.3967
BLOCK27/SES279/SA279S28	SES099	-1.28298	15.9084	17.1913
BLOCK27/SES279/SA279S28	SES120	-1.24761	15.9437	17.1913
BLOCK27/SES279/SA279S28	SES177	-1.93472	15.2566	17.1913
BLOCK27/SES279/SA279S28	SES206	-1.2772	15.9142	17.1913
BLOCK29/SES290/SA290S12	SES162	-0.793241	14.0637	14.8569
BLOCK29/SES290/SA290S12	SES177	-0.731468	14.1255	14.8569
BLOCK29/SES290/SA290S12	SES180	-1.7999	13.057	14.8569
BLOCK29/SES290/SA290S12	SES292	-1.2723	13.5846	14.8569
BLOCK29/SES290/SA290S13	SES007	-1.49614	13.5677	15.0638
BLOCK29/SES290/SA290S13	SES162	-2.27476	12.7891	15.0638
BLOCK29/SES290/SA290S13	SES177	-0.870378	14.1935	15.0638
BLOCK29/SES290/SA290S13	SES180	-1.38142	13.6824	15.0638
BLOCK29/SES290/SA290S22	SES177	-0.863062	13.5557	14.4188
BLOCK29/SES290/SA290S22	SES180	-1.47706	12.9417	14.4188
BLOCK29/SES290/SA290S22	SES202	-1.74013	12.6786	14.4188
BLOCK29/SES290/SA290S22	SES292	-1.31984	13.0989	14.4188
BLOCK29/SES290/SA290S25	SES162	-1.1331	14.4405	15.5736
BLOCK29/SES290/SA290S25	SES177	-0.973053	14.6005	15.5736
BLOCK29/SES290/SA290S25	SES180	-1.41388	14.1597	15.5736
BLOCK29/SES290/SA290S25	SES292	-1.11144	14.4621	15.5736
BLOCK29/SES290/SA290S29	SES177	-0.442094	14.2036	14.6457
BLOCK29/SES290/SA290S29	SES180	-0.865618	13.7801	14.6457
BLOCK29/SES290/SA290S29	SES275	-1.33252	13.3132	14.6457
BLOCK29/SES290/SA290S29	SES292	-0.89235	13.7533	14.6457
BLOCK29/SES291/SA291S11	SES105	-2.92932	10.8741	13.8034
BLOCK29/SES291/SA291S11	SES125	-1.26785	12.5356	13.8034
BLOCK29/SES291/SA291S11	SES158	-1.07152	12.7319	13.8034
BLOCK29/SES291/SA291S11	SES275	-2.54025	11.2632	13.8034
BLOCK29/SES291/SA291S12	SES158	0.317099	14.2374	13.9203
BLOCK29/SES291/SA291S12	SES226	-2.329	11.5913	13.9203
BLOCK29/SES291/SA291S12	SES270	0.63728	14.5575	13.9203
BLOCK29/SES291/SA291S12	SES275	-3.88762	10.0326	13.9203
BLOCK29/SES291/SA291S22	SES082	-1.3472	13.4749	14.8221
BLOCK29/SES291/SA291S22	SES158	-1.00079	13.8213	14.8221
BLOCK29/SES291/SA291S22	SES259	-1.87663	12.9455	14.8221
BLOCK29/SES291/SA291S22	SES275	-2.93978	11.8823	14.8221
BLOCK29/SES291/SA291S24	SES104	-0.314109	15.8062	16.1203
BLOCK29/SES291/SA291S24	SES125	-0.723908	15.3964	16.1203
BLOCK29/SES291/SA291S24	SES158	-0.651509	15.4688	16.1203
BLOCK29/SES291/SA291S24	SES275	-3.47878	12.6415	16.1203
BLOCK29/SES291/SA291S27	SES158	0.1697	15.4507	15.281
BLOCK29/SES291/SA291S27	SES172	-3.41611	11.8649	15.281
BLOCK29/SES291/SA291S27	SES275	-3.59414	11.6869	15.281
BLOCK29/SES291/SA291S27	SES292	-1.71573	13.5653	15.281
