BLOCK00/SES002/SA002S12	SES002	1.6862	17.0085	15.3223
BLOCK00/SES002/SA002S13	SES002	1.97477	16.7716	14.7968
BLOCK00/SES002/SA002S23	SES002	1.35136	16.7985	15.4472
BLOCK00/SES002/SA002S26	SES002	1.94243	17.9968	16.0543
BLOCK00/SES002/SA002S28	SES002	1.27244	15.4987	14.2263
BLOCK00/SES007/SA007S14	SES007	2.40237	18.3832	15.9808
BLOCK00/SES007/SA007S15	SES007	0.84672	15.8812	15.0345
BLOCK00/SES007/SA007S24	SES007	1.46252	16.0517	14.5891
BLOCK00/SES007/SA007S27	SES007	1.13805	15.407	14.2689
BLOCK00/SES007/SA007S29	SES007	0.890626	16.2398	15.3491
BLOCK00/SES008/SA008S11	SES008	1.97645	16.8462	14.8697
BLOCK00/SES008/SA008S12	SES008	0.876181	15.6715	14.7954
BLOCK00/SES008/SA008S19	SES008	2.30666	18.074	15.7673
BLOCK00/SES008/SA008S22	SES008	1.34263	15.498	14.1554
BLOCK00/SES008/SA008S29	SES008	2.51515	17.9365	15.4213
BLOCK01/SES014/SA014S10	SES014	2.73576	17.7582	15.0224
BLOCK01/SES014/SA014S12	SES014	3.62819	20.5106	16.8824
BLOCK01/SES014/SA014S24	SES014	1.69779	18.2647	16.5669
BLOCK01/SES014/SA014S26	SES014	2.86003	21.0331	18.173
BLOCK01/SES014/SA014S28	SES014	3.87673	21.358	17.4813
BLOCK01/SES016/SA016S12	SES016	2.24781	15.2141	12.9663
BLOCK01/SES016/SA016S13	SES016	2.13884	16.8451	14.7063
BLOCK01/SES016/SA016S22	SES016	2.52663	17.171	14.6444
BLOCK01/SES016/SA016S25	SES016	2.59903	18.9135	16.3145
BLOCK01/SES016/SA016S27	SES016	2.35876	18.8709	16.5121
BLOCK01/SES019/SA019S13	SES019	3.00597	15.86	12.854
BLOCK01/SES019/SA019S14	SES019	2.39005	16.1472	13.7572
BLOCK01/SES019/SA019S22	SES019	3.13993	16.3233	13.1833
BLOCK01/SES019/SA019S25	SES019	2.9893	16.7416	13.7523
BLOCK01/SES019/SA019S29	SES019	3.77445	16.9613	13.1868
BLOCK02/SES029/SA029S11	SES029	2.05427	16.9041	14.8499
BLOCK02/SES029/SA029S12	SES029	0.962248	16.9089	15.9467
BLOCK02/SES029/SA029S20	SES029	1.56851	16.2496	14.6811
BLOCK02/SES029/SA029S25	SES029	1.74593	17.5793	15.8334
BLOCK02/SES029/SA029S28	SES029	0.876327	16.4165	15.5402
BLOCK04/SES042/SA042S12	SES042	2.07204	17.6862	15.6142
BLOCK04/SES042/SA042S15	SES042	2.7163	18.2918	15.5755
BLOCK04/SES042/SA042S22	SES042	3.65516	20.8721	17.2169
BLOCK04/SES042/SA042S25	SES042	2.14998	16.9229	14.7729
BLOCK04/SES042/SA042S27	SES042	1.90169	18.1643	16.2626
BLOCK04/SES048/SA048S11	SES048	1.86745	17.467	15.5996
BLOCK04/SES048/SA048S12	SES048	1.29097	17.2084	15.9174
BLOCK04/SES048/SA048S20	SES048	0.641794	16.8715	16.2297
BLOCK04/SES048/SA048S23	SES048	1.95195	16.4348	14.4829
BLOCK04/SES048/SA048S27	SES048	1.28821	18.2353	16.9471
BLOCK06/SES060/SA060S11	SES060	2.06987	17.807	15.7371
BLOCK06/SES060/SA060S12	SES060	0.607042	15.4019	14.7949
BLOCK06/SES060/SA060S22	SES060	0.819434	14.752	13.9326
BLOCK06/SES060/SA060S24	SES060	1.71414	17.4994	15.7853
BLOCK06/SES060/SA060S28	SES060	1.69473	19.5609	17.8662
BLOCK06/SES062/SA062S10	SES062	1.16355	17.1294	15.9658
BLOCK06/SES062/SA062S11	SES062	2.0072	17.1455	15.1383
BLOCK06/SES062/SA062S21	SES062	2.62263	20.3255	17.7028
BLOCK06/SES062/SA062S26	SES062	1.69917	18.4361	16.737
BLOCK06/SES062/SA062S29	SES062	2.29476	19.5345	17.2397
BLOCK06/SES068/SA068S14	SES068	0.505241	16.6432	16.138
BLOCK06/SES068/SA068S15	SES068	1.58119	18.392	16.8108
BLOCK06/SES068/SA068S23	SES068	1.2679	16.26	14.9921
BLOCK06/SES068/SA068S27	SES068	2.72114	19.1487	16.4276
BLOCK06/SES068/SA068S29	SES068	0.938275	16.6771	15.7388
BLOCK08/SES082/SA082S12	SES082	0.590459	14.9439	14.3534
BLOCK08/SES082/SA082S14	SES082	0.525448	14.933	14.4076
BLOCK08/SES082/SA082S21	SES082	0.650126	15.4302	14.7801
BLOCK08/SES082/SA082S24	SES082	0.675863	17.109	16.4331
BLOCK08/SES082/SA082S28	SES082	0.913676	15.6935	14.7799
BLOCK08/SES083/SA083S14	SES083	0.269358	15.9127	15.6433
BLOCK08/SES083/SA083S15	SES083	1.03292	17.2115	16.1785
BLOCK08/SES083/SA083S24	SES083	0.768867	16.4225	15.6537
BLOCK08/SES083/SA083S26	SES083	0.911867	16.1156	15.2037
BLOCK08/SES083/SA083S29	SES083	0.662037	16.9834	16.3214
BLOCK08/SES085/SA085S10	SES085	1.01687	16.9968	15.98
BLOCK08/SES085/SA085S13	SES085	0.877251	16.143	15.2658
BLOCK08/SES085/SA085S22	SES085	1.14388	17.751	16.6072
BLOCK08/SES085/SA085S26	SES085	0.937471	17.0384	16.1009
BLOCK08/SES085/SA085S28	SES085	1.56957	17.1614	15.5919
BLOCK08/SES087/SA087S15	SES087	1.60644	16.5191	14.9127
BLOCK08/SES087/SA087S16	SES087	1.78621	16.6074	14.8212
BLOCK08/SES087/SA087S24	SES087	2.03818	17.1667	15.1285
BLOCK08/SES087/SA087S26	SES087	1.34975	17.6243	16.2745
BLOCK08/SES087/SA087S29	SES087	2.07455	16.5515	14.477
BLOCK09/SES099/SA099S15	SES099	2.10148	16.3312	14.2297
BLOCK09/SES099/SA099S16	SES099	1.64354	16.125	14.4815
BLOCK09/SES099/SA099S24	SES099	1.65927	16.4934	14.8341
BLOCK09/SES099/SA099S26	SES099	2.14261	16.7376	14.595
BLOCK09/SES099/SA099S29	SES099	2.26489	17.4062	15.1414
BLOCK10/SES101/SA101S11	SES101	0.778565	16.3277	15.5491
BLOCK10/SES101/SA101S13	SES101	2.57669	18.8376	16.261
BLOCK10/SES101/SA101S22	SES101	1.25943	16.3808	15.1214
BLOCK10/SES101/SA101S24	SES101	1.37438	16.5776	15.2032
BLOCK10/SES101/SA101S28	SES101	0.859201	15.4909	14.6317
BLOCK10/SES104/SA104S11	SES104	2.29854	19.3625	17.0639
BLOCK10/SES104/SA104S12	SES104	2.1329	17.3635	15.2306
BLOCK10/SES104/SA104S21	SES104	1.62786	16.8698	15.242
BLOCK10/SES104/SA104S24	SES104	1.12554	16.6339	15.5084
BLOCK10/SES104/SA104S28	SES104	1.82172	17.8962	16.0745
BLOCK10/SES105/SA105S12	SES105	1.54918	15.0522	13.503
BLOCK10/SES105/SA105S13	SES105	1.80909	15.5655	13.7564
BLOCK10/SES105/SA105S22	SES105	1.25087	14.3613	13.1104
BLOCK10/SES105/SA105S26	SES105	1.82055	15.534	13.7135
BLOCK10/SES105/SA105S29	SES105	2.06134	16.4319	14.3705
BLOCK10/SES106/SA106S09	SES106	1.17149	14.8339	13.6625
BLOCK10/SES106/SA106S11	SES106	1.80032	16.8597	15.0594
BLOCK10/SES106/SA106S22	SES106	3.75397	17.5702	13.8163
BLOCK10/SES106/SA106S27	SES106	1.95746	16.1435	14.1861
BLOCK10/SES106/SA106S29	SES106	1.18793	15.4891	14.3012
BLOCK11/SES117/SA117S12	SES117	1.12816	15.9357	14.8076
BLOCK11/SES117/SA117S13	SES117	0.409002	15.8561	15.4471
BLOCK11/SES117/SA117S23	SES117	2.66877	15.0017	12.3329
BLOCK11/SES117/SA117S25	SES117	1.63231	15.1342	13.5019
BLOCK11/SES117/SA117S28	SES117	2.25397	14.8577	12.6038
BLOCK12/SES120/SA120S08	SES120	1.19486	13.8589	12.664
BLOCK12/SES120/SA120S11	SES120	1.07993	12.532	11.4521
BLOCK12/SES120/SA120S22	SES120	0.699678	15.9147	15.2151
BLOCK12/SES120/SA120S24	SES120	1.10488	14.7996	13.6947
BLOCK12/SES120/SA120S28	SES120	0.704601	12.7297	12.0251
BLOCK12/SES125/SA125S13	SES125	2.28384	17.054	14.7702
BLOCK12/SES125/SA125S14	SES125	1.20318	15.6152	14.412
BLOCK12/SES125/SA125S25	SES125	2.06913	17.5453	15.4761
BLOCK12/SES125/SA125S27	SES125	2.80058	18.8268	16.0263
BLOCK12/SES125/SA125S29	SES125	2.3559	17.1124	14.7565
BLOCK12/SES127/SA127S11	SES127	1.29425	15.8016	14.5073
BLOCK12/SES127/SA127S12	SES127	0.928027	16.6828	15.7548
BLOCK12/SES127/SA127S23	SES127	1.06062	16.4045	15.3438
BLOCK12/SES127/SA127S25	SES127	0.386587	15.2517	14.8651
BLOCK12/SES127/SA127S27	SES127	1.65073	16.7877	15.137
BLOCK12/SES129/SA129S11	SES129	2.03129	17.8686	15.8373
BLOCK12/SES129/SA129S12	SES129	1.87437	17.7742	15.8998
BLOCK12/SES129/SA129S22	SES129	1.65642	16.6646	15.0082
BLOCK12/SES129/SA129S27	SES129	2.15092	17.5027	15.3518
BLOCK12/SES129/SA129S29	SES129	1.95481	17.7535	15.7987
BLOCK14/SES142/SA142S11	SES142	3.28357	16.2092	12.9256
BLOCK14/SES142/SA142S12	SES142	1.92048	15.5414	13.6209
BLOCK14/SES142/SA142S24	SES142	2.58233	16.3744	13.7921
BLOCK14/SES142/SA142S27	SES142	2.55743	16.7815	14.224
BLOCK14/SES142/SA142S29	SES142	3.33014	16.2328	12.9027
BLOCK14/SES143/SA143S12	SES143	1.84543	15.8365	13.9911
BLOCK14/SES143/SA143S13	SES143	1.46355	15.4339	13.9704
BLOCK14/SES143/SA143S23	SES143	1.70757	15.4626	13.755
BLOCK14/SES143/SA143S25	SES143	1.79424	16.2594	14.4652
BLOCK14/SES143/SA143S28	SES143	1.64687	15.6554	14.0085
BLOCK14/SES144/SA144S09	SES144	1.43711	16.6536	15.2165
BLOCK14/SES144/SA144S11	SES144	1.34896	15.7704	14.4215
BLOCK14/SES144/SA144S21	SES144	0.504292	15.0578	14.5535
BLOCK14/SES144/SA144S25	SES144	0.858127	14.695	13.8369
BLOCK14/SES144/SA144S29	SES144	0.537514	15.9882	15.4507
BLOCK14/SES146/SA146S14	SES146	1.16136	14.6593	13.498
BLOCK14/SES146/SA146S15	SES146	0.853258	14.5989	13.7456
BLOCK14/SES146/SA146S24	SES146	1.37821	15.3089	13.9307
BLOCK14/SES146/SA146S26	SES146	1.66186	15.4464	13.7845
BLOCK14/SES146/SA146S29	SES146	1.37218	14.5288	13.1567
BLOCK14/SES147/SA147S11	SES147	2.62278	15.8116	13.1888
BLOCK14/SES147/SA147S13	SES147	2.61834	16.6767	14.0583
BLOCK14/SES147/SA147S23	SES147	0.879156	15.2506	14.3714
BLOCK14/SES147/SA147S26	SES147	1.89458	15.7368	13.8422
BLOCK14/SES147/SA147S28	SES147	1.9016	15.5317	13.6301
BLOCK14/SES148/SA148S10	SES148	1.64664	15.4367	13.79
BLOCK14/SES148/SA148S12	SES148	1.20125	14.5147	13.3135
BLOCK14/SES148/SA148S22	SES148	1.96516	16.9134	14.9483
BLOCK14/SES148/SA148S26	SES148	0.569489	15.6607	15.0913
BLOCK14/SES148/SA148S29	SES148	0.952267	15.3244	14.3721
BLOCK14/SES149/SA149S13	SES149	0.162801	15.5004	15.3376
BLOCK14/SES149/SA149S14	SES149	0.826125	16.8197	15.9935
BLOCK14/SES149/SA149S24	SES149	1.64877	17.326	15.6772
BLOCK14/SES149/SA149S26	SES149	2.01271	18.2093	16.1966
BLOCK14/SES149/SA149S28	SES149	2.80959	19.6779	16.8683
BLOCK15/SES158/SA158S13	SES158	1.91809	15.1135	13.1954
BLOCK15/SES158/SA158S14	SES158	3.33103	16.258	12.927
BLOCK15/SES158/SA158S23	SES158	2.10916	15.8978	13.7886
BLOCK15/SES158/SA158S26	SES158	3.05424	15.7145	12.6603
BLOCK15/SES158/SA158S28	SES158	1.18949	14.8957	13.7062
BLOCK16/SES162/SA162S10	SES162	1.07468	14.2151	13.1404
BLOCK16/SES162/SA162S11	SES162	1.23836	16.1636	14.9253
BLOCK16/SES162/SA162S21	SES162	1.95482	16.5121	14.5572
BLOCK16/SES162/SA162S24	SES162	1.32377	15.6194	14.2956
BLOCK16/SES162/SA162S27	SES162	1.87781	15.6159	13.7381
BLOCK16/SES167/SA167S14	SES167	1.69789	17.8837	16.1858
BLOCK16/SES167/SA167S15	SES167	1.52151	16.4367	14.9152
BLOCK16/SES167/SA167S21	SES167	2.56923	17.4552	14.8859
BLOCK16/SES167/SA167S25	SES167	3.03513	16.6626	13.6275
BLOCK16/SES167/SA167S29	SES167	3.12146	18.651	15.5296
BLOCK17/SES172/SA172S12	SES172	1.94273	17.0841	15.1413
BLOCK17/SES172/SA172S13	SES172	2.11364	16.4244	14.3107
BLOCK17/SES172/SA172S23	SES172	1.5583	17.6441	16.0858
BLOCK17/SES172/SA172S27	SES172	1.59682	16.7632	15.1664
BLOCK17/SES172/SA172S29	SES172	2.15939	17.1909	15.0315
BLOCK17/SES175/SA175S11	SES175	1.13342	16.2216	15.0882
BLOCK17/SES175/SA175S13	SES175	1.11498	16.1546	15.0397
BLOCK17/SES175/SA175S23	SES175	1.82037	16.4604	14.64
BLOCK17/SES175/SA175S25	SES175	0.895388	14.3645	13.4691
BLOCK17/SES175/SA175S28	SES175	1.51468	17.1985	15.6839
BLOCK17/SES177/SA177S15	SES177	0.964333	16.1603	15.1959
BLOCK17/SES177/SA177S17	SES177	0.903057	16.1231	15.22
BLOCK17/SES177/SA177S23	SES177	0.321392	15.1395	14.8181
BLOCK17/SES177/SA177S26	SES177	1.41055	18.1626	16.7521
BLOCK17/SES177/SA177S28	SES177	1.27419	16.8228	15.5486
BLOCK18/SES180/SA180S13	SES180	0.999154	15.5806	14.5815
BLOCK18/SES180/SA180S15	SES180	1.65541	15.9789	14.3235
BLOCK18/SES180/SA180S24	SES180	1.03504	17.0881	16.0531
BLOCK18/SES180/SA180S26	SES180	1.70102	16.916	15.215
BLOCK18/SES180/SA180S29	SES180	1.78613	16.384	14.5979
BLOCK18/SES183/SA183S13	SES183	1.7019	15.0391	13.3372
BLOCK18/SES183/SA183S14	SES183	0.0816774	13.9552	13.8735
BLOCK18/SES183/SA183S24	SES183	2.04512	14.3784	12.3333
BLOCK18/SES183/SA183S27	SES183	1.52509	14.9	13.3749
BLOCK18/SES183/SA183S29	SES183	0.864054	15.7638	14.8997
BLOCK18/SES187/SA187S13	SES187	0.611007	15.831	15.22
BLOCK18/SES187/SA187S14	SES187	0.950312	15.2315	14.2812
BLOCK18/SES187/SA187S24	SES187	2.73361	15.7141	12.9805
BLOCK18/SES187/SA187S27	SES187	1.64354	15.6818	14.0383
BLOCK18/SES187/SA187S29	SES187	1.38499	16.4471	15.0622
BLOCK18/SES189/SA189S10	SES189	3.71824	15.0012	11.283
BLOCK18/SES189/SA189S13	SES189	4.51407	14.7957	10.2816
BLOCK18/SES189/SA189S24	SES189	5.31019	15.0332	9.72298
BLOCK18/SES189/SA189S26	SES189	2.79513	15.6968	12.9017
BLOCK18/SES189/SA189S29	SES189	4.27845	15.4974	11.219
BLOCK20/SES202/SA202S12	SES202	1.72076	13.2189	11.4982
BLOCK20/SES202/SA202S14	SES202	3.04531	15.9776	12.9323
BLOCK20/SES202/SA202S24	SES202	1.89858	15.594	13.6954
BLOCK20/SES202/SA202S27	SES202	2.24308	17.4053	15.1622
BLOCK20/SES202/SA202S29	SES202	2.5764	16.8858	14.3094
BLOCK20/SES206/SA206S15	SES206	-0.0294218	15.8859	15.9153
BLOCK20/SES206/SA206S17	SES206	2.01108	18.1627	16.1516
BLOCK20/SES206/SA206S24	SES206	2.45796	18.7614	16.3034
BLOCK20/SES206/SA206S27	SES206	2.15879	17.4732	15.3144
BLOCK20/SES206/SA206S29	SES206	1.78876	18.5316	16.7428
BLOCK22/SES226/SA226S12	SES226	1.04891	16.0809	15.032
BLOCK22/SES226/SA226S13	SES226	-0.0751181	14.2851	14.3602
BLOCK22/SES226/SA226S20	SES226	0.731792	15.3169	14.5851
BLOCK22/SES226/SA226S23	SES226	1.38054	16.5216	15.141
BLOCK22/SES226/SA226S28	SES226	1.98371	17.1698	15.1861
BLOCK25/SES259/SA259S13	SES259	4.18217	18.599	14.4168
BLOCK25/SES259/SA259S14	SES259	2.88775	17.5233	14.6356
BLOCK25/SES259/SA259S22	SES259	2.85128	17.3633	14.5121
BLOCK25/SES259/SA259S24	SES259	2.58756	18.6994	16.1118
BLOCK25/SES259/SA259S28	SES259	2.27256	17.5075	15.2349
BLOCK27/SES270/SA270S14	SES270	2.5207	15.3498	12.8291
BLOCK27/SES270/SA270S16	SES270	0.611428	14.75	14.1386
BLOCK27/SES270/SA270S22	SES270	3.06617	16.7111	13.6449
BLOCK27/SES270/SA270S26	SES270	1.43087	14.0627	12.6318
BLOCK27/SES270/SA270S28	SES270	1.39277	15.7465	14.3537
BLOCK27/SES275/SA275S17	SES275	1.98813	16.3754	14.3873
BLOCK27/SES275/SA275S18	SES275	1.14501	15.949	14.8039
BLOCK27/SES275/SA275S24	SES275	1.21524	14.8798	13.6646
BLOCK27/SES275/SA275S26	SES275	1.69989	16.2926	14.5927
BLOCK27/SES275/SA275S28	SES275	0.929684	15.818	14.8883
BLOCK29/SES292/SA292S10	SES292	0.880755	15.6859	14.8052
BLOCK29/SES292/SA292S12	SES292	0.777989	15.7909	15.0129
BLOCK29/SES292/SA292S22	SES292	0.77156	16.458	15.6864
BLOCK29/SES292/SA292S24	SES292	0.530829	15.9152	15.3844
BLOCK29/SES292/SA292S27	SES292	0.541385	16.3962	15.8548
BLOCK00/SES001/SA001S14	SES062	-2.81977	10.8281	13.6479
BLOCK00/SES001/SA001S14	SES082	-2.70877	10.9391	13.6479
BLOCK00/SES001/SA001S14	SES106	-2.28438	11.3635	13.6479
BLOCK00/SES001/SA001S14	SES206	-2.21181	11.436	13.6479
BLOCK00/SES001/SA001S15	SES062	-3.28832	12.1142	15.4025
BLOCK00/SES001/SA001S15	SES104	-3.38756	12.0149	15.4025
BLOCK00/SES001/SA001S15	SES106	-2.25161	13.1509	15.4025
BLOCK00/SES001/SA001S15	SES206	-1.84299	13.5595	15.4025
BLOCK00/SES001/SA001S24	SES062	-3.22242	10.3376	13.56
BLOCK00/SES001/SA001S24	SES082	-2.63638	10.9237	13.56
BLOCK00/SES001/SA001S24	SES087	-2.64583	10.9142	13.56
BLOCK00/SES001/SA001S24	SES206	-2.43319	11.1269	13.56
BLOCK00/SES001/SA001S27	SES062	-2.21334	13.4141	15.6274
BLOCK00/SES001/SA001S27	SES082	-2.01297	13.6144	15.6274
BLOCK00/SES001/SA001S27	SES087	-1.80246	13.825	15.6274
BLOCK00/SES001/SA001S27	SES206	-2.09475	13.5327	15.6274
BLOCK00/SES001/SA001S29	SES062	-3.29957	10.5623	13.8618
BLOCK00/SES001/SA001S29	SES082	-1.92815	11.9337	13.8618
BLOCK00/SES001/SA001S29	SES158	-1.39069	12.4711	13.8618
BLOCK00/SES001/SA001S29	SES206	-2.52053	11.3413	13.8618
BLOCK00/SES003/SA003S11	SES002	-1.40877	13.7607	15.1695
BLOCK00/SES003/SA003S11	SES019	-1.95623	13.2132	15.1695
BLOCK00/SES003/SA003S11	SES082	-0.989069	14.1804	15.1695
BLOCK00/SES003/SA003S11	SES125	-1.95288	13.2166	15.1695
BLOCK00/SES003/SA003S15	SES016	-1.79333	14.1925	15.9858
BLOCK00/SES003/SA003S15	SES019	-2.41814	13.5677	15.9858
BLOCK00/SES003/SA003S15	SES062	-2.44918	13.5366	15.9858
BLOCK00/SES003/SA003S15	SES206	-1.76571	14.2201	15.9858
BLOCK00/SES003/SA003S22	SES002	-2.2676	12.9794	15.247
BLOCK00/SES003/SA003S22	SES062	-1.29561	13.9514	15.247
BLOCK00/SES003/SA003S22	SES082	-1.98124	13.2658	15.247
BLOCK00/SES003/SA003S22	SES087	-2.09847	13.1485	15.247
BLOCK00/SES003/SA003S25	SES062	-3.75062	11.234	14.9846
BLOCK00/SES003/SA003S25	SES082	-2.06834	12.9163	14.9846
BLOCK00/SES003/SA003S25	SES087	-1.75003	13.2346	14.9846
BLOCK00/SES003/SA003S25	SES206	-2.71091	12.2737	14.9846
BLOCK00/SES003/SA003S29	SES002	-1.87191	12.6531	14.525
BLOCK00/SES003/SA003S29	SES062	-3.11721	11.4078	14.525
BLOCK00/SES003/SA003S29	SES082	-1.33924	13.1858	14.525
BLOCK00/SES003/SA003S29	SES087	-2.29212	12.2329	14.525
BLOCK00/SES004/SA004S12	SES083	-1.97186	11.9819	13.9537
BLOCK00/SES004/SA004S12	SES148	-2.04538	11.9083	13.9537
BLOCK00/SES004/SA004S12	SES172	-0.641946	13.3118	13.9537
BLOCK00/SES004/SA004S12	SES292	-1.42655	12.5272	13.9537
BLOCK00/SES004/SA004S17	SES083	-1.87287	12.0581	13.931
BLOCK00/SES004/SA004S17	SES162	-1.21088	12.7201	13.931
BLOCK00/SES004/SA004S17	SES172	-0.96981	12.9612	13.931
BLOCK00/SES004/SA004S17	SES292	-1.58467	12.3463	13.931
BLOCK00/SES004/SA004S24	SES083	-1.97057	12.2323	14.2029
BLOCK00/SES004/SA004S24	SES148	-2.28491	11.9179	14.2029
BLOCK00/SES004/SA004S24	SES172	-0.590611	13.6122	14.2029
BLOCK00/SES004/SA004S24	SES292	-0.907595	13.2953	14.2029
BLOCK00/SES004/SA004S26	SES083	-2.24001	11.8355	14.0755
BLOCK00/SES004/SA004S26	SES127	-1.40871	12.6668	14.0755
BLOCK00/SES004/SA004S26	SES148	-3.66078	10.4147	14.0755
BLOCK00/SES004/SA004S26	SES292	-2.17807	11.8974	14.0755
BLOCK00/SES004/SA004S28	SES083	-1.3453	14.086	15.4313
BLOCK00/SES004/SA004S28	SES127	-0.772765	14.6585	15.4313
BLOCK00/SES004/SA004S28	SES187	-0.514781	14.9165	15.4313
BLOCK00/SES004/SA004S28	SES292	-1.44645	13.9849	15.4313
BLOCK00/SES006/SA006S10	SES014	-4.25165	7.63029	11.8819
BLOCK00/SES006/SA006S10	SES158	-2.78903	9.09291	11.8819
BLOCK00/SES006/SA006S10	SES226	-4.48753	7.39441	11.8819
BLOCK00/SES006/SA006S10	SES270	-1.28493	10.597	11.8819
BLOCK00/SES006/SA006S11	SES158	-2.15749	10.0581	12.2156
BLOCK00/SES006/SA006S11	SES226	-3.52751	8.6881	12.2156
BLOCK00/SES006/SA006S11	SES270	-1.8879	10.3277	12.2156
BLOCK00/SES006/SA006S11	SES275	-2.51818	9.69742	12.2156
BLOCK00/SES006/SA006S23	SES062	-2.98633	11.1977	14.184
BLOCK00/SES006/SA006S23	SES105	-4.18094	10.0031	14.184
BLOCK00/SES006/SA006S23	SES158	-2.38284	11.8012	14.184
BLOCK00/SES006/SA006S23	SES275	-2.56811	11.6159	14.184
BLOCK00/SES006/SA006S26	SES104	-4.27839	9.38901	13.6674
BLOCK00/SES006/SA006S26	SES158	-1.82127	11.8461	13.6674
BLOCK00/SES006/SA006S26	SES270	-1.04427	12.6231	13.6674
BLOCK00/SES006/SA006S26	SES275	-2.89602	10.7714	13.6674
BLOCK00/SES006/SA006S28	SES007	-2.988	9.26869	12.2567
BLOCK00/SES006/SA006S28	SES105	-3.27522	8.98147	12.2567
BLOCK00/SES006/SA006S28	SES158	-2.29505	9.96164	12.2567
BLOCK00/SES006/SA006S28	SES275	-3.02844	9.22825	12.2567
BLOCK00/SES009/SA009S12	SES083	-2.38185	13.2009	15.5827
BLOCK00/SES009/SA009S12	SES148	-2.73544	12.8473	15.5827
BLOCK00/SES009/SA009S12	SES177	-1.19762	14.3851	15.5827
BLOCK00/SES009/SA009S12	SES292	-1.72381	13.8589	15.5827
BLOCK00/SES009/SA009S15	SES007	-0.587672	15.7376	16.3253
BLOCK00/SES009/SA009S15	SES099	-3.67972	12.6455	16.3253
BLOCK00/SES009/SA009S15	SES148	-2.58206	13.7432	16.3253
BLOCK00/SES009/SA009S15	SES172	-1.64676	14.6785	16.3253
BLOCK00/SES009/SA009S24	SES146	-1.27739	14.6299	15.9073
BLOCK00/SES009/SA009S24	SES148	-2.46734	13.4399	15.9073
BLOCK00/SES009/SA009S24	SES177	-0.316229	15.591	15.9073
BLOCK00/SES009/SA009S24	SES292	-1.42026	14.487	15.9073
BLOCK00/SES009/SA009S26	SES083	-2.38583	12.7184	15.1042
BLOCK00/SES009/SA009S26	SES101	-2.32924	12.775	15.1042
BLOCK00/SES009/SA009S26	SES120	-1.64667	13.4575	15.1042
BLOCK00/SES009/SA009S26	SES177	-0.743565	14.3607	15.1042
BLOCK00/SES009/SA009S29	SES083	-1.83081	14.1241	15.9549
BLOCK00/SES009/SA009S29	SES101	-1.9342	14.0207	15.9549
BLOCK00/SES009/SA009S29	SES177	-0.922794	15.0322	15.9549
BLOCK00/SES009/SA009S29	SES292	-1.3008	14.6541	15.9549
BLOCK01/SES011/SA011S10	SES019	-1.662	13.8767	15.5387
BLOCK01/SES011/SA011S10	SES042	-0.470032	15.0687	15.5387
BLOCK01/SES011/SA011S10	SES082	-2.13303	13.4057	15.5387
BLOCK01/SES011/SA011S10	SES206	-2.03691	13.5018	15.5387
BLOCK01/SES011/SA011S11	SES019	-1.87448	12.4277	14.3022
BLOCK01/SES011/SA011S11	SES042	-1.3782	12.924	14.3022
BLOCK01/SES011/SA011S11	SES082	-1.84594	12.4563	14.3022
BLOCK01/SES011/SA011S11	SES206	-2.36557	11.9366	14.3022
BLOCK01/SES011/SA011S22	SES019	-1.00198	13.2378	14.2397
BLOCK01/SES011/SA011S22	SES042	-0.106802	14.1329	14.2397
BLOCK01/SES011/SA011S22	SES082	-1.82767	12.4121	14.2397
BLOCK01/SES011/SA011S22	SES206	-2.41032	11.8294	14.2397
BLOCK01/SES011/SA011S24	SES019	-2.18497	12.8678	15.0528
BLOCK01/SES011/SA011S24	SES042	-0.257346	14.7955	15.0528
BLOCK01/SES011/SA011S24	SES104	-2.10561	12.9472	15.0528
BLOCK01/SES011/SA011S24	SES206	-1.56863	13.4842	15.0528
BLOCK01/SES011/SA011S27	SES082	-0.831356	13.847	14.6784
BLOCK01/SES011/SA011S27	SES087	-2.2393	12.4391	14.6784
BLOCK01/SES011/SA011S27	SES125	-1.6777	13.0007	14.6784
BLOCK01/SES011/SA011S27	SES206	-1.71495	12.9634	14.6784
BLOCK01/SES012/SA012S11	SES007	-1.04298	15.7004	16.7434
BLOCK01/SES012/SA012S11	SES082	-1.92911	14.8143	16.7434
BLOCK01/SES012/SA012S11	SES083	-2.12796	14.6154	16.7434
BLOCK01/SES012/SA012S11	SES206	-1.68676	15.0566	16.7434
BLOCK01/SES012/SA012S14	SES082	-1.27033	15.0276	16.298
BLOCK01/SES012/SA012S14	SES087	-2.72332	13.5746	16.298
BLOCK01/SES012/SA012S14	SES206	-1.41136	14.8866	16.298
BLOCK01/SES012/SA012S14	SES292	-2.04981	14.2481	16.298
BLOCK01/SES012/SA012S24	SES082	-0.611704	14.6368	15.2485
BLOCK01/SES012/SA012S24	SES087	-2.20669	13.0418	15.2485
BLOCK01/SES012/SA012S24	SES120	-2.3094	12.9391	15.2485
BLOCK01/SES012/SA012S24	SES206	-1.42066	13.8278	15.2485
BLOCK01/SES012/SA012S26	SES019	-4.60855	12.4852	17.0938
BLOCK01/SES012/SA012S26	SES082	-2.4479	14.6459	17.0938
BLOCK01/SES012/SA012S26	SES206	-0.847879	16.2459	17.0938
BLOCK01/SES012/SA012S26	SES292	-1.51454	15.5792	17.0938
BLOCK01/SES012/SA012S29	SES062	-1.62351	14.943	16.5665
BLOCK01/SES012/SA012S29	SES082	-1.14307	15.4234	16.5665
BLOCK01/SES012/SA012S29	SES083	-2.41529	14.1512	16.5665
BLOCK01/SES012/SA012S29	SES206	-1.15589	15.4106	16.5665
BLOCK01/SES013/SA013S16	SES062	-3.55149	11.3669	14.9184
BLOCK01/SES013/SA013S16	SES106	-2.1781	12.7403	14.9184
BLOCK01/SES013/SA013S16	SES206	-2.05204	12.8664	14.9184
BLOCK01/SES013/SA013S16	SES226	-1.60504	13.3134	14.9184
BLOCK01/SES013/SA013S17	SES062	-2.98078	13.6847	16.6655
BLOCK01/SES013/SA013S17	SES106	-3.22496	13.4405	16.6655
BLOCK01/SES013/SA013S17	SES206	-1.50472	15.1608	16.6655
BLOCK01/SES013/SA013S17	SES226	-1.37134	15.2942	16.6655
BLOCK01/SES013/SA013S23	SES104	-2.67574	12.7105	15.3863
BLOCK01/SES013/SA013S23	SES106	-2.06859	13.3177	15.3863
BLOCK01/SES013/SA013S23	SES206	-1.86327	13.523	15.3863
BLOCK01/SES013/SA013S23	SES270	-1.54782	13.8384	15.3863
BLOCK01/SES013/SA013S25	SES042	-2.49765	14.3329	16.8306
BLOCK01/SES013/SA013S25	SES104	-2.20294	14.6276	16.8306
BLOCK01/SES013/SA013S25	SES106	-1.94126	14.8893	16.8306
BLOCK01/SES013/SA013S25	SES206	-1.85889	14.9717	16.8306
BLOCK01/SES013/SA013S29	SES062	-4.00612	11.9448	15.951
BLOCK01/SES013/SA013S29	SES104	-3.45578	12.4952	15.951
BLOCK01/SES013/SA013S29	SES106	-2.11957	13.8314	15.951
BLOCK01/SES013/SA013S29	SES206	-2.15099	13.8	15.951
BLOCK02/SES021/SA021S13	SES016	-3.02854	13.5938	16.6223
BLOCK02/SES021/SA021S13	SES029	-1.74053	14.8818	16.6223
BLOCK02/SES021/SA021S13	SES087	-1.94373	14.6786	16.6223
BLOCK02/SES021/SA021S13	SES206	-1.38422	15.2381	16.6223
BLOCK02/SES021/SA021S15	SES087	-1.26541	16.4834	17.7488
BLOCK02/SES021/SA021S15	SES125	-1.35328	16.3955	17.7488
BLOCK02/SES021/SA021S15	SES206	-1.38837	16.3605	17.7488
BLOCK02/SES021/SA021S15	SES226	-2.20643	15.5424	17.7488
BLOCK02/SES021/SA021S23	SES062	-2.9991	11.8256	14.8247
BLOCK02/SES021/SA021S23	SES087	-1.44134	13.3834	14.8247
BLOCK02/SES021/SA021S23	SES206	-1.98635	12.8384	14.8247
BLOCK02/SES021/SA021S23	SES226	-1.83057	12.9941	14.8247
BLOCK02/SES021/SA021S27	SES002	-0.95155	15.7069	16.6585
BLOCK02/SES021/SA021S27	SES016	-4.76761	11.8909	16.6585
BLOCK02/SES021/SA021S27	SES019	-2.21985	14.4386	16.6585
BLOCK02/SES021/SA021S27	SES062	-1.9126	14.7459	16.6585
BLOCK02/SES021/SA021S29	SES087	-1.54799	15.2919	16.8399
BLOCK02/SES021/SA021S29	SES125	-0.974031	15.8659	16.8399
BLOCK02/SES021/SA021S29	SES206	-1.53763	15.3023	16.8399
BLOCK02/SES021/SA021S29	SES226	-2.18481	14.6551	16.8399
BLOCK04/SES043/SA043S09	SES083	-1.34485	12.6166	13.9615
BLOCK04/SES043/SA043S09	SES101	-1.43504	12.5264	13.9615
BLOCK04/SES043/SA043S09	SES144	-0.740981	13.2205	13.9615
BLOCK04/SES043/SA043S09	SES172	-1.81748	12.144	13.9615
BLOCK04/SES043/SA043S11	SES083	-0.851184	14.6903	15.5415
BLOCK04/SES043/SA043S11	SES101	-1.50666	14.0349	15.5415
BLOCK04/SES043/SA043S11	SES144	-0.282747	15.2588	15.5415
BLOCK04/SES043/SA043S11	SES172	-1.52903	14.0125	15.5415
BLOCK04/SES043/SA043S23	SES083	-1.36281	13.6065	14.9693
BLOCK04/SES043/SA043S23	SES144	-0.269711	14.6996	14.9693
BLOCK04/SES043/SA043S23	SES177	-1.30746	13.6618	14.9693
BLOCK04/SES043/SA043S23	SES275	-0.935987	14.0333	14.9693
BLOCK04/SES043/SA043S26	SES083	-1.67795	12.5826	14.2606
BLOCK04/SES043/SA043S26	SES101	-1.45212	12.8084	14.2606
BLOCK04/SES043/SA043S26	SES144	-0.0724754	14.1881	14.2606
BLOCK04/SES043/SA043S26	SES177	-1.59268	12.6679	14.2606
BLOCK04/SES043/SA043S28	SES016	-2.08505	13.6049	15.69
BLOCK04/SES043/SA043S28	SES083	-0.81652	14.8735	15.69
BLOCK04/SES043/SA043S28	SES101	-0.703177	14.9868	15.69
BLOCK04/SES043/SA043S28	SES144	-0.933167	14.7568	15.69
BLOCK04/SES044/SA044S10	SES127	-2.87729	9.05266	11.9299
BLOCK04/SES044/SA044S10	SES144	-0.441379	11.4886	11.9299
BLOCK04/SES044/SA044S10	SES147	-2.84951	9.08043	11.9299
BLOCK04/SES044/SA044S10	SES148	-3.15078	8.77916	11.9299
BLOCK04/SES044/SA044S11	SES101	-0.788709	12.569	13.3577
BLOCK04/SES044/SA044S11	SES144	-0.140079	13.2176	13.3577
BLOCK04/SES044/SA044S11	SES147	-2.53328	10.8244	13.3577
BLOCK04/SES044/SA044S11	SES177	-2.05762	11.3	13.3577
BLOCK04/SES044/SA044S24	SES007	-2.5092	11.9238	14.433
BLOCK04/SES044/SA044S24	SES101	-1.35083	13.0822	14.433
BLOCK04/SES044/SA044S24	SES147	-3.01345	11.4195	14.433
BLOCK04/SES044/SA044S24	SES177	-1.96996	12.463	14.433
BLOCK04/SES044/SA044S26	SES007	-1.76455	12.629	14.3935
BLOCK04/SES044/SA044S26	SES016	-1.51053	12.883	14.3935
BLOCK04/SES044/SA044S26	SES101	-1.19965	13.1939	14.3935
BLOCK04/SES044/SA044S26	SES147	-1.17021	13.2233	14.3935
BLOCK04/SES044/SA044S29	SES007	-2.2963	11.793	14.0893
BLOCK04/SES044/SA044S29	SES101	-0.206853	13.8824	14.0893
BLOCK04/SES044/SA044S29	SES147	-1.93257	12.1567	14.0893
BLOCK04/SES044/SA044S29	SES177	-1.9166	12.1727	14.0893
BLOCK04/SES046/SA046S13	SES101	-1.01483	12.7562	13.7711
BLOCK04/SES046/SA046S13	SES144	-0.787008	12.9841	13.7711
BLOCK04/SES046/SA046S13	SES147	-1.83669	11.9344	13.7711
BLOCK04/SES046/SA046S13	SES177	-1.66215	12.1089	13.7711
BLOCK04/SES046/SA046S15	SES048	-0.339377	15.1544	15.4938
BLOCK04/SES046/SA046S15	SES083	-0.819598	14.6742	15.4938
BLOCK04/SES046/SA046S15	SES120	-2.47976	13.014	15.4938
BLOCK04/SES046/SA046S15	SES148	-1.67003	13.8238	15.4938
BLOCK04/SES046/SA046S22	SES101	-0.676173	13.4023	14.0784
BLOCK04/SES046/SA046S22	SES144	-0.772022	13.3064	14.0784
BLOCK04/SES046/SA046S22	SES147	-2.63641	11.442	14.0784
BLOCK04/SES046/SA046S22	SES172	-0.982106	13.0963	14.0784
BLOCK04/SES046/SA046S25	SES083	-1.36122	12.3657	13.7269
BLOCK04/SES046/SA046S25	SES127	-1.51333	12.2136	13.7269
BLOCK04/SES046/SA046S25	SES144	-1.91986	11.807	13.7269
BLOCK04/SES046/SA046S25	SES148	-1.71067	12.0162	13.7269
BLOCK04/SES046/SA046S28	SES007	-1.84488	11.6372	13.4821
BLOCK04/SES046/SA046S28	SES105	-2.2726	11.2095	13.4821
BLOCK04/SES046/SA046S28	SES147	-1.42663	12.0555	13.4821
BLOCK04/SES046/SA046S28	SES148	-0.839991	12.6421	13.4821
BLOCK04/SES049/SA049S16	SES104	-3.08842	10.9788	14.0672
BLOCK04/SES049/SA049S16	SES106	-1.89806	12.1692	14.0672
BLOCK04/SES049/SA049S16	SES120	-2.4383	11.6289	14.0672
BLOCK04/SES049/SA049S16	SES206	-1.66786	12.3994	14.0672
BLOCK04/SES049/SA049S18	SES099	-0.885987	12.5289	13.4149
BLOCK04/SES049/SA049S18	SES104	-2.61655	10.7984	13.4149
BLOCK04/SES049/SA049S18	SES125	-2.71336	10.7016	13.4149
BLOCK04/SES049/SA049S18	SES206	-2.07876	11.3362	13.4149
BLOCK04/SES049/SA049S25	SES087	-1.99921	12.6567	14.6559
BLOCK04/SES049/SA049S25	SES104	-0.737868	13.918	14.6559
BLOCK04/SES049/SA049S25	SES125	-1.9321	12.7238	14.6559
BLOCK04/SES049/SA049S25	SES206	-0.929585	13.7263	14.6559
BLOCK04/SES049/SA049S27	SES099	-0.921615	13.2932	14.2148
BLOCK04/SES049/SA049S27	SES104	-1.39214	12.8227	14.2148
BLOCK04/SES049/SA049S27	SES125	-2.27615	11.9387	14.2148
BLOCK04/SES049/SA049S27	SES206	-1.59027	12.6246	14.2148
BLOCK04/SES049/SA049S29	SES099	-0.718523	15.1867	15.9052
BLOCK04/SES049/SA049S29	SES104	-1.02139	14.8839	15.9052
BLOCK04/SES049/SA049S29	SES125	-1.59266	14.3126	15.9052
BLOCK04/SES049/SA049S29	SES206	-0.672264	15.233	15.9052
BLOCK06/SES063/SA063S09	SES068	-1.65742	14.3506	16.008
BLOCK06/SES063/SA063S09	SES083	-0.885021	15.123	16.008
BLOCK06/SES063/SA063S09	SES177	-1.16812	14.8399	16.008
BLOCK06/SES063/SA063S09	SES187	-1.34741	14.6606	16.008
BLOCK06/SES063/SA063S10	SES068	-2.31615	13.3861	15.7022
BLOCK06/SES063/SA063S10	SES083	-1.43137	14.2709	15.7022
BLOCK06/SES063/SA063S10	SES172	-1.84595	13.8563	15.7022
BLOCK06/SES063/SA063S10	SES187	-1.92459	13.7776	15.7022
BLOCK06/SES063/SA063S20	SES068	-1.92123	13.0846	15.0058
BLOCK06/SES063/SA063S20	SES083	-1.52697	13.4788	15.0058
BLOCK06/SES063/SA063S20	SES172	-1.21447	13.7913	15.0058
BLOCK06/SES063/SA063S20	SES187	-1.00945	13.9963	15.0058
BLOCK06/SES063/SA063S24	SES029	-2.77937	12.8472	15.6266
BLOCK06/SES063/SA063S24	SES083	-0.83025	14.7964	15.6266
BLOCK06/SES063/SA063S24	SES177	-1.45268	14.1739	15.6266
BLOCK06/SES063/SA063S24	SES189	-0.999604	14.627	15.6266
BLOCK06/SES063/SA063S27	SES083	-1.10851	14.0723	15.1808
BLOCK06/SES063/SA063S27	SES172	-1.99047	13.1903	15.1808
BLOCK06/SES063/SA063S27	SES187	-1.60861	13.5722	15.1808
BLOCK06/SES063/SA063S27	SES292	-1.28231	13.8985	15.1808
BLOCK06/SES067/SA067S12	SES083	-1.91903	13.858	15.777
BLOCK06/SES067/SA067S12	SES172	-1.88834	13.8887	15.777
BLOCK06/SES067/SA067S12	SES202	-1.05659	14.7204	15.777
BLOCK06/SES067/SA067S12	SES292	-1.62044	14.1566	15.777
BLOCK06/SES067/SA067S14	SES085	-1.63922	15.0313	16.6706
BLOCK06/SES067/SA067S14	SES177	-1.44702	15.2235	16.6706
BLOCK06/SES067/SA067S14	SES183	-0.654072	16.0165	16.6706
BLOCK06/SES067/SA067S14	SES202	-1.08735	15.5832	16.6706
BLOCK06/SES067/SA067S21	SES144	-0.778461	14.4405	15.2189
BLOCK06/SES067/SA067S21	SES177	-1.30967	13.9093	15.2189
BLOCK06/SES067/SA067S21	SES183	-0.538167	14.6808	15.2189
BLOCK06/SES067/SA067S21	SES189	-0.749285	14.4696	15.2189
BLOCK06/SES067/SA067S25	SES085	-0.583816	14.9342	15.518
BLOCK06/SES067/SA067S25	SES177	-1.23566	14.2823	15.518
BLOCK06/SES067/SA067S25	SES183	-0.753748	14.7642	15.518
BLOCK06/SES067/SA067S25	SES202	-1.44835	14.0696	15.518
BLOCK06/SES067/SA067S29	SES085	-1.4474	14.4193	15.8667
BLOCK06/SES067/SA067S29	SES177	-1.54815	14.3186	15.8667
BLOCK06/SES067/SA067S29	SES183	-0.250682	15.616	15.8667
BLOCK06/SES067/SA067S29	SES202	-0.787877	15.0788	15.8667
BLOCK06/SES069/SA069S12	SES029	-2.70541	13.7476	16.453
BLOCK06/SES069/SA069S12	SES082	-0.61937	15.8336	16.453
BLOCK06/SES069/SA069S12	SES087	-1.6491	14.8039	16.453
BLOCK06/SES069/SA069S12	SES206	-1.2213	15.2317	16.453
BLOCK06/SES069/SA069S13	SES029	-3.29301	12.9767	16.2697
BLOCK06/SES069/SA069S13	SES087	-1.58404	14.6857	16.2697
BLOCK06/SES069/SA069S13	SES206	-1.41042	14.8593	16.2697
BLOCK06/SES069/SA069S13	SES226	-0.736732	15.533	16.2697
BLOCK06/SES069/SA069S23	SES029	-1.13206	16.5157	17.6477
BLOCK06/SES069/SA069S23	SES087	-0.948639	16.6991	17.6477
BLOCK06/SES069/SA069S23	SES206	-1.57438	16.0733	17.6477
BLOCK06/SES069/SA069S23	SES226	-0.489344	17.1584	17.6477
BLOCK06/SES069/SA069S25	SES087	-1.32622	15.7009	17.0271
BLOCK06/SES069/SA069S25	SES206	-2.71542	14.3117	17.0271
BLOCK06/SES069/SA069S25	SES226	-1.42633	15.6008	17.0271
BLOCK06/SES069/SA069S25	SES270	-2.04719	14.9799	17.0271
BLOCK06/SES069/SA069S27	SES087	-2.31218	14.517	16.8291
BLOCK06/SES069/SA069S27	SES206	-1.22643	15.6027	16.8291
BLOCK06/SES069/SA069S27	SES226	-0.96771	15.8614	16.8291
BLOCK06/SES069/SA069S27	SES270	-1.53453	15.2946	16.8291
BLOCK08/SES081/SA081S11	SES060	-2.46242	11.85	14.3124
BLOCK08/SES081/SA081S11	SES062	-2.0105	12.3019	14.3124
BLOCK08/SES081/SA081S11	SES117	-2.80284	11.5096	14.3124
BLOCK08/SES081/SA081S11	SES162	-1.712	12.6004	14.3124
BLOCK08/SES081/SA081S13	SES016	-1.24792	14.7398	15.9877
BLOCK08/SES081/SA081S13	SES060	-0.110848	15.8768	15.9877
BLOCK08/SES081/SA081S13	SES068	-0.511626	15.4761	15.9877
BLOCK08/SES081/SA081S13	SES129	-1.99463	13.9931	15.9877
BLOCK08/SES081/SA081S24	SES060	-0.374915	14.4953	14.8702
BLOCK08/SES081/SA081S24	SES068	-0.918692	13.9515	14.8702
BLOCK08/SES081/SA081S24	SES117	-1.98392	12.8862	14.8702
BLOCK08/SES081/SA081S24	SES275	-1.58372	13.2864	14.8702
BLOCK08/SES081/SA081S27	SES007	-0.987251	12.7976	13.7848
BLOCK08/SES081/SA081S27	SES060	-1.83714	11.9477	13.7848
BLOCK08/SES081/SA081S27	SES117	-0.78245	13.0024	13.7848
BLOCK08/SES081/SA081S27	SES275	-1.05891	12.7259	13.7848
BLOCK08/SES081/SA081S29	SES007	-0.553593	14.7247	15.2783
BLOCK08/SES081/SA081S29	SES060	-0.679773	14.5985	15.2783
BLOCK08/SES081/SA081S29	SES117	-1.46113	13.8171	15.2783
BLOCK08/SES081/SA081S29	SES275	-1.27295	14.0053	15.2783
BLOCK08/SES086/SA086S11	SES029	-4.47941	9.47129	13.9507
BLOCK08/SES086/SA086S11	SES082	-1.98473	11.966	13.9507
BLOCK08/SES086/SA086S11	SES087	-0.853899	13.0968	13.9507
BLOCK08/SES086/SA086S11	SES206	-2.23193	11.7188	13.9507
BLOCK08/SES086/SA086S12	SES029	-2.76384	12.5569	15.3208
BLOCK08/SES086/SA086S12	SES082	-2.23007	13.0907	15.3208
BLOCK08/SES086/SA086S12	SES087	-0.0981064	15.2227	15.3208
BLOCK08/SES086/SA086S12	SES206	-1.97942	13.3413	15.3208
BLOCK08/SES086/SA086S20	SES029	-3.95144	12.2243	16.1757
BLOCK08/SES086/SA086S20	SES082	-2.51879	13.6569	16.1757
BLOCK08/SES086/SA086S20	SES087	-0.10339	16.0723	16.1757
BLOCK08/SES086/SA086S20	SES206	-1.31118	14.8645	16.1757
BLOCK08/SES086/SA086S24	SES087	-0.507453	14.4663	14.9738
BLOCK08/SES086/SA086S24	SES104	-2.1227	12.8511	14.9738
BLOCK08/SES086/SA086S24	SES120	-2.44853	12.5252	14.9738
BLOCK08/SES086/SA086S24	SES206	-0.370086	14.6037	14.9738
BLOCK08/SES086/SA086S28	SES029	-3.0124	12.6762	15.6886
BLOCK08/SES086/SA086S28	SES082	-1.9946	13.694	15.6886
BLOCK08/SES086/SA086S28	SES087	-0.993051	14.6955	15.6886
BLOCK08/SES086/SA086S28	SES206	-1.35729	14.3313	15.6886
BLOCK08/SES089/SA089S13	SES087	-1.59785	13.0165	14.6144
BLOCK08/SES089/SA089S13	SES206	-1.83878	12.7756	14.6144
BLOCK08/SES089/SA089S13	SES226	-1.52614	13.0882	14.6144
BLOCK08/SES089/SA089S13	SES270	-2.4033	12.211	14.6144
BLOCK08/SES089/SA089S14	SES062	-2.63813	12.3474	14.9855
BLOCK08/SES089/SA089S14	SES087	-0.944451	14.0411	14.9855
BLOCK08/SES089/SA089S14	SES206	-1.05351	13.932	14.9855
BLOCK08/SES089/SA089S14	SES226	-1.26895	13.7166	14.9855
BLOCK08/SES089/SA089S23	SES087	-1.38059	12.0158	13.3964
BLOCK08/SES089/SA089S23	SES206	-1.61511	11.7813	13.3964
BLOCK08/SES089/SA089S23	SES226	-1.22745	12.1689	13.3964
BLOCK08/SES089/SA089S23	SES270	-1.88241	11.5139	13.3964
BLOCK08/SES089/SA089S25	SES062	-2.90172	12.245	15.1467
BLOCK08/SES089/SA089S25	SES087	-1.40419	13.7425	15.1467
BLOCK08/SES089/SA089S25	SES206	-2.24788	12.8988	15.1467
BLOCK08/SES089/SA089S25	SES226	-1.53798	13.6087	15.1467
BLOCK08/SES089/SA089S28	SES062	-1.95169	13.0171	14.9688
BLOCK08/SES089/SA089S28	SES087	-0.311029	14.6577	14.9688
BLOCK08/SES089/SA089S28	SES206	-1.12879	13.84	14.9688
BLOCK08/SES089/SA089S28	SES226	-0.736761	14.232	14.9688
BLOCK09/SES097/SA097S11	SES099	-0.479738	14.0824	14.5621
BLOCK09/SES097/SA097S11	SES125	-2.1039	12.4582	14.5621
BLOCK09/SES097/SA097S11	SES206	-1.44282	13.1193	14.5621
BLOCK09/SES097/SA097S11	SES226	-0.850896	13.7112	14.5621
BLOCK09/SES097/SA097S14	SES062	-1.84526	12.3725	14.2177
BLOCK09/SES097/SA097S14	SES099	-0.863403	13.3543	14.2177
BLOCK09/SES097/SA097S14	SES104	-1.79655	12.4212	14.2177
BLOCK09/SES097/SA097S14	SES206	-2.80091	11.4168	14.2177
BLOCK09/SES097/SA097S22	SES099	0.367808	15.1611	14.7933
BLOCK09/SES097/SA097S22	SES206	-1.54424	13.249	14.7933
BLOCK09/SES097/SA097S22	SES226	-2.12915	12.6641	14.7933
BLOCK09/SES097/SA097S22	SES270	-0.536193	14.2571	14.7933
BLOCK09/SES097/SA097S26	SES099	-0.924493	14.681	15.6055
BLOCK09/SES097/SA097S26	SES120	-2.69712	12.9084	15.6055
BLOCK09/SES097/SA097S26	SES206	-2.48713	13.1184	15.6055
BLOCK09/SES097/SA097S26	SES226	-3.35657	12.2489	15.6055
BLOCK09/SES097/SA097S28	SES099	-0.897925	13.8355	14.7334
BLOCK09/SES097/SA097S28	SES120	-1.96013	12.7733	14.7334
BLOCK09/SES097/SA097S28	SES206	-2.27492	12.4585	14.7334
BLOCK09/SES097/SA097S28	SES226	-2.97128	11.7621	14.7334
BLOCK09/SES098/SA098S11	SES127	-1.99723	11.3652	13.3624
BLOCK09/SES098/SA098S11	SES144	-2.15281	11.2096	13.3624
BLOCK09/SES098/SA098S11	SES147	-1.03383	12.3286	13.3624
BLOCK09/SES098/SA098S11	SES148	-2.85498	10.5074	13.3624
BLOCK09/SES098/SA098S12	SES127	-2.66219	9.73217	12.3944
BLOCK09/SES098/SA098S12	SES144	-2.75506	9.6393	12.3944
BLOCK09/SES098/SA098S12	SES147	-1.31003	11.0843	12.3944
BLOCK09/SES098/SA098S12	SES189	-1.10232	11.292	12.3944
BLOCK09/SES098/SA098S20	SES127	-3.12418	10.7607	13.8849
BLOCK09/SES098/SA098S20	SES147	-1.66808	12.2168	13.8849
BLOCK09/SES098/SA098S20	SES148	-2.64295	11.242	13.8849
BLOCK09/SES098/SA098S20	SES292	-1.45581	12.4291	13.8849
BLOCK09/SES098/SA098S23	SES127	-1.84298	12.7976	14.6406
BLOCK09/SES098/SA098S23	SES147	-1.50886	13.1317	14.6406
BLOCK09/SES098/SA098S23	SES187	-1.2822	13.3584	14.6406
BLOCK09/SES098/SA098S23	SES292	-1.07598	13.5646	14.6406
BLOCK09/SES098/SA098S27	SES127	-2.74449	10.4136	13.1581
BLOCK09/SES098/SA098S27	SES147	-2.64966	10.5084	13.1581
BLOCK09/SES098/SA098S27	SES148	-2.9021	10.256	13.1581
BLOCK09/SES098/SA098S27	SES292	-1.5324	11.6257	13.1581
BLOCK10/SES102/SA102S13	SES101	-0.685861	12.4198	13.1056
BLOCK10/SES102/SA102S13	SES105	-1.14051	11.9651	13.1056
BLOCK10/SES102/SA102S13	SES120	-2.33157	10.774	13.1056
BLOCK10/SES102/SA102S13	SES158	-3.13927	9.96635	13.1056
BLOCK10/SES102/SA102S14	SES007	-0.618155	14.7369	15.355
BLOCK10/SES102/SA102S14	SES101	-0.0946693	15.2604	15.355
BLOCK10/SES102/SA102S14	SES105	-0.242203	15.1128	15.355
BLOCK10/SES102/SA102S14	SES147	-3.28203	12.073	15.355
BLOCK10/SES102/SA102S22	SES007	-1.66848	13.2365	14.905
BLOCK10/SES102/SA102S22	SES101	-0.134635	14.7703	14.905
BLOCK10/SES102/SA102S22	SES105	-0.493288	14.4117	14.905
BLOCK10/SES102/SA102S22	SES158	-2.43661	12.4683	14.905
BLOCK10/SES102/SA102S25	SES007	-0.792969	14.5637	15.3567
BLOCK10/SES102/SA102S25	SES101	-0.00745773	15.3492	15.3567
BLOCK10/SES102/SA102S25	SES105	-0.728817	14.6278	15.3567
BLOCK10/SES102/SA102S25	SES147	-3.41887	11.9378	15.3567
BLOCK10/SES102/SA102S27	SES007	-1.30734	13.4213	14.7287
BLOCK10/SES102/SA102S27	SES101	0.331424	15.0601	14.7287
BLOCK10/SES102/SA102S27	SES105	-1.07381	13.6549	14.7287
BLOCK10/SES102/SA102S27	SES147	-2.65289	12.0758	14.7287
BLOCK10/SES103/SA103S14	SES105	-3.0076	10.1548	13.1624
BLOCK10/SES103/SA103S14	SES106	-1.66614	11.4963	13.1624
BLOCK10/SES103/SA103S14	SES120	-3.10014	10.0623	13.1624
BLOCK10/SES103/SA103S14	SES206	-2.71853	10.4439	13.1624
BLOCK10/SES103/SA103S15	SES099	-1.87282	10.34	12.2128
BLOCK10/SES103/SA103S15	SES101	-3.80937	8.40347	12.2128
BLOCK10/SES103/SA103S15	SES104	-2.71318	9.49966	12.2128
BLOCK10/SES103/SA103S15	SES125	-2.10474	10.1081	12.2128
BLOCK10/SES103/SA103S24	SES104	-2.24844	12.5571	14.8055
BLOCK10/SES103/SA103S24	SES125	-2.3089	12.4966	14.8055
BLOCK10/SES103/SA103S24	SES148	-3.6726	11.1329	14.8055
BLOCK10/SES103/SA103S24	SES158	-1.72868	13.0768	14.8055
BLOCK10/SES103/SA103S26	SES104	-2.81764	9.94713	12.7648
BLOCK10/SES103/SA103S26	SES106	-1.46397	11.3008	12.7648
BLOCK10/SES103/SA103S26	SES125	-1.98337	10.7814	12.7648
BLOCK10/SES103/SA103S26	SES148	-4.83458	7.93019	12.7648
BLOCK10/SES103/SA103S28	SES104	-3.74336	8.68216	12.4255
BLOCK10/SES103/SA103S28	SES106	-2.05734	10.3682	12.4255
BLOCK10/SES103/SA103S28	SES125	-3.11964	9.30588	12.4255
BLOCK10/SES103/SA103S28	SES206	-3.55386	8.87166	12.4255
BLOCK12/SES121/SA121S12	SES042	-3.34502	7.69646	11.0415
BLOCK12/SES121/SA121S12	SES087	-2.08892	8.95255	11.0415
BLOCK12/SES121/SA121S12	SES105	-1.62073	9.42074	11.0415
BLOCK12/SES121/SA121S12	SES206	-2.70414	8.33733	11.0415
BLOCK12/SES121/SA121S14	SES007	-2.60425	8.61136	11.2156
BLOCK12/SES121/SA121S14	SES105	-2.06239	9.15322	11.2156
BLOCK12/SES121/SA121S14	SES106	-1.88201	9.3336	11.2156
BLOCK12/SES121/SA121S14	SES206	-2.49768	8.71793	11.2156
BLOCK12/SES121/SA121S23	SES105	-1.85109	9.74922	11.6003
BLOCK12/SES121/SA121S23	SES106	-1.13425	10.4661	11.6003
BLOCK12/SES121/SA121S23	SES120	-1.72141	9.8789	11.6003
BLOCK12/SES121/SA121S23	SES206	-1.87053	9.72979	11.6003
BLOCK12/SES121/SA121S25	SES007	-2.34964	7.25966	9.6093
BLOCK12/SES121/SA121S25	SES105	-2.33821	7.2711	9.6093
BLOCK12/SES121/SA121S25	SES106	-1.8868	7.7225	9.6093
BLOCK12/SES121/SA121S25	SES206	-2.95255	6.65675	9.6093
BLOCK12/SES121/SA121S27	SES087	-1.126	10.6236	11.7496
BLOCK12/SES121/SA121S27	SES105	-3.32437	8.42523	11.7496
BLOCK12/SES121/SA121S27	SES120	-0.35008	11.3995	11.7496
BLOCK12/SES121/SA121S27	SES206	-2.34144	9.40815	11.7496
BLOCK12/SES124/SA124S16	SES042	-0.559734	13.27	13.8298
BLOCK12/SES124/SA124S16	SES082	-1.89809	11.9317	13.8298
BLOCK12/SES124/SA124S16	SES183	-2.36295	11.4668	13.8298
BLOCK12/SES124/SA124S16	SES206	-2.17075	11.659	13.8298
BLOCK12/SES124/SA124S17	SES105	-2.47933	9.39846	11.8778
BLOCK12/SES124/SA124S17	SES149	-3.2835	8.59429	11.8778
BLOCK12/SES124/SA124S17	SES158	-2.85465	9.02314	11.8778
BLOCK12/SES124/SA124S17	SES275	-1.95822	9.91957	11.8778
BLOCK12/SES124/SA124S23	SES105	-2.85566	12.7325	15.5881
BLOCK12/SES124/SA124S23	SES125	-0.546513	15.0416	15.5881
BLOCK12/SES124/SA124S23	SES129	-2.77574	12.8124	15.5881
BLOCK12/SES124/SA124S23	SES158	-0.998783	14.5893	15.5881
BLOCK12/SES124/SA124S26	SES105	-3.86376	11.0583	14.9221
BLOCK12/SES124/SA124S26	SES125	-1.69586	13.2262	14.9221
BLOCK12/SES124/SA124S26	SES129	-3.30251	11.6196	14.9221
BLOCK12/SES124/SA124S26	SES158	-2.12678	12.7953	14.9221
BLOCK12/SES124/SA124S28	SES104	-1.67122	12.9029	14.5741
BLOCK12/SES124/SA124S28	SES106	-1.17597	13.3982	14.5741
BLOCK12/SES124/SA124S28	SES125	-0.550745	14.0234	14.5741
BLOCK12/SES124/SA124S28	SES275	-2.78459	11.7895	14.5741
BLOCK12/SES126/SA126S13	SES007	-1.29054	12.5509	13.8414
BLOCK12/SES126/SA126S13	SES162	-1.79615	12.0453	13.8414
BLOCK12/SES126/SA126S13	SES177	-0.815535	13.0259	13.8414
BLOCK12/SES126/SA126S13	SES180	-1.64737	12.1941	13.8414
BLOCK12/SES126/SA126S14	SES144	-1.19329	14.1525	15.3458
BLOCK12/SES126/SA126S14	SES148	-1.61255	13.7333	15.3458
BLOCK12/SES126/SA126S14	SES177	-0.797985	14.5478	15.3458
BLOCK12/SES126/SA126S14	SES180	-2.35821	12.9876	15.3458
BLOCK12/SES126/SA126S20	SES007	-1.48497	13.0572	14.5421
BLOCK12/SES126/SA126S20	SES162	-1.75482	12.7873	14.5421
BLOCK12/SES126/SA126S20	SES172	-2.32406	12.2181	14.5421
BLOCK12/SES126/SA126S20	SES180	-1.69148	12.8506	14.5421
BLOCK12/SES126/SA126S24	SES120	-0.252155	15.162	15.4141
BLOCK12/SES126/SA126S24	SES162	-1.28602	14.1281	15.4141
BLOCK12/SES126/SA126S24	SES177	-0.661698	14.7524	15.4141
BLOCK12/SES126/SA126S24	SES180	-0.761052	14.6531	15.4141
BLOCK12/SES126/SA126S26	SES120	-0.271293	14.5468	14.8181
BLOCK12/SES126/SA126S26	SES177	-1.10483	13.7133	14.8181
BLOCK12/SES126/SA126S26	SES180	-1.72741	13.0907	14.8181
BLOCK12/SES126/SA126S26	SES202	-1.99314	12.825	14.8181
BLOCK12/SES128/SA128S10	SES087	-2.88727	12.3427	15.2299
BLOCK12/SES128/SA128S10	SES206	-1.57425	13.6557	15.2299
BLOCK12/SES128/SA128S10	SES226	-1.15192	14.078	15.2299
BLOCK12/SES128/SA128S10	SES270	-1.0622	14.1677	15.2299
BLOCK12/SES128/SA128S12	SES120	-1.87806	12.7828	14.6609
BLOCK12/SES128/SA128S12	SES158	-2.52339	12.1375	14.6609
BLOCK12/SES128/SA128S12	SES206	-1.68336	12.9775	14.6609
BLOCK12/SES128/SA128S12	SES226	-2.20909	12.4518	14.6609
BLOCK12/SES128/SA128S21	SES106	-2.92366	10.7452	13.6688
BLOCK12/SES128/SA128S21	SES120	-2.5801	11.0887	13.6688
BLOCK12/SES128/SA128S21	SES206	-2.45662	11.2122	13.6688
BLOCK12/SES128/SA128S21	SES226	-1.43863	12.2302	13.6688
BLOCK12/SES128/SA128S24	SES087	-2.08626	12.4163	14.5026
BLOCK12/SES128/SA128S24	SES120	-1.45229	13.0503	14.5026
BLOCK12/SES128/SA128S24	SES206	-1.73405	12.7685	14.5026
BLOCK12/SES128/SA128S24	SES226	-2.23036	12.2722	14.5026
BLOCK12/SES128/SA128S27	SES099	-1.33898	14.3356	15.6745
BLOCK12/SES128/SA128S27	SES120	-1.24287	14.4317	15.6745
BLOCK12/SES128/SA128S27	SES206	-1.65525	14.0193	15.6745
BLOCK12/SES128/SA128S27	SES226	-1.61428	14.0603	15.6745
BLOCK13/SES130/SA130S13	SES143	-1.5666	12.7592	14.3258
BLOCK13/SES130/SA130S13	SES144	-0.914141	13.4116	14.3258
BLOCK13/SES130/SA130S13	SES146	-1.66254	12.6632	14.3258
BLOCK13/SES130/SA130S13	SES275	-2.42872	11.8971	14.3258
BLOCK13/SES130/SA130S15	SES143	-1.81099	13.7802	15.5912
BLOCK13/SES130/SA130S15	SES144	-0.481853	15.1094	15.5912
BLOCK13/SES130/SA130S15	SES146	-1.14596	14.4453	15.5912
BLOCK13/SES130/SA130S15	SES275	-1.65175	13.9395	15.5912
BLOCK13/SES130/SA130S23	SES127	-2.2542	11.603	13.8572
BLOCK13/SES130/SA130S23	SES144	-1.5352	12.322	13.8572
BLOCK13/SES130/SA130S23	SES146	-0.905266	12.952	13.8572
BLOCK13/SES130/SA130S23	SES162	-1.02294	12.8343	13.8572
BLOCK13/SES130/SA130S25	SES127	-1.03998	14.3893	15.4293
BLOCK13/SES130/SA130S25	SES144	-0.737761	14.6916	15.4293
BLOCK13/SES130/SA130S25	SES146	-0.377028	15.0523	15.4293
BLOCK13/SES130/SA130S25	SES275	-0.622684	14.8066	15.4293
BLOCK13/SES130/SA130S28	SES127	-1.05165	13.4418	14.4935
BLOCK13/SES130/SA130S28	SES144	-1.33469	13.1588	14.4935
BLOCK13/SES130/SA130S28	SES146	-0.741273	13.7522	14.4935
BLOCK13/SES130/SA130S28	SES275	-0.637897	13.8556	14.4935
BLOCK13/SES131/SA131S13	SES002	-2.48063	9.68789	12.1685
BLOCK13/SES131/SA131S13	SES007	-2.94098	9.22755	12.1685
BLOCK13/SES131/SA131S13	SES099	-2.16678	10.0017	12.1685
BLOCK13/SES131/SA131S13	SES105	-2.45957	9.70895	12.1685
BLOCK13/SES131/SA131S14	SES104	-1.33653	12.6459	13.9824
BLOCK13/SES131/SA131S14	SES106	-1.90935	12.073	13.9824
BLOCK13/SES131/SA131S14	SES125	-1.97679	12.0056	13.9824
BLOCK13/SES131/SA131S14	SES148	-2.38319	11.5992	13.9824
BLOCK13/SES131/SA131S20	SES104	-3.47932	8.51143	11.9907
BLOCK13/SES131/SA131S20	SES106	-2.27953	9.71122	11.9907
BLOCK13/SES131/SA131S20	SES125	-3.22241	8.76833	11.9907
BLOCK13/SES131/SA131S20	SES148	-2.46221	9.52853	11.9907
BLOCK13/SES131/SA131S22	SES099	-2.05033	11.5015	13.5518
BLOCK13/SES131/SA131S22	SES104	-2.49011	11.0617	13.5518
BLOCK13/SES131/SA131S22	SES125	-2.46314	11.0887	13.5518
BLOCK13/SES131/SA131S22	SES206	-2.52884	11.023	13.5518
BLOCK13/SES131/SA131S29	SES087	-2.49604	9.92319	12.4192
BLOCK13/SES131/SA131S29	SES104	-3.47937	8.93985	12.4192
BLOCK13/SES131/SA131S29	SES125	-3.34074	9.07849	12.4192
BLOCK13/SES131/SA131S29	SES206	-2.98828	9.43094	12.4192
BLOCK13/SES132/SA132S11	SES083	-2.38529	13.2801	15.6654
BLOCK13/SES132/SA132S11	SES120	-0.366222	15.2991	15.6654
BLOCK13/SES132/SA132S11	SES127	-1.82934	13.836	15.6654
BLOCK13/SES132/SA132S11	SES275	-1.77952	13.8859	15.6654
BLOCK13/SES132/SA132S12	SES083	-2.05876	13.2898	15.3486
BLOCK13/SES132/SA132S12	SES143	-1.54958	13.799	15.3486
BLOCK13/SES132/SA132S12	SES144	-1.45493	13.8936	15.3486
BLOCK13/SES132/SA132S12	SES148	-1.05738	14.2912	15.3486
BLOCK13/SES132/SA132S22	SES062	-0.814994	14.6648	15.4798
BLOCK13/SES132/SA132S22	SES083	-1.37858	14.1012	15.4798
BLOCK13/SES132/SA132S22	SES127	-1.1594	14.3204	15.4798
BLOCK13/SES132/SA132S22	SES275	-1.04859	14.4312	15.4798
BLOCK13/SES132/SA132S24	SES007	-1.25754	14.9577	16.2153
BLOCK13/SES132/SA132S24	SES083	-2.26268	13.9526	16.2153
BLOCK13/SES132/SA132S24	SES127	-2.18791	14.0274	16.2153
BLOCK13/SES132/SA132S24	SES275	-0.951615	15.2636	16.2153
BLOCK13/SES132/SA132S27	SES083	-2.02311	12.7251	14.7482
BLOCK13/SES132/SA132S27	SES120	0.0590067	14.8072	14.7482
BLOCK13/SES132/SA132S27	SES127	-1.80597	12.9422	14.7482
BLOCK13/SES132/SA132S27	SES275	-1.69477	13.0534	14.7482
BLOCK14/SES141/SA141S09	SES143	-0.950247	13.6467	14.5969
BLOCK14/SES141/SA141S09	SES144	-0.478826	14.1181	14.5969
BLOCK14/SES141/SA141S09	SES162	-1.32716	13.2698	14.5969
BLOCK14/SES141/SA141S09	SES180	-1.13628	13.4607	14.5969
BLOCK14/SES141/SA141S15	SES127	-0.978851	13.1565	14.1354
BLOCK14/SES141/SA141S15	SES144	-1.21833	12.917	14.1354
BLOCK14/SES141/SA141S15	SES162	-1.66452	12.4708	14.1354
BLOCK14/SES141/SA141S15	SES180	-1.29369	12.8417	14.1354
BLOCK14/SES141/SA141S24	SES127	-0.600957	14.227	14.828
BLOCK14/SES141/SA141S24	SES144	-1.33719	13.4908	14.828
BLOCK14/SES141/SA141S24	SES162	-1.39249	13.4355	14.828
BLOCK14/SES141/SA141S24	SES183	-1.52397	13.304	14.828
BLOCK14/SES141/SA141S26	SES142	-0.653452	13.9747	14.6282
BLOCK14/SES141/SA141S26	SES144	-1.09065	13.5375	14.6282
BLOCK14/SES141/SA141S26	SES172	-0.579241	14.0489	14.6282
BLOCK14/SES141/SA141S26	SES180	-1.46438	13.1638	14.6282
BLOCK14/SES141/SA141S29	SES127	-0.655152	14.3082	14.9633
BLOCK14/SES141/SA141S29	SES142	-0.486942	14.4764	14.9633
BLOCK14/SES141/SA141S29	SES144	-1.14768	13.8156	14.9633
BLOCK14/SES141/SA141S29	SES180	-1.2012	13.7621	14.9633
BLOCK15/SES157/SA157S08	SES083	-2.07213	12.8252	14.8973
BLOCK15/SES157/SA157S08	SES127	-1.54685	13.3505	14.8973
BLOCK15/SES157/SA157S08	SES148	-2.01325	12.8841	14.8973
BLOCK15/SES157/SA157S08	SES292	-2.01685	12.8805	14.8973
BLOCK15/SES157/SA157S11	SES083	-2.4749	12.6059	15.0808
BLOCK15/SES157/SA157S11	SES127	-1.44711	13.6337	15.0808
BLOCK15/SES157/SA157S11	SES148	-2.21973	12.8611	15.0808
BLOCK15/SES157/SA157S11	SES292	-1.89767	13.1831	15.0808
BLOCK15/SES157/SA157S21	SES127	-0.914137	14.5226	15.4367
BLOCK15/SES157/SA157S21	SES148	-0.696404	14.7403	15.4367
BLOCK15/SES157/SA157S21	SES158	-4.15146	11.2853	15.4367
BLOCK15/SES157/SA157S21	SES292	-1.31411	14.1226	15.4367
BLOCK15/SES157/SA157S24	SES127	-1.11412	14.2675	15.3817
BLOCK15/SES157/SA157S24	SES148	-1.81977	13.5619	15.3817
BLOCK15/SES157/SA157S24	SES183	-1.97907	13.4026	15.3817
BLOCK15/SES157/SA157S24	SES292	-1.88157	13.5001	15.3817
BLOCK15/SES157/SA157S26	SES007	-1.05526	14.1801	15.2353
BLOCK15/SES157/SA157S26	SES127	-1.20966	14.0257	15.2353
BLOCK15/SES157/SA157S26	SES147	-1.95642	13.2789	15.2353
BLOCK15/SES157/SA157S26	SES148	-1.33185	13.9035	15.2353
BLOCK16/SES161/SA161S10	SES007	-1.66813	11.1221	12.7902
BLOCK16/SES161/SA161S10	SES105	-1.50005	11.2901	12.7902
BLOCK16/SES161/SA161S10	SES158	-1.60946	11.1807	12.7902
BLOCK16/SES161/SA161S10	SES275	-1.0206	11.7696	12.7902
BLOCK16/SES161/SA161S12	SES007	-2.02304	11.2045	13.2275
BLOCK16/SES161/SA161S12	SES105	-3.08195	10.1456	13.2275
BLOCK16/SES161/SA161S12	SES158	-2.13126	11.0963	13.2275
BLOCK16/SES161/SA161S12	SES275	-1.78033	11.4472	13.2275
BLOCK16/SES161/SA161S20	SES007	-1.95113	10.057	12.0081
BLOCK16/SES161/SA161S20	SES105	-2.67039	9.33769	12.0081
BLOCK16/SES161/SA161S20	SES158	-1.67515	10.3329	12.0081
BLOCK16/SES161/SA161S20	SES275	-1.79345	10.2146	12.0081
BLOCK16/SES161/SA161S23	SES007	-2.67547	10.6053	13.2807
BLOCK16/SES161/SA161S23	SES105	-1.46541	11.8153	13.2807
BLOCK16/SES161/SA161S23	SES148	-1.83889	11.4419	13.2807
BLOCK16/SES161/SA161S23	SES158	-2.33573	10.945	13.2807
BLOCK16/SES161/SA161S28	SES007	-2.61536	11.2201	13.8354
BLOCK16/SES161/SA161S28	SES105	-2.70387	11.1316	13.8354
BLOCK16/SES161/SA161S28	SES158	-1.74268	12.0928	13.8354
BLOCK16/SES161/SA161S28	SES206	-1.53956	12.2959	13.8354
BLOCK16/SES164/SA164S11	SES104	-2.46494	12.9298	15.3948
BLOCK16/SES164/SA164S11	SES125	-1.59309	13.8017	15.3948
BLOCK16/SES164/SA164S11	SES158	-1.12146	14.2733	15.3948
BLOCK16/SES164/SA164S11	SES206	-2.45299	12.9418	15.3948
BLOCK16/SES164/SA164S13	SES099	-1.73104	12.3212	14.0522
BLOCK16/SES164/SA164S13	SES104	-2.59304	11.4592	14.0522
BLOCK16/SES164/SA164S13	SES125	-2.34764	11.7046	14.0522
BLOCK16/SES164/SA164S13	SES206	-2.00756	12.0446	14.0522
BLOCK16/SES164/SA164S24	SES002	-0.633533	14.1607	14.7942
BLOCK16/SES164/SA164S24	SES099	-2.04638	12.7479	14.7942
BLOCK16/SES164/SA164S24	SES125	-2.67491	12.1193	14.7942
BLOCK16/SES164/SA164S24	SES226	-1.08636	13.7079	14.7942
BLOCK16/SES164/SA164S27	SES087	-1.70061	12.6004	14.301
BLOCK16/SES164/SA164S27	SES125	-2.28193	12.0191	14.301
BLOCK16/SES164/SA164S27	SES206	-2.39705	11.904	14.301
BLOCK16/SES164/SA164S27	SES226	-1.95686	12.3442	14.301
BLOCK16/SES164/SA164S29	SES002	0.0587902	13.9941	13.9353
BLOCK16/SES164/SA164S29	SES019	-2.19008	11.7452	13.9353
BLOCK16/SES164/SA164S29	SES125	-1.83194	12.1034	13.9353
BLOCK16/SES164/SA164S29	SES226	-1.94291	11.9924	13.9353
BLOCK16/SES169/SA169S13	SES117	-1.12738	13.0368	14.1641
BLOCK16/SES169/SA169S13	SES144	-1.11218	13.052	14.1641
BLOCK16/SES169/SA169S13	SES146	-1.04206	13.1221	14.1641
BLOCK16/SES169/SA169S13	SES162	-0.605399	13.5587	14.1641
BLOCK16/SES169/SA169S14	SES144	-1.89991	13.5038	15.4037
BLOCK16/SES169/SA169S14	SES148	-1.54962	13.854	15.4037
BLOCK16/SES169/SA169S14	SES177	-1.05132	14.3523	15.4037
BLOCK16/SES169/SA169S14	SES180	-1.7853	13.6184	15.4037
BLOCK16/SES169/SA169S24	SES117	-1.2622	12.2137	13.4759
BLOCK16/SES169/SA169S24	SES144	-0.491657	12.9843	13.4759
BLOCK16/SES169/SA169S24	SES146	-0.677654	12.7983	13.4759
BLOCK16/SES169/SA169S24	SES162	-0.747108	12.7288	13.4759
BLOCK16/SES169/SA169S27	SES127	-1.18442	12.9815	14.1659
BLOCK16/SES169/SA169S27	SES129	-1.24186	12.9241	14.1659
BLOCK16/SES169/SA169S27	SES144	-1.60773	12.5582	14.1659
BLOCK16/SES169/SA169S27	SES146	-0.514834	13.6511	14.1659
BLOCK16/SES169/SA169S29	SES144	-0.974972	13.9418	14.9167
BLOCK16/SES169/SA169S29	SES162	-0.241294	14.6754	14.9167
BLOCK16/SES169/SA169S29	SES177	-1.4971	13.4196	14.9167
BLOCK16/SES169/SA169S29	SES180	-0.716093	14.2006	14.9167
BLOCK17/SES171/SA171S12	SES083	-1.71317	12.5228	14.236
BLOCK17/SES171/SA171S12	SES148	-2.11293	12.123	14.236
BLOCK17/SES171/SA171S12	SES172	-1.91741	12.3186	14.236
BLOCK17/SES171/SA171S12	SES292	-1.77224	12.4637	14.236
BLOCK17/SES171/SA171S15	SES148	-2.19674	11.2854	13.4822
BLOCK17/SES171/SA171S15	SES177	-0.898091	12.5841	13.4822
BLOCK17/SES171/SA171S15	SES180	-2.82259	10.6596	13.4822
BLOCK17/SES171/SA171S15	SES292	-1.45844	12.0237	13.4822
BLOCK17/SES171/SA171S22	SES007	-1.76111	13.403	15.1641
BLOCK17/SES171/SA171S22	SES148	-1.49701	13.6671	15.1641
BLOCK17/SES171/SA171S22	SES177	-0.545861	14.6182	15.1641
BLOCK17/SES171/SA171S22	SES180	-2.56653	12.5976	15.1641
BLOCK17/SES171/SA171S25	SES101	-1.55554	11.9083	13.4639
BLOCK17/SES171/SA171S25	SES120	-2.21949	11.2444	13.4639
BLOCK17/SES171/SA171S25	SES177	-0.71069	12.7532	13.4639
BLOCK17/SES171/SA171S25	SES180	-2.20143	11.2625	13.4639
BLOCK17/SES171/SA171S27	SES177	-0.674432	13.3566	14.0311
BLOCK17/SES171/SA171S27	SES180	-2.50531	11.5258	14.0311
BLOCK17/SES171/SA171S27	SES189	-1.023	13.0081	14.0311
BLOCK17/SES171/SA171S27	SES292	-1.43754	12.5935	14.0311
BLOCK17/SES173/SA173S13	SES162	-3.06611	11.1416	14.2077
BLOCK17/SES173/SA173S13	SES177	-1.22437	12.9833	14.2077
BLOCK17/SES173/SA173S13	SES180	-3.10785	11.0998	14.2077
BLOCK17/SES173/SA173S13	SES292	-0.616949	13.5907	14.2077
BLOCK17/SES173/SA173S14	SES007	-1.5709	11.5319	13.1028
BLOCK17/SES173/SA173S14	SES162	-2.72176	10.3811	13.1028
BLOCK17/SES173/SA173S14	SES177	-0.902576	12.2003	13.1028
BLOCK17/SES173/SA173S14	SES180	-2.64733	10.4555	13.1028
BLOCK17/SES173/SA173S24	SES144	-2.50589	10.6988	13.2047
BLOCK17/SES173/SA173S24	SES162	-2.48112	10.7236	13.2047
BLOCK17/SES173/SA173S24	SES177	-0.919108	12.2856	13.2047
BLOCK17/SES173/SA173S24	SES180	-2.60717	10.5976	13.2047
BLOCK17/SES173/SA173S27	SES162	-3.29529	10.7725	14.0678
BLOCK17/SES173/SA173S27	SES177	-1.36198	12.7058	14.0678
BLOCK17/SES173/SA173S27	SES180	-1.89439	12.1734	14.0678
BLOCK17/SES173/SA173S27	SES292	-0.331414	13.7364	14.0678
BLOCK17/SES173/SA173S29	SES162	-2.05181	11.9184	13.9702
BLOCK17/SES173/SA173S29	SES175	-1.67836	12.2919	13.9702
BLOCK17/SES173/SA173S29	SES177	-0.99585	12.9744	13.9702
BLOCK17/SES173/SA173S29	SES292	-1.3788	12.5914	13.9702
BLOCK18/SES182/SA182S10	SES144	-1.31266	12.8741	14.1868
BLOCK18/SES182/SA182S10	SES177	-1.50365	12.6831	14.1868
BLOCK18/SES182/SA182S10	SES180	-2.59275	11.594	14.1868
BLOCK18/SES182/SA182S10	SES275	-0.756239	13.4306	14.1868
BLOCK18/SES182/SA182S12	SES144	-0.250631	13.9777	14.2283
BLOCK18/SES182/SA182S12	SES177	-0.530324	13.698	14.2283
BLOCK18/SES182/SA182S12	SES180	-1.29333	12.935	14.2283
BLOCK18/SES182/SA182S12	SES275	-0.390289	13.8381	14.2283
BLOCK18/SES182/SA182S21	SES117	-1.24853	12.4044	13.6529
BLOCK18/SES182/SA182S21	SES144	-1.23303	12.4199	13.6529
BLOCK18/SES182/SA182S21	SES162	-0.760653	12.8923	13.6529
BLOCK18/SES182/SA182S21	SES180	-2.35886	11.2941	13.6529
BLOCK18/SES182/SA182S23	SES117	-0.931443	13.5142	14.4457
BLOCK18/SES182/SA182S23	SES144	-2.04242	12.4032	14.4457
BLOCK18/SES182/SA182S23	SES180	-2.40879	12.0369	14.4457
BLOCK18/SES182/SA182S23	SES275	-0.680265	13.7654	14.4457
BLOCK18/SES182/SA182S25	SES007	0.116023	14.3192	14.2032
BLOCK18/SES182/SA182S25	SES162	-0.439909	13.7633	14.2032
BLOCK18/SES182/SA182S25	SES177	-0.753536	13.4497	14.2032
BLOCK18/SES182/SA182S25	SES180	-1.7201	12.4831	14.2032
BLOCK18/SES184/SA184S12	SES177	-1.11644	13.4062	14.5227
BLOCK18/SES184/SA184S12	SES180	-1.6468	12.8759	14.5227
BLOCK18/SES184/SA184S12	SES189	-1.99023	12.5325	14.5227
BLOCK18/SES184/SA184S12	SES292	-0.955147	13.5675	14.5227
BLOCK18/SES184/SA184S13	SES101	-1.34719	12.9444	14.2916
BLOCK18/SES184/SA184S13	SES177	-1.44582	12.8458	14.2916
BLOCK18/SES184/SA184S13	SES180	-1.74872	12.5429	14.2916
BLOCK18/SES184/SA184S13	SES292	-1.88256	12.409	14.2916
BLOCK18/SES184/SA184S22	SES177	-1.63168	14.3452	15.9769
BLOCK18/SES184/SA184S22	SES180	-1.78453	14.1924	15.9769
BLOCK18/SES184/SA184S22	SES189	-2.25273	13.7242	15.9769
BLOCK18/SES184/SA184S22	SES292	-1.77314	14.2038	15.9769
BLOCK18/SES184/SA184S25	SES101	-0.723781	15.3817	16.1055
BLOCK18/SES184/SA184S25	SES177	-1.69368	14.4118	16.1055
BLOCK18/SES184/SA184S25	SES180	-1.78755	14.3179	16.1055
BLOCK18/SES184/SA184S25	SES292	-1.11087	14.9946	16.1055
BLOCK18/SES184/SA184S27	SES083	-1.05781	13.0076	14.0655
BLOCK18/SES184/SA184S27	SES177	-0.73862	13.3268	14.0655
BLOCK18/SES184/SA184S27	SES202	-1.50888	12.5566	14.0655
BLOCK18/SES184/SA184S27	SES292	-1.41206	12.6534	14.0655
BLOCK20/SES204/SA204S12	SES062	-1.19839	14.7848	15.9831
BLOCK20/SES204/SA204S12	SES083	-2.80094	13.1822	15.9831
BLOCK20/SES204/SA204S12	SES206	-1.60509	14.3781	15.9831
BLOCK20/SES204/SA204S12	SES226	-2.5754	13.4078	15.9831
BLOCK20/SES204/SA204S14	SES068	-1.66001	15.7275	17.3875
BLOCK20/SES204/SA204S14	SES087	-0.559263	16.8282	17.3875
BLOCK20/SES204/SA204S14	SES206	-2.15394	15.2336	17.3875
BLOCK20/SES204/SA204S14	SES226	-2.82739	14.5601	17.3875
BLOCK20/SES204/SA204S22	SES068	-1.6341	14.6125	16.2466
BLOCK20/SES204/SA204S22	SES082	-3.2647	12.9819	16.2466
BLOCK20/SES204/SA204S22	SES083	-3.69899	12.5476	16.2466
BLOCK20/SES204/SA204S22	SES206	-2.16612	14.0805	16.2466
BLOCK20/SES204/SA204S25	SES062	-1.81583	14.6097	16.4255
BLOCK20/SES204/SA204S25	SES083	-2.8984	13.5271	16.4255
BLOCK20/SES204/SA204S25	SES206	-1.41229	15.0132	16.4255
BLOCK20/SES204/SA204S25	SES226	-2.67932	13.7462	16.4255
BLOCK20/SES204/SA204S27	SES068	-1.86956	13.8691	15.7387
BLOCK20/SES204/SA204S27	SES082	-3.1932	12.5455	15.7387
BLOCK20/SES204/SA204S27	SES087	-1.18275	14.556	15.7387
BLOCK20/SES204/SA204S27	SES206	-2.17834	13.5604	15.7387
BLOCK20/SES207/SA207S10	SES127	-1.62253	12.5952	14.2178
BLOCK20/SES207/SA207S10	SES183	-2.04006	12.1777	14.2178
BLOCK20/SES207/SA207S10	SES189	-1.80166	12.4161	14.2178
BLOCK20/SES207/SA207S10	SES292	-1.64053	12.5772	14.2178
BLOCK20/SES207/SA207S11	SES127	-1.94222	11.4382	13.3804
BLOCK20/SES207/SA207S11	SES183	-1.57281	11.8076	13.3804
BLOCK20/SES207/SA207S11	SES187	-1.4048	11.9756	13.3804
BLOCK20/SES207/SA207S11	SES292	-1.05916	12.3213	13.3804
BLOCK20/SES207/SA207S25	SES068	-1.59086	12.2272	13.8181
BLOCK20/SES207/SA207S25	SES083	-1.76884	12.0493	13.8181
BLOCK20/SES207/SA207S25	SES127	-0.746324	13.0718	13.8181
BLOCK20/SES207/SA207S25	SES187	-1.06153	12.7566	13.8181
BLOCK20/SES207/SA207S27	SES127	-1.62316	10.9769	12.6
BLOCK20/SES207/SA207S27	SES183	-1.25195	11.3481	12.6
BLOCK20/SES207/SA207S27	SES187	-1.75022	10.8498	12.6
BLOCK20/SES207/SA207S27	SES292	-1.60149	10.9985	12.6
BLOCK20/SES207/SA207S29	SES083	-2.08265	12.5254	14.608
BLOCK20/SES207/SA207S29	SES085	-1.07106	13.537	14.608
BLOCK20/SES207/SA207S29	SES172	-1.24265	13.3654	14.608
BLOCK20/SES207/SA207S29	SES189	-1.98106	12.627	14.608
BLOCK22/SES221/SA221S12	SES068	-0.335495	15.1413	15.4768
BLOCK22/SES221/SA221S12	SES143	-1.11507	14.3618	15.4768
BLOCK22/SES221/SA221S12	SES175	-0.375823	15.101	15.4768
BLOCK22/SES221/SA221S12	SES202	-1.27091	14.2059	15.4768
BLOCK22/SES221/SA221S15	SES085	-0.497689	13.4328	13.9305
BLOCK22/SES221/SA221S15	SES143	-2.13262	11.7979	13.9305
BLOCK22/SES221/SA221S15	SES175	-0.985136	12.9453	13.9305
BLOCK22/SES221/SA221S15	SES187	-1.56273	12.3678	13.9305
BLOCK22/SES221/SA221S23	SES068	-1.05982	13.5037	14.5635
BLOCK22/SES221/SA221S23	SES143	-1.52595	13.0375	14.5635
BLOCK22/SES221/SA221S23	SES175	-0.120373	14.4431	14.5635
BLOCK22/SES221/SA221S23	SES189	-0.100233	14.4633	14.5635
BLOCK22/SES221/SA221S27	SES085	-0.117636	15.1892	15.3069
BLOCK22/SES221/SA221S27	SES143	-1.35857	13.9483	15.3069
BLOCK22/SES221/SA221S27	SES175	-0.65563	14.6512	15.3069
BLOCK22/SES221/SA221S27	SES189	-0.580201	14.7267	15.3069
BLOCK22/SES221/SA221S29	SES085	-0.201383	13.5822	13.7836
BLOCK22/SES221/SA221S29	SES143	-0.664949	13.1186	13.7836
BLOCK22/SES221/SA221S29	SES175	0.14226	13.9258	13.7836
BLOCK22/SES221/SA221S29	SES187	-1.12209	12.6615	13.7836
BLOCK22/SES223/SA223S11	SES143	-1.18728	11.4017	12.589
BLOCK22/SES223/SA223S11	SES144	-3.29477	9.29424	12.589
BLOCK22/SES223/SA223S11	SES175	-0.859997	11.729	12.589
BLOCK22/SES223/SA223S11	SES187	-1.99358	10.5954	12.589
BLOCK22/SES223/SA223S13	SES068	-1.13851	11.3877	12.5262
BLOCK22/SES223/SA223S13	SES143	-2.3625	10.1637	12.5262
BLOCK22/SES223/SA223S13	SES146	-2.34625	10.18	12.5262
BLOCK22/SES223/SA223S13	SES202	-2.45633	10.0699	12.5262
BLOCK22/SES223/SA223S22	SES143	-1.05564	12.2246	13.2803
BLOCK22/SES223/SA223S22	SES144	-2.60059	10.6797	13.2803
BLOCK22/SES223/SA223S22	SES175	-1.0073	12.273	13.2803
BLOCK22/SES223/SA223S22	SES187	-1.18107	12.0992	13.2803
BLOCK22/SES223/SA223S25	SES068	-1.16024	13.0819	14.2422
BLOCK22/SES223/SA223S25	SES143	-1.81748	12.4247	14.2422
BLOCK22/SES223/SA223S25	SES175	-1.15878	13.0834	14.2422
BLOCK22/SES223/SA223S25	SES187	-1.7053	12.5369	14.2422
BLOCK22/SES223/SA223S27	SES143	-1.10267	11.8282	12.9309
BLOCK22/SES223/SA223S27	SES146	-1.63416	11.2967	12.9309
BLOCK22/SES223/SA223S27	SES187	-1.86405	11.0668	12.9309
BLOCK22/SES223/SA223S27	SES292	-0.898126	12.0328	12.9309
BLOCK27/SES273/SA273S12	SES099	-0.679317	16.5659	17.2452
BLOCK27/SES273/SA273S12	SES104	-1.54301	15.7022	17.2452
BLOCK27/SES273/SA273S12	SES125	-1.87231	15.3729	17.2452
BLOCK27/SES273/SA273S12	SES206	-0.981024	16.2642	17.2452
BLOCK27/SES273/SA273S13	SES099	-0.934406	16.4307	17.3651
BLOCK27/SES273/SA273S13	SES104	-1.81291	15.5522	17.3651
BLOCK27/SES273/SA273S13	SES206	-1.01899	16.3461	17.3651
BLOCK27/SES273/SA273S13	SES292	-1.93782	15.4273	17.3651
BLOCK27/SES273/SA273S21	SES099	-0.478111	16.3624	16.8405
BLOCK27/SES273/SA273S21	SES148	-3.18415	13.6563	16.8405
BLOCK27/SES273/SA273S21	SES149	-1.87668	14.9638	16.8405
BLOCK27/SES273/SA273S21	SES177	-1.99482	14.8457	16.8405
BLOCK27/SES273/SA273S25	SES104	-1.5224	14.8331	16.3555
BLOCK27/SES273/SA273S25	SES125	-1.69622	14.6592	16.3555
BLOCK27/SES273/SA273S25	SES158	-1.05793	15.2975	16.3555
BLOCK27/SES273/SA273S25	SES206	-0.300167	16.0553	16.3555
BLOCK27/SES273/SA273S27	SES099	-0.799143	15.4467	16.2459
BLOCK27/SES273/SA273S27	SES104	-1.34902	14.8968	16.2459
BLOCK27/SES273/SA273S27	SES149	-1.43161	14.8142	16.2459
BLOCK27/SES273/SA273S27	SES275	-1.85411	14.3917	16.2459
BLOCK27/SES274/SA274S10	SES105	-2.35062	13.3707	15.7213
BLOCK27/SES274/SA274S10	SES125	-2.84363	12.8777	15.7213
BLOCK27/SES274/SA274S10	SES129	-0.855297	14.866	15.7213
BLOCK27/SES274/SA274S10	SES158	-3.87407	11.8473	15.7213
BLOCK27/SES274/SA274S11	SES105	-1.53905	14.4457	15.9847
BLOCK27/SES274/SA274S11	SES149	-2.44202	13.5427	15.9847
BLOCK27/SES274/SA274S11	SES158	-2.69924	13.2855	15.9847
BLOCK27/SES274/SA274S11	SES275	-1.02444	14.9603	15.9847
BLOCK27/SES274/SA274S21	SES105	-2.25803	13.4491	15.7071
BLOCK27/SES274/SA274S21	SES129	-0.886044	14.8211	15.7071
BLOCK27/SES274/SA274S21	SES149	-1.74651	13.9606	15.7071
BLOCK27/SES274/SA274S21	SES158	-5.03282	10.6743	15.7071
BLOCK27/SES274/SA274S24	SES105	-1.77861	14.8576	16.6362
BLOCK27/SES274/SA274S24	SES129	-0.724074	15.9121	16.6362
BLOCK27/SES274/SA274S24	SES149	-2.46982	14.1664	16.6362
BLOCK27/SES274/SA274S24	SES158	-4.52445	12.1118	16.6362
BLOCK27/SES274/SA274S29	SES105	-2.37333	13.0203	15.3936
BLOCK27/SES274/SA274S29	SES106	-3.79486	11.5988	15.3936
BLOCK27/SES274/SA274S29	SES120	-1.53936	13.8543	15.3936
BLOCK27/SES274/SA274S29	SES275	-1.39388	13.9997	15.3936
BLOCK27/SES276/SA276S16	SES148	-1.95091	12.6632	14.6142
BLOCK27/SES276/SA276S16	SES172	-1.16467	13.4495	14.6142
BLOCK27/SES276/SA276S16	SES180	-2.46547	12.1487	14.6142
BLOCK27/SES276/SA276S16	SES292	-1.3138	13.3004	14.6142
BLOCK27/SES276/SA276S17	SES101	-1.25438	13.8647	15.1191
BLOCK27/SES276/SA276S17	SES177	-1.64855	13.4705	15.1191
BLOCK27/SES276/SA276S17	SES180	-1.40905	13.71	15.1191
BLOCK27/SES276/SA276S17	SES292	-1.32782	13.7912	15.1191
BLOCK27/SES276/SA276S24	SES101	-0.772369	15.0163	15.7886
BLOCK27/SES276/SA276S24	SES177	-1.32528	14.4634	15.7886
BLOCK27/SES276/SA276S24	SES180	-1.83173	13.9569	15.7886
BLOCK27/SES276/SA276S24	SES292	-2.11434	13.6743	15.7886
BLOCK27/SES276/SA276S26	SES101	-1.94746	14.105	16.0525
BLOCK27/SES276/SA276S26	SES177	-0.18993	15.8625	16.0525
BLOCK27/SES276/SA276S26	SES180	-0.165093	15.8874	16.0525
BLOCK27/SES276/SA276S26	SES292	0.105515	16.158	16.0525
BLOCK27/SES276/SA276S28	SES101	-1.51927	14.0746	15.5939
BLOCK27/SES276/SA276S28	SES177	-1.6467	13.9472	15.5939
BLOCK27/SES276/SA276S28	SES180	-0.758664	14.8352	15.5939
BLOCK27/SES276/SA276S28	SES292	-0.964665	14.6292	15.5939
BLOCK27/SES277/SA277S12	SES101	-1.21842	12.1858	13.4042
BLOCK27/SES277/SA277S12	SES177	-2.22001	11.1842	13.4042
BLOCK27/SES277/SA277S12	SES180	-2.74909	10.6551	13.4042
BLOCK27/SES277/SA277S12	SES292	-2.31676	11.0875	13.4042
BLOCK27/SES277/SA277S14	SES177	-0.91135	11.9224	12.8338
BLOCK27/SES277/SA277S14	SES180	-2.20905	10.6248	12.8338
BLOCK27/SES277/SA277S14	SES189	-0.330142	12.5037	12.8338
BLOCK27/SES277/SA277S14	SES292	-1.77106	11.0627	12.8338
BLOCK27/SES277/SA277S21	SES177	-0.998472	13.6391	14.6376
BLOCK27/SES277/SA277S21	SES180	-2.37252	12.2651	14.6376
BLOCK27/SES277/SA277S21	SES189	-0.445286	14.1923	14.6376
BLOCK27/SES277/SA277S21	SES292	-2.17856	12.459	14.6376
BLOCK27/SES277/SA277S24	SES144	-1.7077	11.0072	12.7149
BLOCK27/SES277/SA277S24	SES177	-1.16371	11.5512	12.7149
BLOCK27/SES277/SA277S24	SES180	-2.92448	9.7904	12.7149
BLOCK27/SES277/SA277S24	SES189	-0.645638	12.0692	12.7149
BLOCK27/SES277/SA277S29	SES177	-1.1443	14.4143	15.5586
BLOCK27/SES277/SA277S29	SES180	-2.47894	13.0797	15.5586
BLOCK27/SES277/SA277S29	SES202	-1.60154	13.9571	15.5586
BLOCK27/SES277/SA277S29	SES292	-2.33694	13.2217	15.5586
BLOCK27/SES279/SA279S09	SES120	-2.01128	13.2859	15.2972
BLOCK27/SES279/SA279S09	SES146	-2.29599	13.0012	15.2972
BLOCK27/SES279/SA279S09	SES206	-1.71388	13.5833	15.2972
BLOCK27/SES279/SA279S09	SES226	-2.79109	12.5061	15.2972
BLOCK27/SES279/SA279S10	SES099	-0.932868	14.7922	15.725
BLOCK27/SES279/SA279S10	SES206	-1.11278	14.6122	15.725
BLOCK27/SES279/SA279S10	SES226	-2.39928	13.3257	15.725
BLOCK27/SES279/SA279S10	SES292	-0.64638	15.0786	15.725
BLOCK27/SES279/SA279S20	SES099	-2.05465	13.4983	15.553
BLOCK27/SES279/SA279S20	SES206	-0.698961	14.854	15.553
BLOCK27/SES279/SA279S20	SES226	-2.18608	13.3669	15.553
BLOCK27/SES279/SA279S20	SES292	-0.305573	15.2474	15.553
BLOCK27/SES279/SA279S26	SES099	-0.995985	14.3303	15.3263
BLOCK27/SES279/SA279S26	SES206	-0.490823	14.8355	15.3263
BLOCK27/SES279/SA279S26	SES226	-2.3046	13.0217	15.3263
BLOCK27/SES279/SA279S26	SES292	-0.473648	14.8527	15.3263
BLOCK27/SES279/SA279S28	SES099	-1.15169	15.9084	17.0601
BLOCK27/SES279/SA279S28	SES120	-1.11632	15.9437	17.0601
BLOCK27/SES279/SA279S28	SES177	-1.80343	15.2566	17.0601
BLOCK27/SES279/SA279S28	SES206	-1.14591	15.9142	17.0601
BLOCK29/SES290/SA290S12	SES162	-0.758713	14.0637	14.8224
BLOCK29/SES290/SA290S12	SES177	-0.69694	14.1255	14.8224
BLOCK29/SES290/SA290S12	SES180	-1.76537	13.057	14.8224
BLOCK29/SES290/SA290S12	SES292	-1.23777	13.5846	14.8224
BLOCK29/SES290/SA290S13	SES007	-1.06471	13.5677	14.6324
BLOCK29/SES290/SA290S13	SES162	-1.84334	12.7891	14.6324
BLOCK29/SES290/SA290S13	SES177	-0.438953	14.1935	14.6324
BLOCK29/SES290/SA290S13	SES180	-0.949995	13.6824	14.6324
BLOCK29/SES290/SA290S22	SES177	-0.508415	13.5557	14.0641
BLOCK29/SES290/SA290S22	SES180	-1.12242	12.9417	14.0641
BLOCK29/SES290/SA290S22	SES202	-1.38549	12.6786	14.0641
BLOCK29/SES290/SA290S22	SES292	-0.965196	13.0989	14.0641
BLOCK29/SES290/SA290S25	SES162	-0.913008	14.4405	15.3535
BLOCK29/SES290/SA290S25	SES177	-0.752965	14.6005	15.3535
BLOCK29/SES290/SA290S25	SES180	-1.19379	14.1597	15.3535
BLOCK29/SES290/SA290S25	SES292	-0.891356	14.4621	15.3535
BLOCK29/SES290/SA290S29	SES177	-0.214449	14.2036	14.418
BLOCK29/SES290/SA290S29	SES180	-0.637973	13.7801	14.418
BLOCK29/SES290/SA290S29	SES275	-1.10488	13.3132	14.418
BLOCK29/SES290/SA290S29	SES292	-0.664705	13.7533	14.418
BLOCK29/SES291/SA291S11	SES105	-3.07032	10.8741	13.9444
BLOCK29/SES291/SA291S11	SES125	-1.40885	12.5356	13.9444
BLOCK29/SES291/SA291S11	SES158	-1.21251	12.7319	13.9444
BLOCK29/SES291/SA291S11	SES275	-2.68125	11.2632	13.9444
BLOCK29/SES291/SA291S12	SES158	-0.0790701	14.2374	14.3164
BLOCK29/SES291/SA291S12	SES226	-2.72517	11.5913	14.3164
BLOCK29/SES291/SA291S12	SES270	0.241111	14.5575	14.3164
BLOCK29/SES291/SA291S12	SES275	-4.28379	10.0326	14.3164
BLOCK29/SES291/SA291S22	SES082	-1.60144	13.4749	15.0764
BLOCK29/SES291/SA291S22	SES158	-1.25504	13.8213	15.0764
BLOCK29/SES291/SA291S22	SES259	-2.13088	12.9455	15.0764
BLOCK29/SES291/SA291S22	SES275	-3.19403	11.8823	15.0764
BLOCK29/SES291/SA291S24	SES104	-0.320331	15.8062	16.1265
BLOCK29/SES291/SA291S24	SES125	-0.73013	15.3964	16.1265
BLOCK29/SES291/SA291S24	SES158	-0.657731	15.4688	16.1265
BLOCK29/SES291/SA291S24	SES275	-3.48501	12.6415	16.1265
BLOCK29/SES291/SA291S27	SES158	-0.156807	15.4507	15.6075
BLOCK29/SES291/SA291S27	SES172	-3.74261	11.8649	15.6075
BLOCK29/SES291/SA291S27	SES275	-3.92065	11.6869	15.6075
BLOCK29/SES291/SA291S27	SES292	-2.04223	13.5653	15.6075
