BLOCK00/SES002/SA002S12	SES002	0.211964	-3.80994	-4.02191
BLOCK00/SES002/SA002S13	SES002	1.21422	-2.52859	-3.74282
BLOCK00/SES002/SA002S23	SES002	0.666685	-3.90184	-4.56853
BLOCK00/SES002/SA002S26	SES002	0.64788	-8.22055	-8.86843
BLOCK00/SES002/SA002S28	SES002	-0.11818	-6.31455	-6.19637
BLOCK00/SES007/SA007S14	SES007	0.809025	-2.8924	-3.70142
BLOCK00/SES007/SA007S15	SES007	0.140105	-3.6245	-3.76461
BLOCK00/SES007/SA007S24	SES007	0.308783	-2.52574	-2.83452
BLOCK00/SES007/SA007S27	SES007	-0.698114	-5.8906	-5.19249
BLOCK00/SES007/SA007S29	SES007	0.0514811	-1.0114	-1.06288
BLOCK00/SES008/SA008S11	SES008	1.1788	2.23862	1.05982
BLOCK00/SES008/SA008S12	SES008	0.101663	0.26947	0.167806
BLOCK00/SES008/SA008S19	SES008	1.73441	1.27543	-0.458981
BLOCK00/SES008/SA008S22	SES008	0.500053	-1.03189	-1.53194
BLOCK00/SES008/SA008S29	SES008	0.382698	0.486234	0.103536
BLOCK01/SES014/SA014S10	SES014	0.187534	-1.6576	-1.84514
BLOCK01/SES014/SA014S12	SES014	1.70927	0.0215931	-1.68768
BLOCK01/SES014/SA014S24	SES014	1.36464	-1.34423	-2.70887
BLOCK01/SES014/SA014S26	SES014	1.53431	-2.47182	-4.00613
BLOCK01/SES014/SA014S28	SES014	3.20374	3.7327	0.528963
BLOCK01/SES016/SA016S12	SES016	0.68615	-5.6762	-6.36235
BLOCK01/SES016/SA016S13	SES016	1.5545	-5.4021	-6.9566
BLOCK01/SES016/SA016S22	SES016	0.399837	-4.61804	-5.01787
BLOCK01/SES016/SA016S25	SES016	1.17326	-2.59837	-3.77163
BLOCK01/SES016/SA016S27	SES016	1.46764	-8.72625	-10.1939
BLOCK01/SES019/SA019S13	SES019	2.36938	-4.01469	-6.38408
BLOCK01/SES019/SA019S14	SES019	1.61157	-2.23025	-3.84182
BLOCK01/SES019/SA019S22	SES019	1.67107	-2.73728	-4.40835
BLOCK01/SES019/SA019S25	SES019	1.58594	-4.24062	-5.82655
BLOCK01/SES019/SA019S29	SES019	2.44032	-5.01396	-7.45428
BLOCK02/SES029/SA029S11	SES029	0.933774	-1.90133	-2.83511
BLOCK02/SES029/SA029S12	SES029	-0.417131	-4.8021	-4.38497
BLOCK02/SES029/SA029S20	SES029	0.731314	-0.0462049	-0.777519
BLOCK02/SES029/SA029S25	SES029	-0.0636201	-3.39246	-3.32884
BLOCK02/SES029/SA029S28	SES029	0.354178	-3.25098	-3.60516
BLOCK04/SES042/SA042S12	SES042	1.35719	-4.67927	-6.03646
BLOCK04/SES042/SA042S15	SES042	2.35671	-5.52769	-7.8844
BLOCK04/SES042/SA042S22	SES042	4.35501	-13.1166	-17.4716
BLOCK04/SES042/SA042S25	SES042	1.6428	-7.70137	-9.34417
BLOCK04/SES042/SA042S27	SES042	2.485	-10.6433	-13.1283
BLOCK04/SES048/SA048S11	SES048	0.706813	-1.33173	-2.03855
BLOCK04/SES048/SA048S12	SES048	0.35488	-4.73305	-5.08793
BLOCK04/SES048/SA048S20	SES048	0.793332	-3.80946	-4.60279
BLOCK04/SES048/SA048S23	SES048	1.0868	0.733352	-0.353445
BLOCK04/SES048/SA048S27	SES048	0.535321	-4.85164	-5.38697
BLOCK06/SES060/SA060S11	SES060	1.37296	-5.17173	-6.54469
BLOCK06/SES060/SA060S12	SES060	0.820623	-8.62977	-9.45039
BLOCK06/SES060/SA060S22	SES060	-1.10499	-6.12799	-5.023
BLOCK06/SES060/SA060S24	SES060	0.355851	-1.33197	-1.68782
BLOCK06/SES060/SA060S28	SES060	1.23664	-0.262166	-1.4988
BLOCK06/SES062/SA062S10	SES062	-0.479951	-4.32244	-3.84249
BLOCK06/SES062/SA062S11	SES062	0.156471	-6.57823	-6.7347
BLOCK06/SES062/SA062S21	SES062	0.772501	1.31707	0.544573
BLOCK06/SES062/SA062S26	SES062	-0.00839448	-2.94962	-2.94122
BLOCK06/SES062/SA062S29	SES062	0.753102	-0.0144079	-0.76751
BLOCK06/SES068/SA068S14	SES068	0.60379	-1.6093	-2.21309
BLOCK06/SES068/SA068S15	SES068	0.79158	-2.36526	-3.15684
BLOCK06/SES068/SA068S23	SES068	-0.0552855	-4.41244	-4.35716
BLOCK06/SES068/SA068S27	SES068	1.30657	-3.57093	-4.8775
BLOCK06/SES068/SA068S29	SES068	0.906165	-4.0504	-4.95657
BLOCK08/SES082/SA082S12	SES082	-0.956396	-2.54175	-1.58535
BLOCK08/SES082/SA082S14	SES082	-0.78222	-1.45852	-0.6763
BLOCK08/SES082/SA082S21	SES082	0.381525	-0.0314728	-0.412998
BLOCK08/SES082/SA082S24	SES082	-0.169586	-3.95506	-3.78548
BLOCK08/SES082/SA082S28	SES082	0.401369	-4.05688	-4.45824
BLOCK08/SES083/SA083S14	SES083	-0.793108	-1.89074	-1.09763
BLOCK08/SES083/SA083S15	SES083	0.261534	-4.3241	-4.58564
BLOCK08/SES083/SA083S24	SES083	-0.138725	-2.5237	-2.38498
BLOCK08/SES083/SA083S26	SES083	-0.810849	-6.48539	-5.67454
BLOCK08/SES083/SA083S29	SES083	-0.171262	-4.38843	-4.21717
BLOCK08/SES085/SA085S10	SES085	0.726204	-0.561389	-1.28759
BLOCK08/SES085/SA085S13	SES085	-0.00139427	-5.25466	-5.25327
BLOCK08/SES085/SA085S22	SES085	1.31105	-1.4471	-2.75815
BLOCK08/SES085/SA085S26	SES085	1.27917	-6.9857	-8.26487
BLOCK08/SES085/SA085S28	SES085	0.666513	-1.03206	-1.69857
BLOCK08/SES087/SA087S15	SES087	0.913448	-1.29417	-2.20762
BLOCK08/SES087/SA087S16	SES087	1.85866	0.898528	-0.960129
BLOCK08/SES087/SA087S24	SES087	0.880436	-8.51106	-9.39149
BLOCK08/SES087/SA087S26	SES087	0.629405	-2.30812	-2.93752
BLOCK08/SES087/SA087S29	SES087	0.73332	1.61276	0.879445
BLOCK09/SES099/SA099S15	SES099	2.05492	-2.36939	-4.42431
BLOCK09/SES099/SA099S16	SES099	1.08601	2.65815	1.57214
BLOCK09/SES099/SA099S24	SES099	1.91401	0.714813	-1.1992
BLOCK09/SES099/SA099S26	SES099	1.39071	-1.71876	-3.10947
BLOCK09/SES099/SA099S29	SES099	2.30548	-1.94935	-4.25483
BLOCK10/SES101/SA101S11	SES101	0.35264	-2.3843	-2.73694
BLOCK10/SES101/SA101S13	SES101	0.812727	1.82715	1.01442
BLOCK10/SES101/SA101S22	SES101	0.876359	-2.46217	-3.33853
BLOCK10/SES101/SA101S24	SES101	-0.232352	-2.58156	-2.34921
BLOCK10/SES101/SA101S28	SES101	0.801127	-2.12247	-2.9236
BLOCK10/SES104/SA104S11	SES104	1.38986	-0.163522	-1.55339
BLOCK10/SES104/SA104S12	SES104	0.132083	-1.54684	-1.67892
BLOCK10/SES104/SA104S21	SES104	1.2793	-1.09795	-2.37725
BLOCK10/SES104/SA104S24	SES104	-0.750349	-7.42305	-6.6727
BLOCK10/SES104/SA104S28	SES104	-0.218889	-5.51169	-5.2928
BLOCK10/SES105/SA105S12	SES105	0.806477	-3.72317	-4.52964
BLOCK10/SES105/SA105S13	SES105	0.0772796	-5.48259	-5.55987
BLOCK10/SES105/SA105S22	SES105	0.124089	-4.7318	-4.85589
BLOCK10/SES105/SA105S26	SES105	0.398727	-4.52934	-4.92807
BLOCK10/SES105/SA105S29	SES105	1.15295	-0.114866	-1.26781
BLOCK10/SES106/SA106S09	SES106	0.0866423	-8.24566	-8.3323
BLOCK10/SES106/SA106S11	SES106	1.56237	-3.84443	-5.40681
BLOCK10/SES106/SA106S22	SES106	1.79373	-7.89179	-9.68552
BLOCK10/SES106/SA106S27	SES106	0.952603	-2.48694	-3.43955
BLOCK10/SES106/SA106S29	SES106	0.211221	-2.73904	-2.95026
BLOCK11/SES117/SA117S12	SES117	-0.572187	-4.72079	-4.14861
BLOCK11/SES117/SA117S13	SES117	0.299692	-0.966438	-1.26613
BLOCK11/SES117/SA117S23	SES117	2.06156	-7.37882	-9.44037
BLOCK11/SES117/SA117S25	SES117	1.26842	-2.28433	-3.55275
BLOCK11/SES117/SA117S28	SES117	1.40896	-7.06994	-8.47891
BLOCK12/SES120/SA120S08	SES120	-0.175521	-8.27341	-8.09789
BLOCK12/SES120/SA120S11	SES120	-0.153049	-12.8419	-12.6889
BLOCK12/SES120/SA120S22	SES120	0.721493	-3.63826	-4.35976
BLOCK12/SES120/SA120S24	SES120	-0.65691	-10.3429	-9.68596
BLOCK12/SES120/SA120S28	SES120	0.220206	-6.954	-7.17421
BLOCK12/SES125/SA125S13	SES125	1.5269	-6.35065	-7.87755
BLOCK12/SES125/SA125S14	SES125	0.674181	-7.40374	-8.07792
BLOCK12/SES125/SA125S25	SES125	1.40264	-3.7455	-5.14815
BLOCK12/SES125/SA125S27	SES125	1.07491	-5.50442	-6.57933
BLOCK12/SES125/SA125S29	SES125	0.676043	-2.19341	-2.86945
BLOCK12/SES127/SA127S11	SES127	0.877171	-1.79556	-2.67273
BLOCK12/SES127/SA127S12	SES127	0.798667	2.32778	1.52911
BLOCK12/SES127/SA127S23	SES127	0.160353	-0.976245	-1.1366
BLOCK12/SES127/SA127S25	SES127	-0.260176	-0.322947	-0.062771
BLOCK12/SES127/SA127S27	SES127	0.272063	-0.733427	-1.00549
BLOCK12/SES129/SA129S11	SES129	0.738259	1.09294	0.354681
BLOCK12/SES129/SA129S12	SES129	0.513322	0.317563	-0.195759
BLOCK12/SES129/SA129S22	SES129	0.469598	1.59596	1.12636
BLOCK12/SES129/SA129S27	SES129	0.666837	1.04463	0.37779
BLOCK12/SES129/SA129S29	SES129	-0.292644	-7.57699	-7.28435
BLOCK14/SES142/SA142S11	SES142	2.41087	-0.837734	-3.24861
BLOCK14/SES142/SA142S12	SES142	2.29336	-7.06667	-9.36003
BLOCK14/SES142/SA142S24	SES142	2.38628	-5.2872	-7.67349
BLOCK14/SES142/SA142S27	SES142	1.61575	-5.14194	-6.75769
BLOCK14/SES142/SA142S29	SES142	1.37971	-5.92273	-7.30243
BLOCK14/SES143/SA143S12	SES143	1.22163	-2.08598	-3.30761
BLOCK14/SES143/SA143S13	SES143	0.569876	-1.2895	-1.85938
BLOCK14/SES143/SA143S23	SES143	1.33834	-2.34942	-3.68776
BLOCK14/SES143/SA143S25	SES143	0.664415	-7.32822	-7.99263
BLOCK14/SES143/SA143S28	SES143	0.855417	-6.5904	-7.44582
BLOCK14/SES144/SA144S09	SES144	0.756059	-0.987024	-1.74308
BLOCK14/SES144/SA144S11	SES144	0.00905871	-1.5058	-1.51486
BLOCK14/SES144/SA144S21	SES144	-0.0446105	-1.03209	-0.987476
BLOCK14/SES144/SA144S25	SES144	0.655653	-1.84119	-2.49684
BLOCK14/SES144/SA144S29	SES144	-0.583964	-4.79484	-4.21088
BLOCK14/SES146/SA146S14	SES146	0.406906	-2.14429	-2.5512
BLOCK14/SES146/SA146S15	SES146	0.108318	-4.507	-4.61531
BLOCK14/SES146/SA146S24	SES146	0.567708	-5.04642	-5.61413
BLOCK14/SES146/SA146S26	SES146	0.751881	-4.11652	-4.86841
BLOCK14/SES146/SA146S29	SES146	0.27818	-4.47523	-4.75341
BLOCK14/SES147/SA147S11	SES147	0.932383	-4.09094	-5.02332
BLOCK14/SES147/SA147S13	SES147	1.91793	0.968419	-0.949508
BLOCK14/SES147/SA147S23	SES147	1.66272	0.226441	-1.43628
BLOCK14/SES147/SA147S26	SES147	1.09493	-0.293169	-1.3881
BLOCK14/SES147/SA147S28	SES147	1.82543	2.48899	0.663562
BLOCK14/SES148/SA148S10	SES148	0.235045	-0.195232	-0.430277
BLOCK14/SES148/SA148S12	SES148	0.376681	-2.2716	-2.64829
BLOCK14/SES148/SA148S22	SES148	0.77125	1.10432	0.33307
BLOCK14/SES148/SA148S26	SES148	-0.273853	1.48945	1.76331
BLOCK14/SES148/SA148S29	SES148	-0.79567	-2.91787	-2.1222
BLOCK14/SES149/SA149S13	SES149	-0.171371	-3.53891	-3.36754
BLOCK14/SES149/SA149S14	SES149	0.405464	0.263778	-0.141685
BLOCK14/SES149/SA149S24	SES149	0.829393	-0.644635	-1.47403
BLOCK14/SES149/SA149S26	SES149	0.794268	-3.17502	-3.96928
BLOCK14/SES149/SA149S28	SES149	1.49135	4.5827	3.09135
BLOCK15/SES158/SA158S13	SES158	1.89737	-8.04786	-9.94523
BLOCK15/SES158/SA158S14	SES158	2.62094	-8.42716	-11.0481
BLOCK15/SES158/SA158S23	SES158	1.86466	-5.16926	-7.03391
BLOCK15/SES158/SA158S26	SES158	2.55018	-9.02166	-11.5718
BLOCK15/SES158/SA158S28	SES158	0.229884	-6.2006	-6.43048
BLOCK16/SES162/SA162S10	SES162	0.343642	-4.4008	-4.74444
BLOCK16/SES162/SA162S11	SES162	0.436888	-0.264254	-0.701142
BLOCK16/SES162/SA162S21	SES162	0.640069	-0.770342	-1.41041
BLOCK16/SES162/SA162S24	SES162	0.952066	0.0646097	-0.887456
BLOCK16/SES162/SA162S27	SES162	0.415556	-5.5093	-5.92486
BLOCK16/SES167/SA167S14	SES167	2.18661	1.66691	-0.519697
BLOCK16/SES167/SA167S15	SES167	3.13736	4.06098	0.923616
BLOCK16/SES167/SA167S21	SES167	2.9203	4.51483	1.59453
BLOCK16/SES167/SA167S25	SES167	3.22328	2.42219	-0.801089
BLOCK16/SES167/SA167S29	SES167	3.36597	5.03601	1.67004
BLOCK17/SES172/SA172S12	SES172	0.704524	-3.32992	-4.03444
BLOCK17/SES172/SA172S13	SES172	1.22412	-3.17616	-4.40028
BLOCK17/SES172/SA172S23	SES172	0.975206	0.624465	-0.350741
BLOCK17/SES172/SA172S27	SES172	-0.450216	-5.28398	-4.83377
BLOCK17/SES172/SA172S29	SES172	1.54808	-0.0491269	-1.59721
BLOCK17/SES175/SA175S11	SES175	0.693939	-6.77122	-7.46516
BLOCK17/SES175/SA175S13	SES175	1.65237	2.50314	0.850776
BLOCK17/SES175/SA175S23	SES175	1.88965	-0.243094	-2.13274
BLOCK17/SES175/SA175S25	SES175	1.0626	-3.12283	-4.18543
BLOCK17/SES175/SA175S28	SES175	1.70276	-3.94559	-5.64835
BLOCK17/SES177/SA177S15	SES177	-0.0495462	-4.0972	-4.04765
BLOCK17/SES177/SA177S17	SES177	-0.384784	-4.2537	-3.86892
BLOCK17/SES177/SA177S23	SES177	-0.49037	-3.29692	-2.80655
BLOCK17/SES177/SA177S26	SES177	0.663988	1.1947	0.530714
BLOCK17/SES177/SA177S28	SES177	0.218246	-7.11796	-7.33621
BLOCK18/SES180/SA180S13	SES180	0.216187	-9.02726	-9.24344
BLOCK18/SES180/SA180S15	SES180	0.649038	0.0722217	-0.576816
BLOCK18/SES180/SA180S24	SES180	0.625501	-1.05563	-1.68113
BLOCK18/SES180/SA180S26	SES180	0.535456	-2.30965	-2.84511
BLOCK18/SES180/SA180S29	SES180	0.365498	-7.56573	-7.93123
BLOCK18/SES183/SA183S13	SES183	0.742021	-2.24347	-2.98549
BLOCK18/SES183/SA183S14	SES183	-0.206702	-3.54186	-3.33516
BLOCK18/SES183/SA183S24	SES183	0.437108	-6.52418	-6.96129
BLOCK18/SES183/SA183S27	SES183	0.726393	-2.48279	-3.20918
BLOCK18/SES183/SA183S29	SES183	1.21329	-0.67863	-1.89192
BLOCK18/SES187/SA187S13	SES187	0.972985	-4.48015	-5.45314
BLOCK18/SES187/SA187S14	SES187	0.543036	-4.28571	-4.82874
BLOCK18/SES187/SA187S24	SES187	2.75276	-4.71277	-7.46554
BLOCK18/SES187/SA187S27	SES187	0.967098	-2.31985	-3.28694
BLOCK18/SES187/SA187S29	SES187	1.47331	-8.09916	-9.57247
BLOCK18/SES189/SA189S10	SES189	1.68129	-4.31638	-5.99767
BLOCK18/SES189/SA189S13	SES189	2.15179	-10.2589	-12.4107
BLOCK18/SES189/SA189S24	SES189	1.39009	-4.38345	-5.77353
BLOCK18/SES189/SA189S26	SES189	1.19567	-4.95948	-6.15515
BLOCK18/SES189/SA189S29	SES189	2.51841	-3.44826	-5.96668
BLOCK20/SES202/SA202S12	SES202	1.09799	-8.54996	-9.64794
BLOCK20/SES202/SA202S14	SES202	1.54759	-5.65972	-7.20732
BLOCK20/SES202/SA202S24	SES202	0.977422	-5.74484	-6.72227
BLOCK20/SES202/SA202S27	SES202	1.98333	-2.04129	-4.02462
BLOCK20/SES202/SA202S29	SES202	2.32216	-5.61297	-7.93513
BLOCK20/SES206/SA206S15	SES206	-0.870233	-0.117247	0.752986
BLOCK20/SES206/SA206S17	SES206	1.2828	-4.50798	-5.79078
BLOCK20/SES206/SA206S24	SES206	0.925569	-0.591355	-1.51692
BLOCK20/SES206/SA206S27	SES206	1.7336	-4.3749	-6.10851
BLOCK20/SES206/SA206S29	SES206	0.99755	-5.79462	-6.79217
BLOCK22/SES226/SA226S12	SES226	0.747865	-2.88347	-3.63133
BLOCK22/SES226/SA226S13	SES226	0.0132413	-2.5025	-2.51574
BLOCK22/SES226/SA226S20	SES226	0.202437	-2.03842	-2.24086
BLOCK22/SES226/SA226S23	SES226	0.0165054	-0.0827736	-0.0992791
BLOCK22/SES226/SA226S28	SES226	0.766536	0.533246	-0.233289
BLOCK25/SES259/SA259S13	SES259	2.09346	-2.49083	-4.58429
BLOCK25/SES259/SA259S14	SES259	1.35861	-4.28404	-5.64265
BLOCK25/SES259/SA259S22	SES259	0.893992	-2.77964	-3.67363
BLOCK25/SES259/SA259S24	SES259	0.952824	-4.68698	-5.63981
BLOCK25/SES259/SA259S28	SES259	1.22185	-1.96112	-3.18297
BLOCK27/SES270/SA270S14	SES270	1.68361	-0.225455	-1.90906
BLOCK27/SES270/SA270S16	SES270	0.3469	-1.33029	-1.67719
BLOCK27/SES270/SA270S22	SES270	2.05708	1.09103	-0.966052
BLOCK27/SES270/SA270S26	SES270	2.46217	-1.77328	-4.23545
BLOCK27/SES270/SA270S28	SES270	1.68605	2.49894	0.812889
BLOCK27/SES275/SA275S17	SES275	0.567969	-2.72608	-3.29405
BLOCK27/SES275/SA275S18	SES275	-0.272872	-4.22774	-3.95487
BLOCK27/SES275/SA275S24	SES275	-0.0595534	-3.22459	-3.16503
BLOCK27/SES275/SA275S26	SES275	-0.0308521	-2.1593	-2.12845
BLOCK27/SES275/SA275S28	SES275	-0.294078	-3.19589	-2.90181
BLOCK29/SES292/SA292S10	SES292	-0.55988	-1.74745	-1.18757
BLOCK29/SES292/SA292S12	SES292	0.330448	-3.19305	-3.52349
BLOCK29/SES292/SA292S22	SES292	-0.394197	-2.66164	-2.26744
BLOCK29/SES292/SA292S24	SES292	0.114497	1.16807	1.05357
BLOCK29/SES292/SA292S27	SES292	-0.900486	-1.26251	-0.362025
BLOCK00/SES001/SA001S14	SES062	-2.28514	-8.87236	-6.58722
BLOCK00/SES001/SA001S14	SES082	-0.910618	-7.49784	-6.58722
BLOCK00/SES001/SA001S14	SES106	-2.63327	-9.22049	-6.58722
BLOCK00/SES001/SA001S14	SES206	-1.7502	-8.33743	-6.58722
BLOCK00/SES001/SA001S15	SES062	-2.00097	-7.04751	-5.04655
BLOCK00/SES001/SA001S15	SES104	-1.782	-6.82855	-5.04655
BLOCK00/SES001/SA001S15	SES106	-0.996178	-6.04272	-5.04655
BLOCK00/SES001/SA001S15	SES206	-2.69839	-7.74494	-5.04655
BLOCK00/SES001/SA001S24	SES062	-3.47861	-11.9369	-8.45833
BLOCK00/SES001/SA001S24	SES082	-1.80003	-10.2584	-8.45833
BLOCK00/SES001/SA001S24	SES087	-4.55317	-13.0115	-8.45833
BLOCK00/SES001/SA001S24	SES206	-1.31063	-9.76896	-8.45833
BLOCK00/SES001/SA001S27	SES062	-1.19564	-0.796859	0.398777
BLOCK00/SES001/SA001S27	SES082	-0.650466	-0.251689	0.398777
BLOCK00/SES001/SA001S27	SES087	-2.45845	-2.05967	0.398777
BLOCK00/SES001/SA001S27	SES206	-1.9142	-1.51542	0.398777
BLOCK00/SES001/SA001S29	SES062	-2.23732	-7.444	-5.20668
BLOCK00/SES001/SA001S29	SES082	-0.923513	-6.13019	-5.20668
BLOCK00/SES001/SA001S29	SES158	-1.59326	-6.79993	-5.20668
BLOCK00/SES001/SA001S29	SES206	-2.26886	-7.47554	-5.20668
BLOCK00/SES003/SA003S11	SES002	0.147806	0.799011	0.651206
BLOCK00/SES003/SA003S11	SES019	-1.36971	-0.718501	0.651206
BLOCK00/SES003/SA003S11	SES082	-0.751689	-0.100484	0.651206
BLOCK00/SES003/SA003S11	SES125	-1.34019	-0.688981	0.651206
BLOCK00/SES003/SA003S15	SES016	-1.56366	-4.34364	-2.77998
BLOCK00/SES003/SA003S15	SES019	-2.09023	-4.87021	-2.77998
BLOCK00/SES003/SA003S15	SES062	-0.297389	-3.07737	-2.77998
BLOCK00/SES003/SA003S15	SES206	-0.619931	-3.39991	-2.77998
BLOCK00/SES003/SA003S22	SES002	0.0787834	-1.28923	-1.36802
BLOCK00/SES003/SA003S22	SES062	-0.745602	-2.11362	-1.36802
BLOCK00/SES003/SA003S22	SES082	-1.42151	-2.78953	-1.36802
BLOCK00/SES003/SA003S22	SES087	-1.90909	-3.27711	-1.36802
BLOCK00/SES003/SA003S25	SES062	-2.03965	-4.55173	-2.51208
BLOCK00/SES003/SA003S25	SES082	-2.45833	-4.97041	-2.51208
BLOCK00/SES003/SA003S25	SES087	-0.686631	-3.19872	-2.51208
BLOCK00/SES003/SA003S25	SES206	-1.95283	-4.46492	-2.51208
BLOCK00/SES003/SA003S29	SES002	-1.05336	-0.554437	0.49892
BLOCK00/SES003/SA003S29	SES062	-2.03392	-1.535	0.49892
BLOCK00/SES003/SA003S29	SES082	-1.88875	-1.38983	0.49892
BLOCK00/SES003/SA003S29	SES087	-1.58178	-1.08286	0.49892
BLOCK00/SES004/SA004S12	SES083	-0.89795	-1.53706	-0.639115
BLOCK00/SES004/SA004S12	SES148	-1.23503	-1.87414	-0.639115
BLOCK00/SES004/SA004S12	SES172	0.0518306	-0.587285	-0.639115
BLOCK00/SES004/SA004S12	SES292	-1.50581	-2.14492	-0.639115
BLOCK00/SES004/SA004S17	SES083	-0.970329	-2.51579	-1.54546
BLOCK00/SES004/SA004S17	SES162	-0.172404	-1.71787	-1.54546
BLOCK00/SES004/SA004S17	SES172	0.264513	-1.28095	-1.54546
BLOCK00/SES004/SA004S17	SES292	-1.24728	-2.79274	-1.54546
BLOCK00/SES004/SA004S24	SES083	-0.907083	-3.84176	-2.93468
BLOCK00/SES004/SA004S24	SES148	-2.02153	-4.95621	-2.93468
BLOCK00/SES004/SA004S24	SES172	0.364047	-2.57063	-2.93468
BLOCK00/SES004/SA004S24	SES292	-1.27621	-4.21088	-2.93468
BLOCK00/SES004/SA004S26	SES083	-1.54857	-4.64533	-3.09676
BLOCK00/SES004/SA004S26	SES127	-1.29691	-4.39367	-3.09676
BLOCK00/SES004/SA004S26	SES148	-2.93171	-6.02847	-3.09676
BLOCK00/SES004/SA004S26	SES292	-1.63367	-4.73043	-3.09676
BLOCK00/SES004/SA004S28	SES083	-1.62845	0.608848	2.23729
BLOCK00/SES004/SA004S28	SES127	0.43977	2.67706	2.23729
BLOCK00/SES004/SA004S28	SES187	1.02275	3.26004	2.23729
BLOCK00/SES004/SA004S28	SES292	-0.17568	2.06161	2.23729
BLOCK00/SES006/SA006S10	SES014	-2.34511	-11.1762	-8.83109
BLOCK00/SES006/SA006S10	SES158	-4.36552	-13.1966	-8.83109
BLOCK00/SES006/SA006S10	SES226	-4.08061	-12.9117	-8.83109
BLOCK00/SES006/SA006S10	SES270	-2.36742	-11.1985	-8.83109
BLOCK00/SES006/SA006S11	SES158	-3.64011	-9.61155	-5.97143
BLOCK00/SES006/SA006S11	SES226	-2.88836	-8.8598	-5.97143
BLOCK00/SES006/SA006S11	SES270	-1.94662	-7.91806	-5.97143
BLOCK00/SES006/SA006S11	SES275	-1.66269	-7.63413	-5.97143
BLOCK00/SES006/SA006S23	SES062	-2.84498	-7.99429	-5.14931
BLOCK00/SES006/SA006S23	SES105	-3.26265	-8.41196	-5.14931
BLOCK00/SES006/SA006S23	SES158	-3.76435	-8.91366	-5.14931
BLOCK00/SES006/SA006S23	SES275	-1.90688	-7.05619	-5.14931
BLOCK00/SES006/SA006S26	SES104	-4.99808	-11.287	-6.28891
BLOCK00/SES006/SA006S26	SES158	-4.44476	-10.7337	-6.28891
BLOCK00/SES006/SA006S26	SES270	-2.9888	-9.27771	-6.28891
BLOCK00/SES006/SA006S26	SES275	-2.49257	-8.78149	-6.28891
BLOCK00/SES006/SA006S28	SES007	-1.73829	-8.42859	-6.6903
BLOCK00/SES006/SA006S28	SES105	-2.85961	-9.54991	-6.6903
BLOCK00/SES006/SA006S28	SES158	-3.19827	-9.88857	-6.6903
BLOCK00/SES006/SA006S28	SES275	-2.23674	-8.92704	-6.6903
BLOCK00/SES009/SA009S12	SES083	-1.72943	-8.04206	-6.31262
BLOCK00/SES009/SA009S12	SES148	-3.96666	-10.2793	-6.31262
BLOCK00/SES009/SA009S12	SES177	-1.92863	-8.24125	-6.31262
BLOCK00/SES009/SA009S12	SES292	-1.27399	-7.58661	-6.31262
BLOCK00/SES009/SA009S15	SES007	-0.504015	-6.34215	-5.83813
BLOCK00/SES009/SA009S15	SES099	-3.6895	-9.52763	-5.83813
BLOCK00/SES009/SA009S15	SES148	-2.73037	-8.56851	-5.83813
BLOCK00/SES009/SA009S15	SES172	-0.968566	-6.8067	-5.83813
BLOCK00/SES009/SA009S24	SES146	-0.876835	-9.07713	-8.20029
BLOCK00/SES009/SA009S24	SES148	-3.72339	-11.9237	-8.20029
BLOCK00/SES009/SA009S24	SES177	-1.28241	-9.4827	-8.20029
BLOCK00/SES009/SA009S24	SES292	-1.54245	-9.74275	-8.20029
BLOCK00/SES009/SA009S26	SES083	-1.85653	-6.26977	-4.41324
BLOCK00/SES009/SA009S26	SES101	-3.41687	-7.83011	-4.41324
BLOCK00/SES009/SA009S26	SES120	-1.41091	-5.82416	-4.41324
BLOCK00/SES009/SA009S26	SES177	-1.3541	-5.76735	-4.41324
BLOCK00/SES009/SA009S29	SES083	-1.34267	-5.70174	-4.35907
BLOCK00/SES009/SA009S29	SES101	-2.16441	-6.52348	-4.35907
BLOCK00/SES009/SA009S29	SES177	-0.757177	-5.11625	-4.35907
BLOCK00/SES009/SA009S29	SES292	-1.08363	-5.44271	-4.35907
BLOCK01/SES011/SA011S10	SES019	-1.43227	-13.8849	-12.4526
BLOCK01/SES011/SA011S10	SES042	0.487523	-11.9651	-12.4526
BLOCK01/SES011/SA011S10	SES082	-1.15984	-13.6125	-12.4526
BLOCK01/SES011/SA011S10	SES206	0.0148687	-12.4378	-12.4526
BLOCK01/SES011/SA011S11	SES019	0.116931	-10.0295	-10.1464
BLOCK01/SES011/SA011S11	SES042	0.538049	-9.60836	-10.1464
BLOCK01/SES011/SA011S11	SES082	0.247117	-9.89929	-10.1464
BLOCK01/SES011/SA011S11	SES206	-0.819164	-10.9656	-10.1464
BLOCK01/SES011/SA011S22	SES019	-0.303272	-12.3794	-12.0761
BLOCK01/SES011/SA011S22	SES042	1.61125	-10.4648	-12.0761
BLOCK01/SES011/SA011S22	SES082	-0.827304	-12.9034	-12.0761
BLOCK01/SES011/SA011S22	SES206	-1.28275	-13.3588	-12.0761
BLOCK01/SES011/SA011S24	SES019	-2.84514	-11.0413	-8.19611
BLOCK01/SES011/SA011S24	SES042	0.0299988	-8.16611	-8.19611
BLOCK01/SES011/SA011S24	SES104	-1.12193	-9.31804	-8.19611
BLOCK01/SES011/SA011S24	SES206	-0.493288	-8.6894	-8.19611
BLOCK01/SES011/SA011S27	SES082	-0.482034	-8.39302	-7.91099
BLOCK01/SES011/SA011S27	SES087	-4.85676	-12.7677	-7.91099
BLOCK01/SES011/SA011S27	SES125	-0.997862	-8.90885	-7.91099
BLOCK01/SES011/SA011S27	SES206	-1.34512	-9.2561	-7.91099
BLOCK01/SES012/SA012S11	SES007	-0.898237	-2.89474	-1.99651
BLOCK01/SES012/SA012S11	SES082	-0.152386	-2.14889	-1.99651
BLOCK01/SES012/SA012S11	SES083	-0.822011	-2.81852	-1.99651
BLOCK01/SES012/SA012S11	SES206	-0.0629514	-2.05946	-1.99651
BLOCK01/SES012/SA012S14	SES082	-0.228948	-5.49159	-5.26265
BLOCK01/SES012/SA012S14	SES087	-3.44519	-8.70784	-5.26265
BLOCK01/SES012/SA012S14	SES206	-1.01656	-6.2792	-5.26265
BLOCK01/SES012/SA012S14	SES292	-1.99262	-7.25527	-5.26265
BLOCK01/SES012/SA012S24	SES082	-1.21387	-8.50383	-7.28995
BLOCK01/SES012/SA012S24	SES087	-3.2217	-10.5116	-7.28995
BLOCK01/SES012/SA012S24	SES120	-2.0671	-9.35705	-7.28995
BLOCK01/SES012/SA012S24	SES206	-1.65472	-8.94468	-7.28995
BLOCK01/SES012/SA012S26	SES019	-5.28913	-13.6593	-8.3702
BLOCK01/SES012/SA012S26	SES082	-0.964178	-9.33438	-8.3702
BLOCK01/SES012/SA012S26	SES206	-0.143845	-8.51405	-8.3702
BLOCK01/SES012/SA012S26	SES292	-1.99874	-10.3689	-8.3702
BLOCK01/SES012/SA012S29	SES062	-0.644242	0.678358	1.3226
BLOCK01/SES012/SA012S29	SES082	-0.400993	0.921607	1.3226
BLOCK01/SES012/SA012S29	SES083	-0.75419	0.56841	1.3226
BLOCK01/SES012/SA012S29	SES206	0.360863	1.68346	1.3226
BLOCK01/SES013/SA013S16	SES062	-2.61602	-8.51335	-5.89733
BLOCK01/SES013/SA013S16	SES106	-2.32546	-8.22279	-5.89733
BLOCK01/SES013/SA013S16	SES206	-1.17318	-7.07051	-5.89733
BLOCK01/SES013/SA013S16	SES226	-2.8899	-8.78723	-5.89733
BLOCK01/SES013/SA013S17	SES062	-1.69593	-2.68314	-0.987202
BLOCK01/SES013/SA013S17	SES106	-2.08515	-3.07236	-0.987202
BLOCK01/SES013/SA013S17	SES206	-0.00120294	-0.988405	-0.987202
BLOCK01/SES013/SA013S17	SES226	-0.800308	-1.78751	-0.987202
BLOCK01/SES013/SA013S23	SES104	-0.152422	-3.5422	-3.38978
BLOCK01/SES013/SA013S23	SES106	-2.74702	-6.1368	-3.38978
BLOCK01/SES013/SA013S23	SES206	-0.663706	-4.05348	-3.38978
BLOCK01/SES013/SA013S23	SES270	-2.28523	-5.67501	-3.38978
BLOCK01/SES013/SA013S25	SES042	-4.25115	-7.07369	-2.82254
BLOCK01/SES013/SA013S25	SES104	-0.290082	-3.11263	-2.82254
BLOCK01/SES013/SA013S25	SES106	-1.04256	-3.86511	-2.82254
BLOCK01/SES013/SA013S25	SES206	-0.958773	-3.78132	-2.82254
BLOCK01/SES013/SA013S29	SES062	-2.8368	-6.76787	-3.93107
BLOCK01/SES013/SA013S29	SES104	-0.423928	-4.355	-3.93107
BLOCK01/SES013/SA013S29	SES106	-1.79806	-5.72914	-3.93107
BLOCK01/SES013/SA013S29	SES206	-0.766155	-4.69723	-3.93107
BLOCK02/SES021/SA021S13	SES016	-2.272	-6.86147	-4.58947
BLOCK02/SES021/SA021S13	SES029	-1.8808	-6.47027	-4.58947
BLOCK02/SES021/SA021S13	SES087	-3.21758	-7.80705	-4.58947
BLOCK02/SES021/SA021S13	SES206	-0.900871	-5.49034	-4.58947
BLOCK02/SES021/SA021S15	SES087	-1.69111	-3.85008	-2.15897
BLOCK02/SES021/SA021S15	SES125	-0.816612	-2.97559	-2.15897
BLOCK02/SES021/SA021S15	SES206	-0.459888	-2.61886	-2.15897
BLOCK02/SES021/SA021S15	SES226	-1.00437	-3.16335	-2.15897
BLOCK02/SES021/SA021S23	SES062	-2.68749	-5.01865	-2.33116
BLOCK02/SES021/SA021S23	SES087	-1.71581	-4.04697	-2.33116
BLOCK02/SES021/SA021S23	SES206	-1.57713	-3.90829	-2.33116
BLOCK02/SES021/SA021S23	SES226	-1.06976	-3.40092	-2.33116
BLOCK02/SES021/SA021S27	SES002	-2.06471	-2.07168	-0.00697043
BLOCK02/SES021/SA021S27	SES016	-3.95617	-3.96314	-0.00697043
BLOCK02/SES021/SA021S27	SES019	-2.27135	-2.27832	-0.00697043
BLOCK02/SES021/SA021S27	SES062	-1.44482	-1.45179	-0.00697043
BLOCK02/SES021/SA021S29	SES087	-1.25314	-3.25755	-2.00441
BLOCK02/SES021/SA021S29	SES125	-1.1829	-3.18731	-2.00441
BLOCK02/SES021/SA021S29	SES206	-0.24307	-2.24748	-2.00441
BLOCK02/SES021/SA021S29	SES226	-1.14713	-3.15154	-2.00441
BLOCK04/SES043/SA043S09	SES083	-0.411853	-5.63927	-5.22742
BLOCK04/SES043/SA043S09	SES101	-0.899153	-6.12657	-5.22742
BLOCK04/SES043/SA043S09	SES144	-0.639114	-5.86653	-5.22742
BLOCK04/SES043/SA043S09	SES172	-1.18945	-6.41686	-5.22742
BLOCK04/SES043/SA043S11	SES083	-0.941747	-1.70658	-0.764831
BLOCK04/SES043/SA043S11	SES101	-1.19921	-1.96404	-0.764831
BLOCK04/SES043/SA043S11	SES144	0.0347179	-0.730114	-0.764831
BLOCK04/SES043/SA043S11	SES172	-1.29644	-2.06128	-0.764831
BLOCK04/SES043/SA043S23	SES083	-1.16226	-2.92841	-1.76616
BLOCK04/SES043/SA043S23	SES144	-0.0112419	-1.7774	-1.76616
BLOCK04/SES043/SA043S23	SES177	-1.10301	-2.86917	-1.76616
BLOCK04/SES043/SA043S23	SES275	-1.31025	-3.0764	-1.76616
BLOCK04/SES043/SA043S26	SES083	-1.10074	-9.03899	-7.93825
BLOCK04/SES043/SA043S26	SES101	-1.07416	-9.01241	-7.93825
BLOCK04/SES043/SA043S26	SES144	-0.570502	-8.50875	-7.93825
BLOCK04/SES043/SA043S26	SES177	-1.88441	-9.82266	-7.93825
BLOCK04/SES043/SA043S28	SES016	-1.4974	-5.45245	-3.95505
BLOCK04/SES043/SA043S28	SES083	-0.637644	-4.59269	-3.95505
BLOCK04/SES043/SA043S28	SES101	-0.819062	-4.77411	-3.95505
BLOCK04/SES043/SA043S28	SES144	-1.46866	-5.42371	-3.95505
BLOCK04/SES044/SA044S10	SES127	-2.5477	-9.62432	-7.07662
BLOCK04/SES044/SA044S10	SES144	-0.766129	-7.84275	-7.07662
BLOCK04/SES044/SA044S10	SES147	-1.97439	-9.05101	-7.07662
BLOCK04/SES044/SA044S10	SES148	-2.57643	-9.65305	-7.07662
BLOCK04/SES044/SA044S11	SES101	-1.60559	-6.71356	-5.10797
BLOCK04/SES044/SA044S11	SES144	-0.357551	-5.46552	-5.10797
BLOCK04/SES044/SA044S11	SES147	-1.72311	-6.83108	-5.10797
BLOCK04/SES044/SA044S11	SES177	-1.76517	-6.87314	-5.10797
BLOCK04/SES044/SA044S24	SES007	-1.73087	-6.48006	-4.74919
BLOCK04/SES044/SA044S24	SES101	-1.89496	-6.64415	-4.74919
BLOCK04/SES044/SA044S24	SES147	-1.65309	-6.40228	-4.74919
BLOCK04/SES044/SA044S24	SES177	-2.04809	-6.79728	-4.74919
BLOCK04/SES044/SA044S26	SES007	-1.77151	-1.72539	0.0461196
BLOCK04/SES044/SA044S26	SES016	-1.11867	-1.07255	0.0461196
BLOCK04/SES044/SA044S26	SES101	-1.78985	-1.74373	0.0461196
BLOCK04/SES044/SA044S26	SES147	-0.697565	-0.651446	0.0461196
BLOCK04/SES044/SA044S29	SES007	-1.4585	-7.12889	-5.67039
BLOCK04/SES044/SA044S29	SES101	-1.76521	-7.4356	-5.67039
BLOCK04/SES044/SA044S29	SES147	-1.04713	-6.71753	-5.67039
BLOCK04/SES044/SA044S29	SES177	-2.06826	-7.73866	-5.67039
BLOCK04/SES046/SA046S13	SES101	-0.977787	-6.13945	-5.16167
BLOCK04/SES046/SA046S13	SES144	-0.404088	-5.56576	-5.16167
BLOCK04/SES046/SA046S13	SES147	-0.945402	-6.10707	-5.16167
BLOCK04/SES046/SA046S13	SES177	-0.999124	-6.16079	-5.16167
BLOCK04/SES046/SA046S15	SES048	-0.262897	-1.59755	-1.33465
BLOCK04/SES046/SA046S15	SES083	-1.41586	-2.75051	-1.33465
BLOCK04/SES046/SA046S15	SES120	-1.02155	-2.3562	-1.33465
BLOCK04/SES046/SA046S15	SES148	-1.51929	-2.85394	-1.33465
BLOCK04/SES046/SA046S22	SES101	-1.14758	-4.94572	-3.79813
BLOCK04/SES046/SA046S22	SES144	-0.120919	-3.91905	-3.79813
BLOCK04/SES046/SA046S22	SES147	-0.491066	-4.2892	-3.79813
BLOCK04/SES046/SA046S22	SES172	-0.789676	-4.58781	-3.79813
BLOCK04/SES046/SA046S25	SES083	-1.3006	-0.968933	0.331668
BLOCK04/SES046/SA046S25	SES127	-1.1032	-0.77153	0.331668
BLOCK04/SES046/SA046S25	SES144	-0.810119	-0.478452	0.331668
BLOCK04/SES046/SA046S25	SES148	-0.841225	-0.509557	0.331668
BLOCK04/SES046/SA046S28	SES007	-1.55053	-3.93454	-2.38401
BLOCK04/SES046/SA046S28	SES105	-1.58876	-3.97277	-2.38401
BLOCK04/SES046/SA046S28	SES147	-0.0984905	-2.4825	-2.38401
BLOCK04/SES046/SA046S28	SES148	-2.09825	-4.48227	-2.38401
BLOCK04/SES049/SA049S16	SES104	-0.891865	-5.60811	-4.71624
BLOCK04/SES049/SA049S16	SES106	-3.25855	-7.97479	-4.71624
BLOCK04/SES049/SA049S16	SES120	-2.72581	-7.44205	-4.71624
BLOCK04/SES049/SA049S16	SES206	-0.787851	-5.50409	-4.71624
BLOCK04/SES049/SA049S18	SES099	-0.0361805	-2.75891	-2.72273
BLOCK04/SES049/SA049S18	SES104	-1.19134	-3.91406	-2.72273
BLOCK04/SES049/SA049S18	SES125	-1.48869	-4.21142	-2.72273
BLOCK04/SES049/SA049S18	SES206	-1.61952	-4.34225	-2.72273
BLOCK04/SES049/SA049S25	SES087	-1.75722	-4.27284	-2.51562
BLOCK04/SES049/SA049S25	SES104	-0.761051	-3.27667	-2.51562
BLOCK04/SES049/SA049S25	SES125	-1.70239	-4.21801	-2.51562
BLOCK04/SES049/SA049S25	SES206	-1.49858	-4.0142	-2.51562
BLOCK04/SES049/SA049S27	SES099	-2.017	2.01757	4.03456
BLOCK04/SES049/SA049S27	SES104	-0.653996	3.38056	4.03456
BLOCK04/SES049/SA049S27	SES125	-1.90019	2.13437	4.03456
BLOCK04/SES049/SA049S27	SES206	-1.72682	2.30774	4.03456
BLOCK04/SES049/SA049S29	SES099	0.880259	3.31405	2.4338
BLOCK04/SES049/SA049S29	SES104	0.930812	3.36461	2.4338
BLOCK04/SES049/SA049S29	SES125	-0.0779898	2.35581	2.4338
BLOCK04/SES049/SA049S29	SES206	-0.50163	1.93217	2.4338
BLOCK06/SES063/SA063S09	SES068	-0.903592	-6.94752	-6.04393
BLOCK06/SES063/SA063S09	SES083	-0.716397	-6.76032	-6.04393
BLOCK06/SES063/SA063S09	SES177	-1.03754	-7.08146	-6.04393
BLOCK06/SES063/SA063S09	SES187	-1.62986	-7.67379	-6.04393
BLOCK06/SES063/SA063S10	SES068	-1.77927	-6.39162	-4.61235
BLOCK06/SES063/SA063S10	SES083	-1.63082	-6.24317	-4.61235
BLOCK06/SES063/SA063S10	SES172	-1.57216	-6.18451	-4.61235
BLOCK06/SES063/SA063S10	SES187	-1.63876	-6.25111	-4.61235
BLOCK06/SES063/SA063S20	SES068	-1.86642	-7.32411	-5.45769
BLOCK06/SES063/SA063S20	SES083	-1.57602	-7.03371	-5.45769
BLOCK06/SES063/SA063S20	SES172	-1.04792	-6.5056	-5.45769
BLOCK06/SES063/SA063S20	SES187	-1.18704	-6.64472	-5.45769
BLOCK06/SES063/SA063S24	SES029	-1.7665	-7.7754	-6.0089
BLOCK06/SES063/SA063S24	SES083	-0.709062	-6.71797	-6.0089
BLOCK06/SES063/SA063S24	SES177	-1.58532	-7.59422	-6.0089
BLOCK06/SES063/SA063S24	SES189	-1.45077	-7.45968	-6.0089
BLOCK06/SES063/SA063S27	SES083	-0.93098	-8.65811	-7.72713
BLOCK06/SES063/SA063S27	SES172	-0.952732	-8.67986	-7.72713
BLOCK06/SES063/SA063S27	SES187	-0.998855	-8.72598	-7.72713
BLOCK06/SES063/SA063S27	SES292	-1.27036	-8.99749	-7.72713
BLOCK06/SES067/SA067S12	SES083	-1.79912	-4.49511	-2.69599
BLOCK06/SES067/SA067S12	SES172	-2.04237	-4.73836	-2.69599
BLOCK06/SES067/SA067S12	SES202	-0.972386	-3.66837	-2.69599
BLOCK06/SES067/SA067S12	SES292	-1.43503	-4.13102	-2.69599
BLOCK06/SES067/SA067S14	SES085	-0.87299	0.350441	1.22343
BLOCK06/SES067/SA067S14	SES177	-1.04828	0.175156	1.22343
BLOCK06/SES067/SA067S14	SES183	0.671443	1.89487	1.22343
BLOCK06/SES067/SA067S14	SES202	-1.04705	0.176377	1.22343
BLOCK06/SES067/SA067S21	SES144	-0.615722	-4.15776	-3.54204
BLOCK06/SES067/SA067S21	SES177	-0.618736	-4.16078	-3.54204
BLOCK06/SES067/SA067S21	SES183	-0.0905848	-3.63263	-3.54204
BLOCK06/SES067/SA067S21	SES189	-1.61827	-5.16032	-3.54204
BLOCK06/SES067/SA067S25	SES085	-0.886692	-5.90231	-5.01561
BLOCK06/SES067/SA067S25	SES177	-0.472576	-5.48819	-5.01561
BLOCK06/SES067/SA067S25	SES183	-0.517385	-5.533	-5.01561
BLOCK06/SES067/SA067S25	SES202	-0.524976	-5.54059	-5.01561
BLOCK06/SES067/SA067S29	SES085	-1.73784	-8.15582	-6.41798
BLOCK06/SES067/SA067S29	SES177	-1.81164	-8.22961	-6.41798
BLOCK06/SES067/SA067S29	SES183	-0.225939	-6.64392	-6.41798
BLOCK06/SES067/SA067S29	SES202	-1.89541	-8.31339	-6.41798
BLOCK06/SES069/SA069S12	SES029	-3.09078	-3.87328	-0.782502
BLOCK06/SES069/SA069S12	SES082	-0.772051	-1.55455	-0.782502
BLOCK06/SES069/SA069S12	SES087	-2.18302	-2.96553	-0.782502
BLOCK06/SES069/SA069S12	SES206	-0.313362	-1.09586	-0.782502
BLOCK06/SES069/SA069S13	SES029	-2.21594	-0.571311	1.64463
BLOCK06/SES069/SA069S13	SES087	-1.04751	0.597124	1.64463
BLOCK06/SES069/SA069S13	SES206	-1.11404	0.530588	1.64463
BLOCK06/SES069/SA069S13	SES226	-0.112807	1.53182	1.64463
BLOCK06/SES069/SA069S23	SES029	-2.00799	2.99485	5.00284
BLOCK06/SES069/SA069S23	SES087	-0.595095	4.40775	5.00284
BLOCK06/SES069/SA069S23	SES206	-0.790367	4.21247	5.00284
BLOCK06/SES069/SA069S23	SES226	0.474591	5.47743	5.00284
BLOCK06/SES069/SA069S25	SES087	-0.802433	-0.951765	-0.149332
BLOCK06/SES069/SA069S25	SES206	-1.45013	-1.59946	-0.149332
BLOCK06/SES069/SA069S25	SES226	-0.545672	-0.695004	-0.149332
BLOCK06/SES069/SA069S25	SES270	-1.74611	-1.89544	-0.149332
BLOCK06/SES069/SA069S27	SES087	-2.97101	-5.37463	-2.40362
BLOCK06/SES069/SA069S27	SES206	-0.656427	-3.06005	-2.40362
BLOCK06/SES069/SA069S27	SES226	-0.997916	-3.40154	-2.40362
BLOCK06/SES069/SA069S27	SES270	-2.27079	-4.67441	-2.40362
BLOCK08/SES081/SA081S11	SES060	-1.72897	-8.39355	-6.66458
BLOCK08/SES081/SA081S11	SES062	-2.20836	-8.87294	-6.66458
BLOCK08/SES081/SA081S11	SES117	-1.22027	-7.88485	-6.66458
BLOCK08/SES081/SA081S11	SES162	-1.22936	-7.89394	-6.66458
BLOCK08/SES081/SA081S13	SES016	-1.55363	-4.71999	-3.16636
BLOCK08/SES081/SA081S13	SES060	-0.4735	-3.63986	-3.16636
BLOCK08/SES081/SA081S13	SES068	-0.936976	-4.10334	-3.16636
BLOCK08/SES081/SA081S13	SES129	-1.91905	-5.08541	-3.16636
BLOCK08/SES081/SA081S24	SES060	-0.061357	-4.83873	-4.77737
BLOCK08/SES081/SA081S24	SES068	-0.127219	-4.90459	-4.77737
BLOCK08/SES081/SA081S24	SES117	-0.963838	-5.74121	-4.77737
BLOCK08/SES081/SA081S24	SES275	-1.17869	-5.95606	-4.77737
BLOCK08/SES081/SA081S27	SES007	-1.2848	-11.3569	-10.0721
BLOCK08/SES081/SA081S27	SES060	-1.78005	-11.8522	-10.0721
BLOCK08/SES081/SA081S27	SES117	-1.81277	-11.8849	-10.0721
BLOCK08/SES081/SA081S27	SES275	-2.32622	-12.3983	-10.0721
BLOCK08/SES081/SA081S29	SES007	-0.478658	-9.79113	-9.31247
BLOCK08/SES081/SA081S29	SES060	-0.368503	-9.68097	-9.31247
BLOCK08/SES081/SA081S29	SES117	-0.811714	-10.1242	-9.31247
BLOCK08/SES081/SA081S29	SES275	-1.59748	-10.91	-9.31247
BLOCK08/SES086/SA086S11	SES029	-2.60519	-10.0996	-7.49443
BLOCK08/SES086/SA086S11	SES082	-1.14933	-8.64376	-7.49443
BLOCK08/SES086/SA086S11	SES087	-0.210722	-7.70515	-7.49443
BLOCK08/SES086/SA086S11	SES206	-0.676177	-8.1706	-7.49443
BLOCK08/SES086/SA086S12	SES029	-1.71432	-7.41231	-5.69798
BLOCK08/SES086/SA086S12	SES082	-1.24647	-6.94445	-5.69798
BLOCK08/SES086/SA086S12	SES087	0.96327	-4.73471	-5.69798
BLOCK08/SES086/SA086S12	SES206	-0.736127	-6.43411	-5.69798
BLOCK08/SES086/SA086S20	SES029	-2.30813	-6.4477	-4.13958
BLOCK08/SES086/SA086S20	SES082	-1.4569	-5.59647	-4.13958
BLOCK08/SES086/SA086S20	SES087	-0.156549	-4.29612	-4.13958
BLOCK08/SES086/SA086S20	SES206	-1.11482	-5.2544	-4.13958
BLOCK08/SES086/SA086S24	SES087	-0.144126	-6.25809	-6.11396
BLOCK08/SES086/SA086S24	SES104	-0.320084	-6.43405	-6.11396
BLOCK08/SES086/SA086S24	SES120	-0.18197	-6.29593	-6.11396
BLOCK08/SES086/SA086S24	SES206	0.402572	-5.71139	-6.11396
BLOCK08/SES086/SA086S28	SES029	-2.06531	-3.93192	-1.86661
BLOCK08/SES086/SA086S28	SES082	-0.807078	-2.67369	-1.86661
BLOCK08/SES086/SA086S28	SES087	-0.216254	-2.08287	-1.86661
BLOCK08/SES086/SA086S28	SES206	-0.504527	-2.37114	-1.86661
BLOCK08/SES089/SA089S13	SES087	-2.4067	-7.31624	-4.90954
BLOCK08/SES089/SA089S13	SES206	-2.16287	-7.07241	-4.90954
BLOCK08/SES089/SA089S13	SES226	-0.47615	-5.38569	-4.90954
BLOCK08/SES089/SA089S13	SES270	-1.17019	-6.07973	-4.90954
BLOCK08/SES089/SA089S14	SES062	-1.57398	-4.60772	-3.03374
BLOCK08/SES089/SA089S14	SES087	-0.596355	-3.63009	-3.03374
BLOCK08/SES089/SA089S14	SES206	-1.46408	-4.49782	-3.03374
BLOCK08/SES089/SA089S14	SES226	-2.08385	-5.11759	-3.03374
BLOCK08/SES089/SA089S23	SES087	-2.06078	-9.50365	-7.44287
BLOCK08/SES089/SA089S23	SES206	-0.822309	-8.26518	-7.44287
BLOCK08/SES089/SA089S23	SES226	-1.39196	-8.83482	-7.44287
BLOCK08/SES089/SA089S23	SES270	-1.24932	-8.69218	-7.44287
BLOCK08/SES089/SA089S25	SES062	-2.02886	-5.70858	-3.67972
BLOCK08/SES089/SA089S25	SES087	-2.0406	-5.72032	-3.67972
BLOCK08/SES089/SA089S25	SES206	-1.3915	-5.07122	-3.67972
BLOCK08/SES089/SA089S25	SES226	-0.977847	-4.65757	-3.67972
BLOCK08/SES089/SA089S28	SES062	-2.41236	-4.77515	-2.36279
BLOCK08/SES089/SA089S28	SES087	-0.826278	-3.18907	-2.36279
BLOCK08/SES089/SA089S28	SES206	-1.43178	-3.79457	-2.36279
BLOCK08/SES089/SA089S28	SES226	-1.36457	-3.72736	-2.36279
BLOCK09/SES097/SA097S11	SES099	-0.682444	-1.05563	-0.373189
BLOCK09/SES097/SA097S11	SES125	-1.38613	-1.75932	-0.373189
BLOCK09/SES097/SA097S11	SES206	-2.26969	-2.64288	-0.373189
BLOCK09/SES097/SA097S11	SES226	-0.251971	-0.625161	-0.373189
BLOCK09/SES097/SA097S14	SES062	-2.25655	-1.61744	0.639114
BLOCK09/SES097/SA097S14	SES099	-1.20118	-0.562067	0.639114
BLOCK09/SES097/SA097S14	SES104	-2.74686	-2.10775	0.639114
BLOCK09/SES097/SA097S14	SES206	-2.55783	-1.91872	0.639114
BLOCK09/SES097/SA097S22	SES099	-0.0918523	-1.39242	-1.30057
BLOCK09/SES097/SA097S22	SES206	-1.05365	-2.35422	-1.30057
BLOCK09/SES097/SA097S22	SES226	-1.92099	-3.22156	-1.30057
BLOCK09/SES097/SA097S22	SES270	-2.4116	-3.71217	-1.30057
BLOCK09/SES097/SA097S26	SES099	-0.334536	-4.33072	-3.99619
BLOCK09/SES097/SA097S26	SES120	-1.86683	-5.86302	-3.99619
BLOCK09/SES097/SA097S26	SES206	-2.45266	-6.44884	-3.99619
BLOCK09/SES097/SA097S26	SES226	-0.544399	-4.54059	-3.99619
BLOCK09/SES097/SA097S28	SES099	0.680436	-0.889562	-1.57
BLOCK09/SES097/SA097S28	SES120	-0.986718	-2.55672	-1.57
BLOCK09/SES097/SA097S28	SES206	-1.5568	-3.12679	-1.57
BLOCK09/SES097/SA097S28	SES226	-1.65244	-3.22243	-1.57
BLOCK09/SES098/SA098S11	SES127	-1.07993	-5.05578	-3.97584
BLOCK09/SES098/SA098S11	SES144	-1.29169	-5.26754	-3.97584
BLOCK09/SES098/SA098S11	SES147	-1.56233	-5.53818	-3.97584
BLOCK09/SES098/SA098S11	SES148	-2.88456	-6.8604	-3.97584
BLOCK09/SES098/SA098S12	SES127	-2.73577	-12.3817	-9.6459
BLOCK09/SES098/SA098S12	SES144	-1.50342	-11.1493	-9.6459
BLOCK09/SES098/SA098S12	SES147	-2.02124	-11.6671	-9.6459
BLOCK09/SES098/SA098S12	SES189	-0.371399	-10.0173	-9.6459
BLOCK09/SES098/SA098S20	SES127	-3.88735	-16.2525	-12.3652
BLOCK09/SES098/SA098S20	SES147	-3.52483	-15.89	-12.3652
BLOCK09/SES098/SA098S20	SES148	-5.4522	-17.8174	-12.3652
BLOCK09/SES098/SA098S20	SES292	-2.03681	-14.402	-12.3652
BLOCK09/SES098/SA098S23	SES127	-0.724206	-8.33798	-7.61378
BLOCK09/SES098/SA098S23	SES147	-1.23599	-8.84977	-7.61378
BLOCK09/SES098/SA098S23	SES187	0.10812	-7.50566	-7.61378
BLOCK09/SES098/SA098S23	SES292	-1.24026	-8.85404	-7.61378
BLOCK09/SES098/SA098S27	SES127	-2.13272	-9.30171	-7.16898
BLOCK09/SES098/SA098S27	SES147	-2.37233	-9.54131	-7.16898
BLOCK09/SES098/SA098S27	SES148	-3.29595	-10.4649	-7.16898
BLOCK09/SES098/SA098S27	SES292	-1.22671	-8.39569	-7.16898
BLOCK10/SES102/SA102S13	SES101	-0.565318	-7.44506	-6.87974
BLOCK10/SES102/SA102S13	SES105	-1.21917	-8.09891	-6.87974
BLOCK10/SES102/SA102S13	SES120	-1.6303	-8.51004	-6.87974
BLOCK10/SES102/SA102S13	SES158	-2.35834	-9.23808	-6.87974
BLOCK10/SES102/SA102S14	SES007	0.54466	-2.45306	-2.99772
BLOCK10/SES102/SA102S14	SES101	-1.66582	-4.66354	-2.99772
BLOCK10/SES102/SA102S14	SES105	-0.910035	-3.90776	-2.99772
BLOCK10/SES102/SA102S14	SES147	-2.53217	-5.5299	-2.99772
BLOCK10/SES102/SA102S22	SES007	-0.826775	-3.90626	-3.07949
BLOCK10/SES102/SA102S22	SES101	-1.49374	-4.57323	-3.07949
BLOCK10/SES102/SA102S22	SES105	-0.811631	-3.89112	-3.07949
BLOCK10/SES102/SA102S22	SES158	-1.03606	-4.11555	-3.07949
BLOCK10/SES102/SA102S25	SES007	-0.284171	-3.83671	-3.55254
BLOCK10/SES102/SA102S25	SES101	-1.49395	-5.04649	-3.55254
BLOCK10/SES102/SA102S25	SES105	-1.63211	-5.18465	-3.55254
BLOCK10/SES102/SA102S25	SES147	-2.49617	-6.04871	-3.55254
BLOCK10/SES102/SA102S27	SES007	-0.480729	-1.44051	-0.959777
BLOCK10/SES102/SA102S27	SES101	-0.951336	-1.91111	-0.959777
BLOCK10/SES102/SA102S27	SES105	-1.45747	-2.41724	-0.959777
BLOCK10/SES102/SA102S27	SES147	-2.40264	-3.36242	-0.959777
BLOCK10/SES103/SA103S14	SES105	-2.06273	-12.0063	-9.94362
BLOCK10/SES103/SA103S14	SES106	-2.93878	-12.8824	-9.94362
BLOCK10/SES103/SA103S14	SES120	-2.45246	-12.3961	-9.94362
BLOCK10/SES103/SA103S14	SES206	-0.734555	-10.6782	-9.94362
BLOCK10/SES103/SA103S15	SES099	-1.91241	-10.6362	-8.72374
BLOCK10/SES103/SA103S15	SES101	-3.66078	-12.3845	-8.72374
BLOCK10/SES103/SA103S15	SES104	-2.4344	-11.1581	-8.72374
BLOCK10/SES103/SA103S15	SES125	-4.61909	-13.3428	-8.72374
BLOCK10/SES103/SA103S24	SES104	-1.74003	-5.1143	-3.37427
BLOCK10/SES103/SA103S24	SES125	-4.46906	-7.84333	-3.37427
BLOCK10/SES103/SA103S24	SES148	-3.28643	-6.6607	-3.37427
BLOCK10/SES103/SA103S24	SES158	-2.4998	-5.87407	-3.37427
BLOCK10/SES103/SA103S26	SES104	-2.22471	-9.84525	-7.62054
BLOCK10/SES103/SA103S26	SES106	-2.30072	-9.92126	-7.62054
BLOCK10/SES103/SA103S26	SES125	-2.45762	-10.0782	-7.62054
BLOCK10/SES103/SA103S26	SES148	-5.14692	-12.7675	-7.62054
BLOCK10/SES103/SA103S28	SES104	-2.57283	-12.5142	-9.94133
BLOCK10/SES103/SA103S28	SES106	-5.00879	-14.9501	-9.94133
BLOCK10/SES103/SA103S28	SES125	-5.07961	-15.0209	-9.94133
BLOCK10/SES103/SA103S28	SES206	-1.4498	-11.3911	-9.94133
BLOCK12/SES121/SA121S12	SES042	-2.31585	-6.98853	-4.67268
BLOCK12/SES121/SA121S12	SES087	-2.00541	-6.67809	-4.67268
BLOCK12/SES121/SA121S12	SES105	-0.97256	-5.64524	-4.67268
BLOCK12/SES121/SA121S12	SES206	-1.09299	-5.76567	-4.67268
BLOCK12/SES121/SA121S14	SES007	-1.7083	-13.7127	-12.0044
BLOCK12/SES121/SA121S14	SES105	-1.55836	-13.5627	-12.0044
BLOCK12/SES121/SA121S14	SES106	-1.99294	-13.9973	-12.0044
BLOCK12/SES121/SA121S14	SES206	-0.821176	-12.8256	-12.0044
BLOCK12/SES121/SA121S23	SES105	-1.24144	-9.6352	-8.39376
BLOCK12/SES121/SA121S23	SES106	-2.47729	-10.8711	-8.39376
BLOCK12/SES121/SA121S23	SES120	-1.66158	-10.0553	-8.39376
BLOCK12/SES121/SA121S23	SES206	0.499378	-7.89438	-8.39376
BLOCK12/SES121/SA121S25	SES007	-1.16054	-13.1197	-11.9592
BLOCK12/SES121/SA121S25	SES105	-1.65827	-13.6174	-11.9592
BLOCK12/SES121/SA121S25	SES106	-1.00766	-12.9668	-11.9592
BLOCK12/SES121/SA121S25	SES206	-0.329424	-12.2886	-11.9592
BLOCK12/SES121/SA121S27	SES087	-0.4104	-11.1662	-10.7558
BLOCK12/SES121/SA121S27	SES105	-2.0275	-12.7833	-10.7558
BLOCK12/SES121/SA121S27	SES120	-0.746243	-11.502	-10.7558
BLOCK12/SES121/SA121S27	SES206	-0.660722	-11.4165	-10.7558
BLOCK12/SES124/SA124S16	SES042	-0.0777817	-3.19286	-3.11508
BLOCK12/SES124/SA124S16	SES082	-1.26763	-4.3827	-3.11508
BLOCK12/SES124/SA124S16	SES183	-0.732387	-3.84747	-3.11508
BLOCK12/SES124/SA124S16	SES206	-1.87184	-4.98691	-3.11508
BLOCK12/SES124/SA124S17	SES105	-1.88251	-9.88853	-8.00602
BLOCK12/SES124/SA124S17	SES149	-0.917918	-8.92393	-8.00602
BLOCK12/SES124/SA124S17	SES158	-1.30697	-9.31298	-8.00602
BLOCK12/SES124/SA124S17	SES275	-1.39851	-9.40452	-8.00602
BLOCK12/SES124/SA124S23	SES105	-3.04681	-3.34917	-0.302368
BLOCK12/SES124/SA124S23	SES125	0.624568	0.322201	-0.302368
BLOCK12/SES124/SA124S23	SES129	-1.91405	-2.21642	-0.302368
BLOCK12/SES124/SA124S23	SES158	-1.50203	-1.8044	-0.302368
BLOCK12/SES124/SA124S26	SES105	-2.55815	-7.33675	-4.77861
BLOCK12/SES124/SA124S26	SES125	-0.447624	-5.22623	-4.77861
BLOCK12/SES124/SA124S26	SES129	-2.31243	-7.09103	-4.77861
BLOCK12/SES124/SA124S26	SES158	-1.6995	-6.47811	-4.77861
BLOCK12/SES124/SA124S28	SES104	-0.251328	-2.51313	-2.2618
BLOCK12/SES124/SA124S28	SES106	-0.686151	-2.94795	-2.2618
BLOCK12/SES124/SA124S28	SES125	0.610007	-1.6518	-2.2618
BLOCK12/SES124/SA124S28	SES275	-1.76815	-4.02995	-2.2618
BLOCK12/SES126/SA126S13	SES007	-1.08401	-7.41735	-6.33334
BLOCK12/SES126/SA126S13	SES162	-1.00416	-7.3375	-6.33334
BLOCK12/SES126/SA126S13	SES177	-0.771533	-7.10487	-6.33334
BLOCK12/SES126/SA126S13	SES180	-1.30128	-7.63462	-6.33334
BLOCK12/SES126/SA126S14	SES144	-1.04467	-4.00734	-2.96268
BLOCK12/SES126/SA126S14	SES148	-1.63163	-4.5943	-2.96268
BLOCK12/SES126/SA126S14	SES177	-1.00027	-3.96294	-2.96268
BLOCK12/SES126/SA126S14	SES180	-1.18319	-4.14587	-2.96268
BLOCK12/SES126/SA126S20	SES007	-1.24019	-1.3362	-0.0960119
BLOCK12/SES126/SA126S20	SES162	-1.27383	-1.36984	-0.0960119
BLOCK12/SES126/SA126S20	SES172	-1.77221	-1.86822	-0.0960119
BLOCK12/SES126/SA126S20	SES180	-0.765106	-0.861118	-0.0960119
BLOCK12/SES126/SA126S24	SES120	-0.589949	-3.87877	-3.28882
BLOCK12/SES126/SA126S24	SES162	-0.44671	-3.73553	-3.28882
BLOCK12/SES126/SA126S24	SES177	0.1071	-3.18172	-3.28882
BLOCK12/SES126/SA126S24	SES180	-0.412966	-3.70179	-3.28882
BLOCK12/SES126/SA126S26	SES120	-0.47159	-2.40022	-1.92863
BLOCK12/SES126/SA126S26	SES177	-1.08397	-3.0126	-1.92863
BLOCK12/SES126/SA126S26	SES180	-0.67941	-2.60804	-1.92863
BLOCK12/SES126/SA126S26	SES202	-1.12565	-3.05428	-1.92863
BLOCK12/SES128/SA128S10	SES087	-2.1106	-5.11837	-3.00778
BLOCK12/SES128/SA128S10	SES206	-0.311234	-3.31901	-3.00778
BLOCK12/SES128/SA128S10	SES226	-1.03841	-4.04618	-3.00778
BLOCK12/SES128/SA128S10	SES270	-1.48991	-4.49768	-3.00778
BLOCK12/SES128/SA128S12	SES120	-0.658564	-6.69214	-6.03358
BLOCK12/SES128/SA128S12	SES158	-2.06333	-8.09691	-6.03358
BLOCK12/SES128/SA128S12	SES206	-0.542924	-6.5765	-6.03358
BLOCK12/SES128/SA128S12	SES226	-1.74852	-7.7821	-6.03358
BLOCK12/SES128/SA128S21	SES106	-4.57085	-8.17193	-3.60108
BLOCK12/SES128/SA128S21	SES120	-1.41252	-5.0136	-3.60108
BLOCK12/SES128/SA128S21	SES206	-1.94501	-5.54609	-3.60108
BLOCK12/SES128/SA128S21	SES226	-1.55466	-5.15574	-3.60108
BLOCK12/SES128/SA128S24	SES087	-1.5103	-7.26669	-5.7564
BLOCK12/SES128/SA128S24	SES120	-0.616074	-6.37247	-5.7564
BLOCK12/SES128/SA128S24	SES206	-1.00126	-6.75766	-5.7564
BLOCK12/SES128/SA128S24	SES226	-2.46639	-8.22279	-5.7564
BLOCK12/SES128/SA128S27	SES099	-1.80961	-5.969	-4.15938
BLOCK12/SES128/SA128S27	SES120	-1.15857	-5.31795	-4.15938
BLOCK12/SES128/SA128S27	SES206	-1.27733	-5.43671	-4.15938
BLOCK12/SES128/SA128S27	SES226	-1.82557	-5.98495	-4.15938
BLOCK13/SES130/SA130S13	SES143	-1.21273	-6.04329	-4.83056
BLOCK13/SES130/SA130S13	SES144	-0.224251	-5.05482	-4.83056
BLOCK13/SES130/SA130S13	SES146	-2.03479	-6.86535	-4.83056
BLOCK13/SES130/SA130S13	SES275	-2.19899	-7.02956	-4.83056
BLOCK13/SES130/SA130S15	SES143	-0.608449	-2.40215	-1.7937
BLOCK13/SES130/SA130S15	SES144	0.308369	-1.48533	-1.7937
BLOCK13/SES130/SA130S15	SES146	-1.1326	-2.9263	-1.7937
BLOCK13/SES130/SA130S15	SES275	-1.30205	-3.09575	-1.7937
BLOCK13/SES130/SA130S23	SES127	0.208107	-0.112969	-0.321076
BLOCK13/SES130/SA130S23	SES144	0.580069	0.258992	-0.321076
BLOCK13/SES130/SA130S23	SES146	-1.04056	-1.36164	-0.321076
BLOCK13/SES130/SA130S23	SES162	-0.0433442	-0.36442	-0.321076
BLOCK13/SES130/SA130S25	SES127	-0.951314	0.69563	1.64694
BLOCK13/SES130/SA130S25	SES144	-0.649834	0.99711	1.64694
BLOCK13/SES130/SA130S25	SES146	-0.907397	0.739547	1.64694
BLOCK13/SES130/SA130S25	SES275	-1.29282	0.354126	1.64694
BLOCK13/SES130/SA130S28	SES127	-0.862625	-2.78043	-1.91781
BLOCK13/SES130/SA130S28	SES144	-1.0367	-2.95451	-1.91781
BLOCK13/SES130/SA130S28	SES146	-0.411081	-2.32889	-1.91781
BLOCK13/SES130/SA130S28	SES275	-0.774844	-2.69265	-1.91781
BLOCK13/SES131/SA131S13	SES002	-2.81558	-5.76728	-2.9517
BLOCK13/SES131/SA131S13	SES007	-1.35994	-4.31164	-2.9517
BLOCK13/SES131/SA131S13	SES099	-1.51422	-4.46592	-2.9517
BLOCK13/SES131/SA131S13	SES105	-1.15972	-4.11142	-2.9517
BLOCK13/SES131/SA131S14	SES104	-1.24662	1.90675	3.15337
BLOCK13/SES131/SA131S14	SES106	-2.74	0.413371	3.15337
BLOCK13/SES131/SA131S14	SES125	-2.02391	1.12946	3.15337
BLOCK13/SES131/SA131S14	SES148	-0.667336	2.48604	3.15337
BLOCK13/SES131/SA131S20	SES104	-3.03915	-8.74129	-5.70214
BLOCK13/SES131/SA131S20	SES106	-3.88754	-9.58968	-5.70214
BLOCK13/SES131/SA131S20	SES125	-3.0483	-8.75044	-5.70214
BLOCK13/SES131/SA131S20	SES148	-2.12589	-7.82803	-5.70214
BLOCK13/SES131/SA131S22	SES099	-2.56122	-5.57971	-3.01849
BLOCK13/SES131/SA131S22	SES104	-1.62744	-4.64593	-3.01849
BLOCK13/SES131/SA131S22	SES125	-1.17413	-4.19262	-3.01849
BLOCK13/SES131/SA131S22	SES206	-2.03786	-5.05635	-3.01849
BLOCK13/SES131/SA131S29	SES087	-2.02583	-7.47469	-5.44885
BLOCK13/SES131/SA131S29	SES104	-3.34825	-8.7971	-5.44885
BLOCK13/SES131/SA131S29	SES125	-4.71442	-10.1633	-5.44885
BLOCK13/SES131/SA131S29	SES206	-2.38239	-7.83124	-5.44885
BLOCK13/SES132/SA132S11	SES083	-1.45745	-10.5736	-9.11615
BLOCK13/SES132/SA132S11	SES120	0.366735	-8.74942	-9.11615
BLOCK13/SES132/SA132S11	SES127	-2.27021	-11.3864	-9.11615
BLOCK13/SES132/SA132S11	SES275	-1.11919	-10.2353	-9.11615
BLOCK13/SES132/SA132S12	SES083	-1.21037	-3.7355	-2.52513
BLOCK13/SES132/SA132S12	SES143	-1.70936	-4.23449	-2.52513
BLOCK13/SES132/SA132S12	SES144	-0.759877	-3.28501	-2.52513
BLOCK13/SES132/SA132S12	SES148	-1.76518	-4.29032	-2.52513
BLOCK13/SES132/SA132S22	SES062	-0.838483	-8.14325	-7.30476
BLOCK13/SES132/SA132S22	SES083	-0.867025	-8.17179	-7.30476
BLOCK13/SES132/SA132S22	SES127	-0.606819	-7.91158	-7.30476
BLOCK13/SES132/SA132S22	SES275	-1.24062	-8.54539	-7.30476
BLOCK13/SES132/SA132S24	SES007	-0.509995	-3.93414	-3.42415
BLOCK13/SES132/SA132S24	SES083	-0.828136	-4.25228	-3.42415
BLOCK13/SES132/SA132S24	SES127	-1.58848	-5.01263	-3.42415
BLOCK13/SES132/SA132S24	SES275	-0.923471	-4.34762	-3.42415
BLOCK13/SES132/SA132S27	SES083	-2.00732	-9.56894	-7.56162
BLOCK13/SES132/SA132S27	SES120	0.0824547	-7.47916	-7.56162
BLOCK13/SES132/SA132S27	SES127	-4.36	-11.9216	-7.56162
BLOCK13/SES132/SA132S27	SES275	-2.0706	-9.63221	-7.56162
BLOCK14/SES141/SA141S09	SES143	-0.302444	-2.34632	-2.04387
BLOCK14/SES141/SA141S09	SES144	-0.0830994	-2.12697	-2.04387
BLOCK14/SES141/SA141S09	SES162	-0.312683	-2.35655	-2.04387
BLOCK14/SES141/SA141S09	SES180	-0.491014	-2.53489	-2.04387
BLOCK14/SES141/SA141S15	SES127	-0.212635	-4.38245	-4.16982
BLOCK14/SES141/SA141S15	SES144	-0.904034	-5.07385	-4.16982
BLOCK14/SES141/SA141S15	SES162	-0.779723	-4.94954	-4.16982
BLOCK14/SES141/SA141S15	SES180	-0.540983	-4.7108	-4.16982
BLOCK14/SES141/SA141S24	SES127	-1.50442	-6.94873	-5.44431
BLOCK14/SES141/SA141S24	SES144	-1.8657	-7.31	-5.44431
BLOCK14/SES141/SA141S24	SES162	-0.502913	-5.94722	-5.44431
BLOCK14/SES141/SA141S24	SES183	-1.94384	-7.38815	-5.44431
BLOCK14/SES141/SA141S26	SES142	0.0921712	-5.24674	-5.33891
BLOCK14/SES141/SA141S26	SES144	-0.580329	-5.91924	-5.33891
BLOCK14/SES141/SA141S26	SES172	-0.279957	-5.61887	-5.33891
BLOCK14/SES141/SA141S26	SES180	0.00810289	-5.33081	-5.33891
BLOCK14/SES141/SA141S29	SES127	0.143642	-3.24173	-3.38537
BLOCK14/SES141/SA141S29	SES142	0.929227	-2.45614	-3.38537
BLOCK14/SES141/SA141S29	SES144	-0.802858	-4.18823	-3.38537
BLOCK14/SES141/SA141S29	SES180	0.871411	-2.51396	-3.38537
BLOCK15/SES157/SA157S08	SES083	-1.32723	-1.22075	0.106475
BLOCK15/SES157/SA157S08	SES127	-1.70192	-1.59545	0.106475
BLOCK15/SES157/SA157S08	SES148	-1.33215	-1.22567	0.106475
BLOCK15/SES157/SA157S08	SES292	-1.52621	-1.41973	0.106475
BLOCK15/SES157/SA157S11	SES083	-1.413	-2.95048	-1.53748
BLOCK15/SES157/SA157S11	SES127	-1.89534	-3.43282	-1.53748
BLOCK15/SES157/SA157S11	SES148	-2.46229	-3.99977	-1.53748
BLOCK15/SES157/SA157S11	SES292	-1.52815	-3.06563	-1.53748
BLOCK15/SES157/SA157S21	SES127	-0.429424	1.25442	1.68384
BLOCK15/SES157/SA157S21	SES148	-0.204503	1.47934	1.68384
BLOCK15/SES157/SA157S21	SES158	-5.18612	-3.50228	1.68384
BLOCK15/SES157/SA157S21	SES292	-1.3909	0.292944	1.68384
BLOCK15/SES157/SA157S24	SES127	-1.10676	-4.17752	-3.07076
BLOCK15/SES157/SA157S24	SES148	-1.31007	-4.38083	-3.07076
BLOCK15/SES157/SA157S24	SES183	-1.69546	-4.76622	-3.07076
BLOCK15/SES157/SA157S24	SES292	-1.60692	-4.67768	-3.07076
BLOCK15/SES157/SA157S26	SES007	-0.82492	-2.8537	-2.02878
BLOCK15/SES157/SA157S26	SES127	-0.311756	-2.34053	-2.02878
BLOCK15/SES157/SA157S26	SES147	-1.95431	-3.98308	-2.02878
BLOCK15/SES157/SA157S26	SES148	-1.38498	-3.41375	-2.02878
BLOCK16/SES161/SA161S10	SES007	-1.36409	-5.4399	-4.0758
BLOCK16/SES161/SA161S10	SES105	-0.684041	-4.75984	-4.0758
BLOCK16/SES161/SA161S10	SES158	-1.03886	-5.11466	-4.0758
BLOCK16/SES161/SA161S10	SES275	-1.32712	-5.40292	-4.0758
BLOCK16/SES161/SA161S12	SES007	-3.84414	-12.6858	-8.84168
BLOCK16/SES161/SA161S12	SES105	-2.38172	-11.2234	-8.84168
BLOCK16/SES161/SA161S12	SES158	-2.00368	-10.8454	-8.84168
BLOCK16/SES161/SA161S12	SES275	-2.99884	-11.8405	-8.84168
BLOCK16/SES161/SA161S20	SES007	-1.80186	-11.2481	-9.44623
BLOCK16/SES161/SA161S20	SES105	-1.723	-11.1692	-9.44623
BLOCK16/SES161/SA161S20	SES158	-1.03361	-10.4798	-9.44623
BLOCK16/SES161/SA161S20	SES275	-3.10293	-12.5492	-9.44623
BLOCK16/SES161/SA161S23	SES007	-4.75013	-12.8247	-8.07454
BLOCK16/SES161/SA161S23	SES105	-1.87861	-9.95315	-8.07454
BLOCK16/SES161/SA161S23	SES148	-1.91757	-9.99211	-8.07454
BLOCK16/SES161/SA161S23	SES158	-2.95702	-11.0316	-8.07454
BLOCK16/SES161/SA161S28	SES007	-1.18732	-11.447	-10.2597
BLOCK16/SES161/SA161S28	SES105	-2.09433	-12.354	-10.2597
BLOCK16/SES161/SA161S28	SES158	-0.700253	-10.9599	-10.2597
BLOCK16/SES161/SA161S28	SES206	-0.684278	-10.944	-10.2597
BLOCK16/SES164/SA164S11	SES104	-0.804374	1.18271	1.98708
BLOCK16/SES164/SA164S11	SES125	-0.83534	1.15174	1.98708
BLOCK16/SES164/SA164S11	SES158	-4.8111	-2.82402	1.98708
BLOCK16/SES164/SA164S11	SES206	-1.72796	0.259119	1.98708
BLOCK16/SES164/SA164S13	SES099	-1.73443	-1.85771	-0.123283
BLOCK16/SES164/SA164S13	SES104	-1.58479	-1.70807	-0.123283
BLOCK16/SES164/SA164S13	SES125	-2.41786	-2.54114	-0.123283
BLOCK16/SES164/SA164S13	SES206	-1.80902	-1.9323	-0.123283
BLOCK16/SES164/SA164S24	SES002	-0.0385244	0.867016	0.90554
BLOCK16/SES164/SA164S24	SES099	-1.96188	-1.05634	0.90554
BLOCK16/SES164/SA164S24	SES125	-1.44705	-0.54151	0.90554
BLOCK16/SES164/SA164S24	SES226	-0.270268	0.635272	0.90554
BLOCK16/SES164/SA164S27	SES087	-0.938218	-0.670984	0.267234
BLOCK16/SES164/SA164S27	SES125	-1.2319	-0.964666	0.267234
BLOCK16/SES164/SA164S27	SES206	-1.54255	-1.27531	0.267234
BLOCK16/SES164/SA164S27	SES226	-0.950178	-0.682944	0.267234
BLOCK16/SES164/SA164S29	SES002	-0.233138	0.797569	1.03071
BLOCK16/SES164/SA164S29	SES019	-2.50866	-1.47795	1.03071
BLOCK16/SES164/SA164S29	SES125	-1.81471	-0.784001	1.03071
BLOCK16/SES164/SA164S29	SES226	-0.475296	0.555411	1.03071
BLOCK16/SES169/SA169S13	SES117	-2.18827	-6.79525	-4.60698
BLOCK16/SES169/SA169S13	SES144	-1.7782	-6.38518	-4.60698
BLOCK16/SES169/SA169S13	SES146	-1.09204	-5.69902	-4.60698
BLOCK16/SES169/SA169S13	SES162	-0.954303	-5.56128	-4.60698
BLOCK16/SES169/SA169S14	SES144	-1.10284	-1.41192	-0.30908
BLOCK16/SES169/SA169S14	SES148	-0.881701	-1.19078	-0.30908
BLOCK16/SES169/SA169S14	SES177	-0.524483	-0.833564	-0.30908
BLOCK16/SES169/SA169S14	SES180	-1.54962	-1.8587	-0.30908
BLOCK16/SES169/SA169S24	SES117	-1.28483	-4.12568	-2.84085
BLOCK16/SES169/SA169S24	SES144	-0.577269	-3.41812	-2.84085
BLOCK16/SES169/SA169S24	SES146	-0.658468	-3.49932	-2.84085
BLOCK16/SES169/SA169S24	SES162	-0.602271	-3.44312	-2.84085
BLOCK16/SES169/SA169S27	SES127	-0.550975	-5.31883	-4.76785
BLOCK16/SES169/SA169S27	SES129	-1.03576	-5.80361	-4.76785
BLOCK16/SES169/SA169S27	SES144	-1.17251	-5.94037	-4.76785
BLOCK16/SES169/SA169S27	SES146	-0.757223	-5.52508	-4.76785
BLOCK16/SES169/SA169S29	SES144	-0.706412	-0.0688068	0.637605
BLOCK16/SES169/SA169S29	SES162	-1.10788	-0.470276	0.637605
BLOCK16/SES169/SA169S29	SES177	-1.23414	-0.59653	0.637605
BLOCK16/SES169/SA169S29	SES180	-1.15217	-0.514568	0.637605
BLOCK17/SES171/SA171S12	SES083	-2.22042	-5.52104	-3.30061
BLOCK17/SES171/SA171S12	SES148	-2.05123	-5.35184	-3.30061
BLOCK17/SES171/SA171S12	SES172	-1.84394	-5.14456	-3.30061
BLOCK17/SES171/SA171S12	SES292	-2.47395	-5.77456	-3.30061
BLOCK17/SES171/SA171S15	SES148	-2.05935	-6.37701	-4.31766
BLOCK17/SES171/SA171S15	SES177	-1.63402	-5.95169	-4.31766
BLOCK17/SES171/SA171S15	SES180	-2.55174	-6.86941	-4.31766
BLOCK17/SES171/SA171S15	SES292	-2.50359	-6.82126	-4.31766
BLOCK17/SES171/SA171S22	SES007	-1.2572	-0.539161	0.718043
BLOCK17/SES171/SA171S22	SES148	-1.218	-0.499959	0.718043
BLOCK17/SES171/SA171S22	SES177	-0.503279	0.214764	0.718043
BLOCK17/SES171/SA171S22	SES180	-2.4574	-1.73935	0.718043
BLOCK17/SES171/SA171S25	SES101	-3.10847	-8.45528	-5.3468
BLOCK17/SES171/SA171S25	SES120	-2.00683	-7.35363	-5.3468
BLOCK17/SES171/SA171S25	SES177	-1.16654	-6.51334	-5.3468
BLOCK17/SES171/SA171S25	SES180	-1.45886	-6.80567	-5.3468
BLOCK17/SES171/SA171S27	SES177	-1.61913	-5.76337	-4.14424
BLOCK17/SES171/SA171S27	SES180	-2.55832	-6.70256	-4.14424
BLOCK17/SES171/SA171S27	SES189	-1.3302	-5.47444	-4.14424
BLOCK17/SES171/SA171S27	SES292	-1.63598	-5.78022	-4.14424
BLOCK17/SES173/SA173S13	SES162	-1.79196	-6.76824	-4.97629
BLOCK17/SES173/SA173S13	SES177	-0.856807	-5.83309	-4.97629
BLOCK17/SES173/SA173S13	SES180	-1.23389	-6.21017	-4.97629
BLOCK17/SES173/SA173S13	SES292	-0.28585	-5.26214	-4.97629
BLOCK17/SES173/SA173S14	SES007	-2.07995	-4.37405	-2.2941
BLOCK17/SES173/SA173S14	SES162	-1.83417	-4.12827	-2.2941
BLOCK17/SES173/SA173S14	SES177	-1.14779	-3.44189	-2.2941
BLOCK17/SES173/SA173S14	SES180	-1.9831	-4.2772	-2.2941
BLOCK17/SES173/SA173S24	SES144	-1.255	-6.11809	-4.86309
BLOCK17/SES173/SA173S24	SES162	-1.88286	-6.74595	-4.86309
BLOCK17/SES173/SA173S24	SES177	-0.221807	-5.0849	-4.86309
BLOCK17/SES173/SA173S24	SES180	-3.52077	-8.38386	-4.86309
BLOCK17/SES173/SA173S27	SES162	-1.07111	-8.64709	-7.57598
BLOCK17/SES173/SA173S27	SES177	-0.731521	-8.3075	-7.57598
BLOCK17/SES173/SA173S27	SES180	-1.07794	-8.65392	-7.57598
BLOCK17/SES173/SA173S27	SES292	-1.17682	-8.7528	-7.57598
BLOCK17/SES173/SA173S29	SES162	-0.674694	-1.26319	-0.588492
BLOCK17/SES173/SA173S29	SES175	0.423755	-0.164738	-0.588492
BLOCK17/SES173/SA173S29	SES177	0.0481189	-0.540373	-0.588492
BLOCK17/SES173/SA173S29	SES292	-0.921831	-1.51032	-0.588492
BLOCK18/SES182/SA182S10	SES144	-2.06626	-6.49253	-4.42627
BLOCK18/SES182/SA182S10	SES177	-1.23144	-5.65771	-4.42627
BLOCK18/SES182/SA182S10	SES180	-1.96717	-6.39344	-4.42627
BLOCK18/SES182/SA182S10	SES275	-0.989491	-5.41576	-4.42627
BLOCK18/SES182/SA182S12	SES144	-0.466062	-4.31446	-3.8484
BLOCK18/SES182/SA182S12	SES177	0.0964038	-3.752	-3.8484
BLOCK18/SES182/SA182S12	SES180	-1.49059	-5.33899	-3.8484
BLOCK18/SES182/SA182S12	SES275	-0.674669	-4.52307	-3.8484
BLOCK18/SES182/SA182S21	SES117	-1.15677	-8.49335	-7.33658
BLOCK18/SES182/SA182S21	SES144	-1.26752	-8.6041	-7.33658
BLOCK18/SES182/SA182S21	SES162	-0.582985	-7.91956	-7.33658
BLOCK18/SES182/SA182S21	SES180	-1.43943	-8.77601	-7.33658
BLOCK18/SES182/SA182S23	SES117	-0.497165	-11.1285	-10.6314
BLOCK18/SES182/SA182S23	SES144	-3.03338	-13.6648	-10.6314
BLOCK18/SES182/SA182S23	SES180	-3.27321	-13.9046	-10.6314
BLOCK18/SES182/SA182S23	SES275	-2.13605	-12.7674	-10.6314
BLOCK18/SES182/SA182S25	SES007	-0.130198	-5.73401	-5.60381
BLOCK18/SES182/SA182S25	SES162	-0.129484	-5.73329	-5.60381
BLOCK18/SES182/SA182S25	SES177	-0.452613	-6.05642	-5.60381
BLOCK18/SES182/SA182S25	SES180	-0.902301	-6.50611	-5.60381
BLOCK18/SES184/SA184S12	SES177	0.66995	-2.58036	-3.25031
BLOCK18/SES184/SA184S12	SES180	0.541803	-2.7085	-3.25031
BLOCK18/SES184/SA184S12	SES189	-1.65432	-4.90463	-3.25031
BLOCK18/SES184/SA184S12	SES292	-0.0236771	-3.27398	-3.25031
BLOCK18/SES184/SA184S13	SES101	-2.16458	-6.04963	-3.88506
BLOCK18/SES184/SA184S13	SES177	-1.07606	-4.96112	-3.88506
BLOCK18/SES184/SA184S13	SES180	-1.17553	-5.06059	-3.88506
BLOCK18/SES184/SA184S13	SES292	-0.956278	-4.84134	-3.88506
BLOCK18/SES184/SA184S22	SES177	-0.686073	-2.99051	-2.30444
BLOCK18/SES184/SA184S22	SES180	-0.584609	-2.88905	-2.30444
BLOCK18/SES184/SA184S22	SES189	-3.61148	-5.91592	-2.30444
BLOCK18/SES184/SA184S22	SES292	-0.930484	-3.23492	-2.30444
BLOCK18/SES184/SA184S25	SES101	-1.37767	-2.82742	-1.44976
BLOCK18/SES184/SA184S25	SES177	-1.4326	-2.88236	-1.44976
BLOCK18/SES184/SA184S25	SES180	-0.568867	-2.01863	-1.44976
BLOCK18/SES184/SA184S25	SES292	-0.694673	-2.14443	-1.44976
BLOCK18/SES184/SA184S27	SES083	-1.40912	-3.28261	-1.87348
BLOCK18/SES184/SA184S27	SES177	-1.017	-2.89048	-1.87348
BLOCK18/SES184/SA184S27	SES202	-1.35813	-3.23161	-1.87348
BLOCK18/SES184/SA184S27	SES292	-1.65134	-3.52483	-1.87348
BLOCK20/SES204/SA204S12	SES062	-0.813534	-3.66052	-2.84699
BLOCK20/SES204/SA204S12	SES083	-1.33392	-4.18091	-2.84699
BLOCK20/SES204/SA204S12	SES206	-1.14203	-3.98902	-2.84699
BLOCK20/SES204/SA204S12	SES226	-2.16212	-5.00911	-2.84699
BLOCK20/SES204/SA204S14	SES068	-2.35395	-3.62294	-1.269
BLOCK20/SES204/SA204S14	SES087	-1.67063	-2.93962	-1.269
BLOCK20/SES204/SA204S14	SES206	-3.29338	-4.56237	-1.269
BLOCK20/SES204/SA204S14	SES226	-2.45744	-3.72644	-1.269
BLOCK20/SES204/SA204S22	SES068	-1.58916	-4.62882	-3.03966
BLOCK20/SES204/SA204S22	SES082	-1.43204	-4.4717	-3.03966
BLOCK20/SES204/SA204S22	SES083	-2.34968	-5.38933	-3.03966
BLOCK20/SES204/SA204S22	SES206	-1.035	-4.07466	-3.03966
BLOCK20/SES204/SA204S25	SES062	-1.34773	-4.56938	-3.22165
BLOCK20/SES204/SA204S25	SES083	-2.62286	-5.84452	-3.22165
BLOCK20/SES204/SA204S25	SES206	-1.56327	-4.78493	-3.22165
BLOCK20/SES204/SA204S25	SES226	-1.4664	-4.68805	-3.22165
BLOCK20/SES204/SA204S27	SES068	-1.63179	-4.87176	-3.23997
BLOCK20/SES204/SA204S27	SES082	-2.16018	-5.40015	-3.23997
BLOCK20/SES204/SA204S27	SES087	-0.720368	-3.96034	-3.23997
BLOCK20/SES204/SA204S27	SES206	-2.71207	-5.95204	-3.23997
BLOCK20/SES207/SA207S10	SES127	-1.58186	-2.92046	-1.3386
BLOCK20/SES207/SA207S10	SES183	-1.56564	-2.90424	-1.3386
BLOCK20/SES207/SA207S10	SES189	-1.25129	-2.58989	-1.3386
BLOCK20/SES207/SA207S10	SES292	-1.28362	-2.62221	-1.3386
BLOCK20/SES207/SA207S11	SES127	-0.976899	-1.52432	-0.547422
BLOCK20/SES207/SA207S11	SES183	-0.679903	-1.22732	-0.547422
BLOCK20/SES207/SA207S11	SES187	-0.716811	-1.26423	-0.547422
BLOCK20/SES207/SA207S11	SES292	-1.53105	-2.07847	-0.547422
BLOCK20/SES207/SA207S25	SES068	-1.1598	-5.50146	-4.34166
BLOCK20/SES207/SA207S25	SES083	-1.33266	-5.67432	-4.34166
BLOCK20/SES207/SA207S25	SES127	-0.597495	-4.93916	-4.34166
BLOCK20/SES207/SA207S25	SES187	-0.502067	-4.84373	-4.34166
BLOCK20/SES207/SA207S27	SES127	-0.858876	-7.05387	-6.195
BLOCK20/SES207/SA207S27	SES183	-1.23853	-7.43352	-6.195
BLOCK20/SES207/SA207S27	SES187	-1.12256	-7.31756	-6.195
BLOCK20/SES207/SA207S27	SES292	-1.52091	-7.7159	-6.195
BLOCK20/SES207/SA207S29	SES083	-1.52587	-2.09038	-0.564517
BLOCK20/SES207/SA207S29	SES085	-1.14573	-1.71024	-0.564517
BLOCK20/SES207/SA207S29	SES172	0.105838	-0.458679	-0.564517
BLOCK20/SES207/SA207S29	SES189	-2.91675	-3.48126	-0.564517
BLOCK22/SES221/SA221S12	SES068	-0.691242	-2.90136	-2.21012
BLOCK22/SES221/SA221S12	SES143	-0.580442	-2.79056	-2.21012
BLOCK22/SES221/SA221S12	SES175	-0.211722	-2.42184	-2.21012
BLOCK22/SES221/SA221S12	SES202	-0.199984	-2.4101	-2.21012
BLOCK22/SES221/SA221S15	SES085	-0.0299134	-3.17949	-3.14958
BLOCK22/SES221/SA221S15	SES143	-0.0358613	-3.18544	-3.14958
BLOCK22/SES221/SA221S15	SES175	0.0137067	-3.13587	-3.14958
BLOCK22/SES221/SA221S15	SES187	-0.3578	-3.50738	-3.14958
BLOCK22/SES221/SA221S23	SES068	0.371309	-5.52678	-5.89809
BLOCK22/SES221/SA221S23	SES143	0.117877	-5.78021	-5.89809
BLOCK22/SES221/SA221S23	SES175	0.526634	-5.37145	-5.89809
BLOCK22/SES221/SA221S23	SES189	0.129558	-5.76853	-5.89809
BLOCK22/SES221/SA221S27	SES085	0.774322	-5.66179	-6.43611
BLOCK22/SES221/SA221S27	SES143	0.870944	-5.56517	-6.43611
BLOCK22/SES221/SA221S27	SES175	0.870283	-5.56583	-6.43611
BLOCK22/SES221/SA221S27	SES189	0.248835	-6.18728	-6.43611
BLOCK22/SES221/SA221S29	SES085	1.02152	-8.02731	-9.04882
BLOCK22/SES221/SA221S29	SES143	1.10741	-7.94141	-9.04882
BLOCK22/SES221/SA221S29	SES175	2.11242	-6.93641	-9.04882
BLOCK22/SES221/SA221S29	SES187	0.797457	-8.25137	-9.04882
BLOCK22/SES223/SA223S11	SES143	0.014514	-5.49412	-5.50863
BLOCK22/SES223/SA223S11	SES144	-1.1208	-6.62944	-5.50863
BLOCK22/SES223/SA223S11	SES175	-0.018611	-5.52725	-5.50863
BLOCK22/SES223/SA223S11	SES187	-0.132058	-5.64069	-5.50863
BLOCK22/SES223/SA223S13	SES068	0.00175667	-8.43856	-8.44032
BLOCK22/SES223/SA223S13	SES143	-0.935417	-9.37574	-8.44032
BLOCK22/SES223/SA223S13	SES146	-0.82029	-9.26061	-8.44032
BLOCK22/SES223/SA223S13	SES202	-0.266272	-8.70659	-8.44032
BLOCK22/SES223/SA223S22	SES143	-0.218858	-3.5823	-3.36344
BLOCK22/SES223/SA223S22	SES144	-1.48758	-4.85102	-3.36344
BLOCK22/SES223/SA223S22	SES175	-0.973254	-4.33669	-3.36344
BLOCK22/SES223/SA223S22	SES187	-0.210466	-3.5739	-3.36344
BLOCK22/SES223/SA223S25	SES068	-1.03356	-6.45024	-5.41668
BLOCK22/SES223/SA223S25	SES143	0.487201	-4.92948	-5.41668
BLOCK22/SES223/SA223S25	SES175	0.200955	-5.21573	-5.41668
BLOCK22/SES223/SA223S25	SES187	0.178152	-5.23853	-5.41668
BLOCK22/SES223/SA223S27	SES143	0.0451689	-8.76432	-8.80949
BLOCK22/SES223/SA223S27	SES146	-2.75509	-11.5646	-8.80949
BLOCK22/SES223/SA223S27	SES187	-0.389472	-9.19896	-8.80949
BLOCK22/SES223/SA223S27	SES292	-0.615512	-9.425	-8.80949
BLOCK27/SES273/SA273S12	SES099	-0.415218	-4.83774	-4.42253
BLOCK27/SES273/SA273S12	SES104	-1.31279	-5.73531	-4.42253
BLOCK27/SES273/SA273S12	SES125	-1.06698	-5.48951	-4.42253
BLOCK27/SES273/SA273S12	SES206	0.0337572	-4.38877	-4.42253
BLOCK27/SES273/SA273S13	SES099	-0.37836	0.393877	0.772236
BLOCK27/SES273/SA273S13	SES104	-1.47375	-0.701514	0.772236
BLOCK27/SES273/SA273S13	SES206	-1.17374	-0.401505	0.772236
BLOCK27/SES273/SA273S13	SES292	-1.0613	-0.289064	0.772236
BLOCK27/SES273/SA273S21	SES099	-0.718429	-2.07537	-1.35694
BLOCK27/SES273/SA273S21	SES148	-3.51309	-4.87004	-1.35694
BLOCK27/SES273/SA273S21	SES149	-1.33762	-2.69457	-1.35694
BLOCK27/SES273/SA273S21	SES177	-1.47372	-2.83066	-1.35694
BLOCK27/SES273/SA273S25	SES104	-1.25434	-6.51264	-5.2583
BLOCK27/SES273/SA273S25	SES125	-0.851991	-6.11029	-5.2583
BLOCK27/SES273/SA273S25	SES158	-0.648939	-5.90724	-5.2583
BLOCK27/SES273/SA273S25	SES206	0.118419	-5.13988	-5.2583
BLOCK27/SES273/SA273S27	SES099	-1.88167	0.0334954	1.91517
BLOCK27/SES273/SA273S27	SES104	-3.23755	-1.32238	1.91517
BLOCK27/SES273/SA273S27	SES149	-0.802317	1.11285	1.91517
BLOCK27/SES273/SA273S27	SES275	-1.326	0.589167	1.91517
BLOCK27/SES274/SA274S10	SES105	-2.60632	-0.903202	1.70312
BLOCK27/SES274/SA274S10	SES125	-2.92213	-1.21901	1.70312
BLOCK27/SES274/SA274S10	SES129	-0.18371	1.51941	1.70312
BLOCK27/SES274/SA274S10	SES158	-5.9221	-4.21898	1.70312
BLOCK27/SES274/SA274S11	SES105	-2.54182	-5.98145	-3.43963
BLOCK27/SES274/SA274S11	SES149	-1.35353	-4.79316	-3.43963
BLOCK27/SES274/SA274S11	SES158	-2.34155	-5.78118	-3.43963
BLOCK27/SES274/SA274S11	SES275	-1.68885	-5.12848	-3.43963
BLOCK27/SES274/SA274S21	SES105	-2.20759	-4.79194	-2.58435
BLOCK27/SES274/SA274S21	SES129	-0.83715	-3.4215	-2.58435
BLOCK27/SES274/SA274S21	SES149	-1.46468	-4.04903	-2.58435
BLOCK27/SES274/SA274S21	SES158	-3.35404	-5.93839	-2.58435
BLOCK27/SES274/SA274S24	SES105	-2.66576	-4.69192	-2.02616
BLOCK27/SES274/SA274S24	SES129	-0.961182	-2.98734	-2.02616
BLOCK27/SES274/SA274S24	SES149	-2.00839	-4.03455	-2.02616
BLOCK27/SES274/SA274S24	SES158	-4.71817	-6.74434	-2.02616
BLOCK27/SES274/SA274S29	SES105	-2.33742	-3.28555	-0.948135
BLOCK27/SES274/SA274S29	SES106	-3.98075	-4.92889	-0.948135
BLOCK27/SES274/SA274S29	SES120	-1.6758	-2.62394	-0.948135
BLOCK27/SES274/SA274S29	SES275	-0.940382	-1.88852	-0.948135
BLOCK27/SES276/SA276S16	SES148	-2.21467	-5.90363	-3.68896
BLOCK27/SES276/SA276S16	SES172	0.0547976	-3.63416	-3.68896
BLOCK27/SES276/SA276S16	SES180	-0.637657	-4.32662	-3.68896
BLOCK27/SES276/SA276S16	SES292	-0.38519	-4.07415	-3.68896
BLOCK27/SES276/SA276S17	SES101	-1.33105	-2.52084	-1.18979
BLOCK27/SES276/SA276S17	SES177	-1.4068	-2.59659	-1.18979
BLOCK27/SES276/SA276S17	SES180	-0.526999	-1.71679	-1.18979
BLOCK27/SES276/SA276S17	SES292	-1.05007	-2.23986	-1.18979
BLOCK27/SES276/SA276S24	SES101	-0.803459	-1.79427	-0.990809
BLOCK27/SES276/SA276S24	SES177	-0.422286	-1.4131	-0.990809
BLOCK27/SES276/SA276S24	SES180	-1.45404	-2.44485	-0.990809
BLOCK27/SES276/SA276S24	SES292	-0.922674	-1.91348	-0.990809
BLOCK27/SES276/SA276S26	SES101	-1.97909	0.912737	2.89182
BLOCK27/SES276/SA276S26	SES177	-0.457148	2.43468	2.89182
BLOCK27/SES276/SA276S26	SES180	-1.11162	1.78021	2.89182
BLOCK27/SES276/SA276S26	SES292	0.0297894	2.92161	2.89182
BLOCK27/SES276/SA276S28	SES101	-1.02213	0.715235	1.73736
BLOCK27/SES276/SA276S28	SES177	-1.04665	0.690717	1.73736
BLOCK27/SES276/SA276S28	SES180	-0.244153	1.49321	1.73736
BLOCK27/SES276/SA276S28	SES292	0.0468451	1.78421	1.73736
BLOCK27/SES277/SA277S12	SES101	-1.24253	-8.05179	-6.80926
BLOCK27/SES277/SA277S12	SES177	-2.06108	-8.87034	-6.80926
BLOCK27/SES277/SA277S12	SES180	-1.63132	-8.44058	-6.80926
BLOCK27/SES277/SA277S12	SES292	-1.12163	-7.93089	-6.80926
BLOCK27/SES277/SA277S14	SES177	-0.982473	-5.23609	-4.25362
BLOCK27/SES277/SA277S14	SES180	-2.00126	-6.25488	-4.25362
BLOCK27/SES277/SA277S14	SES189	-0.353286	-4.6069	-4.25362
BLOCK27/SES277/SA277S14	SES292	-1.95424	-6.20786	-4.25362
BLOCK27/SES277/SA277S21	SES177	-1.15624	-6.0696	-4.91336
BLOCK27/SES277/SA277S21	SES180	-1.42195	-6.33531	-4.91336
BLOCK27/SES277/SA277S21	SES189	-0.769008	-5.68237	-4.91336
BLOCK27/SES277/SA277S21	SES292	-1.37813	-6.29149	-4.91336
BLOCK27/SES277/SA277S24	SES144	-1.66912	-8.23854	-6.56942
BLOCK27/SES277/SA277S24	SES177	-1.58478	-8.1542	-6.56942
BLOCK27/SES277/SA277S24	SES180	-1.65435	-8.22377	-6.56942
BLOCK27/SES277/SA277S24	SES189	-0.804255	-7.37368	-6.56942
BLOCK27/SES277/SA277S29	SES177	-1.06497	-0.416361	0.648608
BLOCK27/SES277/SA277S29	SES180	-1.0211	-0.372496	0.648608
BLOCK27/SES277/SA277S29	SES202	-1.02948	-0.380871	0.648608
BLOCK27/SES277/SA277S29	SES292	-1.417	-0.768391	0.648608
BLOCK27/SES279/SA279S09	SES120	-1.8666	-1.9984	-0.131803
BLOCK27/SES279/SA279S09	SES146	-0.979761	-1.11156	-0.131803
BLOCK27/SES279/SA279S09	SES206	-0.424829	-0.556632	-0.131803
BLOCK27/SES279/SA279S09	SES226	-1.69101	-1.82281	-0.131803
BLOCK27/SES279/SA279S10	SES099	-1.23504	-2.88193	-1.6469
BLOCK27/SES279/SA279S10	SES206	-1.2947	-2.9416	-1.6469
BLOCK27/SES279/SA279S10	SES226	-2.18147	-3.82837	-1.6469
BLOCK27/SES279/SA279S10	SES292	-0.72355	-2.37045	-1.6469
BLOCK27/SES279/SA279S20	SES099	-2.15086	-7.28932	-5.13846
BLOCK27/SES279/SA279S20	SES206	-0.739582	-5.87804	-5.13846
BLOCK27/SES279/SA279S20	SES226	-3.04574	-8.1842	-5.13846
BLOCK27/SES279/SA279S20	SES292	-1.06732	-6.20578	-5.13846
BLOCK27/SES279/SA279S26	SES099	0.302047	-3.98834	-4.29038
BLOCK27/SES279/SA279S26	SES206	-0.517021	-4.8074	-4.29038
BLOCK27/SES279/SA279S26	SES226	-3.03024	-7.32062	-4.29038
BLOCK27/SES279/SA279S26	SES292	-0.78234	-5.07272	-4.29038
BLOCK27/SES279/SA279S28	SES099	-0.964051	1.15524	2.11929
BLOCK27/SES279/SA279S28	SES120	-1.39112	0.728172	2.11929
BLOCK27/SES279/SA279S28	SES177	-1.36826	0.751025	2.11929
BLOCK27/SES279/SA279S28	SES206	-1.659	0.460287	2.11929
BLOCK29/SES290/SA290S12	SES162	0.317644	-2.59566	-2.91331
BLOCK29/SES290/SA290S12	SES177	-0.533684	-3.44699	-2.91331
BLOCK29/SES290/SA290S12	SES180	-0.414994	-3.3283	-2.91331
BLOCK29/SES290/SA290S12	SES292	-1.00888	-3.92218	-2.91331
BLOCK29/SES290/SA290S13	SES007	-1.003	-4.48932	-3.48632
BLOCK29/SES290/SA290S13	SES162	-0.337964	-3.82429	-3.48632
BLOCK29/SES290/SA290S13	SES177	-0.463264	-3.94959	-3.48632
BLOCK29/SES290/SA290S13	SES180	-0.186302	-3.67262	-3.48632
BLOCK29/SES290/SA290S22	SES177	-0.366987	-2.61816	-2.25118
BLOCK29/SES290/SA290S22	SES180	-0.688622	-2.9398	-2.25118
BLOCK29/SES290/SA290S22	SES202	0.334538	-1.91664	-2.25118
BLOCK29/SES290/SA290S22	SES292	-1.33595	-3.58713	-2.25118
BLOCK29/SES290/SA290S25	SES162	-0.694035	-4.03054	-3.33651
BLOCK29/SES290/SA290S25	SES177	-0.716222	-4.05273	-3.33651
BLOCK29/SES290/SA290S25	SES180	-1.96814	-5.30465	-3.33651
BLOCK29/SES290/SA290S25	SES292	-1.3391	-4.67561	-3.33651
BLOCK29/SES290/SA290S29	SES177	-0.0940366	-0.932174	-0.838137
BLOCK29/SES290/SA290S29	SES180	0.475428	-0.362709	-0.838137
BLOCK29/SES290/SA290S29	SES275	0.177531	-0.660607	-0.838137
BLOCK29/SES290/SA290S29	SES292	-0.506225	-1.34436	-0.838137
BLOCK29/SES291/SA291S11	SES105	-1.23341	-6.70283	-5.46942
BLOCK29/SES291/SA291S11	SES125	-1.56721	-7.03663	-5.46942
BLOCK29/SES291/SA291S11	SES158	-1.15098	-6.62039	-5.46942
BLOCK29/SES291/SA291S11	SES275	-1.97021	-7.43963	-5.46942
BLOCK29/SES291/SA291S12	SES158	0.737164	-7.70618	-8.44334
BLOCK29/SES291/SA291S12	SES226	-1.88544	-10.3288	-8.44334
BLOCK29/SES291/SA291S12	SES270	-0.800611	-9.24396	-8.44334
BLOCK29/SES291/SA291S12	SES275	-3.12165	-11.565	-8.44334
BLOCK29/SES291/SA291S22	SES082	-0.661805	-2.47834	-1.81654
BLOCK29/SES291/SA291S22	SES158	-1.19547	-3.01201	-1.81654
BLOCK29/SES291/SA291S22	SES259	-1.1063	-2.92283	-1.81654
BLOCK29/SES291/SA291S22	SES275	-2.10599	-3.92253	-1.81654
BLOCK29/SES291/SA291S24	SES104	-0.941174	-6.39984	-5.45867
BLOCK29/SES291/SA291S24	SES125	-1.49403	-6.9527	-5.45867
BLOCK29/SES291/SA291S24	SES158	-0.890757	-6.34943	-5.45867
BLOCK29/SES291/SA291S24	SES275	-3.05893	-8.5176	-5.45867
BLOCK29/SES291/SA291S27	SES158	-0.636325	-1.61056	-0.97424
BLOCK29/SES291/SA291S27	SES172	-3.80643	-4.78067	-0.97424
BLOCK29/SES291/SA291S27	SES275	-2.73231	-3.70655	-0.97424
BLOCK29/SES291/SA291S27	SES292	-1.61533	-2.58957	-0.97424
