BLOCK00/SES002/SA002S12	SES002	1.96217	-67.5188	-69.481
BLOCK00/SES002/SA002S13	SES002	1.37182	-68.9623	-70.3341
BLOCK00/SES002/SA002S23	SES002	1.84413	-67.9856	-69.8298
BLOCK00/SES002/SA002S26	SES002	2.24937	-66.9492	-69.1986
BLOCK00/SES002/SA002S28	SES002	0.990189	-69.7463	-70.7365
BLOCK00/SES007/SA007S14	SES007	1.26542	-71.6588	-72.9242
BLOCK00/SES007/SA007S15	SES007	0.528419	-73.0216	-73.55
BLOCK00/SES007/SA007S24	SES007	0.91069	-72.8408	-73.7515
BLOCK00/SES007/SA007S27	SES007	0.471016	-73.0476	-73.5186
BLOCK00/SES007/SA007S29	SES007	1.04251	-71.5749	-72.6174
BLOCK00/SES008/SA008S11	SES008	1.02026	-71.9771	-72.9973
BLOCK00/SES008/SA008S12	SES008	0.366928	-72.866	-73.233
BLOCK00/SES008/SA008S19	SES008	1.75285	-71.431	-73.1838
BLOCK00/SES008/SA008S22	SES008	1.32709	-72.6377	-73.9647
BLOCK00/SES008/SA008S29	SES008	0.278053	-72.27	-72.548
BLOCK01/SES014/SA014S10	SES014	0.916	-69.9878	-70.9038
BLOCK01/SES014/SA014S12	SES014	2.0144	-67.2714	-69.2858
BLOCK01/SES014/SA014S24	SES014	1.49183	-68.1193	-69.6111
BLOCK01/SES014/SA014S26	SES014	2.39735	-65.766	-68.1633
BLOCK01/SES014/SA014S28	SES014	1.69	-68.1758	-69.8658
BLOCK01/SES016/SA016S12	SES016	0.715271	-76.2119	-76.9272
BLOCK01/SES016/SA016S13	SES016	1.2503	-74.7479	-75.9982
BLOCK01/SES016/SA016S22	SES016	0.194458	-76.4618	-76.6563
BLOCK01/SES016/SA016S25	SES016	0.602356	-72.8482	-73.4506
BLOCK01/SES016/SA016S27	SES016	1.9165	-71.4803	-73.3968
BLOCK01/SES019/SA019S13	SES019	1.59229	-70.6553	-72.2476
BLOCK01/SES019/SA019S14	SES019	1.25359	-70.3272	-71.5808
BLOCK01/SES019/SA019S22	SES019	1.40651	-70.1797	-71.5863
BLOCK01/SES019/SA019S25	SES019	1.38341	-70.4735	-71.8569
BLOCK01/SES019/SA019S29	SES019	2.02382	-70.1203	-72.1442
BLOCK02/SES029/SA029S11	SES029	1.01327	-73.1677	-74.1809
BLOCK02/SES029/SA029S12	SES029	0.0562897	-73.177	-73.2333
BLOCK02/SES029/SA029S20	SES029	0.236496	-74.7343	-74.9708
BLOCK02/SES029/SA029S25	SES029	0.786697	-73.0375	-73.8242
BLOCK02/SES029/SA029S28	SES029	0.465965	-73.0404	-73.5063
BLOCK04/SES042/SA042S12	SES042	2.32105	-67.7422	-70.0633
BLOCK04/SES042/SA042S15	SES042	1.65414	-68.6091	-70.2632
BLOCK04/SES042/SA042S22	SES042	3.59153	-65.1677	-68.7593
BLOCK04/SES042/SA042S25	SES042	2.15904	-68.1169	-70.276
BLOCK04/SES042/SA042S27	SES042	2.84817	-66.2778	-69.126
BLOCK04/SES048/SA048S11	SES048	0.664795	-71.1756	-71.8404
BLOCK04/SES048/SA048S12	SES048	1.25716	-70.5579	-71.815
BLOCK04/SES048/SA048S20	SES048	0.57505	-70.7104	-71.2855
BLOCK04/SES048/SA048S23	SES048	0.910461	-71.7525	-72.663
BLOCK04/SES048/SA048S27	SES048	1.16071	-70.0228	-71.1835
BLOCK06/SES060/SA060S11	SES060	1.19066	-72.8033	-73.9939
BLOCK06/SES060/SA060S12	SES060	1.11013	-75.2201	-76.3302
BLOCK06/SES060/SA060S22	SES060	0.69545	-73.7765	-74.472
BLOCK06/SES060/SA060S24	SES060	0.628517	-72.0763	-72.7048
BLOCK06/SES060/SA060S28	SES060	1.25534	-70.5551	-71.8105
BLOCK06/SES062/SA062S10	SES062	0.757675	-71.7796	-72.5372
BLOCK06/SES062/SA062S11	SES062	2.07345	-72.4806	-74.5541
BLOCK06/SES062/SA062S21	SES062	1.16034	-70.0077	-71.1681
BLOCK06/SES062/SA062S26	SES062	1.46104	-71.4132	-72.8743
BLOCK06/SES062/SA062S29	SES062	1.06377	-71.3768	-72.4406
BLOCK06/SES068/SA068S14	SES068	0.742729	-73.4808	-74.2235
BLOCK06/SES068/SA068S15	SES068	1.87553	-71.166	-73.0415
BLOCK06/SES068/SA068S23	SES068	-0.415627	-74.1997	-73.784
BLOCK06/SES068/SA068S27	SES068	1.09091	-73.4211	-74.512
BLOCK06/SES068/SA068S29	SES068	1.1473	-72.3207	-73.468
BLOCK08/SES082/SA082S12	SES082	1.08218	-69.756	-70.8381
BLOCK08/SES082/SA082S14	SES082	0.662346	-71.1325	-71.7948
BLOCK08/SES082/SA082S21	SES082	1.11188	-70.785	-71.8969
BLOCK08/SES082/SA082S24	SES082	1.23103	-70.1075	-71.3385
BLOCK08/SES082/SA082S28	SES082	0.414658	-71.2207	-71.6354
BLOCK08/SES083/SA083S14	SES083	0.301079	-74.1857	-74.4867
BLOCK08/SES083/SA083S15	SES083	0.383408	-73.8775	-74.2609
BLOCK08/SES083/SA083S24	SES083	-0.539917	-74.4523	-73.9124
BLOCK08/SES083/SA083S26	SES083	-0.0937881	-72.899	-72.8052
BLOCK08/SES083/SA083S29	SES083	0.0373001	-73.2842	-73.3215
BLOCK08/SES085/SA085S10	SES085	-0.647873	-74.8215	-74.1736
BLOCK08/SES085/SA085S13	SES085	0.97139	-74.5107	-75.4821
BLOCK08/SES085/SA085S22	SES085	-0.745285	-76.9754	-76.2301
BLOCK08/SES085/SA085S26	SES085	-0.755371	-76.6696	-75.9142
BLOCK08/SES085/SA085S28	SES085	0.393219	-73.1265	-73.5197
BLOCK08/SES087/SA087S15	SES087	1.41985	-68.8174	-70.2373
BLOCK08/SES087/SA087S16	SES087	1.56857	-69.0462	-70.6148
BLOCK08/SES087/SA087S24	SES087	1.54906	-68.6664	-70.2154
BLOCK08/SES087/SA087S26	SES087	1.25085	-68.1298	-69.3807
BLOCK08/SES087/SA087S29	SES087	1.2847	-69.3863	-70.671
BLOCK09/SES099/SA099S15	SES099	1.74987	-69.4646	-71.2145
BLOCK09/SES099/SA099S16	SES099	1.38007	-69.7774	-71.1574
BLOCK09/SES099/SA099S24	SES099	1.40138	-69.1965	-70.5979
BLOCK09/SES099/SA099S26	SES099	1.46934	-69.2684	-70.7378
BLOCK09/SES099/SA099S29	SES099	1.62881	-68.7723	-70.4011
BLOCK10/SES101/SA101S11	SES101	0.861061	-72.2304	-73.0915
BLOCK10/SES101/SA101S13	SES101	0.567444	-72.4941	-73.0615
BLOCK10/SES101/SA101S22	SES101	0.753052	-73.8016	-74.5546
BLOCK10/SES101/SA101S24	SES101	1.03258	-72.0338	-73.0664
BLOCK10/SES101/SA101S28	SES101	-0.00920105	-75.2838	-75.2746
BLOCK10/SES104/SA104S11	SES104	1.15256	-68.3719	-69.5244
BLOCK10/SES104/SA104S12	SES104	1.11188	-69.7907	-70.9025
BLOCK10/SES104/SA104S21	SES104	1.30426	-69.8427	-71.1469
BLOCK10/SES104/SA104S24	SES104	1.74352	-68.8602	-70.6037
BLOCK10/SES104/SA104S28	SES104	1.72641	-68.9609	-70.6873
BLOCK10/SES105/SA105S12	SES105	1.01511	-72.2912	-73.3063
BLOCK10/SES105/SA105S13	SES105	0.472832	-72.3051	-72.778
BLOCK10/SES105/SA105S22	SES105	0.297096	-73.0034	-73.3005
BLOCK10/SES105/SA105S26	SES105	0.797417	-73.2454	-74.0428
BLOCK10/SES105/SA105S29	SES105	-0.295296	-73.752	-73.4567
BLOCK10/SES106/SA106S09	SES106	0.680031	-70.8914	-71.5715
BLOCK10/SES106/SA106S11	SES106	1.15086	-69.047	-70.1979
BLOCK10/SES106/SA106S22	SES106	1.53092	-70.0655	-71.5964
BLOCK10/SES106/SA106S27	SES106	0.764412	-70.6579	-71.4223
BLOCK10/SES106/SA106S29	SES106	1.25031	-68.8348	-70.0852
BLOCK11/SES117/SA117S12	SES117	0.159966	-74.0111	-74.171
BLOCK11/SES117/SA117S13	SES117	-0.218346	-74.0687	-73.8504
BLOCK11/SES117/SA117S23	SES117	2.38293	-75.4191	-77.802
BLOCK11/SES117/SA117S25	SES117	0.702713	-74.6429	-75.3456
BLOCK11/SES117/SA117S28	SES117	1.33242	-75.3837	-76.7161
BLOCK12/SES120/SA120S08	SES120	0.487679	-74.0529	-74.5406
BLOCK12/SES120/SA120S11	SES120	0.210228	-75.1876	-75.3978
BLOCK12/SES120/SA120S22	SES120	-0.160744	-73.4025	-73.2418
BLOCK12/SES120/SA120S24	SES120	1.54012	-72.3447	-73.8849
BLOCK12/SES120/SA120S28	SES120	0.560005	-74.9339	-75.4939
BLOCK12/SES125/SA125S13	SES125	1.68184	-68.6093	-70.2911
BLOCK12/SES125/SA125S14	SES125	1.43549	-68.8555	-70.291
BLOCK12/SES125/SA125S25	SES125	2.75718	-67.5032	-70.2604
BLOCK12/SES125/SA125S27	SES125	2.20544	-67.3358	-69.5413
BLOCK12/SES125/SA125S29	SES125	1.94814	-68.7058	-70.6539
BLOCK12/SES127/SA127S11	SES127	1.53712	-72.7349	-74.272
BLOCK12/SES127/SA127S12	SES127	0.51638	-72.9425	-73.4589
BLOCK12/SES127/SA127S23	SES127	0.692863	-73.4203	-74.1131
BLOCK12/SES127/SA127S25	SES127	-0.199799	-74.365	-74.1652
BLOCK12/SES127/SA127S27	SES127	1.56007	-73.0802	-74.6403
BLOCK12/SES129/SA129S11	SES129	0.786453	-71.3887	-72.1752
BLOCK12/SES129/SA129S12	SES129	1.35924	-70.8152	-72.1745
BLOCK12/SES129/SA129S22	SES129	1.42561	-71.1269	-72.5526
BLOCK12/SES129/SA129S27	SES129	2.32462	-69.7275	-72.0521
BLOCK12/SES129/SA129S29	SES129	1.98462	-70.172	-72.1566
BLOCK14/SES142/SA142S11	SES142	3.64709	-72.6887	-76.3358
BLOCK14/SES142/SA142S12	SES142	2.4877	-75.2842	-77.7719
BLOCK14/SES142/SA142S24	SES142	4.72604	-73.3424	-78.0685
BLOCK14/SES142/SA142S27	SES142	3.57034	-72.2617	-75.8321
BLOCK14/SES142/SA142S29	SES142	3.62907	-72.3428	-75.9718
BLOCK14/SES143/SA143S12	SES143	1.1902	-73.7388	-74.929
BLOCK14/SES143/SA143S13	SES143	1.18697	-73.6777	-74.8646
BLOCK14/SES143/SA143S23	SES143	1.81572	-74.271	-76.0867
BLOCK14/SES143/SA143S25	SES143	1.22849	-75.2228	-76.4513
BLOCK14/SES143/SA143S28	SES143	1.36895	-73.26	-74.629
BLOCK14/SES144/SA144S09	SES144	0.433762	-72.3402	-72.7739
BLOCK14/SES144/SA144S11	SES144	0.452812	-73.3325	-73.7853
BLOCK14/SES144/SA144S21	SES144	0.344215	-72.9989	-73.3431
BLOCK14/SES144/SA144S25	SES144	0.0642548	-73.0647	-73.1289
BLOCK14/SES144/SA144S29	SES144	0.404594	-73.1814	-73.586
BLOCK14/SES146/SA146S14	SES146	0.147324	-72.3336	-72.481
BLOCK14/SES146/SA146S15	SES146	0.056282	-73.3691	-73.4253
BLOCK14/SES146/SA146S24	SES146	0.631866	-72.6957	-73.3275
BLOCK14/SES146/SA146S26	SES146	0.485909	-73.304	-73.7899
BLOCK14/SES146/SA146S29	SES146	0.522278	-73.0287	-73.551
BLOCK14/SES147/SA147S11	SES147	1.62998	-73.8432	-75.4732
BLOCK14/SES147/SA147S13	SES147	1.30441	-73.2952	-74.5996
BLOCK14/SES147/SA147S23	SES147	1.68389	-75.2922	-76.9761
BLOCK14/SES147/SA147S26	SES147	1.7458	-73.5034	-75.2492
BLOCK14/SES147/SA147S28	SES147	0.952904	-73.8733	-74.8262
BLOCK14/SES148/SA148S10	SES148	1.29955	-71.8246	-73.1241
BLOCK14/SES148/SA148S12	SES148	0.530373	-73.2016	-73.7319
BLOCK14/SES148/SA148S22	SES148	1.46564	-71.45	-72.9157
BLOCK14/SES148/SA148S26	SES148	0.753815	-72.8318	-73.5856
BLOCK14/SES148/SA148S29	SES148	0.869598	-72.4837	-73.3533
BLOCK14/SES149/SA149S13	SES149	0.900986	-70.2564	-71.1574
BLOCK14/SES149/SA149S14	SES149	0.595238	-70.3573	-70.9525
BLOCK14/SES149/SA149S24	SES149	1.10255	-69.9962	-71.0987
BLOCK14/SES149/SA149S26	SES149	1.49989	-69.5172	-71.0171
BLOCK14/SES149/SA149S28	SES149	1.69601	-68.9716	-70.6676
BLOCK15/SES158/SA158S13	SES158	1.26755	-70.7456	-72.0132
BLOCK15/SES158/SA158S14	SES158	1.7156	-70.4722	-72.1878
BLOCK15/SES158/SA158S23	SES158	0.90873	-70.7558	-71.6645
BLOCK15/SES158/SA158S26	SES158	1.92202	-70.2377	-72.1597
BLOCK15/SES158/SA158S28	SES158	0.67524	-70.9855	-71.6608
BLOCK16/SES162/SA162S10	SES162	0.471428	-73.589	-74.0604
BLOCK16/SES162/SA162S11	SES162	1.6398	-72.9363	-74.5761
BLOCK16/SES162/SA162S21	SES162	1.80952	-73.1951	-75.0046
BLOCK16/SES162/SA162S24	SES162	1.81274	-73.3105	-75.1233
BLOCK16/SES162/SA162S27	SES162	2.41027	-73.5835	-75.9938
BLOCK16/SES167/SA167S14	SES167	1.91768	-72.126	-74.0437
BLOCK16/SES167/SA167S15	SES167	1.55848	-73.9133	-75.4717
BLOCK16/SES167/SA167S21	SES167	1.60369	-72.6269	-74.2306
BLOCK16/SES167/SA167S25	SES167	1.67969	-73.099	-74.7786
BLOCK16/SES167/SA167S29	SES167	2.42555	-71.8314	-74.2569
BLOCK17/SES172/SA172S12	SES172	2.76705	-72.2479	-75.015
BLOCK17/SES172/SA172S13	SES172	2.1486	-73.5901	-75.7387
BLOCK17/SES172/SA172S23	SES172	1.83804	-72.5991	-74.4372
BLOCK17/SES172/SA172S27	SES172	1.75082	-73.1841	-74.9349
BLOCK17/SES172/SA172S29	SES172	2.0202	-73.3646	-75.3848
BLOCK17/SES175/SA175S11	SES175	2.43601	-73.5725	-76.0085
BLOCK17/SES175/SA175S13	SES175	0.728645	-72.9973	-73.7259
BLOCK17/SES175/SA175S23	SES175	2.32398	-72.7409	-75.0649
BLOCK17/SES175/SA175S25	SES175	1.25521	-75.1589	-76.4141
BLOCK17/SES175/SA175S28	SES175	2.04065	-73.4411	-75.4817
BLOCK17/SES177/SA177S15	SES177	0.911377	-73.1744	-74.0858
BLOCK17/SES177/SA177S17	SES177	0.951782	-73.0301	-73.9819
BLOCK17/SES177/SA177S23	SES177	1.37096	-73.5511	-74.9221
BLOCK17/SES177/SA177S26	SES177	1.20681	-72.1266	-73.3335
BLOCK17/SES177/SA177S28	SES177	1.36784	-72.5698	-73.9376
BLOCK18/SES180/SA180S13	SES180	1.93008	-73.1764	-75.1065
BLOCK18/SES180/SA180S15	SES180	1.15646	-73.2056	-74.362
BLOCK18/SES180/SA180S24	SES180	1.39107	-72.215	-73.6061
BLOCK18/SES180/SA180S26	SES180	1.35677	-72.6515	-74.0083
BLOCK18/SES180/SA180S29	SES180	1.70519	-73.7806	-75.4858
BLOCK18/SES183/SA183S13	SES183	0.587242	-73.7842	-74.3714
BLOCK18/SES183/SA183S14	SES183	0.537384	-73.2535	-73.7908
BLOCK18/SES183/SA183S24	SES183	1.27296	-74.0457	-75.3186
BLOCK18/SES183/SA183S27	SES183	1.16881	-72.5452	-73.714
BLOCK18/SES183/SA183S29	SES183	1.1127	-72.1248	-73.2375
BLOCK18/SES187/SA187S13	SES187	0.824501	-76.0266	-76.8511
BLOCK18/SES187/SA187S14	SES187	0.641617	-75.3214	-75.963
BLOCK18/SES187/SA187S24	SES187	1.3785	-76.0079	-77.3864
BLOCK18/SES187/SA187S27	SES187	0.460175	-74.5457	-75.0059
BLOCK18/SES187/SA187S29	SES187	1.14053	-75.3462	-76.4868
BLOCK18/SES189/SA189S10	SES189	3.09555	-78.0739	-81.1695
BLOCK18/SES189/SA189S13	SES189	3.43855	-78.9725	-82.4111
BLOCK18/SES189/SA189S24	SES189	4.16309	-78.5507	-82.7137
BLOCK18/SES189/SA189S26	SES189	2.57554	-77.26	-79.8355
BLOCK18/SES189/SA189S29	SES189	3.35431	-77.4626	-80.8169
BLOCK20/SES202/SA202S12	SES202	2.26746	-74.59	-76.8574
BLOCK20/SES202/SA202S14	SES202	3.16348	-73.8404	-77.0039
BLOCK20/SES202/SA202S24	SES202	2.52792	-73.9321	-76.46
BLOCK20/SES202/SA202S27	SES202	3.25797	-72.4711	-75.7291
BLOCK20/SES202/SA202S29	SES202	3.66509	-73.3516	-77.0167
BLOCK20/SES206/SA206S15	SES206	1.3222	-69.3911	-70.7133
BLOCK20/SES206/SA206S17	SES206	1.82482	-68.1143	-69.9391
BLOCK20/SES206/SA206S24	SES206	1.83935	-68.3233	-70.1626
BLOCK20/SES206/SA206S27	SES206	1.59702	-68.7078	-70.3049
BLOCK20/SES206/SA206S29	SES206	1.72337	-67.0012	-68.7246
BLOCK22/SES226/SA226S12	SES226	1.21157	-70.4481	-71.6596
BLOCK22/SES226/SA226S13	SES226	0.530922	-70.2946	-70.8255
BLOCK22/SES226/SA226S20	SES226	1.42477	-69.8814	-71.3062
BLOCK22/SES226/SA226S23	SES226	1.38552	-69.8567	-71.2423
BLOCK22/SES226/SA226S28	SES226	1.64772	-69.2461	-70.8938
BLOCK25/SES259/SA259S13	SES259	1.4771	-68.9521	-70.4292
BLOCK25/SES259/SA259S14	SES259	1.04515	-69.151	-70.1962
BLOCK25/SES259/SA259S22	SES259	1.91143	-68.2304	-70.1418
BLOCK25/SES259/SA259S24	SES259	1.48238	-67.2669	-68.7493
BLOCK25/SES259/SA259S28	SES259	1.31382	-68.5103	-69.8241
BLOCK27/SES270/SA270S14	SES270	1.74657	-69.6075	-71.3541
BLOCK27/SES270/SA270S16	SES270	1.0922	-70.0024	-71.0946
BLOCK27/SES270/SA270S22	SES270	1.19893	-69.9972	-71.1962
BLOCK27/SES270/SA270S26	SES270	1.49885	-70.3321	-71.831
BLOCK27/SES270/SA270S28	SES270	0.857262	-70.0819	-70.9392
BLOCK27/SES275/SA275S17	SES275	1.29686	-72.9648	-74.2616
BLOCK27/SES275/SA275S18	SES275	1.11363	-73.8875	-75.0011
BLOCK27/SES275/SA275S24	SES275	1.26994	-73.3455	-74.6154
BLOCK27/SES275/SA275S26	SES275	0.972366	-72.0335	-73.0059
BLOCK27/SES275/SA275S28	SES275	1.08254	-71.3997	-72.4823
BLOCK29/SES292/SA292S10	SES292	0.239609	-73.9235	-74.1631
BLOCK29/SES292/SA292S12	SES292	0.283531	-75.1243	-75.4078
BLOCK29/SES292/SA292S22	SES292	1.16632	-72.2388	-73.4051
BLOCK29/SES292/SA292S24	SES292	-0.00343323	-73.403	-73.3996
BLOCK29/SES292/SA292S27	SES292	0.334099	-72.8369	-73.171
BLOCK00/SES001/SA001S14	SES062	-0.0717545	-73.2763	-73.2046
BLOCK00/SES001/SA001S14	SES082	-1.33881	-74.5434	-73.2046
BLOCK00/SES001/SA001S14	SES106	-2.23262	-75.4372	-73.2046
BLOCK00/SES001/SA001S14	SES206	-3.29829	-76.5029	-73.2046
BLOCK00/SES001/SA001S15	SES062	-0.491531	-71.8159	-71.3244
BLOCK00/SES001/SA001S15	SES104	-1.82292	-73.1473	-71.3244
BLOCK00/SES001/SA001S15	SES106	-1.82731	-73.1517	-71.3244
BLOCK00/SES001/SA001S15	SES206	-2.70938	-74.0338	-71.3244
BLOCK00/SES001/SA001S24	SES062	-2.06541	-74.9874	-72.922
BLOCK00/SES001/SA001S24	SES082	-1.45086	-74.3729	-72.922
BLOCK00/SES001/SA001S24	SES087	-2.04982	-74.9718	-72.922
BLOCK00/SES001/SA001S24	SES206	-2.11856	-75.0406	-72.922
BLOCK00/SES001/SA001S27	SES062	-1.62877	-72.7932	-71.1644
BLOCK00/SES001/SA001S27	SES082	-1.19958	-72.364	-71.1644
BLOCK00/SES001/SA001S27	SES087	-1.40498	-72.5694	-71.1644
BLOCK00/SES001/SA001S27	SES206	-1.18335	-72.3478	-71.1644
BLOCK00/SES001/SA001S29	SES062	-0.633896	-73.7539	-73.12
BLOCK00/SES001/SA001S29	SES082	-1.39022	-74.5102	-73.12
BLOCK00/SES001/SA001S29	SES158	-0.714157	-73.8341	-73.12
BLOCK00/SES001/SA001S29	SES206	-3.01392	-76.1339	-73.12
BLOCK00/SES003/SA003S11	SES002	-0.143166	-71.4426	-71.2995
BLOCK00/SES003/SA003S11	SES019	-0.830826	-72.1303	-71.2995
BLOCK00/SES003/SA003S11	SES082	0.416626	-70.8828	-71.2995
BLOCK00/SES003/SA003S11	SES125	0.17672	-71.1227	-71.2995
BLOCK00/SES003/SA003S15	SES016	-2.73054	-73.6541	-70.9235
BLOCK00/SES003/SA003S15	SES019	-0.44976	-71.3733	-70.9235
BLOCK00/SES003/SA003S15	SES062	-1.71535	-72.6389	-70.9235
BLOCK00/SES003/SA003S15	SES206	0.271141	-70.6524	-70.9235
BLOCK00/SES003/SA003S22	SES002	-0.782974	-72.0402	-71.2572
BLOCK00/SES003/SA003S22	SES062	-1.35276	-72.61	-71.2572
BLOCK00/SES003/SA003S22	SES082	-0.260498	-71.5177	-71.2572
BLOCK00/SES003/SA003S22	SES087	-0.561203	-71.8184	-71.2572
BLOCK00/SES003/SA003S25	SES062	-1.46608	-73.6845	-72.2185
BLOCK00/SES003/SA003S25	SES082	-0.349831	-72.5683	-72.2185
BLOCK00/SES003/SA003S25	SES087	-1.37893	-73.5974	-72.2185
BLOCK00/SES003/SA003S25	SES206	-1.34698	-73.5655	-72.2185
BLOCK00/SES003/SA003S29	SES002	-0.811821	-72.0348	-71.223
BLOCK00/SES003/SA003S29	SES062	-1.27972	-72.5027	-71.223
BLOCK00/SES003/SA003S29	SES082	0.346191	-70.8768	-71.223
BLOCK00/SES003/SA003S29	SES087	-0.230286	-71.4533	-71.223
BLOCK00/SES004/SA004S12	SES083	-0.695976	-76.3398	-75.6438
BLOCK00/SES004/SA004S12	SES148	-0.423141	-76.067	-75.6438
BLOCK00/SES004/SA004S12	SES172	-0.880104	-76.5239	-75.6438
BLOCK00/SES004/SA004S12	SES292	-0.847054	-76.4909	-75.6438
BLOCK00/SES004/SA004S17	SES083	-0.586761	-75.8903	-75.3035
BLOCK00/SES004/SA004S17	SES162	-0.0394058	-75.3429	-75.3035
BLOCK00/SES004/SA004S17	SES172	-0.853333	-76.1568	-75.3035
BLOCK00/SES004/SA004S17	SES292	-0.325523	-75.629	-75.3035
BLOCK00/SES004/SA004S24	SES083	-0.227966	-75.5938	-75.3659
BLOCK00/SES004/SA004S24	SES148	-0.327995	-75.6939	-75.3659
BLOCK00/SES004/SA004S24	SES172	-0.239479	-75.6054	-75.3659
BLOCK00/SES004/SA004S24	SES292	-0.0630264	-75.4289	-75.3659
BLOCK00/SES004/SA004S26	SES083	0.444321	-74.6887	-75.133
BLOCK00/SES004/SA004S26	SES127	0.30191	-74.8311	-75.133
BLOCK00/SES004/SA004S26	SES148	-0.240196	-75.3732	-75.133
BLOCK00/SES004/SA004S26	SES292	-0.348152	-75.4812	-75.133
BLOCK00/SES004/SA004S28	SES083	-0.588783	-75.9111	-75.3224
BLOCK00/SES004/SA004S28	SES127	-1.27029	-76.5927	-75.3224
BLOCK00/SES004/SA004S28	SES187	-0.211143	-75.5335	-75.3224
BLOCK00/SES004/SA004S28	SES292	-0.891777	-76.2141	-75.3224
BLOCK00/SES006/SA006S10	SES014	-1.14873	-73.6003	-72.4515
BLOCK00/SES006/SA006S10	SES158	-0.0231628	-72.4747	-72.4515
BLOCK00/SES006/SA006S10	SES226	-1.34319	-73.7947	-72.4515
BLOCK00/SES006/SA006S10	SES270	0.142509	-72.309	-72.4515
BLOCK00/SES006/SA006S11	SES158	0.235085	-72.2856	-72.5207
BLOCK00/SES006/SA006S11	SES226	-0.752281	-73.273	-72.5207
BLOCK00/SES006/SA006S11	SES270	0.559273	-71.9614	-72.5207
BLOCK00/SES006/SA006S11	SES275	-2.48249	-75.0032	-72.5207
BLOCK00/SES006/SA006S23	SES062	-1.73345	-72.3574	-70.6239
BLOCK00/SES006/SA006S23	SES105	-1.83726	-72.4612	-70.6239
BLOCK00/SES006/SA006S23	SES158	-0.227539	-70.8515	-70.6239
BLOCK00/SES006/SA006S23	SES275	-1.96274	-72.5867	-70.6239
BLOCK00/SES006/SA006S26	SES104	0.109688	-71.1774	-71.2871
BLOCK00/SES006/SA006S26	SES158	0.42395	-70.8632	-71.2871
BLOCK00/SES006/SA006S26	SES270	0.194389	-71.0927	-71.2871
BLOCK00/SES006/SA006S26	SES275	-2.25134	-73.5385	-71.2871
BLOCK00/SES006/SA006S28	SES007	-1.7035	-74.2578	-72.5543
BLOCK00/SES006/SA006S28	SES105	-1.46618	-74.0204	-72.5543
BLOCK00/SES006/SA006S28	SES158	0.0931931	-72.4611	-72.5543
BLOCK00/SES006/SA006S28	SES275	-2.12835	-74.6826	-72.5543
BLOCK00/SES009/SA009S12	SES083	0.295082	-73.2886	-73.5837
BLOCK00/SES009/SA009S12	SES148	0.126762	-73.4569	-73.5837
BLOCK00/SES009/SA009S12	SES177	-1.57589	-75.1595	-73.5837
BLOCK00/SES009/SA009S12	SES292	1.10888	-72.4748	-73.5837
BLOCK00/SES009/SA009S15	SES007	2.15411	-70.9413	-73.0954
BLOCK00/SES009/SA009S15	SES099	-4.39258	-77.488	-73.0954
BLOCK00/SES009/SA009S15	SES148	-0.0366135	-73.132	-73.0954
BLOCK00/SES009/SA009S15	SES172	-0.214264	-73.3097	-73.0954
BLOCK00/SES009/SA009S24	SES146	0.551186	-72.394	-72.9452
BLOCK00/SES009/SA009S24	SES148	0.0996857	-72.8455	-72.9452
BLOCK00/SES009/SA009S24	SES177	-1.38599	-74.3311	-72.9452
BLOCK00/SES009/SA009S24	SES292	1.12099	-71.8242	-72.9452
BLOCK00/SES009/SA009S26	SES083	-0.365044	-73.384	-73.019
BLOCK00/SES009/SA009S26	SES101	-0.156326	-73.1753	-73.019
BLOCK00/SES009/SA009S26	SES120	0.114243	-72.9047	-73.019
BLOCK00/SES009/SA009S26	SES177	-2.2207	-75.2397	-73.019
BLOCK00/SES009/SA009S29	SES083	0.356827	-72.5905	-72.9474
BLOCK00/SES009/SA009S29	SES101	0.483833	-72.4635	-72.9474
BLOCK00/SES009/SA009S29	SES177	-1.17672	-74.1241	-72.9474
BLOCK00/SES009/SA009S29	SES292	1.05212	-71.8952	-72.9474
BLOCK01/SES011/SA011S10	SES019	0.451561	-70.4607	-70.9122
BLOCK01/SES011/SA011S10	SES042	1.38991	-69.5223	-70.9122
BLOCK01/SES011/SA011S10	SES082	0.555779	-70.3565	-70.9122
BLOCK01/SES011/SA011S10	SES206	1.37045	-69.5418	-70.9122
BLOCK01/SES011/SA011S11	SES019	-0.425362	-72.2875	-71.8621
BLOCK01/SES011/SA011S11	SES042	0.41153	-71.4506	-71.8621
BLOCK01/SES011/SA011S11	SES082	0.0704193	-71.7917	-71.8621
BLOCK01/SES011/SA011S11	SES206	0.406837	-71.4553	-71.8621
BLOCK01/SES011/SA011S22	SES019	-0.0191574	-71.5726	-71.5535
BLOCK01/SES011/SA011S22	SES042	1.07344	-70.48	-71.5535
BLOCK01/SES011/SA011S22	SES082	0.717842	-70.8356	-71.5535
BLOCK01/SES011/SA011S22	SES206	0.361153	-71.1923	-71.5535
BLOCK01/SES011/SA011S24	SES019	0.164162	-70.5617	-70.7259
BLOCK01/SES011/SA011S24	SES042	1.35671	-69.3691	-70.7259
BLOCK01/SES011/SA011S24	SES104	1.21352	-69.5123	-70.7259
BLOCK01/SES011/SA011S24	SES206	1.14474	-69.5811	-70.7259
BLOCK01/SES011/SA011S27	SES082	0.498306	-70.5518	-71.0501
BLOCK01/SES011/SA011S27	SES087	-0.0250702	-71.0752	-71.0501
BLOCK01/SES011/SA011S27	SES125	0.939484	-70.1107	-71.0501
BLOCK01/SES011/SA011S27	SES206	0.434662	-70.6155	-71.0501
BLOCK01/SES012/SA012S11	SES007	-2.31925	-71.649	-69.3297
BLOCK01/SES012/SA012S11	SES082	0.319092	-69.0106	-69.3297
BLOCK01/SES012/SA012S11	SES083	-1.8094	-71.1391	-69.3297
BLOCK01/SES012/SA012S11	SES206	0.980392	-68.3493	-69.3297
BLOCK01/SES012/SA012S14	SES082	0.613976	-69.7091	-70.3231
BLOCK01/SES012/SA012S14	SES087	0.508904	-69.8142	-70.3231
BLOCK01/SES012/SA012S14	SES206	0.880844	-69.4422	-70.3231
BLOCK01/SES012/SA012S14	SES292	-2.03451	-72.3576	-70.3231
BLOCK01/SES012/SA012S24	SES082	1.10472	-69.3271	-70.4318
BLOCK01/SES012/SA012S24	SES087	0.56131	-69.8705	-70.4318
BLOCK01/SES012/SA012S24	SES120	-2.5643	-72.9961	-70.4318
BLOCK01/SES012/SA012S24	SES206	1.01276	-69.4191	-70.4318
BLOCK01/SES012/SA012S26	SES019	-0.355789	-70.169	-69.8132
BLOCK01/SES012/SA012S26	SES082	0.423996	-69.3892	-69.8132
BLOCK01/SES012/SA012S26	SES206	1.27828	-68.5349	-69.8132
BLOCK01/SES012/SA012S26	SES292	-2.43284	-72.246	-69.8132
BLOCK01/SES012/SA012S29	SES062	-1.94897	-71.7005	-69.7516
BLOCK01/SES012/SA012S29	SES082	-0.0247726	-69.7763	-69.7516
BLOCK01/SES012/SA012S29	SES083	-1.63591	-71.3875	-69.7516
BLOCK01/SES012/SA012S29	SES206	0.606682	-69.1449	-69.7516
BLOCK01/SES013/SA013S16	SES062	-2.38656	-73.0419	-70.6553
BLOCK01/SES013/SA013S16	SES106	0.549706	-70.1056	-70.6553
BLOCK01/SES013/SA013S16	SES206	0.458984	-70.1964	-70.6553
BLOCK01/SES013/SA013S16	SES226	0.607544	-70.0478	-70.6553
BLOCK01/SES013/SA013S17	SES062	-2.25552	-71.8608	-69.6052
BLOCK01/SES013/SA013S17	SES106	0.435631	-69.1696	-69.6052
BLOCK01/SES013/SA013S17	SES206	1.02174	-68.5835	-69.6052
BLOCK01/SES013/SA013S17	SES226	0.276794	-69.3285	-69.6052
BLOCK01/SES013/SA013S23	SES104	0.341042	-69.7939	-70.1349
BLOCK01/SES013/SA013S23	SES106	0.817047	-69.3179	-70.1349
BLOCK01/SES013/SA013S23	SES206	0.54528	-69.5896	-70.1349
BLOCK01/SES013/SA013S23	SES270	0.853783	-69.2811	-70.1349
BLOCK01/SES013/SA013S25	SES042	0.779396	-68.9212	-69.7006
BLOCK01/SES013/SA013S25	SES104	0.660042	-69.0406	-69.7006
BLOCK01/SES013/SA013S25	SES106	1.00441	-68.6962	-69.7006
BLOCK01/SES013/SA013S25	SES206	1.1166	-68.584	-69.7006
BLOCK01/SES013/SA013S29	SES062	-2.78216	-72.8615	-70.0794
BLOCK01/SES013/SA013S29	SES104	0.584969	-69.4944	-70.0794
BLOCK01/SES013/SA013S29	SES106	0.925682	-69.1537	-70.0794
BLOCK01/SES013/SA013S29	SES206	0.734505	-69.3449	-70.0794
BLOCK02/SES021/SA021S13	SES016	-3.08115	-73.1323	-70.0512
BLOCK02/SES021/SA021S13	SES029	-2.73908	-72.7903	-70.0512
BLOCK02/SES021/SA021S13	SES087	-0.486443	-70.5376	-70.0512
BLOCK02/SES021/SA021S13	SES206	-0.430359	-70.4815	-70.0512
BLOCK02/SES021/SA021S15	SES087	0.687286	-68.5195	-69.2068
BLOCK02/SES021/SA021S15	SES125	1.42633	-67.7805	-69.2068
BLOCK02/SES021/SA021S15	SES206	0.88414	-68.3226	-69.2068
BLOCK02/SES021/SA021S15	SES226	0.680305	-68.5265	-69.2068
BLOCK02/SES021/SA021S23	SES062	-1.51042	-73.4308	-71.9204
BLOCK02/SES021/SA021S23	SES087	-0.193855	-72.1142	-71.9204
BLOCK02/SES021/SA021S23	SES206	0.125374	-71.795	-71.9204
BLOCK02/SES021/SA021S23	SES226	0.422958	-71.4974	-71.9204
BLOCK02/SES021/SA021S27	SES002	-0.525581	-71.3085	-70.7829
BLOCK02/SES021/SA021S27	SES016	-2.87022	-73.6531	-70.7829
BLOCK02/SES021/SA021S27	SES019	-1.01595	-71.7988	-70.7829
BLOCK02/SES021/SA021S27	SES062	-1.33884	-72.1217	-70.7829
BLOCK02/SES021/SA021S29	SES087	0.277679	-70.1713	-70.449
BLOCK02/SES021/SA021S29	SES125	1.33972	-69.1092	-70.449
BLOCK02/SES021/SA021S29	SES206	0.254585	-70.1944	-70.449
BLOCK02/SES021/SA021S29	SES226	0.290215	-70.1587	-70.449
BLOCK04/SES043/SA043S09	SES083	-1.23257	-76.6981	-75.4655
BLOCK04/SES043/SA043S09	SES101	-1.99455	-77.4601	-75.4655
BLOCK04/SES043/SA043S09	SES144	-0.245026	-75.7105	-75.4655
BLOCK04/SES043/SA043S09	SES172	-2.49516	-77.9607	-75.4655
BLOCK04/SES043/SA043S11	SES083	-0.588326	-73.2553	-72.667
BLOCK04/SES043/SA043S11	SES101	-1.05171	-73.7187	-72.667
BLOCK04/SES043/SA043S11	SES144	-0.294754	-72.9617	-72.667
BLOCK04/SES043/SA043S11	SES172	-1.22706	-73.8941	-72.667
BLOCK04/SES043/SA043S23	SES083	-0.727119	-75.1319	-74.4048
BLOCK04/SES043/SA043S23	SES144	-0.268822	-74.6736	-74.4048
BLOCK04/SES043/SA043S23	SES177	-1.76016	-76.165	-74.4048
BLOCK04/SES043/SA043S23	SES275	-1.73676	-76.1415	-74.4048
BLOCK04/SES043/SA043S26	SES083	0.0323029	-73.1341	-73.1664
BLOCK04/SES043/SA043S26	SES101	-0.292946	-73.4593	-73.1664
BLOCK04/SES043/SA043S26	SES144	-0.175682	-73.342	-73.1664
BLOCK04/SES043/SA043S26	SES177	-0.868591	-74.035	-73.1664
BLOCK04/SES043/SA043S28	SES016	-0.0739517	-73.1906	-73.1166
BLOCK04/SES043/SA043S28	SES083	0.23394	-72.8827	-73.1166
BLOCK04/SES043/SA043S28	SES101	-0.0747681	-73.1914	-73.1166
BLOCK04/SES043/SA043S28	SES144	-0.0520706	-73.1687	-73.1166
BLOCK04/SES044/SA044S10	SES127	-0.831848	-77.8068	-76.975
BLOCK04/SES044/SA044S10	SES144	-0.0875549	-77.0625	-76.975
BLOCK04/SES044/SA044S10	SES147	-1.43415	-78.4091	-76.975
BLOCK04/SES044/SA044S10	SES148	-1.0266	-78.0016	-76.975
BLOCK04/SES044/SA044S11	SES101	-0.933426	-76.944	-76.0106
BLOCK04/SES044/SA044S11	SES144	0.217934	-75.7926	-76.0106
BLOCK04/SES044/SA044S11	SES147	-0.85067	-76.8612	-76.0106
BLOCK04/SES044/SA044S11	SES177	-0.232895	-76.2435	-76.0106
BLOCK04/SES044/SA044S24	SES007	-0.863808	-75.7852	-74.9214
BLOCK04/SES044/SA044S24	SES101	-0.660942	-75.5823	-74.9214
BLOCK04/SES044/SA044S24	SES147	-1.70245	-76.6238	-74.9214
BLOCK04/SES044/SA044S24	SES177	-1.27602	-76.1974	-74.9214
BLOCK04/SES044/SA044S26	SES007	-1.08878	-75.3992	-74.3104
BLOCK04/SES044/SA044S26	SES016	0.0170288	-74.2934	-74.3104
BLOCK04/SES044/SA044S26	SES101	-0.957085	-75.2675	-74.3104
BLOCK04/SES044/SA044S26	SES147	-0.543144	-74.8536	-74.3104
BLOCK04/SES044/SA044S29	SES007	-1.41927	-75.4755	-74.0562
BLOCK04/SES044/SA044S29	SES101	-0.568726	-74.6249	-74.0562
BLOCK04/SES044/SA044S29	SES147	-0.0132751	-74.0695	-74.0562
BLOCK04/SES044/SA044S29	SES177	-0.233047	-74.2893	-74.0562
BLOCK04/SES046/SA046S13	SES101	-1.06242	-78.7924	-77.73
BLOCK04/SES046/SA046S13	SES144	0.31134	-77.4186	-77.73
BLOCK04/SES046/SA046S13	SES147	-0.331085	-78.0611	-77.73
BLOCK04/SES046/SA046S13	SES177	0.314217	-77.4158	-77.73
BLOCK04/SES046/SA046S15	SES048	-2.95697	-76.7325	-73.7756
BLOCK04/SES046/SA046S15	SES083	-0.345573	-74.1211	-73.7756
BLOCK04/SES046/SA046S15	SES120	-1.11177	-74.8873	-73.7756
BLOCK04/SES046/SA046S15	SES148	-0.481728	-74.2573	-73.7756
BLOCK04/SES046/SA046S22	SES101	-1.06678	-76.5016	-75.4349
BLOCK04/SES046/SA046S22	SES144	-0.105484	-75.5403	-75.4349
BLOCK04/SES046/SA046S22	SES147	0.147163	-75.2877	-75.4349
BLOCK04/SES046/SA046S22	SES172	-0.925217	-76.3601	-75.4349
BLOCK04/SES046/SA046S25	SES083	-1.02829	-75.5481	-74.5199
BLOCK04/SES046/SA046S25	SES127	-0.469818	-74.9897	-74.5199
BLOCK04/SES046/SA046S25	SES144	-0.602051	-75.1219	-74.5199
BLOCK04/SES046/SA046S25	SES148	-0.847717	-75.3676	-74.5199
BLOCK04/SES046/SA046S28	SES007	-1.76144	-77.2001	-75.4386
BLOCK04/SES046/SA046S28	SES105	-2.87655	-78.3152	-75.4386
BLOCK04/SES046/SA046S28	SES147	-0.584	-76.0226	-75.4386
BLOCK04/SES046/SA046S28	SES148	-0.340645	-75.7793	-75.4386
BLOCK04/SES049/SA049S16	SES104	0.658684	-71.1029	-71.7615
BLOCK04/SES049/SA049S16	SES106	0.2043	-71.5572	-71.7615
BLOCK04/SES049/SA049S16	SES120	-2.35973	-74.1213	-71.7615
BLOCK04/SES049/SA049S16	SES206	0.553307	-71.2082	-71.7615
BLOCK04/SES049/SA049S18	SES099	-0.129219	-72.2865	-72.1573
BLOCK04/SES049/SA049S18	SES104	0.370346	-71.7869	-72.1573
BLOCK04/SES049/SA049S18	SES125	-0.0789413	-72.2362	-72.1573
BLOCK04/SES049/SA049S18	SES206	0.609695	-71.5476	-72.1573
BLOCK04/SES049/SA049S25	SES087	0.452782	-71.0579	-71.5107
BLOCK04/SES049/SA049S25	SES104	0.626213	-70.8845	-71.5107
BLOCK04/SES049/SA049S25	SES125	0.332672	-71.178	-71.5107
BLOCK04/SES049/SA049S25	SES206	1.00248	-70.5082	-71.5107
BLOCK04/SES049/SA049S27	SES099	0.0346146	-71.0029	-71.0376
BLOCK04/SES049/SA049S27	SES104	0.786209	-70.2514	-71.0376
BLOCK04/SES049/SA049S27	SES125	0.222755	-70.8148	-71.0376
BLOCK04/SES049/SA049S27	SES206	0.44516	-70.5924	-71.0376
BLOCK04/SES049/SA049S29	SES099	0.0904846	-70.3976	-70.4881
BLOCK04/SES049/SA049S29	SES104	0.634369	-69.8538	-70.4881
BLOCK04/SES049/SA049S29	SES125	0.218758	-70.2694	-70.4881
BLOCK04/SES049/SA049S29	SES206	0.600517	-69.8876	-70.4881
BLOCK06/SES063/SA063S09	SES068	-0.844528	-74.8633	-74.0188
BLOCK06/SES063/SA063S09	SES083	-0.304939	-74.3238	-74.0188
BLOCK06/SES063/SA063S09	SES177	-0.0288467	-74.0477	-74.0188
BLOCK06/SES063/SA063S09	SES187	0.146774	-73.872	-74.0188
BLOCK06/SES063/SA063S10	SES068	0.822662	-74.5709	-75.3936
BLOCK06/SES063/SA063S10	SES083	0.84935	-74.5442	-75.3936
BLOCK06/SES063/SA063S10	SES172	2.02396	-73.3696	-75.3936
BLOCK06/SES063/SA063S10	SES187	1.30772	-74.0859	-75.3936
BLOCK06/SES063/SA063S20	SES068	-0.616402	-76.2792	-75.6628
BLOCK06/SES063/SA063S20	SES083	-0.277939	-75.9408	-75.6628
BLOCK06/SES063/SA063S20	SES172	0.731552	-74.9313	-75.6628
BLOCK06/SES063/SA063S20	SES187	2.01622	-73.6466	-75.6628
BLOCK06/SES063/SA063S24	SES029	-0.176826	-74.428	-74.2511
BLOCK06/SES063/SA063S24	SES083	0.801598	-73.4495	-74.2511
BLOCK06/SES063/SA063S24	SES177	1.4613	-72.7898	-74.2511
BLOCK06/SES063/SA063S24	SES189	-1.73199	-75.9831	-74.2511
BLOCK06/SES063/SA063S27	SES083	0.431236	-75.5503	-75.9815
BLOCK06/SES063/SA063S27	SES172	1.17738	-74.8041	-75.9815
BLOCK06/SES063/SA063S27	SES187	0.479301	-75.5022	-75.9815
BLOCK06/SES063/SA063S27	SES292	-0.775505	-76.757	-75.9815
BLOCK06/SES067/SA067S12	SES083	-1.43179	-75.5351	-74.1033
BLOCK06/SES067/SA067S12	SES172	-1.99612	-76.0994	-74.1033
BLOCK06/SES067/SA067S12	SES202	1.03998	-73.0633	-74.1033
BLOCK06/SES067/SA067S12	SES292	-2.33303	-76.4363	-74.1033
BLOCK06/SES067/SA067S14	SES085	-2.87878	-76.2258	-73.347
BLOCK06/SES067/SA067S14	SES177	-2.04449	-75.3915	-73.347
BLOCK06/SES067/SA067S14	SES183	-1.28723	-74.6342	-73.347
BLOCK06/SES067/SA067S14	SES202	-1.00928	-74.3563	-73.347
BLOCK06/SES067/SA067S21	SES144	-0.271317	-75.82	-75.5487
BLOCK06/SES067/SA067S21	SES177	-0.698494	-76.2472	-75.5487
BLOCK06/SES067/SA067S21	SES183	-2.29945	-77.8481	-75.5487
BLOCK06/SES067/SA067S21	SES189	-0.113487	-75.6622	-75.5487
BLOCK06/SES067/SA067S25	SES085	-0.6381	-75.4427	-74.8046
BLOCK06/SES067/SA067S25	SES177	0.270584	-74.534	-74.8046
BLOCK06/SES067/SA067S25	SES183	-0.509499	-75.3141	-74.8046
BLOCK06/SES067/SA067S25	SES202	1.13605	-73.6686	-74.8046
BLOCK06/SES067/SA067S29	SES085	-0.637199	-75.8575	-75.2203
BLOCK06/SES067/SA067S29	SES177	-0.52961	-75.7499	-75.2203
BLOCK06/SES067/SA067S29	SES183	-1.56898	-76.7892	-75.2203
BLOCK06/SES067/SA067S29	SES202	1.24203	-73.9782	-75.2203
BLOCK06/SES069/SA069S12	SES029	-2.26141	-73.2993	-71.0379
BLOCK06/SES069/SA069S12	SES082	0.391167	-70.6468	-71.0379
BLOCK06/SES069/SA069S12	SES087	0.0104904	-71.0274	-71.0379
BLOCK06/SES069/SA069S12	SES206	0.323219	-70.7147	-71.0379
BLOCK06/SES069/SA069S13	SES029	-2.13015	-73.3709	-71.2407
BLOCK06/SES069/SA069S13	SES087	-0.357674	-71.5984	-71.2407
BLOCK06/SES069/SA069S13	SES206	-0.420258	-71.661	-71.2407
BLOCK06/SES069/SA069S13	SES226	-0.631065	-71.8718	-71.2407
BLOCK06/SES069/SA069S23	SES029	-1.75026	-72.0107	-70.2604
BLOCK06/SES069/SA069S23	SES087	0.0922012	-70.1682	-70.2604
BLOCK06/SES069/SA069S23	SES206	0.092392	-70.168	-70.2604
BLOCK06/SES069/SA069S23	SES226	0.703926	-69.5565	-70.2604
BLOCK06/SES069/SA069S25	SES087	0.464737	-69.4173	-69.882
BLOCK06/SES069/SA069S25	SES206	0.587349	-69.2946	-69.882
BLOCK06/SES069/SA069S25	SES226	0.520798	-69.3612	-69.882
BLOCK06/SES069/SA069S25	SES270	0.234863	-69.6471	-69.882
BLOCK06/SES069/SA069S27	SES087	0.087265	-70.052	-70.1393
BLOCK06/SES069/SA069S27	SES206	0.693802	-69.4455	-70.1393
BLOCK06/SES069/SA069S27	SES226	0.857727	-69.2815	-70.1393
BLOCK06/SES069/SA069S27	SES270	-0.0162506	-70.1555	-70.1393
BLOCK08/SES081/SA081S11	SES060	-0.528069	-75.8143	-75.2862
BLOCK08/SES081/SA081S11	SES062	-3.36672	-78.6529	-75.2862
BLOCK08/SES081/SA081S11	SES117	-0.658485	-75.9447	-75.2862
BLOCK08/SES081/SA081S11	SES162	0.314758	-74.9714	-75.2862
BLOCK08/SES081/SA081S13	SES016	-0.102425	-73.5537	-73.4513
BLOCK08/SES081/SA081S13	SES060	0.236656	-73.2146	-73.4513
BLOCK08/SES081/SA081S13	SES068	0.419685	-73.0316	-73.4513
BLOCK08/SES081/SA081S13	SES129	-1.82037	-75.2717	-73.4513
BLOCK08/SES081/SA081S24	SES060	-0.189407	-74.8207	-74.6312
BLOCK08/SES081/SA081S24	SES068	-0.264755	-74.896	-74.6312
BLOCK08/SES081/SA081S24	SES117	-0.430923	-75.0622	-74.6312
BLOCK08/SES081/SA081S24	SES275	-1.81723	-76.4485	-74.6312
BLOCK08/SES081/SA081S27	SES007	-1.29862	-76.327	-75.0284
BLOCK08/SES081/SA081S27	SES060	-0.419518	-75.4479	-75.0284
BLOCK08/SES081/SA081S27	SES117	-0.0960846	-75.1245	-75.0284
BLOCK08/SES081/SA081S27	SES275	-1.88663	-76.915	-75.0284
BLOCK08/SES081/SA081S29	SES007	-0.944656	-75.6442	-74.6995
BLOCK08/SES081/SA081S29	SES060	0.539001	-74.1605	-74.6995
BLOCK08/SES081/SA081S29	SES117	-0.190956	-74.8905	-74.6995
BLOCK08/SES081/SA081S29	SES275	-1.70017	-76.3997	-74.6995
BLOCK08/SES086/SA086S11	SES029	-2.68606	-74.5906	-71.9045
BLOCK08/SES086/SA086S11	SES082	-0.0118561	-71.9164	-71.9045
BLOCK08/SES086/SA086S11	SES087	0.433739	-71.4708	-71.9045
BLOCK08/SES086/SA086S11	SES206	0.190887	-71.7136	-71.9045
BLOCK08/SES086/SA086S12	SES029	-2.83275	-74.0289	-71.1961
BLOCK08/SES086/SA086S12	SES082	0.161758	-71.0343	-71.1961
BLOCK08/SES086/SA086S12	SES087	0.852043	-70.3441	-71.1961
BLOCK08/SES086/SA086S12	SES206	0.643059	-70.553	-71.1961
BLOCK08/SES086/SA086S20	SES029	-3.32774	-73.3177	-69.9899
BLOCK08/SES086/SA086S20	SES082	0.198174	-69.7918	-69.9899
BLOCK08/SES086/SA086S20	SES087	0.991028	-68.9989	-69.9899
BLOCK08/SES086/SA086S20	SES206	1.27672	-68.7132	-69.9899
BLOCK08/SES086/SA086S24	SES087	1.07201	-70.1671	-71.2391
BLOCK08/SES086/SA086S24	SES104	0.885277	-70.3538	-71.2391
BLOCK08/SES086/SA086S24	SES120	-2.5598	-73.7989	-71.2391
BLOCK08/SES086/SA086S24	SES206	1.37934	-69.8598	-71.2391
BLOCK08/SES086/SA086S28	SES029	-2.85557	-73.2124	-70.3568
BLOCK08/SES086/SA086S28	SES082	0.351295	-70.0055	-70.3568
BLOCK08/SES086/SA086S28	SES087	0.809486	-69.5473	-70.3568
BLOCK08/SES086/SA086S28	SES206	0.97715	-69.3797	-70.3568
BLOCK08/SES089/SA089S13	SES087	-0.665703	-72.4901	-71.8244
BLOCK08/SES089/SA089S13	SES206	-0.613335	-72.4377	-71.8244
BLOCK08/SES089/SA089S13	SES226	-0.00592804	-71.8303	-71.8244
BLOCK08/SES089/SA089S13	SES270	-0.923203	-72.7476	-71.8244
BLOCK08/SES089/SA089S14	SES062	-1.41269	-72.0561	-70.6435
BLOCK08/SES089/SA089S14	SES087	0.362297	-70.2812	-70.6435
BLOCK08/SES089/SA089S14	SES206	0.469147	-70.1743	-70.6435
BLOCK08/SES089/SA089S14	SES226	0.643753	-69.9997	-70.6435
BLOCK08/SES089/SA089S23	SES087	-1.01591	-73.9831	-72.9672
BLOCK08/SES089/SA089S23	SES206	-1.12207	-74.0892	-72.9672
BLOCK08/SES089/SA089S23	SES226	-0.0193787	-72.9865	-72.9672
BLOCK08/SES089/SA089S23	SES270	-1.55718	-74.5243	-72.9672
BLOCK08/SES089/SA089S25	SES062	-1.76853	-73.541	-71.7725
BLOCK08/SES089/SA089S25	SES087	-0.501991	-72.2744	-71.7725
BLOCK08/SES089/SA089S25	SES206	-0.350204	-72.1227	-71.7725
BLOCK08/SES089/SA089S25	SES226	1.14233	-70.6301	-71.7725
BLOCK08/SES089/SA089S28	SES062	-1.51272	-73.2339	-71.7212
BLOCK08/SES089/SA089S28	SES087	-0.18502	-71.9062	-71.7212
BLOCK08/SES089/SA089S28	SES206	-0.0522079	-71.7734	-71.7212
BLOCK08/SES089/SA089S28	SES226	0.662071	-71.0591	-71.7212
BLOCK09/SES097/SA097S11	SES099	0.622208	-70.8755	-71.4977
BLOCK09/SES097/SA097S11	SES125	0.228683	-71.269	-71.4977
BLOCK09/SES097/SA097S11	SES206	0.144821	-71.3529	-71.4977
BLOCK09/SES097/SA097S11	SES226	0.0709763	-71.4267	-71.4977
BLOCK09/SES097/SA097S14	SES062	-2.25592	-73.2937	-71.0378
BLOCK09/SES097/SA097S14	SES099	-0.154823	-71.1926	-71.0378
BLOCK09/SES097/SA097S14	SES104	-0.044342	-71.0821	-71.0378
BLOCK09/SES097/SA097S14	SES206	-0.00616455	-71.0439	-71.0378
BLOCK09/SES097/SA097S22	SES099	0.404816	-70.8032	-71.2081
BLOCK09/SES097/SA097S22	SES206	0.719124	-70.4889	-71.2081
BLOCK09/SES097/SA097S22	SES226	0.313683	-70.8944	-71.2081
BLOCK09/SES097/SA097S22	SES270	0.653175	-70.5549	-71.2081
BLOCK09/SES097/SA097S26	SES099	0.316505	-69.7797	-70.0962
BLOCK09/SES097/SA097S26	SES120	-2.33444	-72.4307	-70.0962
BLOCK09/SES097/SA097S26	SES206	0.639847	-69.4564	-70.0962
BLOCK09/SES097/SA097S26	SES226	-0.0836945	-70.1799	-70.0962
BLOCK09/SES097/SA097S28	SES099	0.313728	-70.7174	-71.0311
BLOCK09/SES097/SA097S28	SES120	-1.88953	-72.9206	-71.0311
BLOCK09/SES097/SA097S28	SES206	0.1297	-70.9014	-71.0311
BLOCK09/SES097/SA097S28	SES226	-0.0159836	-71.0471	-71.0311
BLOCK09/SES098/SA098S11	SES127	-0.584869	-77.5181	-76.9333
BLOCK09/SES098/SA098S11	SES144	0.265236	-76.668	-76.9333
BLOCK09/SES098/SA098S11	SES147	0.444847	-76.4884	-76.9333
BLOCK09/SES098/SA098S11	SES148	-1.184	-78.1173	-76.9333
BLOCK09/SES098/SA098S12	SES127	-1.77339	-81.6082	-79.8348
BLOCK09/SES098/SA098S12	SES144	-0.133835	-79.9687	-79.8348
BLOCK09/SES098/SA098S12	SES147	0.568748	-79.2661	-79.8348
BLOCK09/SES098/SA098S12	SES189	0.0786209	-79.7562	-79.8348
BLOCK09/SES098/SA098S20	SES127	-1.43542	-80.1174	-78.682
BLOCK09/SES098/SA098S20	SES147	0.77475	-77.9073	-78.682
BLOCK09/SES098/SA098S20	SES148	-1.51178	-80.1938	-78.682
BLOCK09/SES098/SA098S20	SES292	-2.69299	-81.375	-78.682
BLOCK09/SES098/SA098S23	SES127	-0.0719223	-77.1793	-77.1074
BLOCK09/SES098/SA098S23	SES147	0.655403	-76.452	-77.1074
BLOCK09/SES098/SA098S23	SES187	0.745277	-76.3621	-77.1074
BLOCK09/SES098/SA098S23	SES292	-1.39702	-78.5044	-77.1074
BLOCK09/SES098/SA098S27	SES127	-1.42836	-79.745	-78.3166
BLOCK09/SES098/SA098S27	SES147	0.564285	-77.7523	-78.3166
BLOCK09/SES098/SA098S27	SES148	-1.71412	-80.0307	-78.3166
BLOCK09/SES098/SA098S27	SES292	-2.56472	-80.8813	-78.3166
BLOCK10/SES102/SA102S13	SES101	0.493713	-74.6024	-75.0961
BLOCK10/SES102/SA102S13	SES105	-1.35994	-76.4561	-75.0961
BLOCK10/SES102/SA102S13	SES120	-0.741386	-75.8375	-75.0961
BLOCK10/SES102/SA102S13	SES158	-4.94184	-80.038	-75.0961
BLOCK10/SES102/SA102S14	SES007	0.170898	-73.2201	-73.391
BLOCK10/SES102/SA102S14	SES101	0.0752106	-73.3158	-73.391
BLOCK10/SES102/SA102S14	SES105	-0.211708	-73.6027	-73.391
BLOCK10/SES102/SA102S14	SES147	-1.80561	-75.1966	-73.391
BLOCK10/SES102/SA102S22	SES007	0.121147	-72.7749	-72.896
BLOCK10/SES102/SA102S22	SES101	0.293785	-72.6022	-72.896
BLOCK10/SES102/SA102S22	SES105	0.17215	-72.7239	-72.896
BLOCK10/SES102/SA102S22	SES158	-1.84484	-74.7409	-72.896
BLOCK10/SES102/SA102S25	SES007	0.143349	-73.1395	-73.2829
BLOCK10/SES102/SA102S25	SES101	0.159416	-73.1235	-73.2829
BLOCK10/SES102/SA102S25	SES105	0.19767	-73.0852	-73.2829
BLOCK10/SES102/SA102S25	SES147	-1.57478	-74.8577	-73.2829
BLOCK10/SES102/SA102S27	SES007	-0.138428	-74.6012	-74.4628
BLOCK10/SES102/SA102S27	SES101	-0.139374	-74.6021	-74.4628
BLOCK10/SES102/SA102S27	SES105	-0.564407	-75.0272	-74.4628
BLOCK10/SES102/SA102S27	SES147	-1.4548	-75.9176	-74.4628
BLOCK10/SES103/SA103S14	SES105	-1.87671	-73.4687	-71.592
BLOCK10/SES103/SA103S14	SES106	0.272232	-71.3197	-71.592
BLOCK10/SES103/SA103S14	SES120	-2.29298	-73.8849	-71.592
BLOCK10/SES103/SA103S14	SES206	-0.234177	-71.8261	-71.592
BLOCK10/SES103/SA103S15	SES099	-0.321487	-72.852	-72.5305
BLOCK10/SES103/SA103S15	SES101	-3.28288	-75.8134	-72.5305
BLOCK10/SES103/SA103S15	SES104	-0.000366211	-72.5309	-72.5305
BLOCK10/SES103/SA103S15	SES125	-0.0830688	-72.6136	-72.5305
BLOCK10/SES103/SA103S24	SES104	0.486877	-70.6427	-71.1296
BLOCK10/SES103/SA103S24	SES125	0.18499	-70.9446	-71.1296
BLOCK10/SES103/SA103S24	SES148	-2.17485	-73.3044	-71.1296
BLOCK10/SES103/SA103S24	SES158	0.618484	-70.5111	-71.1296
BLOCK10/SES103/SA103S26	SES104	-0.403664	-73.1806	-72.777
BLOCK10/SES103/SA103S26	SES106	0.227623	-72.5493	-72.777
BLOCK10/SES103/SA103S26	SES125	-0.248276	-73.0252	-72.777
BLOCK10/SES103/SA103S26	SES148	-1.89764	-74.6746	-72.777
BLOCK10/SES103/SA103S28	SES104	-0.883255	-74.5271	-73.6439
BLOCK10/SES103/SA103S28	SES106	-0.742706	-74.3866	-73.6439
BLOCK10/SES103/SA103S28	SES125	-0.915527	-74.5594	-73.6439
BLOCK10/SES103/SA103S28	SES206	-1.73385	-75.3777	-73.6439
BLOCK12/SES121/SA121S12	SES042	-1.05582	-74.4517	-73.3959
BLOCK12/SES121/SA121S12	SES087	-0.811035	-74.2069	-73.3959
BLOCK12/SES121/SA121S12	SES105	-1.00522	-74.4011	-73.3959
BLOCK12/SES121/SA121S12	SES206	-0.758461	-74.1544	-73.3959
BLOCK12/SES121/SA121S14	SES007	-2.04589	-75.4074	-73.3616
BLOCK12/SES121/SA121S14	SES105	-1.10897	-74.4705	-73.3616
BLOCK12/SES121/SA121S14	SES106	-0.149651	-73.5112	-73.3616
BLOCK12/SES121/SA121S14	SES206	-0.325027	-73.6866	-73.3616
BLOCK12/SES121/SA121S23	SES105	-1.40823	-75.5186	-74.1104
BLOCK12/SES121/SA121S23	SES106	-0.0087204	-74.1191	-74.1104
BLOCK12/SES121/SA121S23	SES120	-2.39465	-76.505	-74.1104
BLOCK12/SES121/SA121S23	SES206	-0.404373	-74.5147	-74.1104
BLOCK12/SES121/SA121S25	SES007	-2.15616	-76.2495	-74.0934
BLOCK12/SES121/SA121S25	SES105	-1.50037	-75.5938	-74.0934
BLOCK12/SES121/SA121S25	SES106	-0.254433	-74.3478	-74.0934
BLOCK12/SES121/SA121S25	SES206	-0.478683	-74.5721	-74.0934
BLOCK12/SES121/SA121S27	SES087	-0.250694	-73.645	-73.3943
BLOCK12/SES121/SA121S27	SES105	-1.73255	-75.1268	-73.3943
BLOCK12/SES121/SA121S27	SES120	-2.26451	-75.6588	-73.3943
BLOCK12/SES121/SA121S27	SES206	-0.107681	-73.5019	-73.3943
BLOCK12/SES124/SA124S16	SES042	0.439117	-71.17	-71.6092
BLOCK12/SES124/SA124S16	SES082	-0.137215	-71.7464	-71.6092
BLOCK12/SES124/SA124S16	SES183	-2.95615	-74.5653	-71.6092
BLOCK12/SES124/SA124S16	SES206	-0.326187	-71.9353	-71.6092
BLOCK12/SES124/SA124S17	SES105	-1.64649	-74.3824	-72.7359
BLOCK12/SES124/SA124S17	SES149	-0.511597	-73.2475	-72.7359
BLOCK12/SES124/SA124S17	SES158	0.00489044	-72.731	-72.7359
BLOCK12/SES124/SA124S17	SES275	-2.56921	-75.3051	-72.7359
BLOCK12/SES124/SA124S23	SES105	-2.46715	-72.2666	-69.7995
BLOCK12/SES124/SA124S23	SES125	1.33656	-68.4629	-69.7995
BLOCK12/SES124/SA124S23	SES129	-3.09628	-72.8958	-69.7995
BLOCK12/SES124/SA124S23	SES158	0.471352	-69.3281	-69.7995
BLOCK12/SES124/SA124S26	SES105	-2.63992	-73.5656	-70.9256
BLOCK12/SES124/SA124S26	SES125	1.05935	-69.8663	-70.9256
BLOCK12/SES124/SA124S26	SES129	-3.01947	-73.9451	-70.9256
BLOCK12/SES124/SA124S26	SES158	0.921318	-70.0043	-70.9256
BLOCK12/SES124/SA124S28	SES104	1.00129	-69.5566	-70.5579
BLOCK12/SES124/SA124S28	SES106	0.637527	-69.9204	-70.5579
BLOCK12/SES124/SA124S28	SES125	1.00892	-69.549	-70.5579
BLOCK12/SES124/SA124S28	SES275	-2.87132	-73.4293	-70.5579
BLOCK12/SES126/SA126S13	SES007	-0.89415	-77.8396	-76.9455
BLOCK12/SES126/SA126S13	SES162	1.70953	-75.236	-76.9455
BLOCK12/SES126/SA126S13	SES177	0.976967	-75.9685	-76.9455
BLOCK12/SES126/SA126S13	SES180	1.94699	-74.9985	-76.9455
BLOCK12/SES126/SA126S14	SES144	0.470863	-74.482	-74.9529
BLOCK12/SES126/SA126S14	SES148	-0.678383	-75.6312	-74.9529
BLOCK12/SES126/SA126S14	SES177	1.38988	-73.563	-74.9529
BLOCK12/SES126/SA126S14	SES180	2.01973	-72.9331	-74.9529
BLOCK12/SES126/SA126S20	SES007	-2.60596	-78.1462	-75.5402
BLOCK12/SES126/SA126S20	SES162	-1.29195	-76.8322	-75.5402
BLOCK12/SES126/SA126S20	SES172	-3.9139	-79.4541	-75.5402
BLOCK12/SES126/SA126S20	SES180	-1.14606	-76.6863	-75.5402
BLOCK12/SES126/SA126S24	SES120	-1.14105	-75.9408	-74.7997
BLOCK12/SES126/SA126S24	SES162	0.690758	-74.109	-74.7997
BLOCK12/SES126/SA126S24	SES177	0.0145416	-74.7852	-74.7997
BLOCK12/SES126/SA126S24	SES180	1.39796	-73.4018	-74.7997
BLOCK12/SES126/SA126S26	SES120	-0.277924	-74.7549	-74.477
BLOCK12/SES126/SA126S26	SES177	0.156265	-74.3207	-74.477
BLOCK12/SES126/SA126S26	SES180	1.40221	-73.0748	-74.477
BLOCK12/SES126/SA126S26	SES202	-1.17344	-75.6504	-74.477
BLOCK12/SES128/SA128S10	SES087	0.109238	-70.6727	-70.7819
BLOCK12/SES128/SA128S10	SES206	0.243584	-70.5383	-70.7819
BLOCK12/SES128/SA128S10	SES226	0.622078	-70.1598	-70.7819
BLOCK12/SES128/SA128S10	SES270	0.0424576	-70.7394	-70.7819
BLOCK12/SES128/SA128S12	SES120	-2.52193	-73.8457	-71.3238
BLOCK12/SES128/SA128S12	SES158	-0.124786	-71.4486	-71.3238
BLOCK12/SES128/SA128S12	SES206	0.0843124	-71.2395	-71.3238
BLOCK12/SES128/SA128S12	SES226	0.43084	-70.893	-71.3238
BLOCK12/SES128/SA128S21	SES106	-1.37358	-75.0126	-73.6391
BLOCK12/SES128/SA128S21	SES120	-1.12122	-74.7603	-73.6391
BLOCK12/SES128/SA128S21	SES206	-1.18816	-74.8272	-73.6391
BLOCK12/SES128/SA128S21	SES226	0.117195	-73.5219	-73.6391
BLOCK12/SES128/SA128S24	SES087	-1.71144	-74.2703	-72.5589
BLOCK12/SES128/SA128S24	SES120	-1.30962	-73.8685	-72.5589
BLOCK12/SES128/SA128S24	SES206	-1.52474	-74.0836	-72.5589
BLOCK12/SES128/SA128S24	SES226	-0.745705	-73.3046	-72.5589
BLOCK12/SES128/SA128S27	SES099	-1.03847	-71.859	-70.8205
BLOCK12/SES128/SA128S27	SES120	-1.75101	-72.5715	-70.8205
BLOCK12/SES128/SA128S27	SES206	-0.67205	-71.4925	-70.8205
BLOCK12/SES128/SA128S27	SES226	-0.0833969	-70.9039	-70.8205
BLOCK13/SES130/SA130S13	SES143	-1.62219	-77.3694	-75.7472
BLOCK13/SES130/SA130S13	SES144	-0.119987	-75.8672	-75.7472
BLOCK13/SES130/SA130S13	SES146	-0.301544	-76.0488	-75.7472
BLOCK13/SES130/SA130S13	SES275	-2.63216	-78.3794	-75.7472
BLOCK13/SES130/SA130S15	SES143	-1.41467	-75.1669	-73.7522
BLOCK13/SES130/SA130S15	SES144	0.0553284	-73.6969	-73.7522
BLOCK13/SES130/SA130S15	SES146	0.355713	-73.3965	-73.7522
BLOCK13/SES130/SA130S15	SES275	-0.394058	-74.1463	-73.7522
BLOCK13/SES130/SA130S23	SES127	-0.0951309	-75.6418	-75.5467
BLOCK13/SES130/SA130S23	SES144	0.639084	-74.9076	-75.5467
BLOCK13/SES130/SA130S23	SES146	1.17909	-74.3676	-75.5467
BLOCK13/SES130/SA130S23	SES162	0.26297	-75.2837	-75.5467
BLOCK13/SES130/SA130S25	SES127	-1.03862	-74.3672	-73.3286
BLOCK13/SES130/SA130S25	SES144	0.518257	-72.8103	-73.3286
BLOCK13/SES130/SA130S25	SES146	0.831154	-72.4974	-73.3286
BLOCK13/SES130/SA130S25	SES275	0.117195	-73.2114	-73.3286
BLOCK13/SES130/SA130S28	SES127	0.540298	-74.1542	-74.6945
BLOCK13/SES130/SA130S28	SES144	0.548912	-74.1456	-74.6945
BLOCK13/SES130/SA130S28	SES146	0.666588	-74.0279	-74.6945
BLOCK13/SES130/SA130S28	SES275	0.760223	-73.9343	-74.6945
BLOCK13/SES131/SA131S13	SES002	-0.136955	-73.358	-73.221
BLOCK13/SES131/SA131S13	SES007	-2.47617	-75.6972	-73.221
BLOCK13/SES131/SA131S13	SES099	-0.757462	-73.9785	-73.221
BLOCK13/SES131/SA131S13	SES105	-2.02352	-75.2445	-73.221
BLOCK13/SES131/SA131S14	SES104	0.202812	-71.5124	-71.7152
BLOCK13/SES131/SA131S14	SES106	0.555443	-71.1597	-71.7152
BLOCK13/SES131/SA131S14	SES125	-0.237129	-71.9523	-71.7152
BLOCK13/SES131/SA131S14	SES148	-1.62045	-73.3356	-71.7152
BLOCK13/SES131/SA131S20	SES104	-0.424004	-72.7666	-72.3426
BLOCK13/SES131/SA131S20	SES106	0.0632095	-72.2793	-72.3426
BLOCK13/SES131/SA131S20	SES125	-0.703049	-73.0456	-72.3426
BLOCK13/SES131/SA131S20	SES148	-2.77533	-75.1179	-72.3426
BLOCK13/SES131/SA131S22	SES099	-0.317909	-71.6296	-71.3117
BLOCK13/SES131/SA131S22	SES104	0.272606	-71.0391	-71.3117
BLOCK13/SES131/SA131S22	SES125	-0.133133	-71.4448	-71.3117
BLOCK13/SES131/SA131S22	SES206	0.0339584	-71.2778	-71.3117
BLOCK13/SES131/SA131S29	SES087	-0.0962372	-72.2262	-72.13
BLOCK13/SES131/SA131S29	SES104	-0.475609	-72.6056	-72.13
BLOCK13/SES131/SA131S29	SES125	-0.35466	-72.4846	-72.13
BLOCK13/SES131/SA131S29	SES206	-0.330421	-72.4604	-72.13
BLOCK13/SES132/SA132S11	SES083	0.105179	-73.3214	-73.4266
BLOCK13/SES132/SA132S11	SES120	0.497009	-72.9296	-73.4266
BLOCK13/SES132/SA132S11	SES127	0.637329	-72.7893	-73.4266
BLOCK13/SES132/SA132S11	SES275	-0.508064	-73.9347	-73.4266
BLOCK13/SES132/SA132S12	SES083	0.0992584	-72.8283	-72.9275
BLOCK13/SES132/SA132S12	SES143	0.0806274	-72.8469	-72.9275
BLOCK13/SES132/SA132S12	SES144	0.0979843	-72.8296	-72.9275
BLOCK13/SES132/SA132S12	SES148	0.142586	-72.785	-72.9275
BLOCK13/SES132/SA132S22	SES062	-0.467163	-73.8363	-73.3691
BLOCK13/SES132/SA132S22	SES083	-0.0868683	-73.456	-73.3691
BLOCK13/SES132/SA132S22	SES127	0.589691	-72.7794	-73.3691
BLOCK13/SES132/SA132S22	SES275	-0.590157	-73.9593	-73.3691
BLOCK13/SES132/SA132S24	SES007	-0.000839233	-73.7598	-73.759
BLOCK13/SES132/SA132S24	SES083	0.363571	-73.3954	-73.759
BLOCK13/SES132/SA132S24	SES127	0.252472	-73.5065	-73.759
BLOCK13/SES132/SA132S24	SES275	-0.684189	-74.4431	-73.759
BLOCK13/SES132/SA132S27	SES083	-0.499992	-74.3476	-73.8476
BLOCK13/SES132/SA132S27	SES120	0.164124	-73.6835	-73.8476
BLOCK13/SES132/SA132S27	SES127	-0.4487	-74.2963	-73.8476
BLOCK13/SES132/SA132S27	SES275	-1.15595	-75.0036	-73.8476
BLOCK14/SES141/SA141S09	SES143	0.511963	-73.7522	-74.2642
BLOCK14/SES141/SA141S09	SES144	0.0326843	-74.2315	-74.2642
BLOCK14/SES141/SA141S09	SES162	0.683228	-73.5809	-74.2642
BLOCK14/SES141/SA141S09	SES180	1.15713	-73.107	-74.2642
BLOCK14/SES141/SA141S15	SES127	-0.0469818	-74.2682	-74.2213
BLOCK14/SES141/SA141S15	SES144	0.0988922	-74.1224	-74.2213
BLOCK14/SES141/SA141S15	SES162	0.807434	-73.4138	-74.2213
BLOCK14/SES141/SA141S15	SES180	0.794495	-73.4268	-74.2213
BLOCK14/SES141/SA141S24	SES127	0.905273	-73.4936	-74.3988
BLOCK14/SES141/SA141S24	SES144	0.199303	-74.1995	-74.3988
BLOCK14/SES141/SA141S24	SES162	1.6176	-72.7812	-74.3988
BLOCK14/SES141/SA141S24	SES183	-0.396416	-74.7952	-74.3988
BLOCK14/SES141/SA141S26	SES142	1.65219	-73.6543	-75.3065
BLOCK14/SES141/SA141S26	SES144	0.136772	-75.1697	-75.3065
BLOCK14/SES141/SA141S26	SES172	-0.459297	-75.7658	-75.3065
BLOCK14/SES141/SA141S26	SES180	1.3118	-73.9947	-75.3065
BLOCK14/SES141/SA141S29	SES127	0.996994	-73.3124	-74.3094
BLOCK14/SES141/SA141S29	SES142	1.17359	-73.1358	-74.3094
BLOCK14/SES141/SA141S29	SES144	0.250114	-74.0593	-74.3094
BLOCK14/SES141/SA141S29	SES180	2.08044	-72.2289	-74.3094
BLOCK15/SES157/SA157S08	SES083	0.263138	-73.8081	-74.0712
BLOCK15/SES157/SA157S08	SES127	-1.04701	-75.1183	-74.0712
BLOCK15/SES157/SA157S08	SES148	0.217743	-73.8535	-74.0712
BLOCK15/SES157/SA157S08	SES292	0.165855	-73.9054	-74.0712
BLOCK15/SES157/SA157S11	SES083	-0.615013	-74.5379	-73.9229
BLOCK15/SES157/SA157S11	SES127	-2.04131	-75.9642	-73.9229
BLOCK15/SES157/SA157S11	SES148	-0.646812	-74.5697	-73.9229
BLOCK15/SES157/SA157S11	SES292	-0.803215	-74.7261	-73.9229
BLOCK15/SES157/SA157S21	SES127	-1.52236	-74.3315	-72.8091
BLOCK15/SES157/SA157S21	SES148	-0.182327	-72.9914	-72.8091
BLOCK15/SES157/SA157S21	SES158	-2.30325	-75.1124	-72.8091
BLOCK15/SES157/SA157S21	SES292	0.548859	-72.2603	-72.8091
BLOCK15/SES157/SA157S24	SES127	-1.07217	-74.8012	-73.7291
BLOCK15/SES157/SA157S24	SES148	0.08918	-73.6399	-73.7291
BLOCK15/SES157/SA157S24	SES183	-0.0869522	-73.816	-73.7291
BLOCK15/SES157/SA157S24	SES292	0.910881	-72.8182	-73.7291
BLOCK15/SES157/SA157S26	SES007	0.262428	-73.0243	-73.2867
BLOCK15/SES157/SA157S26	SES127	-0.249405	-73.5361	-73.2867
BLOCK15/SES157/SA157S26	SES147	-2.14819	-75.4349	-73.2867
BLOCK15/SES157/SA157S26	SES148	0.150772	-73.136	-73.2867
BLOCK16/SES161/SA161S10	SES007	-1.56041	-75.0686	-73.5082
BLOCK16/SES161/SA161S10	SES105	-0.815254	-74.3234	-73.5082
BLOCK16/SES161/SA161S10	SES158	-0.872414	-74.3806	-73.5082
BLOCK16/SES161/SA161S10	SES275	-1.6792	-75.1874	-73.5082
BLOCK16/SES161/SA161S12	SES007	-1.43185	-74.2264	-72.7945
BLOCK16/SES161/SA161S12	SES105	-1.0989	-73.8934	-72.7945
BLOCK16/SES161/SA161S12	SES158	0.027092	-72.7674	-72.7945
BLOCK16/SES161/SA161S12	SES275	-1.30196	-74.0965	-72.7945
BLOCK16/SES161/SA161S20	SES007	-1.79344	-75.8884	-74.095
BLOCK16/SES161/SA161S20	SES105	-1.17129	-75.2663	-74.095
BLOCK16/SES161/SA161S20	SES158	-0.832405	-74.9274	-74.095
BLOCK16/SES161/SA161S20	SES275	-1.7188	-75.8138	-74.095
BLOCK16/SES161/SA161S23	SES007	-1.4859	-74.1194	-72.6335
BLOCK16/SES161/SA161S23	SES105	-0.729065	-73.3626	-72.6335
BLOCK16/SES161/SA161S23	SES148	-1.09543	-73.7289	-72.6335
BLOCK16/SES161/SA161S23	SES158	-0.237434	-72.8709	-72.6335
BLOCK16/SES161/SA161S28	SES007	-2.28188	-74.4339	-72.1521
BLOCK16/SES161/SA161S28	SES105	-1.70702	-73.8591	-72.1521
BLOCK16/SES161/SA161S28	SES158	-0.173927	-72.326	-72.1521
BLOCK16/SES161/SA161S28	SES206	-0.872871	-73.0249	-72.1521
BLOCK16/SES164/SA164S11	SES104	0.382385	-69.4985	-69.8808
BLOCK16/SES164/SA164S11	SES125	0.540543	-69.3403	-69.8808
BLOCK16/SES164/SA164S11	SES158	1.22961	-68.6512	-69.8808
BLOCK16/SES164/SA164S11	SES206	0.607101	-69.2737	-69.8808
BLOCK16/SES164/SA164S13	SES099	-0.103828	-71.1587	-71.0549
BLOCK16/SES164/SA164S13	SES104	-0.868568	-71.9234	-71.0549
BLOCK16/SES164/SA164S13	SES125	-0.550102	-71.605	-71.0549
BLOCK16/SES164/SA164S13	SES206	-0.369911	-71.4248	-71.0549
BLOCK16/SES164/SA164S24	SES002	1.13441	-69.5301	-70.6645
BLOCK16/SES164/SA164S24	SES099	0.0818558	-70.5826	-70.6645
BLOCK16/SES164/SA164S24	SES125	-0.179947	-70.8444	-70.6645
BLOCK16/SES164/SA164S24	SES226	0.147987	-70.5165	-70.6645
BLOCK16/SES164/SA164S27	SES087	-0.102234	-70.9339	-70.8316
BLOCK16/SES164/SA164S27	SES125	0.11554	-70.7161	-70.8316
BLOCK16/SES164/SA164S27	SES206	-0.0698624	-70.9015	-70.8316
BLOCK16/SES164/SA164S27	SES226	-0.425995	-71.2576	-70.8316
BLOCK16/SES164/SA164S29	SES002	0.240761	-70.1083	-70.3491
BLOCK16/SES164/SA164S29	SES019	-0.645035	-70.9941	-70.3491
BLOCK16/SES164/SA164S29	SES125	-0.0473633	-70.3965	-70.3491
BLOCK16/SES164/SA164S29	SES226	-0.454582	-70.8037	-70.3491
BLOCK16/SES169/SA169S13	SES117	-0.814323	-74.597	-73.7827
BLOCK16/SES169/SA169S13	SES144	0.198097	-73.5846	-73.7827
BLOCK16/SES169/SA169S13	SES146	0.383583	-73.3991	-73.7827
BLOCK16/SES169/SA169S13	SES162	-0.845711	-74.6284	-73.7827
BLOCK16/SES169/SA169S14	SES144	0.0920563	-73.1856	-73.2776
BLOCK16/SES169/SA169S14	SES148	-0.190559	-73.4682	-73.2776
BLOCK16/SES169/SA169S14	SES177	-1.03061	-74.3082	-73.2776
BLOCK16/SES169/SA169S14	SES180	-1.40401	-74.6816	-73.2776
BLOCK16/SES169/SA169S24	SES117	-0.774986	-75.1212	-74.3462
BLOCK16/SES169/SA169S24	SES144	0.0862579	-74.26	-74.3462
BLOCK16/SES169/SA169S24	SES146	0.443985	-73.9022	-74.3462
BLOCK16/SES169/SA169S24	SES162	-0.72509	-75.0713	-74.3462
BLOCK16/SES169/SA169S27	SES127	-0.0904388	-73.5649	-73.4745
BLOCK16/SES169/SA169S27	SES129	-0.088562	-73.563	-73.4745
BLOCK16/SES169/SA169S27	SES144	-0.0450287	-73.5195	-73.4745
BLOCK16/SES169/SA169S27	SES146	0.491547	-72.9829	-73.4745
BLOCK16/SES169/SA169S29	SES144	-0.252159	-72.9272	-72.675
BLOCK16/SES169/SA169S29	SES162	-1.0891	-73.7641	-72.675
BLOCK16/SES169/SA169S29	SES177	-1.59953	-74.2746	-72.675
BLOCK16/SES169/SA169S29	SES180	-1.05581	-73.7308	-72.675
BLOCK17/SES171/SA171S12	SES083	-0.213898	-74.9044	-74.6905
BLOCK17/SES171/SA171S12	SES148	0.09095	-74.5995	-74.6905
BLOCK17/SES171/SA171S12	SES172	-0.14669	-74.8372	-74.6905
BLOCK17/SES171/SA171S12	SES292	-0.490761	-75.1812	-74.6905
BLOCK17/SES171/SA171S15	SES148	-2.15611	-78.165	-76.0089
BLOCK17/SES171/SA171S15	SES177	-2.28257	-78.2915	-76.0089
BLOCK17/SES171/SA171S15	SES180	-2.79198	-78.8009	-76.0089
BLOCK17/SES171/SA171S15	SES292	-3.88815	-79.8971	-76.0089
BLOCK17/SES171/SA171S22	SES007	-2.5331	-75.4246	-72.8915
BLOCK17/SES171/SA171S22	SES148	0.101692	-72.7898	-72.8915
BLOCK17/SES171/SA171S22	SES177	-1.52734	-74.4188	-72.8915
BLOCK17/SES171/SA171S22	SES180	-1.75323	-74.6447	-72.8915
BLOCK17/SES171/SA171S25	SES101	-3.06465	-80.8322	-77.7676
BLOCK17/SES171/SA171S25	SES120	-2.91856	-80.6862	-77.7676
BLOCK17/SES171/SA171S25	SES177	-1.56676	-79.3344	-77.7676
BLOCK17/SES171/SA171S25	SES180	-1.09737	-78.865	-77.7676
BLOCK17/SES171/SA171S27	SES177	0.259605	-74.8671	-75.1267
BLOCK17/SES171/SA171S27	SES180	-0.68161	-75.8083	-75.1267
BLOCK17/SES171/SA171S27	SES189	-0.756012	-75.8827	-75.1267
BLOCK17/SES171/SA171S27	SES292	-1.47477	-76.6015	-75.1267
BLOCK17/SES173/SA173S13	SES162	-1.25603	-78.6389	-77.3828
BLOCK17/SES173/SA173S13	SES177	-1.19555	-78.5784	-77.3828
BLOCK17/SES173/SA173S13	SES180	-0.858444	-78.2413	-77.3828
BLOCK17/SES173/SA173S13	SES292	-4.2315	-81.6143	-77.3828
BLOCK17/SES173/SA173S14	SES007	-3.90908	-81.2013	-77.2922
BLOCK17/SES173/SA173S14	SES162	-0.828003	-78.1202	-77.2922
BLOCK17/SES173/SA173S14	SES177	-0.960358	-78.2525	-77.2922
BLOCK17/SES173/SA173S14	SES180	-0.176079	-77.4683	-77.2922
BLOCK17/SES173/SA173S24	SES144	-0.154823	-78.5413	-78.3864
BLOCK17/SES173/SA173S24	SES162	-1.33896	-79.7254	-78.3864
BLOCK17/SES173/SA173S24	SES177	-1.63182	-80.0182	-78.3864
BLOCK17/SES173/SA173S24	SES180	-0.892792	-79.2792	-78.3864
BLOCK17/SES173/SA173S27	SES162	-1.55537	-78.8942	-77.3389
BLOCK17/SES173/SA173S27	SES177	-1.44035	-78.7792	-77.3389
BLOCK17/SES173/SA173S27	SES180	-1.31524	-78.6541	-77.3389
BLOCK17/SES173/SA173S27	SES292	-4.67393	-82.0128	-77.3389
BLOCK17/SES173/SA173S29	SES162	-1.14137	-79.0256	-77.8842
BLOCK17/SES173/SA173S29	SES175	0.143387	-77.7408	-77.8842
BLOCK17/SES173/SA173S29	SES177	-1.8263	-79.7105	-77.8842
BLOCK17/SES173/SA173S29	SES292	-4.90168	-82.7859	-77.8842
BLOCK18/SES182/SA182S10	SES144	-0.407112	-73.5769	-73.1698
BLOCK18/SES182/SA182S10	SES177	-0.712074	-73.8819	-73.1698
BLOCK18/SES182/SA182S10	SES180	-0.816849	-73.9867	-73.1698
BLOCK18/SES182/SA182S10	SES275	-1.45518	-74.625	-73.1698
BLOCK18/SES182/SA182S12	SES144	-0.0773926	-73.9029	-73.8256
BLOCK18/SES182/SA182S12	SES177	-0.59362	-74.4192	-73.8256
BLOCK18/SES182/SA182S12	SES180	-0.610764	-74.4363	-73.8256
BLOCK18/SES182/SA182S12	SES275	-2.39423	-76.2198	-73.8256
BLOCK18/SES182/SA182S21	SES117	0.237968	-75.4904	-75.7284
BLOCK18/SES182/SA182S21	SES144	-0.130577	-75.8589	-75.7284
BLOCK18/SES182/SA182S21	SES162	1.18929	-74.5391	-75.7284
BLOCK18/SES182/SA182S21	SES180	1.44968	-74.2787	-75.7284
BLOCK18/SES182/SA182S23	SES117	0.343079	-73.9987	-74.3418
BLOCK18/SES182/SA182S23	SES144	-0.333153	-74.675	-74.3418
BLOCK18/SES182/SA182S23	SES180	0.165802	-74.176	-74.3418
BLOCK18/SES182/SA182S23	SES275	-1.90401	-76.2458	-74.3418
BLOCK18/SES182/SA182S25	SES007	-0.298744	-75.5906	-75.2919
BLOCK18/SES182/SA182S25	SES162	1.20091	-74.091	-75.2919
BLOCK18/SES182/SA182S25	SES177	0.933144	-74.3587	-75.2919
BLOCK18/SES182/SA182S25	SES180	1.48166	-73.8102	-75.2919
BLOCK18/SES184/SA184S12	SES177	1.0449	-73.2122	-74.2571
BLOCK18/SES184/SA184S12	SES180	0.511627	-73.7455	-74.2571
BLOCK18/SES184/SA184S12	SES189	-2.2579	-76.5151	-74.2571
BLOCK18/SES184/SA184S12	SES292	0.515228	-73.7419	-74.2571
BLOCK18/SES184/SA184S13	SES101	-0.398193	-75.1085	-74.7103
BLOCK18/SES184/SA184S13	SES177	0.211075	-74.4992	-74.7103
BLOCK18/SES184/SA184S13	SES180	0.564827	-74.1455	-74.7103
BLOCK18/SES184/SA184S13	SES292	-0.0718002	-74.7821	-74.7103
BLOCK18/SES184/SA184S22	SES177	0.112823	-74.0055	-74.1183
BLOCK18/SES184/SA184S22	SES180	0.562645	-73.5557	-74.1183
BLOCK18/SES184/SA184S22	SES189	-2.5535	-76.6718	-74.1183
BLOCK18/SES184/SA184S22	SES292	-0.616447	-74.7348	-74.1183
BLOCK18/SES184/SA184S25	SES101	0.943153	-72.8182	-73.7614
BLOCK18/SES184/SA184S25	SES177	0.571587	-73.1898	-73.7614
BLOCK18/SES184/SA184S25	SES180	0.705437	-73.0559	-73.7614
BLOCK18/SES184/SA184S25	SES292	0.7425	-73.0189	-73.7614
BLOCK18/SES184/SA184S27	SES083	-0.749733	-74.6041	-73.8543
BLOCK18/SES184/SA184S27	SES177	-0.780968	-74.6353	-73.8543
BLOCK18/SES184/SA184S27	SES202	-2.26109	-76.1154	-73.8543
BLOCK18/SES184/SA184S27	SES292	-0.587067	-74.4414	-73.8543
BLOCK20/SES204/SA204S12	SES062	-1.95909	-72.2726	-70.3135
BLOCK20/SES204/SA204S12	SES083	-2.20321	-72.5167	-70.3135
BLOCK20/SES204/SA204S12	SES206	0.666466	-69.647	-70.3135
BLOCK20/SES204/SA204S12	SES226	0.255203	-70.0583	-70.3135
BLOCK20/SES204/SA204S14	SES068	-2.50893	-72.6321	-70.1231
BLOCK20/SES204/SA204S14	SES087	0.685432	-69.4377	-70.1231
BLOCK20/SES204/SA204S14	SES206	0.70546	-69.4177	-70.1231
BLOCK20/SES204/SA204S14	SES226	0.62072	-69.5024	-70.1231
BLOCK20/SES204/SA204S22	SES068	-3.04055	-73.5719	-70.5313
BLOCK20/SES204/SA204S22	SES082	-0.161858	-70.6932	-70.5313
BLOCK20/SES204/SA204S22	SES083	-2.22281	-72.7541	-70.5313
BLOCK20/SES204/SA204S22	SES206	0.684578	-69.8467	-70.5313
BLOCK20/SES204/SA204S25	SES062	-2.28958	-73.0048	-70.7152
BLOCK20/SES204/SA204S25	SES083	-2.21119	-72.9264	-70.7152
BLOCK20/SES204/SA204S25	SES206	0.41758	-70.2976	-70.7152
BLOCK20/SES204/SA204S25	SES226	0.177734	-70.5374	-70.7152
BLOCK20/SES204/SA204S27	SES068	-3.14113	-74.0252	-70.8841
BLOCK20/SES204/SA204S27	SES082	-0.182213	-71.0663	-70.8841
BLOCK20/SES204/SA204S27	SES087	0.566452	-70.3177	-70.8841
BLOCK20/SES204/SA204S27	SES206	0.470589	-70.4135	-70.8841
BLOCK20/SES207/SA207S10	SES127	-0.653229	-74.8752	-74.222
BLOCK20/SES207/SA207S10	SES183	0.349663	-73.8723	-74.222
BLOCK20/SES207/SA207S10	SES189	-1.73534	-75.9573	-74.222
BLOCK20/SES207/SA207S10	SES292	-0.950851	-75.1728	-74.222
BLOCK20/SES207/SA207S11	SES127	-1.24471	-76.0729	-74.8281
BLOCK20/SES207/SA207S11	SES183	0.215256	-74.6129	-74.8281
BLOCK20/SES207/SA207S11	SES187	-0.442284	-75.2704	-74.8281
BLOCK20/SES207/SA207S11	SES292	-1.04149	-75.8696	-74.8281
BLOCK20/SES207/SA207S25	SES068	-0.452209	-76.1248	-75.6726
BLOCK20/SES207/SA207S25	SES083	-0.562721	-76.2353	-75.6726
BLOCK20/SES207/SA207S25	SES127	-0.0619965	-75.7346	-75.6726
BLOCK20/SES207/SA207S25	SES187	0.435249	-75.2373	-75.6726
BLOCK20/SES207/SA207S27	SES127	-0.511208	-75.7052	-75.194
BLOCK20/SES207/SA207S27	SES183	-0.0662155	-75.2602	-75.194
BLOCK20/SES207/SA207S27	SES187	-0.200958	-75.3949	-75.194
BLOCK20/SES207/SA207S27	SES292	-0.642838	-75.8368	-75.194
BLOCK20/SES207/SA207S29	SES083	-1.28909	-76.7483	-75.4592
BLOCK20/SES207/SA207S29	SES085	-0.319878	-75.7791	-75.4592
BLOCK20/SES207/SA207S29	SES172	-0.699623	-76.1588	-75.4592
BLOCK20/SES207/SA207S29	SES189	-2.07465	-77.5338	-75.4592
BLOCK22/SES221/SA221S12	SES068	-2.52779	-79.3279	-76.8001
BLOCK22/SES221/SA221S12	SES143	0.350746	-76.4494	-76.8001
BLOCK22/SES221/SA221S12	SES175	1.11166	-75.6885	-76.8001
BLOCK22/SES221/SA221S12	SES202	0.953499	-75.8466	-76.8001
BLOCK22/SES221/SA221S15	SES085	-2.61732	-81.1446	-78.5273
BLOCK22/SES221/SA221S15	SES143	0.00498199	-78.5223	-78.5273
BLOCK22/SES221/SA221S15	SES175	0.330032	-78.1972	-78.5273
BLOCK22/SES221/SA221S15	SES187	0.841454	-77.6858	-78.5273
BLOCK22/SES221/SA221S23	SES068	-2.25053	-80.1847	-77.9342
BLOCK22/SES221/SA221S23	SES143	0.555969	-77.3782	-77.9342
BLOCK22/SES221/SA221S23	SES175	1.51074	-76.4234	-77.9342
BLOCK22/SES221/SA221S23	SES189	1.61443	-76.3197	-77.9342
BLOCK22/SES221/SA221S27	SES085	-3.04845	-81.6714	-78.6229
BLOCK22/SES221/SA221S27	SES143	0.208832	-78.4141	-78.6229
BLOCK22/SES221/SA221S27	SES175	0.16481	-78.4581	-78.6229
BLOCK22/SES221/SA221S27	SES189	1.81067	-76.8123	-78.6229
BLOCK22/SES221/SA221S29	SES085	-4.7159	-85.7618	-81.0459
BLOCK22/SES221/SA221S29	SES143	-0.399139	-81.4451	-81.0459
BLOCK22/SES221/SA221S29	SES175	-0.191483	-81.2374	-81.0459
BLOCK22/SES221/SA221S29	SES187	0.693428	-80.3525	-81.0459
BLOCK22/SES223/SA223S11	SES143	0.465225	-76.4506	-76.9158
BLOCK22/SES223/SA223S11	SES144	-0.732529	-77.6484	-76.9158
BLOCK22/SES223/SA223S11	SES175	1.07519	-75.8406	-76.9158
BLOCK22/SES223/SA223S11	SES187	0.769081	-76.1468	-76.9158
BLOCK22/SES223/SA223S13	SES068	-3.19992	-80.803	-77.6031
BLOCK22/SES223/SA223S13	SES143	0.00777435	-77.5954	-77.6031
BLOCK22/SES223/SA223S13	SES146	-2.62642	-80.2295	-77.6031
BLOCK22/SES223/SA223S13	SES202	-0.258598	-77.8617	-77.6031
BLOCK22/SES223/SA223S22	SES143	0.461739	-76.6837	-77.1454
BLOCK22/SES223/SA223S22	SES144	-0.176247	-77.3217	-77.1454
BLOCK22/SES223/SA223S22	SES175	0.0265656	-77.1189	-77.1454
BLOCK22/SES223/SA223S22	SES187	0.542053	-76.6034	-77.1454
BLOCK22/SES223/SA223S25	SES068	-2.83667	-79.6011	-76.7645
BLOCK22/SES223/SA223S25	SES143	-0.253998	-77.0185	-76.7645
BLOCK22/SES223/SA223S25	SES175	0.448326	-76.3161	-76.7645
BLOCK22/SES223/SA223S25	SES187	0.0029068	-76.7616	-76.7645
BLOCK22/SES223/SA223S27	SES143	0.43277	-77.81	-78.2428
BLOCK22/SES223/SA223S27	SES146	-1.95127	-80.194	-78.2428
BLOCK22/SES223/SA223S27	SES187	0.472702	-77.7701	-78.2428
BLOCK22/SES223/SA223S27	SES292	-3.21379	-81.4566	-78.2428
BLOCK27/SES273/SA273S12	SES099	0.837753	-68.1191	-68.9569
BLOCK27/SES273/SA273S12	SES104	1.47832	-67.4786	-68.9569
BLOCK27/SES273/SA273S12	SES125	1.43951	-67.5174	-68.9569
BLOCK27/SES273/SA273S12	SES206	1.67792	-67.279	-68.9569
BLOCK27/SES273/SA273S13	SES099	0.786636	-68.0286	-68.8153
BLOCK27/SES273/SA273S13	SES104	0.883087	-67.9322	-68.8153
BLOCK27/SES273/SA273S13	SES206	1.13347	-67.6818	-68.8153
BLOCK27/SES273/SA273S13	SES292	-2.40242	-71.2177	-68.8153
BLOCK27/SES273/SA273S21	SES099	1.49143	-67.0317	-68.5232
BLOCK27/SES273/SA273S21	SES148	-1.96787	-70.491	-68.5232
BLOCK27/SES273/SA273S21	SES149	0.660057	-67.8631	-68.5232
BLOCK27/SES273/SA273S21	SES177	-3.35696	-71.8801	-68.5232
BLOCK27/SES273/SA273S25	SES104	0.927727	-68.3699	-69.2976
BLOCK27/SES273/SA273S25	SES125	1.00965	-68.288	-69.2976
BLOCK27/SES273/SA273S25	SES158	0.734962	-68.5626	-69.2976
BLOCK27/SES273/SA273S25	SES206	1.35291	-67.9447	-69.2976
BLOCK27/SES273/SA273S27	SES099	0.625771	-68.8818	-69.5075
BLOCK27/SES273/SA273S27	SES104	0.236267	-69.2713	-69.5075
BLOCK27/SES273/SA273S27	SES149	0.444092	-69.0634	-69.5075
BLOCK27/SES273/SA273S27	SES275	-1.92632	-71.4339	-69.5075
BLOCK27/SES274/SA274S10	SES105	-2.09686	-71.7158	-69.6189
BLOCK27/SES274/SA274S10	SES125	0.430618	-69.1883	-69.6189
BLOCK27/SES274/SA274S10	SES129	-1.95737	-71.5763	-69.6189
BLOCK27/SES274/SA274S10	SES158	0.0063324	-69.6126	-69.6189
BLOCK27/SES274/SA274S11	SES105	-2.05284	-71.6643	-69.6115
BLOCK27/SES274/SA274S11	SES149	-0.217842	-69.8293	-69.6115
BLOCK27/SES274/SA274S11	SES158	-0.292061	-69.9036	-69.6115
BLOCK27/SES274/SA274S11	SES275	-2.33342	-71.9449	-69.6115
BLOCK27/SES274/SA274S21	SES105	-1.83121	-71.9168	-70.0856
BLOCK27/SES274/SA274S21	SES129	-2.39313	-72.4787	-70.0856
BLOCK27/SES274/SA274S21	SES149	0.100677	-69.9849	-70.0856
BLOCK27/SES274/SA274S21	SES158	-0.529564	-70.6152	-70.0856
BLOCK27/SES274/SA274S24	SES105	-1.89569	-71.0336	-69.1379
BLOCK27/SES274/SA274S24	SES129	-2.14687	-71.2848	-69.1379
BLOCK27/SES274/SA274S24	SES149	0.32946	-68.8084	-69.1379
BLOCK27/SES274/SA274S24	SES158	-0.238411	-69.3763	-69.1379
BLOCK27/SES274/SA274S29	SES105	-1.82526	-71.6707	-69.8454
BLOCK27/SES274/SA274S29	SES106	-0.325493	-70.1709	-69.8454
BLOCK27/SES274/SA274S29	SES120	-2.06441	-71.9098	-69.8454
BLOCK27/SES274/SA274S29	SES275	-2.11208	-71.9575	-69.8454
BLOCK27/SES276/SA276S16	SES148	0.152664	-75.0864	-75.239
BLOCK27/SES276/SA276S16	SES172	-0.290947	-75.53	-75.239
BLOCK27/SES276/SA276S16	SES180	-0.689095	-75.9281	-75.239
BLOCK27/SES276/SA276S16	SES292	0.551346	-74.6877	-75.239
BLOCK27/SES276/SA276S17	SES101	-0.272552	-74.9789	-74.7064
BLOCK27/SES276/SA276S17	SES177	-0.175644	-74.882	-74.7064
BLOCK27/SES276/SA276S17	SES180	0.00608063	-74.7003	-74.7064
BLOCK27/SES276/SA276S17	SES292	0.601234	-74.1051	-74.7064
BLOCK27/SES276/SA276S24	SES101	-0.148933	-74.173	-74.024
BLOCK27/SES276/SA276S24	SES177	-0.691216	-74.7153	-74.024
BLOCK27/SES276/SA276S24	SES180	-0.576874	-74.6009	-74.024
BLOCK27/SES276/SA276S24	SES292	-0.232872	-74.2569	-74.024
BLOCK27/SES276/SA276S26	SES101	-0.797783	-75.0779	-74.2801
BLOCK27/SES276/SA276S26	SES177	-0.344185	-74.6243	-74.2801
BLOCK27/SES276/SA276S26	SES180	0.236839	-74.0432	-74.2801
BLOCK27/SES276/SA276S26	SES292	-0.739014	-75.0191	-74.2801
BLOCK27/SES276/SA276S28	SES101	0.158936	-75.0162	-75.1751
BLOCK27/SES276/SA276S28	SES177	0.290161	-74.885	-75.1751
BLOCK27/SES276/SA276S28	SES180	0.301949	-74.8732	-75.1751
BLOCK27/SES276/SA276S28	SES292	0.131157	-75.044	-75.1751
BLOCK27/SES277/SA277S12	SES101	-0.539268	-75.7873	-75.248
BLOCK27/SES277/SA277S12	SES177	-0.431839	-75.6799	-75.248
BLOCK27/SES277/SA277S12	SES180	0.880974	-74.3671	-75.248
BLOCK27/SES277/SA277S12	SES292	-0.906631	-76.1547	-75.248
BLOCK27/SES277/SA277S14	SES177	0.00497437	-76.1882	-76.1932
BLOCK27/SES277/SA277S14	SES180	-0.536064	-76.7293	-76.1932
BLOCK27/SES277/SA277S14	SES189	-0.135971	-76.3292	-76.1932
BLOCK27/SES277/SA277S14	SES292	-2.31395	-78.5071	-76.1932
BLOCK27/SES277/SA277S21	SES177	-0.611954	-75.3112	-74.6992
BLOCK27/SES277/SA277S21	SES180	-1.24531	-75.9445	-74.6992
BLOCK27/SES277/SA277S21	SES189	-1.41319	-76.1124	-74.6992
BLOCK27/SES277/SA277S21	SES292	-1.58955	-76.2888	-74.6992
BLOCK27/SES277/SA277S24	SES144	-0.481903	-77.5864	-77.1045
BLOCK27/SES277/SA277S24	SES177	-0.78743	-77.8919	-77.1045
BLOCK27/SES277/SA277S24	SES180	-0.492401	-77.5969	-77.1045
BLOCK27/SES277/SA277S24	SES189	-0.786461	-77.8909	-77.1045
BLOCK27/SES277/SA277S29	SES177	0.41996	-73.874	-74.2939
BLOCK27/SES277/SA277S29	SES180	0.25251	-74.0414	-74.2939
BLOCK27/SES277/SA277S29	SES202	-0.77932	-75.0732	-74.2939
BLOCK27/SES277/SA277S29	SES292	-1.04716	-75.3411	-74.2939
BLOCK27/SES279/SA279S09	SES120	-1.48598	-72.8077	-71.3218
BLOCK27/SES279/SA279S09	SES146	-0.844185	-72.166	-71.3218
BLOCK27/SES279/SA279S09	SES206	-0.589638	-71.9114	-71.3218
BLOCK27/SES279/SA279S09	SES226	-0.532234	-71.854	-71.3218
BLOCK27/SES279/SA279S10	SES099	-0.675903	-71.5163	-70.8404
BLOCK27/SES279/SA279S10	SES206	-0.474266	-71.3147	-70.8404
BLOCK27/SES279/SA279S10	SES226	0.00137329	-70.839	-70.8404
BLOCK27/SES279/SA279S10	SES292	-1.34486	-72.1853	-70.8404
BLOCK27/SES279/SA279S20	SES099	-1.38206	-73.2384	-71.8564
BLOCK27/SES279/SA279S20	SES206	-1.00924	-72.8656	-71.8564
BLOCK27/SES279/SA279S20	SES226	-0.515678	-72.372	-71.8564
BLOCK27/SES279/SA279S20	SES292	-0.961006	-72.8174	-71.8564
BLOCK27/SES279/SA279S26	SES099	-0.982407	-72.8897	-71.9073
BLOCK27/SES279/SA279S26	SES206	-0.924911	-72.8322	-71.9073
BLOCK27/SES279/SA279S26	SES226	-0.300522	-72.2078	-71.9073
BLOCK27/SES279/SA279S26	SES292	-1.00361	-72.9109	-71.9073
BLOCK27/SES279/SA279S28	SES099	-1.01714	-71.304	-70.2868
BLOCK27/SES279/SA279S28	SES120	-1.41447	-71.7013	-70.2868
BLOCK27/SES279/SA279S28	SES177	-3.33531	-73.6221	-70.2868
BLOCK27/SES279/SA279S28	SES206	-0.816559	-71.1034	-70.2868
BLOCK29/SES290/SA290S12	SES162	-0.548279	-76.3152	-75.7669
BLOCK29/SES290/SA290S12	SES177	-0.617134	-76.384	-75.7669
BLOCK29/SES290/SA290S12	SES180	-0.570297	-76.3372	-75.7669
BLOCK29/SES290/SA290S12	SES292	-2.09777	-77.8647	-75.7669
BLOCK29/SES290/SA290S13	SES007	-2.46529	-78.775	-76.3097
BLOCK29/SES290/SA290S13	SES162	0.233269	-76.0764	-76.3097
BLOCK29/SES290/SA290S13	SES177	-0.330956	-76.6406	-76.3097
BLOCK29/SES290/SA290S13	SES180	0.954079	-75.3556	-76.3097
BLOCK29/SES290/SA290S22	SES177	0.0776291	-75.264	-75.3417
BLOCK29/SES290/SA290S22	SES180	0.770332	-74.5713	-75.3417
BLOCK29/SES290/SA290S22	SES202	-0.0600815	-75.4017	-75.3417
BLOCK29/SES290/SA290S22	SES292	-1.76451	-77.1062	-75.3417
BLOCK29/SES290/SA290S25	SES162	0.457672	-74.9262	-75.3839
BLOCK29/SES290/SA290S25	SES177	0.304794	-75.0791	-75.3839
BLOCK29/SES290/SA290S25	SES180	0.780441	-74.6035	-75.3839
BLOCK29/SES290/SA290S25	SES292	-1.2505	-76.6344	-75.3839
BLOCK29/SES290/SA290S29	SES177	0.610519	-73.8933	-74.5038
BLOCK29/SES290/SA290S29	SES180	0.961044	-73.5428	-74.5038
BLOCK29/SES290/SA290S29	SES275	-1.84795	-76.3518	-74.5038
BLOCK29/SES290/SA290S29	SES292	-0.983543	-75.4874	-74.5038
BLOCK29/SES291/SA291S11	SES105	-2.40689	-73.69	-71.2831
BLOCK29/SES291/SA291S11	SES125	0.382149	-70.901	-71.2831
BLOCK29/SES291/SA291S11	SES158	0.21479	-71.0683	-71.2831
BLOCK29/SES291/SA291S11	SES275	-2.95134	-74.2345	-71.2831
BLOCK29/SES291/SA291S12	SES158	0.466354	-69.9613	-70.4277
BLOCK29/SES291/SA291S12	SES226	0.00299072	-70.4247	-70.4277
BLOCK29/SES291/SA291S12	SES270	1.32892	-69.0988	-70.4277
BLOCK29/SES291/SA291S12	SES275	-2.87756	-73.3052	-70.4277
BLOCK29/SES291/SA291S22	SES082	-0.00718689	-70.5772	-70.57
BLOCK29/SES291/SA291S22	SES158	0.566765	-70.0032	-70.57
BLOCK29/SES291/SA291S22	SES259	0.0466995	-70.5233	-70.57
BLOCK29/SES291/SA291S22	SES275	-2.73969	-73.3097	-70.57
BLOCK29/SES291/SA291S24	SES104	1.03434	-68.5397	-69.5741
BLOCK29/SES291/SA291S24	SES125	0.894958	-68.6791	-69.5741
BLOCK29/SES291/SA291S24	SES158	1.02022	-68.5538	-69.5741
BLOCK29/SES291/SA291S24	SES275	-2.84954	-72.4236	-69.5741
BLOCK29/SES291/SA291S27	SES158	1.24854	-69.5565	-70.8051
BLOCK29/SES291/SA291S27	SES172	-3.99767	-74.8027	-70.8051
BLOCK29/SES291/SA291S27	SES275	-3.14874	-73.9538	-70.8051
BLOCK29/SES291/SA291S27	SES292	-2.74208	-73.5472	-70.8051
