Threshold search:
THR	-4.94851937225	9	0(0)	1(1000)
THR	-4.8547967785275	8.991	0(0)	0.999(999)
THR	-4.761074184805	8.991	0(0)	0.999(999)
THR	-4.6673515910825	8.991	0(0)	0.999(999)
THR	-4.57362899736	8.991	0(0)	0.999(999)
THR	-4.4799064036375	8.991	0(0)	0.999(999)
THR	-4.386183809915	8.982	0(0)	0.998(998)
THR	-4.2924612161925	8.964	0(0)	0.996(996)
THR	-4.19873862247	8.946	0(0)	0.994(994)
THR	-4.1050160287475	8.946	0(0)	0.994(994)
THR	-4.011293435025	8.928	0(0)	0.992(992)
THR	-3.9175708413025	8.919	0(0)	0.991(991)
THR	-3.82384824758	8.901	0(0)	0.989(989)
THR	-3.7301256538575	8.892	0(0)	0.988(988)
THR	-3.636403060135	8.856	0(0)	0.984(984)
THR	-3.5426804664125	8.82	0(0)	0.98(980)
THR	-3.44895787269	8.775	0(0)	0.975(975)
THR	-3.3552352789675	8.739	0(0)	0.971(971)
THR	-3.261512685245	8.73	0(0)	0.97(970)
THR	-3.1677900915225	8.721	0(0)	0.969(969)
THR	-3.0740674978	8.64	0(0)	0.96(960)
THR	-2.9803449040775	8.577	0(0)	0.953(953)
THR	-2.886622310355	8.415	0(0)	0.935(935)
THR	-2.7928997166325	8.325	0(0)	0.925(925)
THR	-2.69917712291	8.145	0(0)	0.905(905)
THR	-2.6054545291875	8.037	0(0)	0.893(893)
THR	-2.511731935465	7.785	0(0)	0.865(865)
THR	-2.4180093417425	7.587	0(0)	0.843(843)
THR	-2.32428674802	7.407	0(0)	0.823(823)
THR	-2.2305641542975	7.2	0(0)	0.8(800)
THR	-2.136841560575	6.894	0(0)	0.766(766)
THR	-2.0431189668525	6.552	0(0)	0.728(728)
THR	-1.94939637313	6.21	0(0)	0.69(690)
THR	-1.8556737794075	5.85	0(0)	0.65(650)
THR	-1.761951185685	5.427	0(0)	0.603(603)
THR	-1.6682285919625	5.004	0(0)	0.556(556)
THR	-1.57450599824	4.581	0(0)	0.509(509)
THR	-1.4807834045175	4.113	0(0)	0.457(457)
THR	-1.387060810795	3.654	0(0)	0.406(406)
THR	-1.2933382170725	3.15	0(0)	0.35(350)
THR	-1.19961562335	2.727	0(0)	0.303(303)
THR	-1.1058930296275	2.313	0(0)	0.257(257)
THR	-1.012170435905	2.025	0(0)	0.225(225)
THR	-0.918447842182497	1.71	0(0)	0.19(190)
THR	-0.824725248459997	1.422	0(0)	0.158(158)
THR	-0.731002654737496	1.116	0(0)	0.124(124)
THR	-0.637280061014996	0.936	0(0)	0.104(104)
THR	-0.543557467292496	0.72	0(0)	0.08(80)
THR	-0.449834873569996	0.549	0(0)	0.061(61)
THR	-0.356112279847496	0.468	0(0)	0.052(52)
THR	-0.262389686124996	0.351	0(0)	0.039(39)
THR	-0.168667092402496	0.252	0(0)	0.028(28)
THR	-0.0749444986799964	0.189	0(0)	0.021(21)
THR	0.0187780950425036	0.143	0.008(2)	0.015(15)
THR	0.112500688765004	0.132	0.024(6)	0.012(12)
THR	0.206223282487504	0.094	0.04(10)	0.006(6)
THR	0.299945876210004	0.097	0.052(13)	0.005(5)
THR	0.393668469932504	0.095	0.068(17)	0.003(3)
THR	0.487391063655004	0.106	0.088(22)	0.002(2)
THR	0.581113657377504	0.134	0.116(29)	0.002(2)
THR	0.674836251100004	0.165	0.156(39)	0.001(1)
THR	0.768558844822504	0.229	0.22(55)	0.001(1)
THR	0.862281438545004	0.248	0.248(62)	0(0)
THR	0.956004032267504	0.272	0.272(68)	0(0)
THR	1.04972662599	0.3	0.3(75)	0(0)
THR	1.1434492197125	0.336	0.336(84)	0(0)
THR	1.237171813435	0.38	0.38(95)	0(0)
THR	1.3308944071575	0.436	0.436(109)	0(0)
THR	1.42461700088	0.472	0.472(118)	0(0)
THR	1.5183395946025	0.536	0.536(134)	0(0)
THR	1.612062188325	0.568	0.568(142)	0(0)
THR	1.7057847820475	0.616	0.616(154)	0(0)
THR	1.79950737577	0.668	0.668(167)	0(0)
THR	1.8932299694925	0.704	0.704(176)	0(0)
THR	1.986952563215	0.752	0.752(188)	0(0)
THR	2.0806751569375	0.804	0.804(201)	0(0)
THR	2.17439775066	0.824	0.824(206)	0(0)
THR	2.2681203443825	0.828	0.828(207)	0(0)
THR	2.361842938105	0.856	0.856(214)	0(0)
THR	2.4555655318275	0.888	0.888(222)	0(0)
THR	2.54928812555	0.904	0.904(226)	0(0)
THR	2.6430107192725	0.924	0.924(231)	0(0)
THR	2.736733312995	0.936	0.936(234)	0(0)
THR	2.8304559067175	0.94	0.94(235)	0(0)
THR	2.92417850044	0.948	0.948(237)	0(0)
THR	3.0179010941625	0.952	0.952(238)	0(0)
THR	3.111623687885	0.952	0.952(238)	0(0)
THR	3.2053462816075	0.956	0.956(239)	0(0)
THR	3.29906887533	0.964	0.964(241)	0(0)
THR	3.3927914690525	0.964	0.964(241)	0(0)
THR	3.486514062775	0.968	0.968(242)	0(0)
THR	3.5802366564975	0.98	0.98(245)	0(0)
THR	3.67395925022001	0.98	0.98(245)	0(0)
THR	3.76768184394251	0.984	0.984(246)	0(0)
THR	3.86140443766501	0.988	0.988(247)	0(0)
THR	3.95512703138751	0.992	0.992(248)	0(0)
THR	4.04884962511001	0.992	0.992(248)	0(0)
THR	4.14257221883251	0.992	0.992(248)	0(0)
THR	4.23629481255501	0.992	0.992(248)	0(0)
THR	4.33001740627751	0.992	0.992(248)	0(0)
THR	4.42374000000001	1	1(250)	0(0)


==============================================
THR: 0.206223282487504
Missed:     10/250=0.0400
FalseAlarm: 6/1000=0.0060
----------------------------------------------
==> CostDetection: 9.4
==============================================
