Threshold search:
THR	-4.92327917132	9	0(0)	1(1000)
THR	-4.8315658796068	8.991	0(0)	0.999(999)
THR	-4.7398525878936	8.991	0(0)	0.999(999)
THR	-4.6481392961804	8.982	0(0)	0.998(998)
THR	-4.5564260044672	8.973	0(0)	0.997(997)
THR	-4.464712712754	8.964	0(0)	0.996(996)
THR	-4.3729994210408	8.955	0(0)	0.995(995)
THR	-4.2812861293276	8.955	0(0)	0.995(995)
THR	-4.1895728376144	8.91	0(0)	0.99(990)
THR	-4.0978595459012	8.901	0(0)	0.989(989)
THR	-4.006146254188	8.892	0(0)	0.988(988)
THR	-3.9144329624748	8.892	0(0)	0.988(988)
THR	-3.8227196707616	8.856	0(0)	0.984(984)
THR	-3.7310063790484	8.838	0(0)	0.982(982)
THR	-3.6392930873352	8.811	0(0)	0.979(979)
THR	-3.547579795622	8.784	0(0)	0.976(976)
THR	-3.4558665039088	8.748	0(0)	0.972(972)
THR	-3.3641532121956	8.703	0(0)	0.967(967)
THR	-3.2724399204824	8.658	0(0)	0.962(962)
THR	-3.1807266287692	8.541	0(0)	0.949(949)
THR	-3.089013337056	8.469	0(0)	0.941(941)
THR	-2.9973000453428	8.379	0(0)	0.931(931)
THR	-2.9055867536296	8.271	0(0)	0.919(919)
THR	-2.8138734619164	8.127	0(0)	0.903(903)
THR	-2.7221601702032	7.956	0(0)	0.884(884)
THR	-2.63044687849	7.776	0(0)	0.864(864)
THR	-2.5387335867768	7.605	0(0)	0.845(845)
THR	-2.4470202950636	7.371	0(0)	0.819(819)
THR	-2.3553070033504	7.155	0(0)	0.795(795)
THR	-2.2635937116372	6.948	0(0)	0.772(772)
THR	-2.171880419924	6.642	0(0)	0.738(738)
THR	-2.0801671282108	6.336	0(0)	0.704(704)
THR	-1.9884538364976	5.967	0(0)	0.663(663)
THR	-1.8967405447844	5.652	0(0)	0.628(628)
THR	-1.8050272530712	5.157	0(0)	0.573(573)
THR	-1.713313961358	4.662	0(0)	0.518(518)
THR	-1.6216006696448	4.257	0(0)	0.473(473)
THR	-1.5298873779316	3.861	0(0)	0.429(429)
THR	-1.4381740862184	3.411	0(0)	0.379(379)
THR	-1.3464607945052	3.024	0(0)	0.336(336)
THR	-1.254747502792	2.61	0(0)	0.29(290)
THR	-1.1630342110788	2.25	0(0)	0.25(250)
THR	-1.0713209193656	1.899	0(0)	0.211(211)
THR	-0.979607627652399	1.674	0(0)	0.186(186)
THR	-0.887894335939199	1.386	0(0)	0.154(154)
THR	-0.796181044225999	1.116	0(0)	0.124(124)
THR	-0.704467752512799	0.9	0(0)	0.1(100)
THR	-0.612754460799599	0.747	0(0)	0.083(83)
THR	-0.521041169086399	0.531	0(0)	0.059(59)
THR	-0.429327877373199	0.387	0(0)	0.043(43)
THR	-0.337614585659999	0.288	0(0)	0.032(32)
THR	-0.245901293946799	0.198	0(0)	0.022(22)
THR	-0.154188002233599	0.162	0(0)	0.018(18)
THR	-0.0624747105203988	0.09	0(0)	0.01(10)
THR	0.0292385811928012	0.066	0.012(3)	0.006(6)
THR	0.120951872906001	0.07	0.016(4)	0.006(6)
THR	0.212665164619201	0.073	0.028(7)	0.005(5)
THR	0.304378456332401	0.076	0.04(10)	0.004(4)
THR	0.396091748045601	0.07	0.052(13)	0.002(2)
THR	0.487805039758801	0.077	0.068(17)	0.001(1)
THR	0.579518331472001	0.109	0.1(25)	0.001(1)
THR	0.671231623185201	0.153	0.144(36)	0.001(1)
THR	0.762944914898401	0.201	0.192(48)	0.001(1)
THR	0.854658206611601	0.224	0.224(56)	0(0)
THR	0.946371498324801	0.248	0.248(62)	0(0)
THR	1.038084790038	0.284	0.284(71)	0(0)
THR	1.1297980817512	0.324	0.324(81)	0(0)
THR	1.2215113734644	0.34	0.34(85)	0(0)
THR	1.3132246651776	0.4	0.4(100)	0(0)
THR	1.4049379568908	0.436	0.436(109)	0(0)
THR	1.496651248604	0.504	0.504(126)	0(0)
THR	1.5883645403172	0.536	0.536(134)	0(0)
THR	1.6800778320304	0.564	0.564(141)	0(0)
THR	1.7717911237436	0.62	0.62(155)	0(0)
THR	1.8635044154568	0.664	0.664(166)	0(0)
THR	1.95521770717	0.716	0.716(179)	0(0)
THR	2.0469309988832	0.756	0.756(189)	0(0)
THR	2.1386442905964	0.78	0.78(195)	0(0)
THR	2.2303575823096	0.8	0.8(200)	0(0)
THR	2.3220708740228	0.832	0.832(208)	0(0)
THR	2.413784165736	0.872	0.872(218)	0(0)
THR	2.5054974574492	0.876	0.876(219)	0(0)
THR	2.5972107491624	0.892	0.892(223)	0(0)
THR	2.6889240408756	0.908	0.908(227)	0(0)
THR	2.7806373325888	0.932	0.932(233)	0(0)
THR	2.872350624302	0.948	0.948(237)	0(0)
THR	2.9640639160152	0.948	0.948(237)	0(0)
THR	3.0557772077284	0.948	0.948(237)	0(0)
THR	3.1474904994416	0.96	0.96(240)	0(0)
THR	3.2392037911548	0.968	0.968(242)	0(0)
THR	3.330917082868	0.972	0.972(243)	0(0)
THR	3.4226303745812	0.972	0.972(243)	0(0)
THR	3.5143436662944	0.98	0.98(245)	0(0)
THR	3.6060569580076	0.98	0.98(245)	0(0)
THR	3.6977702497208	0.984	0.984(246)	0(0)
THR	3.789483541434	0.988	0.988(247)	0(0)
THR	3.8811968331472	0.992	0.992(248)	0(0)
THR	3.9729101248604	0.992	0.992(248)	0(0)
THR	4.06462341657361	0.996	0.996(249)	0(0)
THR	4.1563367082868	0.996	0.996(249)	0(0)
THR	4.24805	1	1(250)	0(0)


==============================================
THR: 0.0292385811928012
Missed:     3/250=0.0120
FalseAlarm: 6/1000=0.0060
----------------------------------------------
==> CostDetection: 6.6
==============================================
