Threshold search:
THR	-5.03283034301	9	0(0)	1(1000)
THR	-4.9294001395799	8.991	0(0)	0.999(999)
THR	-4.8259699361498	8.982	0(0)	0.998(998)
THR	-4.7225397327197	8.973	0(0)	0.997(997)
THR	-4.6191095292896	8.973	0(0)	0.997(997)
THR	-4.5156793258595	8.955	0(0)	0.995(995)
THR	-4.4122491224294	8.937	0(0)	0.993(993)
THR	-4.3088189189993	8.937	0(0)	0.993(993)
THR	-4.2053887155692	8.91	0(0)	0.99(990)
THR	-4.1019585121391	8.892	0(0)	0.988(988)
THR	-3.998528308709	8.883	0(0)	0.987(987)
THR	-3.8950981052789	8.865	0(0)	0.985(985)
THR	-3.7916679018488	8.829	0(0)	0.981(981)
THR	-3.6882376984187	8.793	0(0)	0.977(977)
THR	-3.5848074949886	8.766	0(0)	0.974(974)
THR	-3.4813772915585	8.73	0(0)	0.97(970)
THR	-3.3779470881284	8.685	0(0)	0.965(965)
THR	-3.2745168846983	8.568	0(0)	0.952(952)
THR	-3.1710866812682	8.505	0(0)	0.945(945)
THR	-3.0676564778381	8.415	0(0)	0.935(935)
THR	-2.964226274408	8.307	0(0)	0.923(923)
THR	-2.8607960709779	8.217	0(0)	0.913(913)
THR	-2.7573658675478	8.055	0(0)	0.895(895)
THR	-2.6539356641177	7.83	0(0)	0.87(870)
THR	-2.5505054606876	7.65	0(0)	0.85(850)
THR	-2.4470752572575	7.344	0(0)	0.816(816)
THR	-2.34364505382741	7.092	0(0)	0.788(788)
THR	-2.24021485039731	6.804	0(0)	0.756(756)
THR	-2.13678464696721	6.498	0(0)	0.722(722)
THR	-2.03335444353711	6.138	0(0)	0.682(682)
THR	-1.92992424010701	5.715	0(0)	0.635(635)
THR	-1.82649403667691	5.238	0(0)	0.582(582)
THR	-1.72306383324681	4.869	0(0)	0.541(541)
THR	-1.61963362981671	4.392	0(0)	0.488(488)
THR	-1.51620342638661	3.933	0(0)	0.437(437)
THR	-1.41277322295651	3.573	0(0)	0.397(397)
THR	-1.30934301952641	3.123	0(0)	0.347(347)
THR	-1.20591281609631	2.763	0(0)	0.307(307)
THR	-1.10248261266621	2.331	0(0)	0.259(259)
THR	-0.999052409236106	1.98	0(0)	0.22(220)
THR	-0.895622205806006	1.575	0(0)	0.175(175)
THR	-0.792192002375906	1.386	0(0)	0.154(154)
THR	-0.688761798945806	1.044	0(0)	0.116(116)
THR	-0.585331595515706	0.765	0(0)	0.085(85)
THR	-0.481901392085606	0.558	0(0)	0.062(62)
THR	-0.378471188655506	0.459	0(0)	0.051(51)
THR	-0.275040985225406	0.315	0(0)	0.035(35)
THR	-0.171610781795306	0.207	0(0)	0.023(23)
THR	-0.0681805783652056	0.085	0.004(1)	0.009(9)
THR	0.0352496250648943	0.08	0.008(2)	0.008(8)
THR	0.138679828494994	0.048	0.012(3)	0.004(4)
THR	0.242110031925094	0.034	0.016(4)	0.002(2)
THR	0.345540235355194	0.033	0.024(6)	0.001(1)
THR	0.448970438785294	0.032	0.032(8)	0(0)
THR	0.552400642215394	0.056	0.056(14)	0(0)
THR	0.655830845645494	0.084	0.084(21)	0(0)
THR	0.759261049075594	0.104	0.104(26)	0(0)
THR	0.862691252505694	0.144	0.144(36)	0(0)
THR	0.966121455935794	0.22	0.22(55)	0(0)
THR	1.06955165936589	0.244	0.244(61)	0(0)
THR	1.17298186279599	0.296	0.296(74)	0(0)
THR	1.27641206622609	0.344	0.344(86)	0(0)
THR	1.37984226965619	0.388	0.388(97)	0(0)
THR	1.48327247308629	0.42	0.42(105)	0(0)
THR	1.58670267651639	0.452	0.452(113)	0(0)
THR	1.69013287994649	0.512	0.512(128)	0(0)
THR	1.79356308337659	0.568	0.568(142)	0(0)
THR	1.89699328680669	0.612	0.612(153)	0(0)
THR	2.00042349023679	0.676	0.676(169)	0(0)
THR	2.10385369366689	0.728	0.728(182)	0(0)
THR	2.20728389709699	0.764	0.764(191)	0(0)
THR	2.31071410052709	0.8	0.8(200)	0(0)
THR	2.41414430395719	0.816	0.816(204)	0(0)
THR	2.51757450738729	0.824	0.824(206)	0(0)
THR	2.62100471081739	0.864	0.864(216)	0(0)
THR	2.72443491424749	0.884	0.884(221)	0(0)
THR	2.82786511767759	0.904	0.904(226)	0(0)
THR	2.93129532110769	0.916	0.916(229)	0(0)
THR	3.03472552453779	0.924	0.924(231)	0(0)
THR	3.13815572796789	0.944	0.944(236)	0(0)
THR	3.24158593139799	0.948	0.948(237)	0(0)
THR	3.34501613482809	0.96	0.96(240)	0(0)
THR	3.44844633825819	0.96	0.96(240)	0(0)
THR	3.55187654168829	0.96	0.96(240)	0(0)
THR	3.65530674511839	0.968	0.968(242)	0(0)
THR	3.75873694854849	0.976	0.976(244)	0(0)
THR	3.86216715197859	0.98	0.98(245)	0(0)
THR	3.96559735540869	0.984	0.984(246)	0(0)
THR	4.06902755883879	0.984	0.984(246)	0(0)
THR	4.17245776226889	0.984	0.984(246)	0(0)
THR	4.27588796569899	0.988	0.988(247)	0(0)
THR	4.37931816912909	0.992	0.992(248)	0(0)
THR	4.48274837255919	0.992	0.992(248)	0(0)
THR	4.58617857598929	0.996	0.996(249)	0(0)
THR	4.68960877941939	0.996	0.996(249)	0(0)
THR	4.79303898284949	0.996	0.996(249)	0(0)
THR	4.89646918627959	0.996	0.996(249)	0(0)
THR	4.99989938970969	0.996	0.996(249)	0(0)
THR	5.10332959313979	0.996	0.996(249)	0(0)
THR	5.20675979656989	0.996	0.996(249)	0(0)
THR	5.31018999999999	0.996	0.996(249)	0(0)
THR	5.41362020343009	1	1(250)	0(0)


==============================================
THR: 0.448970438785294
Missed:     8/250=0.0320
FalseAlarm: 0/1000=0.0000
----------------------------------------------
==> CostDetection: 3.2
==============================================
